2022-09-19 18:09:18.595 [main] INFO  org.springframework.core.KotlinDetector - Kotlin reflection implementation not found at runtime, related features won't be available.
2022-09-19 18:09:19.163 [background-preinit] WARN  o.s.h.converter.json.Jackson2ObjectMapperBuilder - For Jackson Kotlin classes support please add "com.fasterxml.jackson.module:jackson-module-kotlin" to the classpath
2022-09-19 18:09:19.301 [main] INFO  o.s.c.s.PostProcessorRegistrationDelegate$BeanPostProcessorChecker - Bean 'org.springframework.cloud.autoconfigure.ConfigurationPropertiesRebinderAutoConfiguration' of type [org.springframework.cloud.autoconfigure.ConfigurationPropertiesRebinderAutoConfiguration] is not eligible for getting processed by all BeanPostProcessors (for example: not eligible for auto-proxying)
2022-09-19 18:09:19.555 [main] INFO  center.misaki.device.userApp - The following profiles are active: dev
2022-09-19 18:09:20.847 [main] INFO  o.s.d.r.config.RepositoryConfigurationDelegate - Multiple Spring Data modules found, entering strict repository configuration mode!
2022-09-19 18:09:20.850 [main] INFO  o.s.d.r.config.RepositoryConfigurationDelegate - Bootstrapping Spring Data Redis repositories in DEFAULT mode.
2022-09-19 18:09:20.899 [main] INFO  o.s.d.r.config.RepositoryConfigurationDelegate - Finished Spring Data repository scanning in 32ms. Found 0 Redis repository interfaces.
2022-09-19 18:09:21.000 [main] WARN  o.springframework.boot.actuate.endpoint.EndpointId - Endpoint ID 'service-registry' contains invalid characters, please migrate to a valid format.
2022-09-19 18:09:21.185 [main] INFO  o.springframework.cloud.context.scope.GenericScope - BeanFactory id=a22055f8-ab77-3702-9c8f-92a2fe3a992d
2022-09-19 18:09:21.264 [main] INFO  o.s.c.s.PostProcessorRegistrationDelegate$BeanPostProcessorChecker - Bean 'asyncTaskExecutePool' of type [center.misaki.device.Config.AsyncTaskExecutePool$$EnhancerBySpringCGLIB$$81d44626] is not eligible for getting processed by all BeanPostProcessors (for example: not eligible for auto-proxying)
2022-09-19 18:09:21.335 [main] INFO  o.s.c.s.PostProcessorRegistrationDelegate$BeanPostProcessorChecker - Bean 'org.springframework.transaction.annotation.ProxyTransactionManagementConfiguration' of type [org.springframework.transaction.annotation.ProxyTransactionManagementConfiguration] is not eligible for getting processed by all BeanPostProcessors (for example: not eligible for auto-proxying)
2022-09-19 18:09:21.509 [main] INFO  o.s.c.s.PostProcessorRegistrationDelegate$BeanPostProcessorChecker - Bean 'org.springframework.cloud.autoconfigure.ConfigurationPropertiesRebinderAutoConfiguration' of type [org.springframework.cloud.autoconfigure.ConfigurationPropertiesRebinderAutoConfiguration] is not eligible for getting processed by all BeanPostProcessors (for example: not eligible for auto-proxying)
2022-09-19 18:09:21.743 [main] INFO  o.s.boot.web.embedded.tomcat.TomcatWebServer - Tomcat initialized with port(s): 8001 (http)
2022-09-19 18:09:21.752 [main] INFO  org.apache.coyote.http11.Http11NioProtocol - Initializing ProtocolHandler ["http-nio-8001"]
2022-09-19 18:09:21.752 [main] INFO  org.apache.catalina.core.StandardService - Starting service [Tomcat]
2022-09-19 18:09:21.752 [main] INFO  org.apache.catalina.core.StandardEngine - Starting Servlet engine: [Apache Tomcat/9.0.30]
2022-09-19 18:09:21.851 [main] INFO  o.a.c.core.ContainerBase.[Tomcat].[localhost].[/] - Initializing Spring embedded WebApplicationContext
2022-09-19 18:09:21.851 [main] INFO  org.springframework.web.context.ContextLoader - Root WebApplicationContext: initialization completed in 2278 ms
2022-09-19 18:09:21.942 [main] WARN  com.netflix.config.sources.URLConfigurationSource - No URLs will be polled as dynamic configuration sources.
2022-09-19 18:09:21.942 [main] INFO  com.netflix.config.sources.URLConfigurationSource - To enable URLs as dynamic configuration sources, define System property archaius.configurationSource.additionalUrls or make config.properties available on classpath.
2022-09-19 18:09:21.949 [main] INFO  com.netflix.config.DynamicPropertyFactory - DynamicPropertyFactory is initialized with configuration sources: com.netflix.config.ConcurrentCompositeConfiguration@36ef1d65
2022-09-19 18:09:22.065 [main] INFO  c.a.d.s.b.a.DruidDataSourceAutoConfigure - Init DruidDataSource
2022-09-19 18:09:33.830 [main] INFO  com.alibaba.druid.pool.DruidDataSource - {dataSource-1} inited
2022-09-19 18:09:35.609 [main] WARN  o.s.s.o.p.token.store.JwtAccessTokenConverter - Unable to create an RSA verifier from verifierKey (ignoreable if using MAC)
2022-09-19 18:09:36.491 [main] INFO  o.s.security.web.DefaultSecurityFilterChain - Creating filter chain: OrRequestMatcher [requestMatchers=[Ant [pattern='/oauth/token'], Ant [pattern='/oauth/token_key'], Ant [pattern='/oauth/check_token']]], [org.springframework.security.web.context.request.async.WebAsyncManagerIntegrationFilter@2d593b56, org.springframework.security.web.context.SecurityContextPersistenceFilter@6ae6d078, org.springframework.security.web.header.HeaderWriterFilter@7402c49f, org.springframework.security.web.authentication.logout.LogoutFilter@59b98ad1, org.springframework.security.oauth2.provider.client.ClientCredentialsTokenEndpointFilter@54687fd0, org.springframework.security.web.authentication.www.BasicAuthenticationFilter@54556723, org.springframework.security.web.savedrequest.RequestCacheAwareFilter@326706d, org.springframework.security.web.servletapi.SecurityContextHolderAwareRequestFilter@12608986, org.springframework.security.web.authentication.AnonymousAuthenticationFilter@26a33cf, org.springframework.security.web.session.SessionManagementFilter@71734463, org.springframework.security.web.access.ExceptionTranslationFilter@bf4e48e, org.springframework.security.web.access.intercept.FilterSecurityInterceptor@6adcf059]
2022-09-19 18:09:36.503 [main] INFO  o.s.security.web.DefaultSecurityFilterChain - Creating filter chain: org.springframework.security.oauth2.config.annotation.web.configuration.ResourceServerConfiguration$NotOAuthRequestMatcher@283bb8b7, [org.springframework.security.web.context.request.async.WebAsyncManagerIntegrationFilter@25e95af1, org.springframework.security.web.context.SecurityContextPersistenceFilter@5876bed9, org.springframework.security.web.header.HeaderWriterFilter@6c1f15df, org.springframework.security.web.authentication.logout.LogoutFilter@7976e536, org.springframework.security.oauth2.provider.authentication.OAuth2AuthenticationProcessingFilter@1f4d38f9, org.springframework.security.web.savedrequest.RequestCacheAwareFilter@73ddb7ef, org.springframework.security.web.servletapi.SecurityContextHolderAwareRequestFilter@67f8f5a6, org.springframework.security.web.authentication.AnonymousAuthenticationFilter@4fa8297b, org.springframework.security.web.session.SessionManagementFilter@5e95b0ab, org.springframework.security.web.access.ExceptionTranslationFilter@2591d23a, org.springframework.security.web.access.intercept.FilterSecurityInterceptor@f44d033]
2022-09-19 18:09:36.515 [main] INFO  o.s.security.web.DefaultSecurityFilterChain - Creating filter chain: any request, [org.springframework.security.web.context.request.async.WebAsyncManagerIntegrationFilter@46591e98, org.springframework.security.web.context.SecurityContextPersistenceFilter@51869ad6, org.springframework.security.web.header.HeaderWriterFilter@1eb9d69a, org.springframework.security.web.csrf.CsrfFilter@28dacf31, org.springframework.security.web.authentication.logout.LogoutFilter@5a6efe33, org.springframework.security.web.authentication.UsernamePasswordAuthenticationFilter@65b73689, org.springframework.security.web.authentication.ui.DefaultLoginPageGeneratingFilter@49a06087, org.springframework.security.web.authentication.ui.DefaultLogoutPageGeneratingFilter@5b6cc344, org.springframework.security.web.authentication.www.BasicAuthenticationFilter@1a06602f, org.springframework.security.web.savedrequest.RequestCacheAwareFilter@27a90ce5, org.springframework.security.web.servletapi.SecurityContextHolderAwareRequestFilter@77f4038c, org.springframework.security.web.authentication.AnonymousAuthenticationFilter@2110684a, org.springframework.security.web.session.SessionManagementFilter@36511772, org.springframework.security.web.access.ExceptionTranslationFilter@69f3e556, org.springframework.security.web.access.intercept.FilterSecurityInterceptor@2ecdcfe3]
2022-09-19 18:09:36.689 [main] WARN  com.netflix.config.sources.URLConfigurationSource - No URLs will be polled as dynamic configuration sources.
2022-09-19 18:09:36.689 [main] INFO  com.netflix.config.sources.URLConfigurationSource - To enable URLs as dynamic configuration sources, define System property archaius.configurationSource.additionalUrls or make config.properties available on classpath.
2022-09-19 18:09:36.887 [main] INFO  o.s.scheduling.concurrent.ThreadPoolTaskExecutor - Initializing ExecutorService 'applicationTaskExecutor'
2022-09-19 18:09:37.739 [main] WARN  o.s.c.l.c.BlockingLoadBalancerClientAutoConfiguration$BlockingLoadBalancerClientRibbonWarnLogger - You already have RibbonLoadBalancerClient on your classpath. It will be used by default. As Spring Cloud Ribbon is in maintenance mode. We recommend switching to BlockingLoadBalancerClient instead. In order to use it, set the value of `spring.cloud.loadbalancer.ribbon.enabled` to `false` or remove spring-cloud-starter-netflix-ribbon from your project.
2022-09-19 18:09:37.797 [main] WARN  o.s.c.l.c.LoadBalancerCacheAutoConfiguration$LoadBalancerCaffeineWarnLogger - Spring Cloud LoadBalancer is currently working with default default cache. You can switch to using Caffeine cache, by adding it to the classpath.
2022-09-19 18:09:37.812 [main] INFO  o.s.b.actuate.endpoint.web.EndpointLinksResolver - Exposing 2 endpoint(s) beneath base path '/actuator'
2022-09-19 18:09:37.902 [main] INFO  o.s.cloud.netflix.eureka.InstanceInfoFactory - Setting initial instance status as: STARTING
2022-09-19 18:09:37.926 [main] INFO  com.netflix.discovery.DiscoveryClient - Initializing Eureka in region us-east-1
2022-09-19 18:09:38.056 [main] INFO  c.n.discovery.provider.DiscoveryJerseyProvider - Using JSON encoding codec LegacyJacksonJson
2022-09-19 18:09:38.056 [main] INFO  c.n.discovery.provider.DiscoveryJerseyProvider - Using JSON decoding codec LegacyJacksonJson
2022-09-19 18:09:38.136 [main] INFO  c.n.discovery.provider.DiscoveryJerseyProvider - Using XML encoding codec XStreamXml
2022-09-19 18:09:38.136 [main] INFO  c.n.discovery.provider.DiscoveryJerseyProvider - Using XML decoding codec XStreamXml
2022-09-19 18:09:38.246 [main] INFO  c.n.d.shared.resolver.aws.ConfigClusterResolver - Resolving eureka endpoints via configuration
2022-09-19 18:09:38.340 [main] INFO  com.netflix.discovery.DiscoveryClient - Disable delta property : false
2022-09-19 18:09:38.340 [main] INFO  com.netflix.discovery.DiscoveryClient - Single vip registry refresh property : null
2022-09-19 18:09:38.340 [main] INFO  com.netflix.discovery.DiscoveryClient - Force full registry fetch : false
2022-09-19 18:09:38.340 [main] INFO  com.netflix.discovery.DiscoveryClient - Application is null : false
2022-09-19 18:09:38.340 [main] INFO  com.netflix.discovery.DiscoveryClient - Registered Applications size is zero : true
2022-09-19 18:09:38.340 [main] INFO  com.netflix.discovery.DiscoveryClient - Application version is -1: true
2022-09-19 18:09:38.340 [main] INFO  com.netflix.discovery.DiscoveryClient - Getting all instance registry info from the eureka server
2022-09-19 18:09:38.412 [main] INFO  com.netflix.discovery.DiscoveryClient - The response status is 200
2022-09-19 18:09:38.413 [main] INFO  com.netflix.discovery.DiscoveryClient - Starting heartbeat executor: renew interval is: 30
2022-09-19 18:09:38.414 [main] INFO  com.netflix.discovery.InstanceInfoReplicator - InstanceInfoReplicator onDemand update allowed rate per min is 4
2022-09-19 18:09:38.418 [main] INFO  com.netflix.discovery.DiscoveryClient - Discovery Client initialized at timestamp 1663582178417 with initial instances count: 0
2022-09-19 18:09:38.422 [main] INFO  o.s.c.n.e.serviceregistry.EurekaServiceRegistry - Registering application AUTH-CENTER with eureka with status UP
2022-09-19 18:09:38.422 [main] INFO  com.netflix.discovery.DiscoveryClient - Saw local status change event StatusChangeEvent [timestamp=1663582178422, current=UP, previous=STARTING]
2022-09-19 18:09:38.424 [DiscoveryClient-InstanceInfoReplicator-0] INFO  com.netflix.discovery.DiscoveryClient - DiscoveryClient_AUTH-CENTER/Misaki-0112:auth-center:8001: registering service...
2022-09-19 18:09:38.437 [main] INFO  org.apache.coyote.http11.Http11NioProtocol - Starting ProtocolHandler ["http-nio-8001"]
2022-09-19 18:09:38.459 [main] INFO  o.s.boot.web.embedded.tomcat.TomcatWebServer - Tomcat started on port(s): 8001 (http) with context path ''
2022-09-19 18:09:38.460 [main] INFO  o.s.c.n.e.s.EurekaAutoServiceRegistration - Updating port to 8001
2022-09-19 18:09:38.475 [DiscoveryClient-InstanceInfoReplicator-0] INFO  com.netflix.discovery.DiscoveryClient - DiscoveryClient_AUTH-CENTER/Misaki-0112:auth-center:8001 - registration status: 204
2022-09-19 18:09:38.591 [main] INFO  center.misaki.device.userApp - Started userApp in 19.954 seconds (JVM running for 20.868)
2022-09-19 18:09:38.851 [RMI TCP Connection(3)-172.18.17.33] INFO  o.a.c.core.ContainerBase.[Tomcat].[localhost].[/] - Initializing Spring DispatcherServlet 'dispatcherServlet'
2022-09-19 18:09:38.851 [RMI TCP Connection(3)-172.18.17.33] INFO  org.springframework.web.servlet.DispatcherServlet - Initializing Servlet 'dispatcherServlet'
2022-09-19 18:09:38.862 [RMI TCP Connection(3)-172.18.17.33] INFO  org.springframework.web.servlet.DispatcherServlet - Completed initialization in 11 ms
2022-09-19 18:09:39.041 [boundedElastic-1] INFO  io.lettuce.core.EpollProvider - Starting without optional epoll library
2022-09-19 18:09:39.043 [boundedElastic-1] INFO  io.lettuce.core.KqueueProvider - Starting without optional kqueue library
2022-09-19 18:10:08.423 [DiscoveryClient-CacheRefreshExecutor-0] INFO  com.netflix.discovery.DiscoveryClient - Disable delta property : false
2022-09-19 18:10:08.423 [DiscoveryClient-CacheRefreshExecutor-0] INFO  com.netflix.discovery.DiscoveryClient - Single vip registry refresh property : null
2022-09-19 18:10:08.423 [DiscoveryClient-CacheRefreshExecutor-0] INFO  com.netflix.discovery.DiscoveryClient - Force full registry fetch : false
2022-09-19 18:10:08.423 [DiscoveryClient-CacheRefreshExecutor-0] INFO  com.netflix.discovery.DiscoveryClient - Application is null : false
2022-09-19 18:10:08.423 [DiscoveryClient-CacheRefreshExecutor-0] INFO  com.netflix.discovery.DiscoveryClient - Registered Applications size is zero : true
2022-09-19 18:10:08.423 [DiscoveryClient-CacheRefreshExecutor-0] INFO  com.netflix.discovery.DiscoveryClient - Application version is -1: false
2022-09-19 18:10:08.423 [DiscoveryClient-CacheRefreshExecutor-0] INFO  com.netflix.discovery.DiscoveryClient - Getting all instance registry info from the eureka server
2022-09-19 18:10:08.462 [DiscoveryClient-CacheRefreshExecutor-0] INFO  com.netflix.discovery.DiscoveryClient - The response status is 200
2022-09-19 18:10:10.998 [http-nio-8001-exec-1] INFO  center.misaki.device.Aspect.ControllerLogAop - Request URL: [http://Misaki-0112:8001/login/token], URI: [/login/token], Request Method: [POST], IP: [127.0.0.1]
2022-09-19 18:10:11.005 [http-nio-8001-exec-1] INFO  center.misaki.device.Aspect.ControllerLogAop - AuthController.login Parameters: [[{"clientId":"pc","clientSecret":"secret","password":"123456","username":"Misaki"}]]
2022-09-19 18:10:11.012 [http-nio-8001-exec-1] WARN  o.s.security.crypto.bcrypt.BCryptPasswordEncoder - Encoded password does not look like BCrypt
2022-09-19 18:10:11.385 [http-nio-8001-exec-1] INFO  center.misaki.device.Aspect.ControllerLogAop - AuthController.login Response: [{"additionalInformation":{"jti":"45dfe856-0300-4318-a83f-5ffb795a12e3"},"expiration":1663589411283,"expired":false,"expiresIn":7199,"scope":["all"],"tokenType":"bearer","value":"eyJhbGciOiJIUzI1NiIsInR5cCI6IkpXVCJ9.eyJleHAiOjE2NjM1ODk0MTEsInVzZXJfbmFtZSI6Ik1pc2FraSIsImp0aSI6IjQ1ZGZlODU2LTAzMDAtNDMxOC1hODNmLTVmZmI3OTVhMTJlMyIsImNsaWVudF9pZCI6InBjIiwic2NvcGUiOlsiYWxsIl19.HiFBeb9s-Pm2zZrd9UAfdw-ll5iUpONkuDVtCdzmPOE"}]
2022-09-19 18:10:11.385 [http-nio-8001-exec-1] INFO  center.misaki.device.Aspect.ControllerLogAop - Usage:
StopWatch '/login/token': running time = 391838700 ns
---------------------------------------------
ns         %     Task name
---------------------------------------------
012290100  003%  PrintRequest
373702800  095%  AuthController#login
005845800  001%  PrintResponse

2022-09-19 18:10:47.276 [http-nio-8001-exec-3] INFO  center.misaki.device.Aspect.ControllerLogAop - Request URL: [http://Misaki-0112:8001/isAccessed], URI: [/isAccessed], Request Method: [GET], IP: [127.0.0.1]
2022-09-19 18:10:47.276 [http-nio-8001-exec-3] INFO  center.misaki.device.Aspect.ControllerLogAop - AuthController.isAccessed Parameters: [[]]
2022-09-19 18:10:47.405 [http-nio-8001-exec-3] INFO  center.misaki.device.Aspect.ControllerLogAop - AuthController.isAccessed Response: [{"code":0,"data":"eJxlUFtPgzAU/i993hbBaMLe2NilZFAvwCbGh6502RltIW3RDeN/tyQaNb6d75qT7x1RxppO2bRR\r\ni3MLmldoanXHR7+ETcPqX3xnj40GC9yg6fPLCDHNqeX6W3ew4soCFeZ/KVd0L36garSkIqwkKDQ9\r\nuITjzMX8JSxXXLpG7GKeg03NnYj4JT7uVwwIxDjvsZcCNlg93LA5vsV1uyvmcTBxJsHXIZDTwk9P\r\niUei+irJFs5Y9OUuPuzl0paPQ8Brmb/U9NGVyPaKDtzp3itXpSBR7m+ysE+i0KZRciZz70iiVG6y\r\nQpYSX5OsOCZZLJLLkE0N3RZdtQzacnhEzU4Y3oD56Stb5UCEgaft2WDhBZM1LGd8H5jxnfT7UldB\r\nHh6qt7EQN5C3JK27qLDzqpd3ZIFGqDNcf00wnIpK7lZIwNAa0McnkHWdYA==","msg":"验证成功"}]
2022-09-19 18:10:47.406 [http-nio-8001-exec-3] INFO  center.misaki.device.Aspect.ControllerLogAop - Usage:
StopWatch '/isAccessed': running time = 128898000 ns
---------------------------------------------
ns         %     Task name
---------------------------------------------
000468900  000%  PrintRequest
126158200  098%  AuthController#isAccessed
002270900  002%  PrintResponse

2022-09-19 18:14:38.349 [AsyncResolver-bootstrap-executor-0] INFO  c.n.d.shared.resolver.aws.ConfigClusterResolver - Resolving eureka endpoints via configuration
2022-09-19 18:19:38.356 [AsyncResolver-bootstrap-executor-0] INFO  c.n.d.shared.resolver.aws.ConfigClusterResolver - Resolving eureka endpoints via configuration
2022-09-19 18:22:14.535 [http-nio-8001-exec-2] WARN  com.alibaba.druid.pool.DruidAbstractDataSource - discard long time none received connection. , jdbcUrl : jdbc:mysql://device.misaki.center:3306/device02?serverTimezone=Asia/Shanghai&characterEncoding=utf8&useSSL=false, version : 1.2.8, lastPacketReceivedIdleMillis : 687129
2022-09-19 18:22:14.550 [http-nio-8001-exec-2] WARN  com.alibaba.druid.pool.DruidAbstractDataSource - discard long time none received connection. , jdbcUrl : jdbc:mysql://device.misaki.center:3306/device02?serverTimezone=Asia/Shanghai&characterEncoding=utf8&useSSL=false, version : 1.2.8, lastPacketReceivedIdleMillis : 761173
2022-09-19 18:22:14.572 [http-nio-8001-exec-2] WARN  com.alibaba.druid.pool.DruidAbstractDataSource - discard long time none received connection. , jdbcUrl : jdbc:mysql://device.misaki.center:3306/device02?serverTimezone=Asia/Shanghai&characterEncoding=utf8&useSSL=false, version : 1.2.8, lastPacketReceivedIdleMillis : 761439
2022-09-19 18:22:14.584 [http-nio-8001-exec-2] WARN  com.alibaba.druid.pool.DruidAbstractDataSource - discard long time none received connection. , jdbcUrl : jdbc:mysql://device.misaki.center:3306/device02?serverTimezone=Asia/Shanghai&characterEncoding=utf8&useSSL=false, version : 1.2.8, lastPacketReceivedIdleMillis : 761654
2022-09-19 18:22:14.598 [http-nio-8001-exec-2] WARN  com.alibaba.druid.pool.DruidAbstractDataSource - discard long time none received connection. , jdbcUrl : jdbc:mysql://device.misaki.center:3306/device02?serverTimezone=Asia/Shanghai&characterEncoding=utf8&useSSL=false, version : 1.2.8, lastPacketReceivedIdleMillis : 761870
2022-09-19 18:22:14.613 [http-nio-8001-exec-2] WARN  com.alibaba.druid.pool.DruidAbstractDataSource - discard long time none received connection. , jdbcUrl : jdbc:mysql://device.misaki.center:3306/device02?serverTimezone=Asia/Shanghai&characterEncoding=utf8&useSSL=false, version : 1.2.8, lastPacketReceivedIdleMillis : 762260
2022-09-19 18:22:14.631 [http-nio-8001-exec-2] WARN  com.alibaba.druid.pool.DruidAbstractDataSource - discard long time none received connection. , jdbcUrl : jdbc:mysql://device.misaki.center:3306/device02?serverTimezone=Asia/Shanghai&characterEncoding=utf8&useSSL=false, version : 1.2.8, lastPacketReceivedIdleMillis : 762516
2022-09-19 18:22:14.715 [http-nio-8001-exec-2] WARN  com.alibaba.druid.pool.DruidAbstractDataSource - discard long time none received connection. , jdbcUrl : jdbc:mysql://device.misaki.center:3306/device02?serverTimezone=Asia/Shanghai&characterEncoding=utf8&useSSL=false, version : 1.2.8, lastPacketReceivedIdleMillis : 762855
2022-09-19 18:22:14.737 [http-nio-8001-exec-2] WARN  com.alibaba.druid.pool.DruidAbstractDataSource - discard long time none received connection. , jdbcUrl : jdbc:mysql://device.misaki.center:3306/device02?serverTimezone=Asia/Shanghai&characterEncoding=utf8&useSSL=false, version : 1.2.8, lastPacketReceivedIdleMillis : 763157
2022-09-19 18:22:14.774 [http-nio-8001-exec-2] INFO  center.misaki.device.Aspect.ControllerLogAop - Request URL: [http://Misaki-0112:8001/isAccessed], URI: [/isAccessed], Request Method: [GET], IP: [127.0.0.1]
2022-09-19 18:22:14.774 [http-nio-8001-exec-2] INFO  center.misaki.device.Aspect.ControllerLogAop - AuthController.isAccessed Parameters: [[]]
2022-09-19 18:22:14.843 [http-nio-8001-exec-2] INFO  center.misaki.device.Aspect.ControllerLogAop - AuthController.isAccessed Response: [{"code":0,"data":"eJxlUFtPgzAU/i993hbBaMLe2NilZFAvwCbGh6502RltIW3RDeN/tyQaNb6d75qT7x1RxppO2bRR\r\ni3MLmldoanXHR7+ETcPqX3xnj40GC9yg6fPLCDHNqeX6W3ew4soCFeZ/KVd0L36garSkIqwkKDQ9\r\nuITjzMX8JSxXXLpG7GKeg03NnYj4JT7uVwwIxDjvsZcCNlg93LA5vsV1uyvmcTBxJsHXIZDTwk9P\r\niUei+irJFs5Y9OUuPuzl0paPQ8Brmb/U9NGVyPaKDtzp3itXpSBR7m+ysE+i0KZRciZz70iiVG6y\r\nQpYSX5OsOCZZLJLLkE0N3RZdtQzacnhEzU4Y3oD56Stb5UCEgaft2WDhBZM1LGd8H5jxnfT7UldB\r\nHh6qt7EQN5C3JK27qLDzqpd3ZIFGqDNcf00wnIpK7lZIwNAa0McnkHWdYA==","msg":"验证成功"}]
2022-09-19 18:22:14.843 [http-nio-8001-exec-2] INFO  center.misaki.device.Aspect.ControllerLogAop - Usage:
StopWatch '/isAccessed': running time = 68597298 ns
---------------------------------------------
ns         %     Task name
---------------------------------------------
000218299  000%  PrintRequest
067970799  099%  AuthController#isAccessed
000408200  001%  PrintResponse

2022-09-19 18:22:24.564 [http-nio-8001-exec-6] INFO  center.misaki.device.Aspect.ControllerLogAop - Request URL: [http://Misaki-0112:8001/isAccessed], URI: [/isAccessed], Request Method: [GET], IP: [127.0.0.1]
2022-09-19 18:22:24.564 [http-nio-8001-exec-6] INFO  center.misaki.device.Aspect.ControllerLogAop - AuthController.isAccessed Parameters: [[]]
2022-09-19 18:22:24.603 [http-nio-8001-exec-6] INFO  center.misaki.device.Aspect.ControllerLogAop - AuthController.isAccessed Response: [{"code":0,"data":"eJxlUFtPgzAU/i993hbBaMLe2NilZFAvwCbGh6502RltIW3RDeN/tyQaNb6d75qT7x1RxppO2bRR\r\ni3MLmldoanXHR7+ETcPqX3xnj40GC9yg6fPLCDHNqeX6W3ew4soCFeZ/KVd0L36garSkIqwkKDQ9\r\nuITjzMX8JSxXXLpG7GKeg03NnYj4JT7uVwwIxDjvsZcCNlg93LA5vsV1uyvmcTBxJsHXIZDTwk9P\r\niUei+irJFs5Y9OUuPuzl0paPQ8Brmb/U9NGVyPaKDtzp3itXpSBR7m+ysE+i0KZRciZz70iiVG6y\r\nQpYSX5OsOCZZLJLLkE0N3RZdtQzacnhEzU4Y3oD56Stb5UCEgaft2WDhBZM1LGd8H5jxnfT7UldB\r\nHh6qt7EQN5C3JK27qLDzqpd3ZIFGqDNcf00wnIpK7lZIwNAa0McnkHWdYA==","msg":"验证成功"}]
2022-09-19 18:22:24.604 [http-nio-8001-exec-6] INFO  center.misaki.device.Aspect.ControllerLogAop - Usage:
StopWatch '/isAccessed': running time = 39007500 ns
---------------------------------------------
ns         %     Task name
---------------------------------------------
000429700  001%  PrintRequest
038180400  098%  AuthController#isAccessed
000397400  001%  PrintResponse

2022-09-19 18:22:31.289 [http-nio-8001-exec-5] INFO  center.misaki.device.Aspect.ControllerLogAop - Request URL: [http://Misaki-0112:8001/isAccessed], URI: [/isAccessed], Request Method: [GET], IP: [127.0.0.1]
2022-09-19 18:22:31.289 [http-nio-8001-exec-5] INFO  center.misaki.device.Aspect.ControllerLogAop - AuthController.isAccessed Parameters: [[]]
2022-09-19 18:22:31.326 [http-nio-8001-exec-5] INFO  center.misaki.device.Aspect.ControllerLogAop - AuthController.isAccessed Response: [{"code":0,"data":"eJxlUFtPgzAU/i993hbBaMLe2NilZFAvwCbGh6502RltIW3RDeN/tyQaNb6d75qT7x1RxppO2bRR\r\ni3MLmldoanXHR7+ETcPqX3xnj40GC9yg6fPLCDHNqeX6W3ew4soCFeZ/KVd0L36garSkIqwkKDQ9\r\nuITjzMX8JSxXXLpG7GKeg03NnYj4JT7uVwwIxDjvsZcCNlg93LA5vsV1uyvmcTBxJsHXIZDTwk9P\r\niUei+irJFs5Y9OUuPuzl0paPQ8Brmb/U9NGVyPaKDtzp3itXpSBR7m+ysE+i0KZRciZz70iiVG6y\r\nQpYSX5OsOCZZLJLLkE0N3RZdtQzacnhEzU4Y3oD56Stb5UCEgaft2WDhBZM1LGd8H5jxnfT7UldB\r\nHh6qt7EQN5C3JK27qLDzqpd3ZIFGqDNcf00wnIpK7lZIwNAa0McnkHWdYA==","msg":"验证成功"}]
2022-09-19 18:22:31.326 [http-nio-8001-exec-5] INFO  center.misaki.device.Aspect.ControllerLogAop - Usage:
StopWatch '/isAccessed': running time = 37269799 ns
---------------------------------------------
ns         %     Task name
---------------------------------------------
000495099  001%  PrintRequest
036428499  098%  AuthController#isAccessed
000346201  001%  PrintResponse

2022-09-19 18:22:37.053 [http-nio-8001-exec-7] INFO  center.misaki.device.Aspect.ControllerLogAop - Request URL: [http://Misaki-0112:8001/isAccessed], URI: [/isAccessed], Request Method: [GET], IP: [127.0.0.1]
2022-09-19 18:22:37.053 [http-nio-8001-exec-7] INFO  center.misaki.device.Aspect.ControllerLogAop - AuthController.isAccessed Parameters: [[]]
2022-09-19 18:22:37.089 [http-nio-8001-exec-7] INFO  center.misaki.device.Aspect.ControllerLogAop - AuthController.isAccessed Response: [{"code":0,"data":"eJxlUFtPgzAU/i993hbBaMLe2NilZFAvwCbGh6502RltIW3RDeN/tyQaNb6d75qT7x1RxppO2bRR\r\ni3MLmldoanXHR7+ETcPqX3xnj40GC9yg6fPLCDHNqeX6W3ew4soCFeZ/KVd0L36garSkIqwkKDQ9\r\nuITjzMX8JSxXXLpG7GKeg03NnYj4JT7uVwwIxDjvsZcCNlg93LA5vsV1uyvmcTBxJsHXIZDTwk9P\r\niUei+irJFs5Y9OUuPuzl0paPQ8Brmb/U9NGVyPaKDtzp3itXpSBR7m+ysE+i0KZRciZz70iiVG6y\r\nQpYSX5OsOCZZLJLLkE0N3RZdtQzacnhEzU4Y3oD56Stb5UCEgaft2WDhBZM1LGd8H5jxnfT7UldB\r\nHh6qt7EQN5C3JK27qLDzqpd3ZIFGqDNcf00wnIpK7lZIwNAa0McnkHWdYA==","msg":"验证成功"}]
2022-09-19 18:22:37.090 [http-nio-8001-exec-7] INFO  center.misaki.device.Aspect.ControllerLogAop - Usage:
StopWatch '/isAccessed': running time = 37764399 ns
---------------------------------------------
ns         %     Task name
---------------------------------------------
000407199  001%  PrintRequest
036685500  097%  AuthController#isAccessed
000671700  002%  PrintResponse

2022-09-19 18:22:46.287 [http-nio-8001-exec-8] INFO  center.misaki.device.Aspect.ControllerLogAop - Request URL: [http://Misaki-0112:8001/isAccessed], URI: [/isAccessed], Request Method: [GET], IP: [127.0.0.1]
2022-09-19 18:22:46.288 [http-nio-8001-exec-8] INFO  center.misaki.device.Aspect.ControllerLogAop - AuthController.isAccessed Parameters: [[]]
2022-09-19 18:22:46.320 [http-nio-8001-exec-8] INFO  center.misaki.device.Aspect.ControllerLogAop - AuthController.isAccessed Response: [{"code":0,"data":"eJxlUFtPgzAU/i993hbBaMLe2NilZFAvwCbGh6502RltIW3RDeN/tyQaNb6d75qT7x1RxppO2bRR\r\ni3MLmldoanXHR7+ETcPqX3xnj40GC9yg6fPLCDHNqeX6W3ew4soCFeZ/KVd0L36garSkIqwkKDQ9\r\nuITjzMX8JSxXXLpG7GKeg03NnYj4JT7uVwwIxDjvsZcCNlg93LA5vsV1uyvmcTBxJsHXIZDTwk9P\r\niUei+irJFs5Y9OUuPuzl0paPQ8Brmb/U9NGVyPaKDtzp3itXpSBR7m+ysE+i0KZRciZz70iiVG6y\r\nQpYSX5OsOCZZLJLLkE0N3RZdtQzacnhEzU4Y3oD56Stb5UCEgaft2WDhBZM1LGd8H5jxnfT7UldB\r\nHh6qt7EQN5C3JK27qLDzqpd3ZIFGqDNcf00wnIpK7lZIwNAa0McnkHWdYA==","msg":"验证成功"}]
2022-09-19 18:22:46.320 [http-nio-8001-exec-8] INFO  center.misaki.device.Aspect.ControllerLogAop - Usage:
StopWatch '/isAccessed': running time = 32502399 ns
---------------------------------------------
ns         %     Task name
---------------------------------------------
000492799  002%  PrintRequest
031686399  097%  AuthController#isAccessed
000323201  001%  PrintResponse

2022-09-19 18:24:38.366 [AsyncResolver-bootstrap-executor-0] INFO  c.n.d.shared.resolver.aws.ConfigClusterResolver - Resolving eureka endpoints via configuration
2022-09-19 18:25:38.634 [http-nio-8001-exec-10] INFO  center.misaki.device.Aspect.ControllerLogAop - Request URL: [http://Misaki-0112:8001/isAccessed], URI: [/isAccessed], Request Method: [GET], IP: [127.0.0.1]
2022-09-19 18:25:38.635 [http-nio-8001-exec-10] INFO  center.misaki.device.Aspect.ControllerLogAop - AuthController.isAccessed Parameters: [[]]
2022-09-19 18:25:38.668 [http-nio-8001-exec-10] INFO  center.misaki.device.Aspect.ControllerLogAop - AuthController.isAccessed Response: [{"code":0,"data":"eJxlUFtPgzAU/i993hbBaMLe2NilZFAvwCbGh6502RltIW3RDeN/tyQaNb6d75qT7x1RxppO2bRR\r\ni3MLmldoanXHR7+ETcPqX3xnj40GC9yg6fPLCDHNqeX6W3ew4soCFeZ/KVd0L36garSkIqwkKDQ9\r\nuITjzMX8JSxXXLpG7GKeg03NnYj4JT7uVwwIxDjvsZcCNlg93LA5vsV1uyvmcTBxJsHXIZDTwk9P\r\niUei+irJFs5Y9OUuPuzl0paPQ8Brmb/U9NGVyPaKDtzp3itXpSBR7m+ysE+i0KZRciZz70iiVG6y\r\nQpYSX5OsOCZZLJLLkE0N3RZdtQzacnhEzU4Y3oD56Stb5UCEgaft2WDhBZM1LGd8H5jxnfT7UldB\r\nHh6qt7EQN5C3JK27qLDzqpd3ZIFGqDNcf00wnIpK7lZIwNAa0McnkHWdYA==","msg":"验证成功"}]
2022-09-19 18:25:38.668 [http-nio-8001-exec-10] INFO  center.misaki.device.Aspect.ControllerLogAop - Usage:
StopWatch '/isAccessed': running time = 33656600 ns
---------------------------------------------
ns         %     Task name
---------------------------------------------
000652300  002%  PrintRequest
032818300  098%  AuthController#isAccessed
000186000  001%  PrintResponse

2022-09-19 18:26:03.466 [SpringContextShutdownHook] INFO  o.s.c.n.e.serviceregistry.EurekaServiceRegistry - Unregistering application AUTH-CENTER with eureka with status DOWN
2022-09-19 18:26:03.467 [SpringContextShutdownHook] WARN  com.netflix.discovery.DiscoveryClient - Saw local status change event StatusChangeEvent [timestamp=1663583163467, current=DOWN, previous=UP]
2022-09-19 18:26:03.467 [DiscoveryClient-InstanceInfoReplicator-0] INFO  com.netflix.discovery.DiscoveryClient - DiscoveryClient_AUTH-CENTER/Misaki-0112:auth-center:8001: registering service...
2022-09-19 18:26:03.470 [SpringContextShutdownHook] INFO  o.s.scheduling.concurrent.ThreadPoolTaskExecutor - Shutting down ExecutorService 'applicationTaskExecutor'
2022-09-19 18:26:03.481 [DiscoveryClient-InstanceInfoReplicator-0] ERROR c.n.d.s.t.decorator.RedirectingEurekaHttpClient - Request execution error. endpoint=DefaultEndpoint{ serviceUrl='http://localhost:18761/eureka/}
com.sun.jersey.api.client.ClientHandlerException: org.apache.http.NoHttpResponseException: localhost:18761 failed to respond
	at com.sun.jersey.client.apache4.ApacheHttpClient4Handler.handle(ApacheHttpClient4Handler.java:187)
	at com.sun.jersey.api.client.filter.GZIPContentEncodingFilter.handle(GZIPContentEncodingFilter.java:123)
	at com.netflix.discovery.EurekaIdentityHeaderFilter.handle(EurekaIdentityHeaderFilter.java:27)
	at com.sun.jersey.api.client.Client.handle(Client.java:652)
	at com.sun.jersey.api.client.WebResource.handle(WebResource.java:682)
	at com.sun.jersey.api.client.WebResource.access$200(WebResource.java:74)
	at com.sun.jersey.api.client.WebResource$Builder.post(WebResource.java:570)
	at com.netflix.discovery.shared.transport.jersey.AbstractJerseyEurekaHttpClient.register(AbstractJerseyEurekaHttpClient.java:56)
	at com.netflix.discovery.shared.transport.decorator.EurekaHttpClientDecorator$1.execute(EurekaHttpClientDecorator.java:59)
	at com.netflix.discovery.shared.transport.decorator.MetricsCollectingEurekaHttpClient.execute(MetricsCollectingEurekaHttpClient.java:73)
	at com.netflix.discovery.shared.transport.decorator.EurekaHttpClientDecorator.register(EurekaHttpClientDecorator.java:56)
	at com.netflix.discovery.shared.transport.decorator.EurekaHttpClientDecorator$1.execute(EurekaHttpClientDecorator.java:59)
	at com.netflix.discovery.shared.transport.decorator.RedirectingEurekaHttpClient.execute(RedirectingEurekaHttpClient.java:89)
	at com.netflix.discovery.shared.transport.decorator.EurekaHttpClientDecorator.register(EurekaHttpClientDecorator.java:56)
	at com.netflix.discovery.shared.transport.decorator.EurekaHttpClientDecorator$1.execute(EurekaHttpClientDecorator.java:59)
	at com.netflix.discovery.shared.transport.decorator.RetryableEurekaHttpClient.execute(RetryableEurekaHttpClient.java:120)
	at com.netflix.discovery.shared.transport.decorator.EurekaHttpClientDecorator.register(EurekaHttpClientDecorator.java:56)
	at com.netflix.discovery.shared.transport.decorator.EurekaHttpClientDecorator$1.execute(EurekaHttpClientDecorator.java:59)
	at com.netflix.discovery.shared.transport.decorator.SessionedEurekaHttpClient.execute(SessionedEurekaHttpClient.java:77)
	at com.netflix.discovery.shared.transport.decorator.EurekaHttpClientDecorator.register(EurekaHttpClientDecorator.java:56)
	at com.netflix.discovery.DiscoveryClient.register(DiscoveryClient.java:847)
	at com.netflix.discovery.InstanceInfoReplicator.run(InstanceInfoReplicator.java:121)
	at com.netflix.discovery.InstanceInfoReplicator$1.run(InstanceInfoReplicator.java:101)
	at java.util.concurrent.Executors$RunnableAdapter.call(Executors.java:511)
	at java.util.concurrent.FutureTask.run(FutureTask.java:266)
	at java.util.concurrent.ScheduledThreadPoolExecutor$ScheduledFutureTask.access$201(ScheduledThreadPoolExecutor.java:180)
	at java.util.concurrent.ScheduledThreadPoolExecutor$ScheduledFutureTask.run(ScheduledThreadPoolExecutor.java:293)
	at java.util.concurrent.ThreadPoolExecutor.runWorker(ThreadPoolExecutor.java:1149)
	at java.util.concurrent.ThreadPoolExecutor$Worker.run(ThreadPoolExecutor.java:624)
	at java.lang.Thread.run(Thread.java:750)
Caused by: org.apache.http.NoHttpResponseException: localhost:18761 failed to respond
	at org.apache.http.impl.conn.DefaultHttpResponseParser.parseHead(DefaultHttpResponseParser.java:141)
	at org.apache.http.impl.conn.DefaultHttpResponseParser.parseHead(DefaultHttpResponseParser.java:56)
	at org.apache.http.impl.io.AbstractMessageParser.parse(AbstractMessageParser.java:259)
	at org.apache.http.impl.AbstractHttpClientConnection.receiveResponseHeader(AbstractHttpClientConnection.java:294)
	at org.apache.http.impl.conn.DefaultClientConnection.receiveResponseHeader(DefaultClientConnection.java:257)
	at org.apache.http.impl.conn.AbstractClientConnAdapter.receiveResponseHeader(AbstractClientConnAdapter.java:230)
	at org.apache.http.protocol.HttpRequestExecutor.doReceiveResponse(HttpRequestExecutor.java:273)
	at org.apache.http.protocol.HttpRequestExecutor.execute(HttpRequestExecutor.java:125)
	at org.apache.http.impl.client.DefaultRequestDirector.tryExecute(DefaultRequestDirector.java:679)
	at org.apache.http.impl.client.DefaultRequestDirector.execute(DefaultRequestDirector.java:481)
	at org.apache.http.impl.client.AbstractHttpClient.doExecute(AbstractHttpClient.java:835)
	at org.apache.http.impl.client.CloseableHttpClient.execute(CloseableHttpClient.java:118)
	at org.apache.http.impl.client.CloseableHttpClient.execute(CloseableHttpClient.java:56)
	at com.sun.jersey.client.apache4.ApacheHttpClient4Handler.handle(ApacheHttpClient4Handler.java:173)
	... 29 common frames omitted
2022-09-19 18:26:03.481 [DiscoveryClient-InstanceInfoReplicator-0] WARN  c.n.d.s.t.decorator.RetryableEurekaHttpClient - Request execution failed with message: org.apache.http.NoHttpResponseException: localhost:18761 failed to respond
2022-09-19 18:26:03.535 [DiscoveryClient-InstanceInfoReplicator-0] ERROR c.n.d.s.t.decorator.RedirectingEurekaHttpClient - Request execution error. endpoint=DefaultEndpoint{ serviceUrl='http://localhost:18761/eureka/}
com.sun.jersey.api.client.ClientHandlerException: java.net.SocketException: Connection reset
	at com.sun.jersey.client.apache4.ApacheHttpClient4Handler.handle(ApacheHttpClient4Handler.java:187)
	at com.sun.jersey.api.client.filter.GZIPContentEncodingFilter.handle(GZIPContentEncodingFilter.java:123)
	at com.netflix.discovery.EurekaIdentityHeaderFilter.handle(EurekaIdentityHeaderFilter.java:27)
	at com.sun.jersey.api.client.Client.handle(Client.java:652)
	at com.sun.jersey.api.client.WebResource.handle(WebResource.java:682)
	at com.sun.jersey.api.client.WebResource.access$200(WebResource.java:74)
	at com.sun.jersey.api.client.WebResource$Builder.post(WebResource.java:570)
	at com.netflix.discovery.shared.transport.jersey.AbstractJerseyEurekaHttpClient.register(AbstractJerseyEurekaHttpClient.java:56)
	at com.netflix.discovery.shared.transport.decorator.EurekaHttpClientDecorator$1.execute(EurekaHttpClientDecorator.java:59)
	at com.netflix.discovery.shared.transport.decorator.MetricsCollectingEurekaHttpClient.execute(MetricsCollectingEurekaHttpClient.java:73)
	at com.netflix.discovery.shared.transport.decorator.EurekaHttpClientDecorator.register(EurekaHttpClientDecorator.java:56)
	at com.netflix.discovery.shared.transport.decorator.EurekaHttpClientDecorator$1.execute(EurekaHttpClientDecorator.java:59)
	at com.netflix.discovery.shared.transport.decorator.RedirectingEurekaHttpClient.executeOnNewServer(RedirectingEurekaHttpClient.java:118)
	at com.netflix.discovery.shared.transport.decorator.RedirectingEurekaHttpClient.execute(RedirectingEurekaHttpClient.java:79)
	at com.netflix.discovery.shared.transport.decorator.EurekaHttpClientDecorator.register(EurekaHttpClientDecorator.java:56)
	at com.netflix.discovery.shared.transport.decorator.EurekaHttpClientDecorator$1.execute(EurekaHttpClientDecorator.java:59)
	at com.netflix.discovery.shared.transport.decorator.RetryableEurekaHttpClient.execute(RetryableEurekaHttpClient.java:120)
	at com.netflix.discovery.shared.transport.decorator.EurekaHttpClientDecorator.register(EurekaHttpClientDecorator.java:56)
	at com.netflix.discovery.shared.transport.decorator.EurekaHttpClientDecorator$1.execute(EurekaHttpClientDecorator.java:59)
	at com.netflix.discovery.shared.transport.decorator.SessionedEurekaHttpClient.execute(SessionedEurekaHttpClient.java:77)
	at com.netflix.discovery.shared.transport.decorator.EurekaHttpClientDecorator.register(EurekaHttpClientDecorator.java:56)
	at com.netflix.discovery.DiscoveryClient.register(DiscoveryClient.java:847)
	at com.netflix.discovery.InstanceInfoReplicator.run(InstanceInfoReplicator.java:121)
	at com.netflix.discovery.InstanceInfoReplicator$1.run(InstanceInfoReplicator.java:101)
	at java.util.concurrent.Executors$RunnableAdapter.call(Executors.java:511)
	at java.util.concurrent.FutureTask.run(FutureTask.java:266)
	at java.util.concurrent.ScheduledThreadPoolExecutor$ScheduledFutureTask.access$201(ScheduledThreadPoolExecutor.java:180)
	at java.util.concurrent.ScheduledThreadPoolExecutor$ScheduledFutureTask.run(ScheduledThreadPoolExecutor.java:293)
	at java.util.concurrent.ThreadPoolExecutor.runWorker(ThreadPoolExecutor.java:1149)
	at java.util.concurrent.ThreadPoolExecutor$Worker.run(ThreadPoolExecutor.java:624)
	at java.lang.Thread.run(Thread.java:750)
Caused by: java.net.SocketException: Connection reset
	at java.net.SocketInputStream.read(SocketInputStream.java:210)
	at java.net.SocketInputStream.read(SocketInputStream.java:141)
	at org.apache.http.impl.io.AbstractSessionInputBuffer.fillBuffer(AbstractSessionInputBuffer.java:161)
	at org.apache.http.impl.io.SocketInputBuffer.fillBuffer(SocketInputBuffer.java:82)
	at org.apache.http.impl.io.AbstractSessionInputBuffer.readLine(AbstractSessionInputBuffer.java:276)
	at org.apache.http.impl.conn.DefaultHttpResponseParser.parseHead(DefaultHttpResponseParser.java:138)
	at org.apache.http.impl.conn.DefaultHttpResponseParser.parseHead(DefaultHttpResponseParser.java:56)
	at org.apache.http.impl.io.AbstractMessageParser.parse(AbstractMessageParser.java:259)
	at org.apache.http.impl.AbstractHttpClientConnection.receiveResponseHeader(AbstractHttpClientConnection.java:294)
	at org.apache.http.impl.conn.DefaultClientConnection.receiveResponseHeader(DefaultClientConnection.java:257)
	at org.apache.http.impl.conn.AbstractClientConnAdapter.receiveResponseHeader(AbstractClientConnAdapter.java:230)
	at org.apache.http.protocol.HttpRequestExecutor.doReceiveResponse(HttpRequestExecutor.java:273)
	at org.apache.http.protocol.HttpRequestExecutor.execute(HttpRequestExecutor.java:125)
	at org.apache.http.impl.client.DefaultRequestDirector.tryExecute(DefaultRequestDirector.java:679)
	at org.apache.http.impl.client.DefaultRequestDirector.execute(DefaultRequestDirector.java:481)
	at org.apache.http.impl.client.AbstractHttpClient.doExecute(AbstractHttpClient.java:835)
	at org.apache.http.impl.client.CloseableHttpClient.execute(CloseableHttpClient.java:118)
	at org.apache.http.impl.client.CloseableHttpClient.execute(CloseableHttpClient.java:56)
	at com.sun.jersey.client.apache4.ApacheHttpClient4Handler.handle(ApacheHttpClient4Handler.java:173)
	... 30 common frames omitted
2022-09-19 18:26:03.536 [DiscoveryClient-InstanceInfoReplicator-0] WARN  c.n.d.s.t.decorator.RetryableEurekaHttpClient - Request execution failed with message: java.net.SocketException: Connection reset
2022-09-19 18:26:03.537 [DiscoveryClient-InstanceInfoReplicator-0] WARN  com.netflix.discovery.DiscoveryClient - DiscoveryClient_AUTH-CENTER/Misaki-0112:auth-center:8001 - registration failed Cannot execute request on any known server
com.netflix.discovery.shared.transport.TransportException: Cannot execute request on any known server
	at com.netflix.discovery.shared.transport.decorator.RetryableEurekaHttpClient.execute(RetryableEurekaHttpClient.java:112)
	at com.netflix.discovery.shared.transport.decorator.EurekaHttpClientDecorator.register(EurekaHttpClientDecorator.java:56)
	at com.netflix.discovery.shared.transport.decorator.EurekaHttpClientDecorator$1.execute(EurekaHttpClientDecorator.java:59)
	at com.netflix.discovery.shared.transport.decorator.SessionedEurekaHttpClient.execute(SessionedEurekaHttpClient.java:77)
	at com.netflix.discovery.shared.transport.decorator.EurekaHttpClientDecorator.register(EurekaHttpClientDecorator.java:56)
	at com.netflix.discovery.DiscoveryClient.register(DiscoveryClient.java:847)
	at com.netflix.discovery.InstanceInfoReplicator.run(InstanceInfoReplicator.java:121)
	at com.netflix.discovery.InstanceInfoReplicator$1.run(InstanceInfoReplicator.java:101)
	at java.util.concurrent.Executors$RunnableAdapter.call(Executors.java:511)
	at java.util.concurrent.FutureTask.run(FutureTask.java:266)
	at java.util.concurrent.ScheduledThreadPoolExecutor$ScheduledFutureTask.access$201(ScheduledThreadPoolExecutor.java:180)
	at java.util.concurrent.ScheduledThreadPoolExecutor$ScheduledFutureTask.run(ScheduledThreadPoolExecutor.java:293)
	at java.util.concurrent.ThreadPoolExecutor.runWorker(ThreadPoolExecutor.java:1149)
	at java.util.concurrent.ThreadPoolExecutor$Worker.run(ThreadPoolExecutor.java:624)
	at java.lang.Thread.run(Thread.java:750)
2022-09-19 18:26:03.537 [DiscoveryClient-InstanceInfoReplicator-0] WARN  com.netflix.discovery.InstanceInfoReplicator - There was a problem with the instance info replicator
com.netflix.discovery.shared.transport.TransportException: Cannot execute request on any known server
	at com.netflix.discovery.shared.transport.decorator.RetryableEurekaHttpClient.execute(RetryableEurekaHttpClient.java:112)
	at com.netflix.discovery.shared.transport.decorator.EurekaHttpClientDecorator.register(EurekaHttpClientDecorator.java:56)
	at com.netflix.discovery.shared.transport.decorator.EurekaHttpClientDecorator$1.execute(EurekaHttpClientDecorator.java:59)
	at com.netflix.discovery.shared.transport.decorator.SessionedEurekaHttpClient.execute(SessionedEurekaHttpClient.java:77)
	at com.netflix.discovery.shared.transport.decorator.EurekaHttpClientDecorator.register(EurekaHttpClientDecorator.java:56)
	at com.netflix.discovery.DiscoveryClient.register(DiscoveryClient.java:847)
	at com.netflix.discovery.InstanceInfoReplicator.run(InstanceInfoReplicator.java:121)
	at com.netflix.discovery.InstanceInfoReplicator$1.run(InstanceInfoReplicator.java:101)
	at java.util.concurrent.Executors$RunnableAdapter.call(Executors.java:511)
	at java.util.concurrent.FutureTask.run(FutureTask.java:266)
	at java.util.concurrent.ScheduledThreadPoolExecutor$ScheduledFutureTask.access$201(ScheduledThreadPoolExecutor.java:180)
	at java.util.concurrent.ScheduledThreadPoolExecutor$ScheduledFutureTask.run(ScheduledThreadPoolExecutor.java:293)
	at java.util.concurrent.ThreadPoolExecutor.runWorker(ThreadPoolExecutor.java:1149)
	at java.util.concurrent.ThreadPoolExecutor$Worker.run(ThreadPoolExecutor.java:624)
	at java.lang.Thread.run(Thread.java:750)
2022-09-19 18:26:03.608 [SpringContextShutdownHook] INFO  com.alibaba.druid.pool.DruidDataSource - {dataSource-1} closing ...
2022-09-19 18:26:03.615 [SpringContextShutdownHook] INFO  com.alibaba.druid.pool.DruidDataSource - {dataSource-1} closed
2022-09-19 18:26:03.616 [SpringContextShutdownHook] INFO  com.netflix.discovery.DiscoveryClient - Shutting down DiscoveryClient ...
2022-09-19 18:26:06.627 [SpringContextShutdownHook] INFO  com.netflix.discovery.DiscoveryClient - Unregistering ...
2022-09-19 18:26:10.705 [SpringContextShutdownHook] ERROR c.n.d.s.t.decorator.RedirectingEurekaHttpClient - Request execution error. endpoint=DefaultEndpoint{ serviceUrl='http://localhost:18761/eureka/}
com.sun.jersey.api.client.ClientHandlerException: java.net.ConnectException: Connection refused: connect
	at com.sun.jersey.client.apache4.ApacheHttpClient4Handler.handle(ApacheHttpClient4Handler.java:187)
	at com.sun.jersey.api.client.filter.GZIPContentEncodingFilter.handle(GZIPContentEncodingFilter.java:123)
	at com.netflix.discovery.EurekaIdentityHeaderFilter.handle(EurekaIdentityHeaderFilter.java:27)
	at com.sun.jersey.api.client.Client.handle(Client.java:652)
	at com.sun.jersey.api.client.WebResource.handle(WebResource.java:682)
	at com.sun.jersey.api.client.WebResource.access$200(WebResource.java:74)
	at com.sun.jersey.api.client.WebResource$Builder.delete(WebResource.java:591)
	at com.netflix.discovery.shared.transport.jersey.AbstractJerseyEurekaHttpClient.cancel(AbstractJerseyEurekaHttpClient.java:76)
	at com.netflix.discovery.shared.transport.decorator.EurekaHttpClientDecorator$2.execute(EurekaHttpClientDecorator.java:74)
	at com.netflix.discovery.shared.transport.decorator.MetricsCollectingEurekaHttpClient.execute(MetricsCollectingEurekaHttpClient.java:73)
	at com.netflix.discovery.shared.transport.decorator.EurekaHttpClientDecorator.cancel(EurekaHttpClientDecorator.java:71)
	at com.netflix.discovery.shared.transport.decorator.EurekaHttpClientDecorator$2.execute(EurekaHttpClientDecorator.java:74)
	at com.netflix.discovery.shared.transport.decorator.RedirectingEurekaHttpClient.executeOnNewServer(RedirectingEurekaHttpClient.java:118)
	at com.netflix.discovery.shared.transport.decorator.RedirectingEurekaHttpClient.execute(RedirectingEurekaHttpClient.java:79)
	at com.netflix.discovery.shared.transport.decorator.EurekaHttpClientDecorator.cancel(EurekaHttpClientDecorator.java:71)
	at com.netflix.discovery.shared.transport.decorator.EurekaHttpClientDecorator$2.execute(EurekaHttpClientDecorator.java:74)
	at com.netflix.discovery.shared.transport.decorator.RetryableEurekaHttpClient.execute(RetryableEurekaHttpClient.java:120)
	at com.netflix.discovery.shared.transport.decorator.EurekaHttpClientDecorator.cancel(EurekaHttpClientDecorator.java:71)
	at com.netflix.discovery.shared.transport.decorator.EurekaHttpClientDecorator$2.execute(EurekaHttpClientDecorator.java:74)
	at com.netflix.discovery.shared.transport.decorator.SessionedEurekaHttpClient.execute(SessionedEurekaHttpClient.java:77)
	at com.netflix.discovery.shared.transport.decorator.EurekaHttpClientDecorator.cancel(EurekaHttpClientDecorator.java:71)
	at com.netflix.discovery.DiscoveryClient.unregister(DiscoveryClient.java:941)
	at com.netflix.discovery.DiscoveryClient.shutdown(DiscoveryClient.java:919)
	at sun.reflect.NativeMethodAccessorImpl.invoke0(Native Method)
	at sun.reflect.NativeMethodAccessorImpl.invoke(NativeMethodAccessorImpl.java:62)
	at sun.reflect.DelegatingMethodAccessorImpl.invoke(DelegatingMethodAccessorImpl.java:43)
	at java.lang.reflect.Method.invoke(Method.java:498)
	at org.springframework.beans.factory.annotation.InitDestroyAnnotationBeanPostProcessor$LifecycleElement.invoke(InitDestroyAnnotationBeanPostProcessor.java:389)
	at org.springframework.beans.factory.annotation.InitDestroyAnnotationBeanPostProcessor$LifecycleMetadata.invokeDestroyMethods(InitDestroyAnnotationBeanPostProcessor.java:347)
	at org.springframework.beans.factory.annotation.InitDestroyAnnotationBeanPostProcessor.postProcessBeforeDestruction(InitDestroyAnnotationBeanPostProcessor.java:177)
	at org.springframework.beans.factory.support.DisposableBeanAdapter.destroy(DisposableBeanAdapter.java:242)
	at org.springframework.beans.factory.support.DisposableBeanAdapter.run(DisposableBeanAdapter.java:235)
	at org.springframework.cloud.context.scope.GenericScope$BeanLifecycleWrapper.destroy(GenericScope.java:403)
	at org.springframework.cloud.context.scope.GenericScope.destroy(GenericScope.java:142)
	at org.springframework.beans.factory.support.DisposableBeanAdapter.destroy(DisposableBeanAdapter.java:258)
	at org.springframework.beans.factory.support.DefaultSingletonBeanRegistry.destroyBean(DefaultSingletonBeanRegistry.java:571)
	at org.springframework.beans.factory.support.DefaultSingletonBeanRegistry.destroySingleton(DefaultSingletonBeanRegistry.java:543)
	at org.springframework.beans.factory.support.DefaultListableBeanFactory.destroySingleton(DefaultListableBeanFactory.java:1072)
	at org.springframework.beans.factory.support.DefaultSingletonBeanRegistry.destroySingletons(DefaultSingletonBeanRegistry.java:504)
	at org.springframework.beans.factory.support.DefaultListableBeanFactory.destroySingletons(DefaultListableBeanFactory.java:1065)
	at org.springframework.context.support.AbstractApplicationContext.destroyBeans(AbstractApplicationContext.java:1060)
	at org.springframework.context.support.AbstractApplicationContext.doClose(AbstractApplicationContext.java:1029)
	at org.springframework.context.support.AbstractApplicationContext$1.run(AbstractApplicationContext.java:948)
Caused by: java.net.ConnectException: Connection refused: connect
	at java.net.DualStackPlainSocketImpl.waitForConnect(Native Method)
	at java.net.DualStackPlainSocketImpl.socketConnect(DualStackPlainSocketImpl.java:85)
	at java.net.AbstractPlainSocketImpl.doConnect(AbstractPlainSocketImpl.java:350)
	at java.net.AbstractPlainSocketImpl.connectToAddress(AbstractPlainSocketImpl.java:206)
	at java.net.AbstractPlainSocketImpl.connect(AbstractPlainSocketImpl.java:188)
	at java.net.PlainSocketImpl.connect(PlainSocketImpl.java:172)
	at java.net.SocksSocketImpl.connect(SocksSocketImpl.java:392)
	at java.net.Socket.connect(Socket.java:607)
	at org.apache.http.conn.scheme.PlainSocketFactory.connectSocket(PlainSocketFactory.java:121)
	at org.apache.http.impl.conn.DefaultClientConnectionOperator.openConnection(DefaultClientConnectionOperator.java:180)
	at org.apache.http.impl.conn.AbstractPoolEntry.open(AbstractPoolEntry.java:144)
	at org.apache.http.impl.conn.AbstractPooledConnAdapter.open(AbstractPooledConnAdapter.java:134)
	at org.apache.http.impl.client.DefaultRequestDirector.tryConnect(DefaultRequestDirector.java:605)
	at org.apache.http.impl.client.DefaultRequestDirector.execute(DefaultRequestDirector.java:440)
	at org.apache.http.impl.client.AbstractHttpClient.doExecute(AbstractHttpClient.java:835)
	at org.apache.http.impl.client.CloseableHttpClient.execute(CloseableHttpClient.java:118)
	at org.apache.http.impl.client.CloseableHttpClient.execute(CloseableHttpClient.java:56)
	at com.sun.jersey.client.apache4.ApacheHttpClient4Handler.handle(ApacheHttpClient4Handler.java:173)
	... 42 common frames omitted
2022-09-19 18:26:10.706 [SpringContextShutdownHook] WARN  c.n.d.s.t.decorator.RetryableEurekaHttpClient - Request execution failed with message: java.net.ConnectException: Connection refused: connect
2022-09-19 18:26:10.706 [SpringContextShutdownHook] ERROR com.netflix.discovery.DiscoveryClient - DiscoveryClient_AUTH-CENTER/Misaki-0112:auth-center:8001 - de-registration failedCannot execute request on any known server
com.netflix.discovery.shared.transport.TransportException: Cannot execute request on any known server
	at com.netflix.discovery.shared.transport.decorator.RetryableEurekaHttpClient.execute(RetryableEurekaHttpClient.java:112)
	at com.netflix.discovery.shared.transport.decorator.EurekaHttpClientDecorator.cancel(EurekaHttpClientDecorator.java:71)
	at com.netflix.discovery.shared.transport.decorator.EurekaHttpClientDecorator$2.execute(EurekaHttpClientDecorator.java:74)
	at com.netflix.discovery.shared.transport.decorator.SessionedEurekaHttpClient.execute(SessionedEurekaHttpClient.java:77)
	at com.netflix.discovery.shared.transport.decorator.EurekaHttpClientDecorator.cancel(EurekaHttpClientDecorator.java:71)
	at com.netflix.discovery.DiscoveryClient.unregister(DiscoveryClient.java:941)
	at com.netflix.discovery.DiscoveryClient.shutdown(DiscoveryClient.java:919)
	at sun.reflect.NativeMethodAccessorImpl.invoke0(Native Method)
	at sun.reflect.NativeMethodAccessorImpl.invoke(NativeMethodAccessorImpl.java:62)
	at sun.reflect.DelegatingMethodAccessorImpl.invoke(DelegatingMethodAccessorImpl.java:43)
	at java.lang.reflect.Method.invoke(Method.java:498)
	at org.springframework.beans.factory.annotation.InitDestroyAnnotationBeanPostProcessor$LifecycleElement.invoke(InitDestroyAnnotationBeanPostProcessor.java:389)
	at org.springframework.beans.factory.annotation.InitDestroyAnnotationBeanPostProcessor$LifecycleMetadata.invokeDestroyMethods(InitDestroyAnnotationBeanPostProcessor.java:347)
	at org.springframework.beans.factory.annotation.InitDestroyAnnotationBeanPostProcessor.postProcessBeforeDestruction(InitDestroyAnnotationBeanPostProcessor.java:177)
	at org.springframework.beans.factory.support.DisposableBeanAdapter.destroy(DisposableBeanAdapter.java:242)
	at org.springframework.beans.factory.support.DisposableBeanAdapter.run(DisposableBeanAdapter.java:235)
	at org.springframework.cloud.context.scope.GenericScope$BeanLifecycleWrapper.destroy(GenericScope.java:403)
	at org.springframework.cloud.context.scope.GenericScope.destroy(GenericScope.java:142)
	at org.springframework.beans.factory.support.DisposableBeanAdapter.destroy(DisposableBeanAdapter.java:258)
	at org.springframework.beans.factory.support.DefaultSingletonBeanRegistry.destroyBean(DefaultSingletonBeanRegistry.java:571)
	at org.springframework.beans.factory.support.DefaultSingletonBeanRegistry.destroySingleton(DefaultSingletonBeanRegistry.java:543)
	at org.springframework.beans.factory.support.DefaultListableBeanFactory.destroySingleton(DefaultListableBeanFactory.java:1072)
	at org.springframework.beans.factory.support.DefaultSingletonBeanRegistry.destroySingletons(DefaultSingletonBeanRegistry.java:504)
	at org.springframework.beans.factory.support.DefaultListableBeanFactory.destroySingletons(DefaultListableBeanFactory.java:1065)
	at org.springframework.context.support.AbstractApplicationContext.destroyBeans(AbstractApplicationContext.java:1060)
	at org.springframework.context.support.AbstractApplicationContext.doClose(AbstractApplicationContext.java:1029)
	at org.springframework.context.support.AbstractApplicationContext$1.run(AbstractApplicationContext.java:948)
2022-09-19 18:26:10.711 [SpringContextShutdownHook] INFO  com.netflix.discovery.DiscoveryClient - Completed shut down of DiscoveryClient
