2022-08-15 15:01:08.448 [main] INFO  org.springframework.core.KotlinDetector - Kotlin reflection implementation not found at runtime, related features won't be available.
2022-08-15 15:01:10.116 [main] INFO  o.s.c.s.PostProcessorRegistrationDelegate$BeanPostProcessorChecker - Bean 'org.springframework.cloud.autoconfigure.ConfigurationPropertiesRebinderAutoConfiguration' of type [org.springframework.cloud.autoconfigure.ConfigurationPropertiesRebinderAutoConfiguration] is not eligible for getting processed by all BeanPostProcessors (for example: not eligible for auto-proxying)
2022-08-15 15:01:11.383 [main] INFO  center.misaki.device.userApp - The following profiles are active: dev
2022-08-15 15:01:12.805 [main] INFO  o.s.d.r.config.RepositoryConfigurationDelegate - Multiple Spring Data modules found, entering strict repository configuration mode!
2022-08-15 15:01:12.807 [main] INFO  o.s.d.r.config.RepositoryConfigurationDelegate - Bootstrapping Spring Data Redis repositories in DEFAULT mode.
2022-08-15 15:01:12.862 [main] INFO  o.s.d.r.config.RepositoryConfigurationDelegate - Finished Spring Data repository scanning in 38ms. Found 0 Redis repository interfaces.
2022-08-15 15:01:12.985 [main] WARN  o.springframework.boot.actuate.endpoint.EndpointId - Endpoint ID 'service-registry' contains invalid characters, please migrate to a valid format.
2022-08-15 15:01:13.192 [main] INFO  o.springframework.cloud.context.scope.GenericScope - BeanFactory id=a22055f8-ab77-3702-9c8f-92a2fe3a992d
2022-08-15 15:01:13.281 [main] INFO  o.s.c.s.PostProcessorRegistrationDelegate$BeanPostProcessorChecker - Bean 'asyncTaskExecutePool' of type [center.misaki.device.Config.AsyncTaskExecutePool$$EnhancerBySpringCGLIB$$6ee34b11] is not eligible for getting processed by all BeanPostProcessors (for example: not eligible for auto-proxying)
2022-08-15 15:01:13.360 [main] INFO  o.s.c.s.PostProcessorRegistrationDelegate$BeanPostProcessorChecker - Bean 'org.springframework.transaction.annotation.ProxyTransactionManagementConfiguration' of type [org.springframework.transaction.annotation.ProxyTransactionManagementConfiguration] is not eligible for getting processed by all BeanPostProcessors (for example: not eligible for auto-proxying)
2022-08-15 15:01:13.561 [main] INFO  o.s.c.s.PostProcessorRegistrationDelegate$BeanPostProcessorChecker - Bean 'org.springframework.cloud.autoconfigure.ConfigurationPropertiesRebinderAutoConfiguration' of type [org.springframework.cloud.autoconfigure.ConfigurationPropertiesRebinderAutoConfiguration] is not eligible for getting processed by all BeanPostProcessors (for example: not eligible for auto-proxying)
2022-08-15 15:01:13.842 [main] INFO  o.s.boot.web.embedded.tomcat.TomcatWebServer - Tomcat initialized with port(s): 8001 (http)
2022-08-15 15:01:13.853 [main] INFO  org.apache.coyote.http11.Http11NioProtocol - Initializing ProtocolHandler ["http-nio-8001"]
2022-08-15 15:01:13.853 [main] INFO  org.apache.catalina.core.StandardService - Starting service [Tomcat]
2022-08-15 15:01:13.853 [main] INFO  org.apache.catalina.core.StandardEngine - Starting Servlet engine: [Apache Tomcat/9.0.30]
2022-08-15 15:01:13.985 [main] INFO  o.a.c.core.ContainerBase.[Tomcat].[localhost].[/] - Initializing Spring embedded WebApplicationContext
2022-08-15 15:01:13.986 [main] INFO  org.springframework.web.context.ContextLoader - Root WebApplicationContext: initialization completed in 2587 ms
2022-08-15 15:01:14.100 [main] WARN  com.netflix.config.sources.URLConfigurationSource - No URLs will be polled as dynamic configuration sources.
2022-08-15 15:01:14.101 [main] INFO  com.netflix.config.sources.URLConfigurationSource - To enable URLs as dynamic configuration sources, define System property archaius.configurationSource.additionalUrls or make config.properties available on classpath.
2022-08-15 15:01:14.113 [main] INFO  com.netflix.config.DynamicPropertyFactory - DynamicPropertyFactory is initialized with configuration sources: com.netflix.config.ConcurrentCompositeConfiguration@5cff6b74
2022-08-15 15:01:14.237 [main] INFO  c.a.d.s.b.a.DruidDataSourceAutoConfigure - Init DruidDataSource
2022-08-15 15:01:30.542 [main] INFO  com.alibaba.druid.pool.DruidDataSource - {dataSource-1} inited
2022-08-15 15:01:31.777 [main] INFO  org.springframework.cloud.commons.util.InetUtils - Cannot determine local hostname
2022-08-15 15:01:33.153 [main] WARN  o.s.s.o.p.token.store.JwtAccessTokenConverter - Unable to create an RSA verifier from verifierKey (ignoreable if using MAC)
2022-08-15 15:01:33.884 [main] INFO  o.s.security.web.DefaultSecurityFilterChain - Creating filter chain: OrRequestMatcher [requestMatchers=[Ant [pattern='/oauth/token'], Ant [pattern='/oauth/token_key'], Ant [pattern='/oauth/check_token']]], [org.springframework.security.web.context.request.async.WebAsyncManagerIntegrationFilter@7037a680, org.springframework.security.web.context.SecurityContextPersistenceFilter@23a78c77, org.springframework.security.web.header.HeaderWriterFilter@430aae8e, org.springframework.security.web.authentication.logout.LogoutFilter@7a3a49e5, org.springframework.security.oauth2.provider.client.ClientCredentialsTokenEndpointFilter@21c99abf, org.springframework.security.web.authentication.www.BasicAuthenticationFilter@73ddb7ef, org.springframework.security.web.savedrequest.RequestCacheAwareFilter@12d44a2a, org.springframework.security.web.servletapi.SecurityContextHolderAwareRequestFilter@591e5fd4, org.springframework.security.web.authentication.AnonymousAuthenticationFilter@492c8137, org.springframework.security.web.session.SessionManagementFilter@4882b9a, org.springframework.security.web.access.ExceptionTranslationFilter@7434ee13, org.springframework.security.web.access.intercept.FilterSecurityInterceptor@3bc891f2]
2022-08-15 15:01:33.895 [main] INFO  o.s.security.web.DefaultSecurityFilterChain - Creating filter chain: org.springframework.security.oauth2.config.annotation.web.configuration.ResourceServerConfiguration$NotOAuthRequestMatcher@44e08a7a, [org.springframework.security.web.context.request.async.WebAsyncManagerIntegrationFilter@78bd02c8, org.springframework.security.web.context.SecurityContextPersistenceFilter@18463720, org.springframework.security.web.header.HeaderWriterFilter@33e8e146, org.springframework.security.web.authentication.logout.LogoutFilter@4f525e13, org.springframework.security.oauth2.provider.authentication.OAuth2AuthenticationProcessingFilter@584136c1, org.springframework.security.web.savedrequest.RequestCacheAwareFilter@64eeddd8, org.springframework.security.web.servletapi.SecurityContextHolderAwareRequestFilter@10f8e2d2, org.springframework.security.web.authentication.AnonymousAuthenticationFilter@28dacf31, org.springframework.security.web.session.SessionManagementFilter@1f4d38f9, org.springframework.security.web.access.ExceptionTranslationFilter@e7e455d, org.springframework.security.web.access.intercept.FilterSecurityInterceptor@65015a49]
2022-08-15 15:01:33.907 [main] INFO  o.s.security.web.DefaultSecurityFilterChain - Creating filter chain: any request, [org.springframework.security.web.context.request.async.WebAsyncManagerIntegrationFilter@131d977f, org.springframework.security.web.context.SecurityContextPersistenceFilter@61d011e, org.springframework.security.web.header.HeaderWriterFilter@2110684a, org.springframework.security.web.csrf.CsrfFilter@2047adea, org.springframework.security.web.authentication.logout.LogoutFilter@1cb44a2f, org.springframework.security.web.authentication.UsernamePasswordAuthenticationFilter@638d2ce3, org.springframework.security.web.authentication.ui.DefaultLoginPageGeneratingFilter@62794582, org.springframework.security.web.authentication.ui.DefaultLogoutPageGeneratingFilter@616f81b5, org.springframework.security.web.authentication.www.BasicAuthenticationFilter@197d5a87, org.springframework.security.web.savedrequest.RequestCacheAwareFilter@3b56947a, org.springframework.security.web.servletapi.SecurityContextHolderAwareRequestFilter@1926f962, org.springframework.security.web.authentication.AnonymousAuthenticationFilter@4f552aa2, org.springframework.security.web.session.SessionManagementFilter@83e635f, org.springframework.security.web.access.ExceptionTranslationFilter@5b6cc344, org.springframework.security.web.access.intercept.FilterSecurityInterceptor@212e39ee]
2022-08-15 15:01:34.034 [main] WARN  com.netflix.config.sources.URLConfigurationSource - No URLs will be polled as dynamic configuration sources.
2022-08-15 15:01:34.034 [main] INFO  com.netflix.config.sources.URLConfigurationSource - To enable URLs as dynamic configuration sources, define System property archaius.configurationSource.additionalUrls or make config.properties available on classpath.
2022-08-15 15:01:34.204 [main] INFO  o.s.scheduling.concurrent.ThreadPoolTaskExecutor - Initializing ExecutorService 'applicationTaskExecutor'
2022-08-15 15:01:35.892 [main] INFO  org.springframework.cloud.commons.util.InetUtils - Cannot determine local hostname
2022-08-15 15:01:37.037 [main] INFO  org.springframework.cloud.commons.util.InetUtils - Cannot determine local hostname
2022-08-15 15:01:37.068 [main] WARN  o.s.c.l.c.BlockingLoadBalancerClientAutoConfiguration$BlockingLoadBalancerClientRibbonWarnLogger - You already have RibbonLoadBalancerClient on your classpath. It will be used by default. As Spring Cloud Ribbon is in maintenance mode. We recommend switching to BlockingLoadBalancerClient instead. In order to use it, set the value of `spring.cloud.loadbalancer.ribbon.enabled` to `false` or remove spring-cloud-starter-netflix-ribbon from your project.
2022-08-15 15:01:37.114 [main] WARN  o.s.c.l.c.LoadBalancerCacheAutoConfiguration$LoadBalancerCaffeineWarnLogger - Spring Cloud LoadBalancer is currently working with default default cache. You can switch to using Caffeine cache, by adding it to the classpath.
2022-08-15 15:01:37.130 [main] INFO  o.s.b.actuate.endpoint.web.EndpointLinksResolver - Exposing 2 endpoint(s) beneath base path '/actuator'
2022-08-15 15:01:37.214 [main] INFO  o.s.cloud.netflix.eureka.InstanceInfoFactory - Setting initial instance status as: STARTING
2022-08-15 15:01:37.240 [main] INFO  com.netflix.discovery.DiscoveryClient - Initializing Eureka in region us-east-1
2022-08-15 15:01:37.365 [main] INFO  c.n.discovery.provider.DiscoveryJerseyProvider - Using JSON encoding codec LegacyJacksonJson
2022-08-15 15:01:37.365 [main] INFO  c.n.discovery.provider.DiscoveryJerseyProvider - Using JSON decoding codec LegacyJacksonJson
2022-08-15 15:01:37.447 [main] INFO  c.n.discovery.provider.DiscoveryJerseyProvider - Using XML encoding codec XStreamXml
2022-08-15 15:01:37.448 [main] INFO  c.n.discovery.provider.DiscoveryJerseyProvider - Using XML decoding codec XStreamXml
2022-08-15 15:01:37.562 [main] INFO  c.n.d.shared.resolver.aws.ConfigClusterResolver - Resolving eureka endpoints via configuration
2022-08-15 15:01:37.664 [main] INFO  com.netflix.discovery.DiscoveryClient - Disable delta property : false
2022-08-15 15:01:37.664 [main] INFO  com.netflix.discovery.DiscoveryClient - Single vip registry refresh property : null
2022-08-15 15:01:37.664 [main] INFO  com.netflix.discovery.DiscoveryClient - Force full registry fetch : false
2022-08-15 15:01:37.664 [main] INFO  com.netflix.discovery.DiscoveryClient - Application is null : false
2022-08-15 15:01:37.664 [main] INFO  com.netflix.discovery.DiscoveryClient - Registered Applications size is zero : true
2022-08-15 15:01:37.664 [main] INFO  com.netflix.discovery.DiscoveryClient - Application version is -1: true
2022-08-15 15:01:37.665 [main] INFO  com.netflix.discovery.DiscoveryClient - Getting all instance registry info from the eureka server
2022-08-15 15:01:37.778 [main] INFO  com.netflix.discovery.DiscoveryClient - The response status is 200
2022-08-15 15:01:37.780 [main] INFO  com.netflix.discovery.DiscoveryClient - Starting heartbeat executor: renew interval is: 30
2022-08-15 15:01:37.782 [main] INFO  com.netflix.discovery.InstanceInfoReplicator - InstanceInfoReplicator onDemand update allowed rate per min is 4
2022-08-15 15:01:37.785 [main] INFO  com.netflix.discovery.DiscoveryClient - Discovery Client initialized at timestamp 1660546897784 with initial instances count: 2
2022-08-15 15:01:37.789 [main] INFO  o.s.c.n.e.serviceregistry.EurekaServiceRegistry - Registering application AUTH-CENTER with eureka with status UP
2022-08-15 15:01:37.789 [main] INFO  com.netflix.discovery.DiscoveryClient - Saw local status change event StatusChangeEvent [timestamp=1660546897789, current=UP, previous=STARTING]
2022-08-15 15:01:37.791 [DiscoveryClient-InstanceInfoReplicator-0] INFO  com.netflix.discovery.DiscoveryClient - DiscoveryClient_AUTH-CENTER/localhost:auth-center:8001: registering service...
2022-08-15 15:01:37.803 [main] INFO  org.apache.coyote.http11.Http11NioProtocol - Starting ProtocolHandler ["http-nio-8001"]
2022-08-15 15:01:37.822 [DiscoveryClient-InstanceInfoReplicator-0] INFO  com.netflix.discovery.DiscoveryClient - DiscoveryClient_AUTH-CENTER/localhost:auth-center:8001 - registration status: 204
2022-08-15 15:01:37.825 [main] INFO  o.s.boot.web.embedded.tomcat.TomcatWebServer - Tomcat started on port(s): 8001 (http) with context path ''
2022-08-15 15:01:37.826 [main] INFO  o.s.c.n.e.s.EurekaAutoServiceRegistration - Updating port to 8001
2022-08-15 15:01:38.972 [main] INFO  org.springframework.cloud.commons.util.InetUtils - Cannot determine local hostname
2022-08-15 15:01:38.974 [main] INFO  center.misaki.device.userApp - Started userApp in 30.486 seconds (JVM running for 31.49)
2022-08-15 15:01:39.157 [RMI TCP Connection(3)-198.18.0.1] INFO  o.a.c.core.ContainerBase.[Tomcat].[localhost].[/] - Initializing Spring DispatcherServlet 'dispatcherServlet'
2022-08-15 15:01:39.157 [RMI TCP Connection(3)-198.18.0.1] INFO  org.springframework.web.servlet.DispatcherServlet - Initializing Servlet 'dispatcherServlet'
2022-08-15 15:01:39.171 [RMI TCP Connection(3)-198.18.0.1] INFO  org.springframework.web.servlet.DispatcherServlet - Completed initialization in 14 ms
2022-08-15 15:01:39.518 [boundedElastic-1] INFO  io.lettuce.core.EpollProvider - Starting without optional epoll library
2022-08-15 15:01:39.519 [boundedElastic-1] INFO  io.lettuce.core.KqueueProvider - Starting without optional kqueue library
2022-08-15 15:06:37.670 [AsyncResolver-bootstrap-executor-0] INFO  c.n.d.shared.resolver.aws.ConfigClusterResolver - Resolving eureka endpoints via configuration
2022-08-15 15:11:37.674 [AsyncResolver-bootstrap-executor-0] INFO  c.n.d.shared.resolver.aws.ConfigClusterResolver - Resolving eureka endpoints via configuration
2022-08-15 15:13:05.085 [http-nio-8001-exec-1] INFO  center.misaki.device.Aspect.ControllerLogAop - Request URL: [http://localhost:8001/login/token], URI: [/login/token], Request Method: [POST], IP: [127.0.0.1]
2022-08-15 15:13:05.092 [http-nio-8001-exec-1] INFO  center.misaki.device.Aspect.ControllerLogAop - AuthController.login Parameters: [[{"clientId":"pc","clientSecret":"secret","password":"123456","username":"Misaki"}]]
2022-08-15 15:13:05.097 [http-nio-8001-exec-1] WARN  o.s.security.crypto.bcrypt.BCryptPasswordEncoder - Encoded password does not look like BCrypt
2022-08-15 15:13:05.228 [http-nio-8001-exec-1] WARN  com.alibaba.druid.pool.DruidAbstractDataSource - discard long time none received connection. , jdbcUrl : jdbc:mysql://device.misaki.center:3306/device02?serverTimezone=Asia/Shanghai&characterEncoding=utf8&useSSL=false, version : 1.2.8, lastPacketReceivedIdleMillis : 694801
2022-08-15 15:13:05.269 [http-nio-8001-exec-1] WARN  com.alibaba.druid.pool.DruidAbstractDataSource - discard long time none received connection. , jdbcUrl : jdbc:mysql://device.misaki.center:3306/device02?serverTimezone=Asia/Shanghai&characterEncoding=utf8&useSSL=false, version : 1.2.8, lastPacketReceivedIdleMillis : 695251
2022-08-15 15:13:05.317 [http-nio-8001-exec-1] WARN  com.alibaba.druid.pool.DruidAbstractDataSource - discard long time none received connection. , jdbcUrl : jdbc:mysql://device.misaki.center:3306/device02?serverTimezone=Asia/Shanghai&characterEncoding=utf8&useSSL=false, version : 1.2.8, lastPacketReceivedIdleMillis : 695707
2022-08-15 15:13:05.362 [http-nio-8001-exec-1] WARN  com.alibaba.druid.pool.DruidAbstractDataSource - discard long time none received connection. , jdbcUrl : jdbc:mysql://device.misaki.center:3306/device02?serverTimezone=Asia/Shanghai&characterEncoding=utf8&useSSL=false, version : 1.2.8, lastPacketReceivedIdleMillis : 696145
2022-08-15 15:13:05.396 [http-nio-8001-exec-1] WARN  com.alibaba.druid.pool.DruidAbstractDataSource - discard long time none received connection. , jdbcUrl : jdbc:mysql://device.misaki.center:3306/device02?serverTimezone=Asia/Shanghai&characterEncoding=utf8&useSSL=false, version : 1.2.8, lastPacketReceivedIdleMillis : 696581
2022-08-15 15:13:05.444 [http-nio-8001-exec-1] WARN  com.alibaba.druid.pool.DruidAbstractDataSource - discard long time none received connection. , jdbcUrl : jdbc:mysql://device.misaki.center:3306/device02?serverTimezone=Asia/Shanghai&characterEncoding=utf8&useSSL=false, version : 1.2.8, lastPacketReceivedIdleMillis : 697025
2022-08-15 15:13:05.480 [http-nio-8001-exec-1] WARN  com.alibaba.druid.pool.DruidAbstractDataSource - discard long time none received connection. , jdbcUrl : jdbc:mysql://device.misaki.center:3306/device02?serverTimezone=Asia/Shanghai&characterEncoding=utf8&useSSL=false, version : 1.2.8, lastPacketReceivedIdleMillis : 697450
2022-08-15 15:13:05.523 [http-nio-8001-exec-1] WARN  com.alibaba.druid.pool.DruidAbstractDataSource - discard long time none received connection. , jdbcUrl : jdbc:mysql://device.misaki.center:3306/device02?serverTimezone=Asia/Shanghai&characterEncoding=utf8&useSSL=false, version : 1.2.8, lastPacketReceivedIdleMillis : 697902
2022-08-15 15:13:05.558 [http-nio-8001-exec-1] WARN  com.alibaba.druid.pool.DruidAbstractDataSource - discard long time none received connection. , jdbcUrl : jdbc:mysql://device.misaki.center:3306/device02?serverTimezone=Asia/Shanghai&characterEncoding=utf8&useSSL=false, version : 1.2.8, lastPacketReceivedIdleMillis : 698347
2022-08-15 15:13:05.603 [http-nio-8001-exec-1] WARN  com.alibaba.druid.pool.DruidAbstractDataSource - discard long time none received connection. , jdbcUrl : jdbc:mysql://device.misaki.center:3306/device02?serverTimezone=Asia/Shanghai&characterEncoding=utf8&useSSL=false, version : 1.2.8, lastPacketReceivedIdleMillis : 698792
2022-08-15 15:13:05.641 [http-nio-8001-exec-1] WARN  com.alibaba.druid.pool.DruidAbstractDataSource - discard long time none received connection. , jdbcUrl : jdbc:mysql://device.misaki.center:3306/device02?serverTimezone=Asia/Shanghai&characterEncoding=utf8&useSSL=false, version : 1.2.8, lastPacketReceivedIdleMillis : 699220
2022-08-15 15:13:05.682 [http-nio-8001-exec-1] WARN  com.alibaba.druid.pool.DruidAbstractDataSource - discard long time none received connection. , jdbcUrl : jdbc:mysql://device.misaki.center:3306/device02?serverTimezone=Asia/Shanghai&characterEncoding=utf8&useSSL=false, version : 1.2.8, lastPacketReceivedIdleMillis : 699667
2022-08-15 15:13:05.716 [http-nio-8001-exec-1] WARN  com.alibaba.druid.pool.DruidAbstractDataSource - discard long time none received connection. , jdbcUrl : jdbc:mysql://device.misaki.center:3306/device02?serverTimezone=Asia/Shanghai&characterEncoding=utf8&useSSL=false, version : 1.2.8, lastPacketReceivedIdleMillis : 700105
2022-08-15 15:13:05.763 [http-nio-8001-exec-1] WARN  com.alibaba.druid.pool.DruidAbstractDataSource - discard long time none received connection. , jdbcUrl : jdbc:mysql://device.misaki.center:3306/device02?serverTimezone=Asia/Shanghai&characterEncoding=utf8&useSSL=false, version : 1.2.8, lastPacketReceivedIdleMillis : 700542
2022-08-15 15:13:05.799 [http-nio-8001-exec-1] WARN  com.alibaba.druid.pool.DruidAbstractDataSource - discard long time none received connection. , jdbcUrl : jdbc:mysql://device.misaki.center:3306/device02?serverTimezone=Asia/Shanghai&characterEncoding=utf8&useSSL=false, version : 1.2.8, lastPacketReceivedIdleMillis : 700983
2022-08-15 15:13:05.843 [http-nio-8001-exec-1] WARN  com.alibaba.druid.pool.DruidAbstractDataSource - discard long time none received connection. , jdbcUrl : jdbc:mysql://device.misaki.center:3306/device02?serverTimezone=Asia/Shanghai&characterEncoding=utf8&useSSL=false, version : 1.2.8, lastPacketReceivedIdleMillis : 701432
2022-08-15 15:13:05.879 [http-nio-8001-exec-1] WARN  com.alibaba.druid.pool.DruidAbstractDataSource - discard long time none received connection. , jdbcUrl : jdbc:mysql://device.misaki.center:3306/device02?serverTimezone=Asia/Shanghai&characterEncoding=utf8&useSSL=false, version : 1.2.8, lastPacketReceivedIdleMillis : 701862
2022-08-15 15:13:05.921 [http-nio-8001-exec-1] WARN  com.alibaba.druid.pool.DruidAbstractDataSource - discard long time none received connection. , jdbcUrl : jdbc:mysql://device.misaki.center:3306/device02?serverTimezone=Asia/Shanghai&characterEncoding=utf8&useSSL=false, version : 1.2.8, lastPacketReceivedIdleMillis : 702292
2022-08-15 15:13:05.958 [http-nio-8001-exec-1] WARN  com.alibaba.druid.pool.DruidAbstractDataSource - discard long time none received connection. , jdbcUrl : jdbc:mysql://device.misaki.center:3306/device02?serverTimezone=Asia/Shanghai&characterEncoding=utf8&useSSL=false, version : 1.2.8, lastPacketReceivedIdleMillis : 702748
2022-08-15 15:13:06.002 [http-nio-8001-exec-1] WARN  com.alibaba.druid.pool.DruidAbstractDataSource - discard long time none received connection. , jdbcUrl : jdbc:mysql://device.misaki.center:3306/device02?serverTimezone=Asia/Shanghai&characterEncoding=utf8&useSSL=false, version : 1.2.8, lastPacketReceivedIdleMillis : 703185
2022-08-15 15:13:06.039 [http-nio-8001-exec-1] WARN  com.alibaba.druid.pool.DruidAbstractDataSource - discard long time none received connection. , jdbcUrl : jdbc:mysql://device.misaki.center:3306/device02?serverTimezone=Asia/Shanghai&characterEncoding=utf8&useSSL=false, version : 1.2.8, lastPacketReceivedIdleMillis : 703628
2022-08-15 15:13:06.082 [http-nio-8001-exec-1] WARN  com.alibaba.druid.pool.DruidAbstractDataSource - discard long time none received connection. , jdbcUrl : jdbc:mysql://device.misaki.center:3306/device02?serverTimezone=Asia/Shanghai&characterEncoding=utf8&useSSL=false, version : 1.2.8, lastPacketReceivedIdleMillis : 704061
2022-08-15 15:13:06.119 [http-nio-8001-exec-1] WARN  com.alibaba.druid.pool.DruidAbstractDataSource - discard long time none received connection. , jdbcUrl : jdbc:mysql://device.misaki.center:3306/device02?serverTimezone=Asia/Shanghai&characterEncoding=utf8&useSSL=false, version : 1.2.8, lastPacketReceivedIdleMillis : 704509
2022-08-15 15:13:06.161 [http-nio-8001-exec-1] WARN  com.alibaba.druid.pool.DruidAbstractDataSource - discard long time none received connection. , jdbcUrl : jdbc:mysql://device.misaki.center:3306/device02?serverTimezone=Asia/Shanghai&characterEncoding=utf8&useSSL=false, version : 1.2.8, lastPacketReceivedIdleMillis : 704942
2022-08-15 15:13:06.196 [http-nio-8001-exec-1] WARN  com.alibaba.druid.pool.DruidAbstractDataSource - discard long time none received connection. , jdbcUrl : jdbc:mysql://device.misaki.center:3306/device02?serverTimezone=Asia/Shanghai&characterEncoding=utf8&useSSL=false, version : 1.2.8, lastPacketReceivedIdleMillis : 705384
2022-08-15 15:13:06.242 [http-nio-8001-exec-1] WARN  com.alibaba.druid.pool.DruidAbstractDataSource - discard long time none received connection. , jdbcUrl : jdbc:mysql://device.misaki.center:3306/device02?serverTimezone=Asia/Shanghai&characterEncoding=utf8&useSSL=false, version : 1.2.8, lastPacketReceivedIdleMillis : 705813
2022-08-15 15:13:06.276 [http-nio-8001-exec-1] WARN  com.alibaba.druid.pool.DruidAbstractDataSource - discard long time none received connection. , jdbcUrl : jdbc:mysql://device.misaki.center:3306/device02?serverTimezone=Asia/Shanghai&characterEncoding=utf8&useSSL=false, version : 1.2.8, lastPacketReceivedIdleMillis : 706260
2022-08-15 15:13:06.322 [http-nio-8001-exec-1] WARN  com.alibaba.druid.pool.DruidAbstractDataSource - discard long time none received connection. , jdbcUrl : jdbc:mysql://device.misaki.center:3306/device02?serverTimezone=Asia/Shanghai&characterEncoding=utf8&useSSL=false, version : 1.2.8, lastPacketReceivedIdleMillis : 706703
2022-08-15 15:13:06.357 [http-nio-8001-exec-1] WARN  com.alibaba.druid.pool.DruidAbstractDataSource - discard long time none received connection. , jdbcUrl : jdbc:mysql://device.misaki.center:3306/device02?serverTimezone=Asia/Shanghai&characterEncoding=utf8&useSSL=false, version : 1.2.8, lastPacketReceivedIdleMillis : 707145
2022-08-15 15:13:06.402 [http-nio-8001-exec-1] WARN  com.alibaba.druid.pool.DruidAbstractDataSource - discard long time none received connection. , jdbcUrl : jdbc:mysql://device.misaki.center:3306/device02?serverTimezone=Asia/Shanghai&characterEncoding=utf8&useSSL=false, version : 1.2.8, lastPacketReceivedIdleMillis : 707576
2022-08-15 15:13:06.445 [http-nio-8001-exec-1] WARN  com.alibaba.druid.pool.DruidAbstractDataSource - discard long time none received connection. , jdbcUrl : jdbc:mysql://device.misaki.center:3306/device02?serverTimezone=Asia/Shanghai&characterEncoding=utf8&useSSL=false, version : 1.2.8, lastPacketReceivedIdleMillis : 708020
2022-08-15 15:13:06.486 [http-nio-8001-exec-1] WARN  com.alibaba.druid.pool.DruidAbstractDataSource - discard long time none received connection. , jdbcUrl : jdbc:mysql://device.misaki.center:3306/device02?serverTimezone=Asia/Shanghai&characterEncoding=utf8&useSSL=false, version : 1.2.8, lastPacketReceivedIdleMillis : 708468
2022-08-15 15:13:06.518 [http-nio-8001-exec-1] WARN  com.alibaba.druid.pool.DruidAbstractDataSource - discard long time none received connection. , jdbcUrl : jdbc:mysql://device.misaki.center:3306/device02?serverTimezone=Asia/Shanghai&characterEncoding=utf8&useSSL=false, version : 1.2.8, lastPacketReceivedIdleMillis : 708901
2022-08-15 15:13:06.562 [http-nio-8001-exec-1] WARN  com.alibaba.druid.pool.DruidAbstractDataSource - discard long time none received connection. , jdbcUrl : jdbc:mysql://device.misaki.center:3306/device02?serverTimezone=Asia/Shanghai&characterEncoding=utf8&useSSL=false, version : 1.2.8, lastPacketReceivedIdleMillis : 709344
2022-08-15 15:13:06.607 [http-nio-8001-exec-1] WARN  com.alibaba.druid.pool.DruidAbstractDataSource - discard long time none received connection. , jdbcUrl : jdbc:mysql://device.misaki.center:3306/device02?serverTimezone=Asia/Shanghai&characterEncoding=utf8&useSSL=false, version : 1.2.8, lastPacketReceivedIdleMillis : 709786
2022-08-15 15:13:06.650 [http-nio-8001-exec-1] WARN  com.alibaba.druid.pool.DruidAbstractDataSource - discard long time none received connection. , jdbcUrl : jdbc:mysql://device.misaki.center:3306/device02?serverTimezone=Asia/Shanghai&characterEncoding=utf8&useSSL=false, version : 1.2.8, lastPacketReceivedIdleMillis : 710231
2022-08-15 15:13:06.977 [http-nio-8001-exec-1] INFO  center.misaki.device.Aspect.ControllerLogAop - AuthController.login Response: [{"additionalInformation":{"jti":"a5328d52-a5ec-4790-b271-27c20be911cd"},"expiration":1660554786864,"expired":false,"expiresIn":7199,"scope":["all"],"tokenType":"bearer","value":"eyJhbGciOiJIUzI1NiIsInR5cCI6IkpXVCJ9.eyJleHAiOjE2NjA1NTQ3ODYsInVzZXJfbmFtZSI6Ik1pc2FraSIsImp0aSI6ImE1MzI4ZDUyLWE1ZWMtNDc5MC1iMjcxLTI3YzIwYmU5MTFjZCIsImNsaWVudF9pZCI6InBjIiwic2NvcGUiOlsiYWxsIl19.i7K9UyIp-rTW3MI10nvj6vyDfK_HBznJRN2vRMXmKSU"}]
2022-08-15 15:13:06.978 [http-nio-8001-exec-1] INFO  center.misaki.device.Aspect.ControllerLogAop - Usage:
StopWatch '/login/token': running time = 1897423600 ns
---------------------------------------------
ns         %     Task name
---------------------------------------------
012651500  001%  PrintRequest
1876849200  099%  AuthController#login
007922900  000%  PrintResponse

2022-08-15 15:13:21.072 [http-nio-8001-exec-2] INFO  center.misaki.device.Aspect.ControllerLogAop - Request URL: [http://localhost:8001/isAccessed], URI: [/isAccessed], Request Method: [GET], IP: [127.0.0.1]
2022-08-15 15:13:21.073 [http-nio-8001-exec-2] INFO  center.misaki.device.Aspect.ControllerLogAop - AuthController.isAccessed Parameters: [[]]
2022-08-15 15:13:21.169 [http-nio-8001-exec-2] INFO  center.misaki.device.Aspect.ControllerLogAop - AuthController.isAccessed Response: [{"code":0,"data":"eJxlUFtPwjAU/i99RkJBMPDGZYMONiIwBjPGlFLCGWu3tB2yGf+7XaIR49v5rjn5PhBlLCukCTLp\r\n3HJQ/IgGRhW8cScsMna54wtzzhQY4BoNXl4biClODVc/uoVHLg3QVP8v5ZIe0l8oMyVoOjwKkGhw\r\nsgnL6VL/JQyXXNhGYmPYwuzCrYh46Z0PUwZL8EhYERwA0USuumxMeuSS77Zjr9+0ppTPhrBMnHaQ\r\nDHGwee4sJ3tr3FbxzjsdhGvidR3AOWu7iq5tichbtOaEg/2KPMaTsFxEDo4j3wQT1vXHGPyE3RYb\r\n0tlX5H0vwq6/cZN4XGcDTaNtcXT7eVw/IkcJgXdg7eDKpiEsUw376KZJivtNeJr3w5LkD2oTdXyC\r\nW/Ka9K7l5DR/m40q6a2C9nXl78R8HaIGKjRX3xPUp6SC2xV80PQC6PMLW9+cmw==","msg":"验证成功"}]
2022-08-15 15:13:21.170 [http-nio-8001-exec-2] INFO  center.misaki.device.Aspect.ControllerLogAop - Usage:
StopWatch '/isAccessed': running time = 97782000 ns
---------------------------------------------
ns         %     Task name
---------------------------------------------
001002200  001%  PrintRequest
094111300  096%  AuthController#isAccessed
002668500  003%  PrintResponse

2022-08-15 15:14:47.780 [http-nio-8001-exec-3] INFO  center.misaki.device.Aspect.ControllerLogAop - Request URL: [http://localhost:8001/isAccessed], URI: [/isAccessed], Request Method: [GET], IP: [127.0.0.1]
2022-08-15 15:14:47.780 [http-nio-8001-exec-3] INFO  center.misaki.device.Aspect.ControllerLogAop - AuthController.isAccessed Parameters: [[]]
2022-08-15 15:14:47.864 [http-nio-8001-exec-3] INFO  center.misaki.device.Aspect.ControllerLogAop - AuthController.isAccessed Response: [{"code":0,"data":"eJxlUFtPwjAU/i99RkJBMPDGZYMONiIwBjPGlFLCGWu3tB2yGf+7XaIR49v5rjn5PhBlLCukCTLp\r\n3HJQ/IgGRhW8cScsMna54wtzzhQY4BoNXl4biClODVc/uoVHLg3QVP8v5ZIe0l8oMyVoOjwKkGhw\r\nsgnL6VL/JQyXXNhGYmPYwuzCrYh46Z0PUwZL8EhYERwA0USuumxMeuSS77Zjr9+0ppTPhrBMnHaQ\r\nDHGwee4sJ3tr3FbxzjsdhGvidR3AOWu7iq5tichbtOaEg/2KPMaTsFxEDo4j3wQT1vXHGPyE3RYb\r\n0tlX5H0vwq6/cZN4XGcDTaNtcXT7eVw/IkcJgXdg7eDKpiEsUw376KZJivtNeJr3w5LkD2oTdXyC\r\nW/Ka9K7l5DR/m40q6a2C9nXl78R8HaIGKjRX3xPUp6SC2xV80PQC6PMLW9+cmw==","msg":"验证成功"}]
2022-08-15 15:14:47.865 [http-nio-8001-exec-3] INFO  center.misaki.device.Aspect.ControllerLogAop - Usage:
StopWatch '/isAccessed': running time = 83630000 ns
---------------------------------------------
ns         %     Task name
---------------------------------------------
000415000  000%  PrintRequest
083020100  099%  AuthController#isAccessed
000194900  000%  PrintResponse

2022-08-15 15:15:37.571 [http-nio-8001-exec-4] INFO  center.misaki.device.Aspect.ControllerLogAop - Request URL: [http://localhost:8001/isAccessed], URI: [/isAccessed], Request Method: [GET], IP: [127.0.0.1]
2022-08-15 15:15:37.571 [http-nio-8001-exec-4] INFO  center.misaki.device.Aspect.ControllerLogAop - AuthController.isAccessed Parameters: [[]]
2022-08-15 15:15:37.673 [http-nio-8001-exec-4] INFO  center.misaki.device.Aspect.ControllerLogAop - AuthController.isAccessed Response: [{"code":0,"data":"eJxlUFtPwjAU/i99RkJBMPDGZYMONiIwBjPGlFLCGWu3tB2yGf+7XaIR49v5rjn5PhBlLCukCTLp\r\n3HJQ/IgGRhW8cScsMna54wtzzhQY4BoNXl4biClODVc/uoVHLg3QVP8v5ZIe0l8oMyVoOjwKkGhw\r\nsgnL6VL/JQyXXNhGYmPYwuzCrYh46Z0PUwZL8EhYERwA0USuumxMeuSS77Zjr9+0ppTPhrBMnHaQ\r\nDHGwee4sJ3tr3FbxzjsdhGvidR3AOWu7iq5tichbtOaEg/2KPMaTsFxEDo4j3wQT1vXHGPyE3RYb\r\n0tlX5H0vwq6/cZN4XGcDTaNtcXT7eVw/IkcJgXdg7eDKpiEsUw376KZJivtNeJr3w5LkD2oTdXyC\r\nW/Ka9K7l5DR/m40q6a2C9nXl78R8HaIGKjRX3xPUp6SC2xV80PQC6PMLW9+cmw==","msg":"验证成功"}]
2022-08-15 15:15:37.674 [http-nio-8001-exec-4] INFO  center.misaki.device.Aspect.ControllerLogAop - Usage:
StopWatch '/isAccessed': running time = 102588900 ns
---------------------------------------------
ns         %     Task name
---------------------------------------------
000920400  001%  PrintRequest
101294100  099%  AuthController#isAccessed
000374400  000%  PrintResponse

2022-08-15 15:15:48.209 [http-nio-8001-exec-7] INFO  center.misaki.device.Aspect.ControllerLogAop - Request URL: [http://localhost:8001/isAccessed], URI: [/isAccessed], Request Method: [GET], IP: [127.0.0.1]
2022-08-15 15:15:48.209 [http-nio-8001-exec-7] INFO  center.misaki.device.Aspect.ControllerLogAop - AuthController.isAccessed Parameters: [[]]
2022-08-15 15:15:48.293 [http-nio-8001-exec-7] INFO  center.misaki.device.Aspect.ControllerLogAop - AuthController.isAccessed Response: [{"code":0,"data":"eJxlUFtPwjAU/i99RkJBMPDGZYMONiIwBjPGlFLCGWu3tB2yGf+7XaIR49v5rjn5PhBlLCukCTLp\r\n3HJQ/IgGRhW8cScsMna54wtzzhQY4BoNXl4biClODVc/uoVHLg3QVP8v5ZIe0l8oMyVoOjwKkGhw\r\nsgnL6VL/JQyXXNhGYmPYwuzCrYh46Z0PUwZL8EhYERwA0USuumxMeuSS77Zjr9+0ppTPhrBMnHaQ\r\nDHGwee4sJ3tr3FbxzjsdhGvidR3AOWu7iq5tichbtOaEg/2KPMaTsFxEDo4j3wQT1vXHGPyE3RYb\r\n0tlX5H0vwq6/cZN4XGcDTaNtcXT7eVw/IkcJgXdg7eDKpiEsUw376KZJivtNeJr3w5LkD2oTdXyC\r\nW/Ka9K7l5DR/m40q6a2C9nXl78R8HaIGKjRX3xPUp6SC2xV80PQC6PMLW9+cmw==","msg":"验证成功"}]
2022-08-15 15:15:48.293 [http-nio-8001-exec-7] INFO  center.misaki.device.Aspect.ControllerLogAop - Usage:
StopWatch '/isAccessed': running time = 84107000 ns
---------------------------------------------
ns         %     Task name
---------------------------------------------
000365200  000%  PrintRequest
083468200  099%  AuthController#isAccessed
000273600  000%  PrintResponse

2022-08-15 15:15:53.141 [http-nio-8001-exec-5] INFO  center.misaki.device.Aspect.ControllerLogAop - Request URL: [http://localhost:8001/isAccessed], URI: [/isAccessed], Request Method: [GET], IP: [127.0.0.1]
2022-08-15 15:15:53.141 [http-nio-8001-exec-5] INFO  center.misaki.device.Aspect.ControllerLogAop - AuthController.isAccessed Parameters: [[]]
2022-08-15 15:15:53.251 [http-nio-8001-exec-5] INFO  center.misaki.device.Aspect.ControllerLogAop - AuthController.isAccessed Response: [{"code":0,"data":"eJxlUFtPwjAU/i99RkJBMPDGZYMONiIwBjPGlFLCGWu3tB2yGf+7XaIR49v5rjn5PhBlLCukCTLp\r\n3HJQ/IgGRhW8cScsMna54wtzzhQY4BoNXl4biClODVc/uoVHLg3QVP8v5ZIe0l8oMyVoOjwKkGhw\r\nsgnL6VL/JQyXXNhGYmPYwuzCrYh46Z0PUwZL8EhYERwA0USuumxMeuSS77Zjr9+0ppTPhrBMnHaQ\r\nDHGwee4sJ3tr3FbxzjsdhGvidR3AOWu7iq5tichbtOaEg/2KPMaTsFxEDo4j3wQT1vXHGPyE3RYb\r\n0tlX5H0vwq6/cZN4XGcDTaNtcXT7eVw/IkcJgXdg7eDKpiEsUw376KZJivtNeJr3w5LkD2oTdXyC\r\nW/Ka9K7l5DR/m40q6a2C9nXl78R8HaIGKjRX3xPUp6SC2xV80PQC6PMLW9+cmw==","msg":"验证成功"}]
2022-08-15 15:15:53.251 [http-nio-8001-exec-5] INFO  center.misaki.device.Aspect.ControllerLogAop - Usage:
StopWatch '/isAccessed': running time = 110806100 ns
---------------------------------------------
ns         %     Task name
---------------------------------------------
000616300  001%  PrintRequest
109948400  099%  AuthController#isAccessed
000241400  000%  PrintResponse

2022-08-15 15:15:57.649 [http-nio-8001-exec-8] INFO  center.misaki.device.Aspect.ControllerLogAop - Request URL: [http://localhost:8001/isAccessed], URI: [/isAccessed], Request Method: [GET], IP: [127.0.0.1]
2022-08-15 15:15:57.649 [http-nio-8001-exec-8] INFO  center.misaki.device.Aspect.ControllerLogAop - AuthController.isAccessed Parameters: [[]]
2022-08-15 15:15:57.738 [http-nio-8001-exec-8] INFO  center.misaki.device.Aspect.ControllerLogAop - AuthController.isAccessed Response: [{"code":0,"data":"eJxlUFtPwjAU/i99RkJBMPDGZYMONiIwBjPGlFLCGWu3tB2yGf+7XaIR49v5rjn5PhBlLCukCTLp\r\n3HJQ/IgGRhW8cScsMna54wtzzhQY4BoNXl4biClODVc/uoVHLg3QVP8v5ZIe0l8oMyVoOjwKkGhw\r\nsgnL6VL/JQyXXNhGYmPYwuzCrYh46Z0PUwZL8EhYERwA0USuumxMeuSS77Zjr9+0ppTPhrBMnHaQ\r\nDHGwee4sJ3tr3FbxzjsdhGvidR3AOWu7iq5tichbtOaEg/2KPMaTsFxEDo4j3wQT1vXHGPyE3RYb\r\n0tlX5H0vwq6/cZN4XGcDTaNtcXT7eVw/IkcJgXdg7eDKpiEsUw376KZJivtNeJr3w5LkD2oTdXyC\r\nW/Ka9K7l5DR/m40q6a2C9nXl78R8HaIGKjRX3xPUp6SC2xV80PQC6PMLW9+cmw==","msg":"验证成功"}]
2022-08-15 15:15:57.738 [http-nio-8001-exec-8] INFO  center.misaki.device.Aspect.ControllerLogAop - Usage:
StopWatch '/isAccessed': running time = 88745200 ns
---------------------------------------------
ns         %     Task name
---------------------------------------------
000408500  000%  PrintRequest
088145900  099%  AuthController#isAccessed
000190800  000%  PrintResponse

2022-08-15 15:16:01.670 [http-nio-8001-exec-9] INFO  center.misaki.device.Aspect.ControllerLogAop - Request URL: [http://localhost:8001/isAccessed], URI: [/isAccessed], Request Method: [GET], IP: [127.0.0.1]
2022-08-15 15:16:01.670 [http-nio-8001-exec-9] INFO  center.misaki.device.Aspect.ControllerLogAop - AuthController.isAccessed Parameters: [[]]
2022-08-15 15:16:01.772 [http-nio-8001-exec-9] INFO  center.misaki.device.Aspect.ControllerLogAop - AuthController.isAccessed Response: [{"code":0,"data":"eJxlUFtPwjAU/i99RkJBMPDGZYMONiIwBjPGlFLCGWu3tB2yGf+7XaIR49v5rjn5PhBlLCukCTLp\r\n3HJQ/IgGRhW8cScsMna54wtzzhQY4BoNXl4biClODVc/uoVHLg3QVP8v5ZIe0l8oMyVoOjwKkGhw\r\nsgnL6VL/JQyXXNhGYmPYwuzCrYh46Z0PUwZL8EhYERwA0USuumxMeuSS77Zjr9+0ppTPhrBMnHaQ\r\nDHGwee4sJ3tr3FbxzjsdhGvidR3AOWu7iq5tichbtOaEg/2KPMaTsFxEDo4j3wQT1vXHGPyE3RYb\r\n0tlX5H0vwq6/cZN4XGcDTaNtcXT7eVw/IkcJgXdg7eDKpiEsUw376KZJivtNeJr3w5LkD2oTdXyC\r\nW/Ka9K7l5DR/m40q6a2C9nXl78R8HaIGKjRX3xPUp6SC2xV80PQC6PMLW9+cmw==","msg":"验证成功"}]
2022-08-15 15:16:01.772 [http-nio-8001-exec-9] INFO  center.misaki.device.Aspect.ControllerLogAop - Usage:
StopWatch '/isAccessed': running time = 102534200 ns
---------------------------------------------
ns         %     Task name
---------------------------------------------
000386100  000%  PrintRequest
101913000  099%  AuthController#isAccessed
000235100  000%  PrintResponse

2022-08-15 15:16:37.679 [AsyncResolver-bootstrap-executor-0] INFO  c.n.d.shared.resolver.aws.ConfigClusterResolver - Resolving eureka endpoints via configuration
2022-08-15 15:17:32.770 [http-nio-8001-exec-1] INFO  center.misaki.device.Aspect.ControllerLogAop - Request URL: [http://localhost:8001/isAccessed], URI: [/isAccessed], Request Method: [GET], IP: [127.0.0.1]
2022-08-15 15:17:32.771 [http-nio-8001-exec-1] INFO  center.misaki.device.Aspect.ControllerLogAop - AuthController.isAccessed Parameters: [[]]
2022-08-15 15:17:32.871 [http-nio-8001-exec-1] INFO  center.misaki.device.Aspect.ControllerLogAop - AuthController.isAccessed Response: [{"code":0,"data":"eJxlUFtPwjAU/i99RkJBMPDGZYMONiIwBjPGlFLCGWu3tB2yGf+7XaIR49v5rjn5PhBlLCukCTLp\r\n3HJQ/IgGRhW8cScsMna54wtzzhQY4BoNXl4biClODVc/uoVHLg3QVP8v5ZIe0l8oMyVoOjwKkGhw\r\nsgnL6VL/JQyXXNhGYmPYwuzCrYh46Z0PUwZL8EhYERwA0USuumxMeuSS77Zjr9+0ppTPhrBMnHaQ\r\nDHGwee4sJ3tr3FbxzjsdhGvidR3AOWu7iq5tichbtOaEg/2KPMaTsFxEDo4j3wQT1vXHGPyE3RYb\r\n0tlX5H0vwq6/cZN4XGcDTaNtcXT7eVw/IkcJgXdg7eDKpiEsUw376KZJivtNeJr3w5LkD2oTdXyC\r\nW/Ka9K7l5DR/m40q6a2C9nXl78R8HaIGKjRX3xPUp6SC2xV80PQC6PMLW9+cmw==","msg":"验证成功"}]
2022-08-15 15:17:32.871 [http-nio-8001-exec-1] INFO  center.misaki.device.Aspect.ControllerLogAop - Usage:
StopWatch '/isAccessed': running time = 101848300 ns
---------------------------------------------
ns         %     Task name
---------------------------------------------
000462300  000%  PrintRequest
101061100  099%  AuthController#isAccessed
000324900  000%  PrintResponse

2022-08-15 15:21:37.681 [AsyncResolver-bootstrap-executor-0] INFO  c.n.d.shared.resolver.aws.ConfigClusterResolver - Resolving eureka endpoints via configuration
2022-08-15 15:26:37.684 [AsyncResolver-bootstrap-executor-0] INFO  c.n.d.shared.resolver.aws.ConfigClusterResolver - Resolving eureka endpoints via configuration
2022-08-15 15:31:37.695 [AsyncResolver-bootstrap-executor-0] INFO  c.n.d.shared.resolver.aws.ConfigClusterResolver - Resolving eureka endpoints via configuration
2022-08-15 15:34:47.154 [http-nio-8001-exec-6] WARN  com.alibaba.druid.pool.DruidAbstractDataSource - discard long time none received connection. , jdbcUrl : jdbc:mysql://device.misaki.center:3306/device02?serverTimezone=Asia/Shanghai&characterEncoding=utf8&useSSL=false, version : 1.2.8, lastPacketReceivedIdleMillis : 1034286
2022-08-15 15:34:47.191 [http-nio-8001-exec-6] WARN  com.alibaba.druid.pool.DruidAbstractDataSource - discard long time none received connection. , jdbcUrl : jdbc:mysql://device.misaki.center:3306/device02?serverTimezone=Asia/Shanghai&characterEncoding=utf8&useSSL=false, version : 1.2.8, lastPacketReceivedIdleMillis : 1300221
2022-08-15 15:34:47.231 [http-nio-8001-exec-6] WARN  com.alibaba.druid.pool.DruidAbstractDataSource - discard long time none received connection. , jdbcUrl : jdbc:mysql://device.misaki.center:3306/device02?serverTimezone=Asia/Shanghai&characterEncoding=utf8&useSSL=false, version : 1.2.8, lastPacketReceivedIdleMillis : 2011252
2022-08-15 15:34:47.272 [http-nio-8001-exec-6] WARN  com.alibaba.druid.pool.DruidAbstractDataSource - discard long time none received connection. , jdbcUrl : jdbc:mysql://device.misaki.center:3306/device02?serverTimezone=Asia/Shanghai&characterEncoding=utf8&useSSL=false, version : 1.2.8, lastPacketReceivedIdleMillis : 2011691
2022-08-15 15:34:47.306 [http-nio-8001-exec-6] WARN  com.alibaba.druid.pool.DruidAbstractDataSource - discard long time none received connection. , jdbcUrl : jdbc:mysql://device.misaki.center:3306/device02?serverTimezone=Asia/Shanghai&characterEncoding=utf8&useSSL=false, version : 1.2.8, lastPacketReceivedIdleMillis : 2012130
2022-08-15 15:34:47.348 [http-nio-8001-exec-6] WARN  com.alibaba.druid.pool.DruidAbstractDataSource - discard long time none received connection. , jdbcUrl : jdbc:mysql://device.misaki.center:3306/device02?serverTimezone=Asia/Shanghai&characterEncoding=utf8&useSSL=false, version : 1.2.8, lastPacketReceivedIdleMillis : 2012574
2022-08-15 15:34:47.633 [http-nio-8001-exec-6] INFO  center.misaki.device.Aspect.ControllerLogAop - Request URL: [http://localhost:8001/isAccessed], URI: [/isAccessed], Request Method: [GET], IP: [127.0.0.1]
2022-08-15 15:34:47.633 [http-nio-8001-exec-6] INFO  center.misaki.device.Aspect.ControllerLogAop - AuthController.isAccessed Parameters: [[]]
2022-08-15 15:34:47.724 [http-nio-8001-exec-6] INFO  center.misaki.device.Aspect.ControllerLogAop - AuthController.isAccessed Response: [{"code":0,"data":"eJxlUFtPwjAU/i99RkJBMPDGZYMONiIwBjPGlFLCGWu3tB2yGf+7XaIR49v5rjn5PhBlLCukCTLp\r\n3HJQ/IgGRhW8cScsMna54wtzzhQY4BoNXl4biClODVc/uoVHLg3QVP8v5ZIe0l8oMyVoOjwKkGhw\r\nsgnL6VL/JQyXXNhGYmPYwuzCrYh46Z0PUwZL8EhYERwA0USuumxMeuSS77Zjr9+0ppTPhrBMnHaQ\r\nDHGwee4sJ3tr3FbxzjsdhGvidR3AOWu7iq5tichbtOaEg/2KPMaTsFxEDo4j3wQT1vXHGPyE3RYb\r\n0tlX5H0vwq6/cZN4XGcDTaNtcXT7eVw/IkcJgXdg7eDKpiEsUw376KZJivtNeJr3w5LkD2oTdXyC\r\nW/Ka9K7l5DR/m40q6a2C9nXl78R8HaIGKjRX3xPUp6SC2xV80PQC6PMLW9+cmw==","msg":"验证成功"}]
2022-08-15 15:34:47.724 [http-nio-8001-exec-6] INFO  center.misaki.device.Aspect.ControllerLogAop - Usage:
StopWatch '/isAccessed': running time = 91575200 ns
---------------------------------------------
ns         %     Task name
---------------------------------------------
000330000  000%  PrintRequest
091058400  099%  AuthController#isAccessed
000186800  000%  PrintResponse

2022-08-15 15:36:37.711 [AsyncResolver-bootstrap-executor-0] INFO  c.n.d.shared.resolver.aws.ConfigClusterResolver - Resolving eureka endpoints via configuration
2022-08-15 15:37:23.142 [SpringContextShutdownHook] INFO  o.s.c.n.e.serviceregistry.EurekaServiceRegistry - Unregistering application AUTH-CENTER with eureka with status DOWN
2022-08-15 15:37:23.142 [SpringContextShutdownHook] WARN  com.netflix.discovery.DiscoveryClient - Saw local status change event StatusChangeEvent [timestamp=1660549043142, current=DOWN, previous=UP]
2022-08-15 15:37:23.143 [DiscoveryClient-InstanceInfoReplicator-0] INFO  com.netflix.discovery.DiscoveryClient - DiscoveryClient_AUTH-CENTER/localhost:auth-center:8001: registering service...
2022-08-15 15:37:23.145 [SpringContextShutdownHook] INFO  o.s.scheduling.concurrent.ThreadPoolTaskExecutor - Shutting down ExecutorService 'applicationTaskExecutor'
2022-08-15 15:37:23.157 [DiscoveryClient-InstanceInfoReplicator-0] ERROR c.n.d.s.t.decorator.RedirectingEurekaHttpClient - Request execution error. endpoint=DefaultEndpoint{ serviceUrl='http://localhost:18761/eureka/}
com.sun.jersey.api.client.ClientHandlerException: org.apache.http.NoHttpResponseException: localhost:18761 failed to respond
	at com.sun.jersey.client.apache4.ApacheHttpClient4Handler.handle(ApacheHttpClient4Handler.java:187)
	at com.sun.jersey.api.client.filter.GZIPContentEncodingFilter.handle(GZIPContentEncodingFilter.java:123)
	at com.netflix.discovery.EurekaIdentityHeaderFilter.handle(EurekaIdentityHeaderFilter.java:27)
	at com.sun.jersey.api.client.Client.handle(Client.java:652)
	at com.sun.jersey.api.client.WebResource.handle(WebResource.java:682)
	at com.sun.jersey.api.client.WebResource.access$200(WebResource.java:74)
	at com.sun.jersey.api.client.WebResource$Builder.post(WebResource.java:570)
	at com.netflix.discovery.shared.transport.jersey.AbstractJerseyEurekaHttpClient.register(AbstractJerseyEurekaHttpClient.java:56)
	at com.netflix.discovery.shared.transport.decorator.EurekaHttpClientDecorator$1.execute(EurekaHttpClientDecorator.java:59)
	at com.netflix.discovery.shared.transport.decorator.MetricsCollectingEurekaHttpClient.execute(MetricsCollectingEurekaHttpClient.java:73)
	at com.netflix.discovery.shared.transport.decorator.EurekaHttpClientDecorator.register(EurekaHttpClientDecorator.java:56)
	at com.netflix.discovery.shared.transport.decorator.EurekaHttpClientDecorator$1.execute(EurekaHttpClientDecorator.java:59)
	at com.netflix.discovery.shared.transport.decorator.RedirectingEurekaHttpClient.execute(RedirectingEurekaHttpClient.java:89)
	at com.netflix.discovery.shared.transport.decorator.EurekaHttpClientDecorator.register(EurekaHttpClientDecorator.java:56)
	at com.netflix.discovery.shared.transport.decorator.EurekaHttpClientDecorator$1.execute(EurekaHttpClientDecorator.java:59)
	at com.netflix.discovery.shared.transport.decorator.RetryableEurekaHttpClient.execute(RetryableEurekaHttpClient.java:120)
	at com.netflix.discovery.shared.transport.decorator.EurekaHttpClientDecorator.register(EurekaHttpClientDecorator.java:56)
	at com.netflix.discovery.shared.transport.decorator.EurekaHttpClientDecorator$1.execute(EurekaHttpClientDecorator.java:59)
	at com.netflix.discovery.shared.transport.decorator.SessionedEurekaHttpClient.execute(SessionedEurekaHttpClient.java:77)
	at com.netflix.discovery.shared.transport.decorator.EurekaHttpClientDecorator.register(EurekaHttpClientDecorator.java:56)
	at com.netflix.discovery.DiscoveryClient.register(DiscoveryClient.java:847)
	at com.netflix.discovery.InstanceInfoReplicator.run(InstanceInfoReplicator.java:121)
	at com.netflix.discovery.InstanceInfoReplicator$1.run(InstanceInfoReplicator.java:101)
	at java.util.concurrent.Executors$RunnableAdapter.call(Executors.java:511)
	at java.util.concurrent.FutureTask.run(FutureTask.java:266)
	at java.util.concurrent.ScheduledThreadPoolExecutor$ScheduledFutureTask.access$201(ScheduledThreadPoolExecutor.java:180)
	at java.util.concurrent.ScheduledThreadPoolExecutor$ScheduledFutureTask.run(ScheduledThreadPoolExecutor.java:293)
	at java.util.concurrent.ThreadPoolExecutor.runWorker(ThreadPoolExecutor.java:1149)
	at java.util.concurrent.ThreadPoolExecutor$Worker.run(ThreadPoolExecutor.java:624)
	at java.lang.Thread.run(Thread.java:750)
Caused by: org.apache.http.NoHttpResponseException: localhost:18761 failed to respond
	at org.apache.http.impl.conn.DefaultHttpResponseParser.parseHead(DefaultHttpResponseParser.java:141)
	at org.apache.http.impl.conn.DefaultHttpResponseParser.parseHead(DefaultHttpResponseParser.java:56)
	at org.apache.http.impl.io.AbstractMessageParser.parse(AbstractMessageParser.java:259)
	at org.apache.http.impl.AbstractHttpClientConnection.receiveResponseHeader(AbstractHttpClientConnection.java:294)
	at org.apache.http.impl.conn.DefaultClientConnection.receiveResponseHeader(DefaultClientConnection.java:257)
	at org.apache.http.impl.conn.AbstractClientConnAdapter.receiveResponseHeader(AbstractClientConnAdapter.java:230)
	at org.apache.http.protocol.HttpRequestExecutor.doReceiveResponse(HttpRequestExecutor.java:273)
	at org.apache.http.protocol.HttpRequestExecutor.execute(HttpRequestExecutor.java:125)
	at org.apache.http.impl.client.DefaultRequestDirector.tryExecute(DefaultRequestDirector.java:679)
	at org.apache.http.impl.client.DefaultRequestDirector.execute(DefaultRequestDirector.java:481)
	at org.apache.http.impl.client.AbstractHttpClient.doExecute(AbstractHttpClient.java:835)
	at org.apache.http.impl.client.CloseableHttpClient.execute(CloseableHttpClient.java:118)
	at org.apache.http.impl.client.CloseableHttpClient.execute(CloseableHttpClient.java:56)
	at com.sun.jersey.client.apache4.ApacheHttpClient4Handler.handle(ApacheHttpClient4Handler.java:173)
	... 29 common frames omitted
2022-08-15 15:37:23.158 [DiscoveryClient-InstanceInfoReplicator-0] WARN  c.n.d.s.t.decorator.RetryableEurekaHttpClient - Request execution failed with message: org.apache.http.NoHttpResponseException: localhost:18761 failed to respond
2022-08-15 15:37:23.167 [DiscoveryClient-InstanceInfoReplicator-0] ERROR c.n.d.s.t.decorator.RedirectingEurekaHttpClient - Request execution error. endpoint=DefaultEndpoint{ serviceUrl='http://localhost:18761/eureka/}
com.sun.jersey.api.client.ClientHandlerException: org.apache.http.NoHttpResponseException: localhost:18761 failed to respond
	at com.sun.jersey.client.apache4.ApacheHttpClient4Handler.handle(ApacheHttpClient4Handler.java:187)
	at com.sun.jersey.api.client.filter.GZIPContentEncodingFilter.handle(GZIPContentEncodingFilter.java:123)
	at com.netflix.discovery.EurekaIdentityHeaderFilter.handle(EurekaIdentityHeaderFilter.java:27)
	at com.sun.jersey.api.client.Client.handle(Client.java:652)
	at com.sun.jersey.api.client.WebResource.handle(WebResource.java:682)
	at com.sun.jersey.api.client.WebResource.access$200(WebResource.java:74)
	at com.sun.jersey.api.client.WebResource$Builder.post(WebResource.java:570)
	at com.netflix.discovery.shared.transport.jersey.AbstractJerseyEurekaHttpClient.register(AbstractJerseyEurekaHttpClient.java:56)
	at com.netflix.discovery.shared.transport.decorator.EurekaHttpClientDecorator$1.execute(EurekaHttpClientDecorator.java:59)
	at com.netflix.discovery.shared.transport.decorator.MetricsCollectingEurekaHttpClient.execute(MetricsCollectingEurekaHttpClient.java:73)
	at com.netflix.discovery.shared.transport.decorator.EurekaHttpClientDecorator.register(EurekaHttpClientDecorator.java:56)
	at com.netflix.discovery.shared.transport.decorator.EurekaHttpClientDecorator$1.execute(EurekaHttpClientDecorator.java:59)
	at com.netflix.discovery.shared.transport.decorator.RedirectingEurekaHttpClient.executeOnNewServer(RedirectingEurekaHttpClient.java:118)
	at com.netflix.discovery.shared.transport.decorator.RedirectingEurekaHttpClient.execute(RedirectingEurekaHttpClient.java:79)
	at com.netflix.discovery.shared.transport.decorator.EurekaHttpClientDecorator.register(EurekaHttpClientDecorator.java:56)
	at com.netflix.discovery.shared.transport.decorator.EurekaHttpClientDecorator$1.execute(EurekaHttpClientDecorator.java:59)
	at com.netflix.discovery.shared.transport.decorator.RetryableEurekaHttpClient.execute(RetryableEurekaHttpClient.java:120)
	at com.netflix.discovery.shared.transport.decorator.EurekaHttpClientDecorator.register(EurekaHttpClientDecorator.java:56)
	at com.netflix.discovery.shared.transport.decorator.EurekaHttpClientDecorator$1.execute(EurekaHttpClientDecorator.java:59)
	at com.netflix.discovery.shared.transport.decorator.SessionedEurekaHttpClient.execute(SessionedEurekaHttpClient.java:77)
	at com.netflix.discovery.shared.transport.decorator.EurekaHttpClientDecorator.register(EurekaHttpClientDecorator.java:56)
	at com.netflix.discovery.DiscoveryClient.register(DiscoveryClient.java:847)
	at com.netflix.discovery.InstanceInfoReplicator.run(InstanceInfoReplicator.java:121)
	at com.netflix.discovery.InstanceInfoReplicator$1.run(InstanceInfoReplicator.java:101)
	at java.util.concurrent.Executors$RunnableAdapter.call(Executors.java:511)
	at java.util.concurrent.FutureTask.run(FutureTask.java:266)
	at java.util.concurrent.ScheduledThreadPoolExecutor$ScheduledFutureTask.access$201(ScheduledThreadPoolExecutor.java:180)
	at java.util.concurrent.ScheduledThreadPoolExecutor$ScheduledFutureTask.run(ScheduledThreadPoolExecutor.java:293)
	at java.util.concurrent.ThreadPoolExecutor.runWorker(ThreadPoolExecutor.java:1149)
	at java.util.concurrent.ThreadPoolExecutor$Worker.run(ThreadPoolExecutor.java:624)
	at java.lang.Thread.run(Thread.java:750)
Caused by: org.apache.http.NoHttpResponseException: localhost:18761 failed to respond
	at org.apache.http.impl.conn.DefaultHttpResponseParser.parseHead(DefaultHttpResponseParser.java:141)
	at org.apache.http.impl.conn.DefaultHttpResponseParser.parseHead(DefaultHttpResponseParser.java:56)
	at org.apache.http.impl.io.AbstractMessageParser.parse(AbstractMessageParser.java:259)
	at org.apache.http.impl.AbstractHttpClientConnection.receiveResponseHeader(AbstractHttpClientConnection.java:294)
	at org.apache.http.impl.conn.DefaultClientConnection.receiveResponseHeader(DefaultClientConnection.java:257)
	at org.apache.http.impl.conn.AbstractClientConnAdapter.receiveResponseHeader(AbstractClientConnAdapter.java:230)
	at org.apache.http.protocol.HttpRequestExecutor.doReceiveResponse(HttpRequestExecutor.java:273)
	at org.apache.http.protocol.HttpRequestExecutor.execute(HttpRequestExecutor.java:125)
	at org.apache.http.impl.client.DefaultRequestDirector.tryExecute(DefaultRequestDirector.java:679)
	at org.apache.http.impl.client.DefaultRequestDirector.execute(DefaultRequestDirector.java:481)
	at org.apache.http.impl.client.AbstractHttpClient.doExecute(AbstractHttpClient.java:835)
	at org.apache.http.impl.client.CloseableHttpClient.execute(CloseableHttpClient.java:118)
	at org.apache.http.impl.client.CloseableHttpClient.execute(CloseableHttpClient.java:56)
	at com.sun.jersey.client.apache4.ApacheHttpClient4Handler.handle(ApacheHttpClient4Handler.java:173)
	... 30 common frames omitted
2022-08-15 15:37:23.167 [DiscoveryClient-InstanceInfoReplicator-0] WARN  c.n.d.s.t.decorator.RetryableEurekaHttpClient - Request execution failed with message: org.apache.http.NoHttpResponseException: localhost:18761 failed to respond
2022-08-15 15:37:23.167 [DiscoveryClient-InstanceInfoReplicator-0] WARN  com.netflix.discovery.DiscoveryClient - DiscoveryClient_AUTH-CENTER/localhost:auth-center:8001 - registration failed Cannot execute request on any known server
com.netflix.discovery.shared.transport.TransportException: Cannot execute request on any known server
	at com.netflix.discovery.shared.transport.decorator.RetryableEurekaHttpClient.execute(RetryableEurekaHttpClient.java:112)
	at com.netflix.discovery.shared.transport.decorator.EurekaHttpClientDecorator.register(EurekaHttpClientDecorator.java:56)
	at com.netflix.discovery.shared.transport.decorator.EurekaHttpClientDecorator$1.execute(EurekaHttpClientDecorator.java:59)
	at com.netflix.discovery.shared.transport.decorator.SessionedEurekaHttpClient.execute(SessionedEurekaHttpClient.java:77)
	at com.netflix.discovery.shared.transport.decorator.EurekaHttpClientDecorator.register(EurekaHttpClientDecorator.java:56)
	at com.netflix.discovery.DiscoveryClient.register(DiscoveryClient.java:847)
	at com.netflix.discovery.InstanceInfoReplicator.run(InstanceInfoReplicator.java:121)
	at com.netflix.discovery.InstanceInfoReplicator$1.run(InstanceInfoReplicator.java:101)
	at java.util.concurrent.Executors$RunnableAdapter.call(Executors.java:511)
	at java.util.concurrent.FutureTask.run(FutureTask.java:266)
	at java.util.concurrent.ScheduledThreadPoolExecutor$ScheduledFutureTask.access$201(ScheduledThreadPoolExecutor.java:180)
	at java.util.concurrent.ScheduledThreadPoolExecutor$ScheduledFutureTask.run(ScheduledThreadPoolExecutor.java:293)
	at java.util.concurrent.ThreadPoolExecutor.runWorker(ThreadPoolExecutor.java:1149)
	at java.util.concurrent.ThreadPoolExecutor$Worker.run(ThreadPoolExecutor.java:624)
	at java.lang.Thread.run(Thread.java:750)
2022-08-15 15:37:23.168 [DiscoveryClient-InstanceInfoReplicator-0] WARN  com.netflix.discovery.InstanceInfoReplicator - There was a problem with the instance info replicator
com.netflix.discovery.shared.transport.TransportException: Cannot execute request on any known server
	at com.netflix.discovery.shared.transport.decorator.RetryableEurekaHttpClient.execute(RetryableEurekaHttpClient.java:112)
	at com.netflix.discovery.shared.transport.decorator.EurekaHttpClientDecorator.register(EurekaHttpClientDecorator.java:56)
	at com.netflix.discovery.shared.transport.decorator.EurekaHttpClientDecorator$1.execute(EurekaHttpClientDecorator.java:59)
	at com.netflix.discovery.shared.transport.decorator.SessionedEurekaHttpClient.execute(SessionedEurekaHttpClient.java:77)
	at com.netflix.discovery.shared.transport.decorator.EurekaHttpClientDecorator.register(EurekaHttpClientDecorator.java:56)
	at com.netflix.discovery.DiscoveryClient.register(DiscoveryClient.java:847)
	at com.netflix.discovery.InstanceInfoReplicator.run(InstanceInfoReplicator.java:121)
	at com.netflix.discovery.InstanceInfoReplicator$1.run(InstanceInfoReplicator.java:101)
	at java.util.concurrent.Executors$RunnableAdapter.call(Executors.java:511)
	at java.util.concurrent.FutureTask.run(FutureTask.java:266)
	at java.util.concurrent.ScheduledThreadPoolExecutor$ScheduledFutureTask.access$201(ScheduledThreadPoolExecutor.java:180)
	at java.util.concurrent.ScheduledThreadPoolExecutor$ScheduledFutureTask.run(ScheduledThreadPoolExecutor.java:293)
	at java.util.concurrent.ThreadPoolExecutor.runWorker(ThreadPoolExecutor.java:1149)
	at java.util.concurrent.ThreadPoolExecutor$Worker.run(ThreadPoolExecutor.java:624)
	at java.lang.Thread.run(Thread.java:750)
2022-08-15 15:37:23.283 [SpringContextShutdownHook] INFO  com.alibaba.druid.pool.DruidDataSource - {dataSource-1} closing ...
2022-08-15 15:37:23.285 [SpringContextShutdownHook] INFO  com.alibaba.druid.pool.DruidDataSource - {dataSource-1} closed
2022-08-15 15:37:23.286 [SpringContextShutdownHook] INFO  com.netflix.discovery.DiscoveryClient - Shutting down DiscoveryClient ...
2022-08-15 15:37:26.287 [SpringContextShutdownHook] INFO  com.netflix.discovery.DiscoveryClient - Unregistering ...
2022-08-15 15:37:30.350 [SpringContextShutdownHook] ERROR c.n.d.s.t.decorator.RedirectingEurekaHttpClient - Request execution error. endpoint=DefaultEndpoint{ serviceUrl='http://localhost:18761/eureka/}
com.sun.jersey.api.client.ClientHandlerException: java.net.ConnectException: Connection refused: connect
	at com.sun.jersey.client.apache4.ApacheHttpClient4Handler.handle(ApacheHttpClient4Handler.java:187)
	at com.sun.jersey.api.client.filter.GZIPContentEncodingFilter.handle(GZIPContentEncodingFilter.java:123)
	at com.netflix.discovery.EurekaIdentityHeaderFilter.handle(EurekaIdentityHeaderFilter.java:27)
	at com.sun.jersey.api.client.Client.handle(Client.java:652)
	at com.sun.jersey.api.client.WebResource.handle(WebResource.java:682)
	at com.sun.jersey.api.client.WebResource.access$200(WebResource.java:74)
	at com.sun.jersey.api.client.WebResource$Builder.delete(WebResource.java:591)
	at com.netflix.discovery.shared.transport.jersey.AbstractJerseyEurekaHttpClient.cancel(AbstractJerseyEurekaHttpClient.java:76)
	at com.netflix.discovery.shared.transport.decorator.EurekaHttpClientDecorator$2.execute(EurekaHttpClientDecorator.java:74)
	at com.netflix.discovery.shared.transport.decorator.MetricsCollectingEurekaHttpClient.execute(MetricsCollectingEurekaHttpClient.java:73)
	at com.netflix.discovery.shared.transport.decorator.EurekaHttpClientDecorator.cancel(EurekaHttpClientDecorator.java:71)
	at com.netflix.discovery.shared.transport.decorator.EurekaHttpClientDecorator$2.execute(EurekaHttpClientDecorator.java:74)
	at com.netflix.discovery.shared.transport.decorator.RedirectingEurekaHttpClient.executeOnNewServer(RedirectingEurekaHttpClient.java:118)
	at com.netflix.discovery.shared.transport.decorator.RedirectingEurekaHttpClient.execute(RedirectingEurekaHttpClient.java:79)
	at com.netflix.discovery.shared.transport.decorator.EurekaHttpClientDecorator.cancel(EurekaHttpClientDecorator.java:71)
	at com.netflix.discovery.shared.transport.decorator.EurekaHttpClientDecorator$2.execute(EurekaHttpClientDecorator.java:74)
	at com.netflix.discovery.shared.transport.decorator.RetryableEurekaHttpClient.execute(RetryableEurekaHttpClient.java:120)
	at com.netflix.discovery.shared.transport.decorator.EurekaHttpClientDecorator.cancel(EurekaHttpClientDecorator.java:71)
	at com.netflix.discovery.shared.transport.decorator.EurekaHttpClientDecorator$2.execute(EurekaHttpClientDecorator.java:74)
	at com.netflix.discovery.shared.transport.decorator.SessionedEurekaHttpClient.execute(SessionedEurekaHttpClient.java:77)
	at com.netflix.discovery.shared.transport.decorator.EurekaHttpClientDecorator.cancel(EurekaHttpClientDecorator.java:71)
	at com.netflix.discovery.DiscoveryClient.unregister(DiscoveryClient.java:941)
	at com.netflix.discovery.DiscoveryClient.shutdown(DiscoveryClient.java:919)
	at sun.reflect.NativeMethodAccessorImpl.invoke0(Native Method)
	at sun.reflect.NativeMethodAccessorImpl.invoke(NativeMethodAccessorImpl.java:62)
	at sun.reflect.DelegatingMethodAccessorImpl.invoke(DelegatingMethodAccessorImpl.java:43)
	at java.lang.reflect.Method.invoke(Method.java:498)
	at org.springframework.beans.factory.annotation.InitDestroyAnnotationBeanPostProcessor$LifecycleElement.invoke(InitDestroyAnnotationBeanPostProcessor.java:389)
	at org.springframework.beans.factory.annotation.InitDestroyAnnotationBeanPostProcessor$LifecycleMetadata.invokeDestroyMethods(InitDestroyAnnotationBeanPostProcessor.java:347)
	at org.springframework.beans.factory.annotation.InitDestroyAnnotationBeanPostProcessor.postProcessBeforeDestruction(InitDestroyAnnotationBeanPostProcessor.java:177)
	at org.springframework.beans.factory.support.DisposableBeanAdapter.destroy(DisposableBeanAdapter.java:242)
	at org.springframework.beans.factory.support.DisposableBeanAdapter.run(DisposableBeanAdapter.java:235)
	at org.springframework.cloud.context.scope.GenericScope$BeanLifecycleWrapper.destroy(GenericScope.java:403)
	at org.springframework.cloud.context.scope.GenericScope.destroy(GenericScope.java:142)
	at org.springframework.beans.factory.support.DisposableBeanAdapter.destroy(DisposableBeanAdapter.java:258)
	at org.springframework.beans.factory.support.DefaultSingletonBeanRegistry.destroyBean(DefaultSingletonBeanRegistry.java:571)
	at org.springframework.beans.factory.support.DefaultSingletonBeanRegistry.destroySingleton(DefaultSingletonBeanRegistry.java:543)
	at org.springframework.beans.factory.support.DefaultListableBeanFactory.destroySingleton(DefaultListableBeanFactory.java:1072)
	at org.springframework.beans.factory.support.DefaultSingletonBeanRegistry.destroySingletons(DefaultSingletonBeanRegistry.java:504)
	at org.springframework.beans.factory.support.DefaultListableBeanFactory.destroySingletons(DefaultListableBeanFactory.java:1065)
	at org.springframework.context.support.AbstractApplicationContext.destroyBeans(AbstractApplicationContext.java:1060)
	at org.springframework.context.support.AbstractApplicationContext.doClose(AbstractApplicationContext.java:1029)
	at org.springframework.context.support.AbstractApplicationContext$1.run(AbstractApplicationContext.java:948)
Caused by: java.net.ConnectException: Connection refused: connect
	at java.net.DualStackPlainSocketImpl.waitForConnect(Native Method)
	at java.net.DualStackPlainSocketImpl.socketConnect(DualStackPlainSocketImpl.java:85)
	at java.net.AbstractPlainSocketImpl.doConnect(AbstractPlainSocketImpl.java:350)
	at java.net.AbstractPlainSocketImpl.connectToAddress(AbstractPlainSocketImpl.java:206)
	at java.net.AbstractPlainSocketImpl.connect(AbstractPlainSocketImpl.java:188)
	at java.net.PlainSocketImpl.connect(PlainSocketImpl.java:172)
	at java.net.SocksSocketImpl.connect(SocksSocketImpl.java:392)
	at java.net.Socket.connect(Socket.java:607)
	at org.apache.http.conn.scheme.PlainSocketFactory.connectSocket(PlainSocketFactory.java:121)
	at org.apache.http.impl.conn.DefaultClientConnectionOperator.openConnection(DefaultClientConnectionOperator.java:180)
	at org.apache.http.impl.conn.AbstractPoolEntry.open(AbstractPoolEntry.java:144)
	at org.apache.http.impl.conn.AbstractPooledConnAdapter.open(AbstractPooledConnAdapter.java:134)
	at org.apache.http.impl.client.DefaultRequestDirector.tryConnect(DefaultRequestDirector.java:605)
	at org.apache.http.impl.client.DefaultRequestDirector.execute(DefaultRequestDirector.java:440)
	at org.apache.http.impl.client.AbstractHttpClient.doExecute(AbstractHttpClient.java:835)
	at org.apache.http.impl.client.CloseableHttpClient.execute(CloseableHttpClient.java:118)
	at org.apache.http.impl.client.CloseableHttpClient.execute(CloseableHttpClient.java:56)
	at com.sun.jersey.client.apache4.ApacheHttpClient4Handler.handle(ApacheHttpClient4Handler.java:173)
	... 42 common frames omitted
2022-08-15 15:37:30.350 [SpringContextShutdownHook] WARN  c.n.d.s.t.decorator.RetryableEurekaHttpClient - Request execution failed with message: java.net.ConnectException: Connection refused: connect
2022-08-15 15:37:30.350 [SpringContextShutdownHook] ERROR com.netflix.discovery.DiscoveryClient - DiscoveryClient_AUTH-CENTER/localhost:auth-center:8001 - de-registration failedCannot execute request on any known server
com.netflix.discovery.shared.transport.TransportException: Cannot execute request on any known server
	at com.netflix.discovery.shared.transport.decorator.RetryableEurekaHttpClient.execute(RetryableEurekaHttpClient.java:112)
	at com.netflix.discovery.shared.transport.decorator.EurekaHttpClientDecorator.cancel(EurekaHttpClientDecorator.java:71)
	at com.netflix.discovery.shared.transport.decorator.EurekaHttpClientDecorator$2.execute(EurekaHttpClientDecorator.java:74)
	at com.netflix.discovery.shared.transport.decorator.SessionedEurekaHttpClient.execute(SessionedEurekaHttpClient.java:77)
	at com.netflix.discovery.shared.transport.decorator.EurekaHttpClientDecorator.cancel(EurekaHttpClientDecorator.java:71)
	at com.netflix.discovery.DiscoveryClient.unregister(DiscoveryClient.java:941)
	at com.netflix.discovery.DiscoveryClient.shutdown(DiscoveryClient.java:919)
	at sun.reflect.NativeMethodAccessorImpl.invoke0(Native Method)
	at sun.reflect.NativeMethodAccessorImpl.invoke(NativeMethodAccessorImpl.java:62)
	at sun.reflect.DelegatingMethodAccessorImpl.invoke(DelegatingMethodAccessorImpl.java:43)
	at java.lang.reflect.Method.invoke(Method.java:498)
	at org.springframework.beans.factory.annotation.InitDestroyAnnotationBeanPostProcessor$LifecycleElement.invoke(InitDestroyAnnotationBeanPostProcessor.java:389)
	at org.springframework.beans.factory.annotation.InitDestroyAnnotationBeanPostProcessor$LifecycleMetadata.invokeDestroyMethods(InitDestroyAnnotationBeanPostProcessor.java:347)
	at org.springframework.beans.factory.annotation.InitDestroyAnnotationBeanPostProcessor.postProcessBeforeDestruction(InitDestroyAnnotationBeanPostProcessor.java:177)
	at org.springframework.beans.factory.support.DisposableBeanAdapter.destroy(DisposableBeanAdapter.java:242)
	at org.springframework.beans.factory.support.DisposableBeanAdapter.run(DisposableBeanAdapter.java:235)
	at org.springframework.cloud.context.scope.GenericScope$BeanLifecycleWrapper.destroy(GenericScope.java:403)
	at org.springframework.cloud.context.scope.GenericScope.destroy(GenericScope.java:142)
	at org.springframework.beans.factory.support.DisposableBeanAdapter.destroy(DisposableBeanAdapter.java:258)
	at org.springframework.beans.factory.support.DefaultSingletonBeanRegistry.destroyBean(DefaultSingletonBeanRegistry.java:571)
	at org.springframework.beans.factory.support.DefaultSingletonBeanRegistry.destroySingleton(DefaultSingletonBeanRegistry.java:543)
	at org.springframework.beans.factory.support.DefaultListableBeanFactory.destroySingleton(DefaultListableBeanFactory.java:1072)
	at org.springframework.beans.factory.support.DefaultSingletonBeanRegistry.destroySingletons(DefaultSingletonBeanRegistry.java:504)
	at org.springframework.beans.factory.support.DefaultListableBeanFactory.destroySingletons(DefaultListableBeanFactory.java:1065)
	at org.springframework.context.support.AbstractApplicationContext.destroyBeans(AbstractApplicationContext.java:1060)
	at org.springframework.context.support.AbstractApplicationContext.doClose(AbstractApplicationContext.java:1029)
	at org.springframework.context.support.AbstractApplicationContext$1.run(AbstractApplicationContext.java:948)
2022-08-15 15:37:30.356 [SpringContextShutdownHook] INFO  com.netflix.discovery.DiscoveryClient - Completed shut down of DiscoveryClient
