2022-08-15 14:50:16.013 [main] INFO  o.s.c.s.PostProcessorRegistrationDelegate$BeanPostProcessorChecker - Bean 'org.springframework.cloud.autoconfigure.ConfigurationPropertiesRebinderAutoConfiguration' of type [org.springframework.cloud.autoconfigure.ConfigurationPropertiesRebinderAutoConfiguration] is not eligible for getting processed by all BeanPostProcessors (for example: not eligible for auto-proxying)
2022-08-15 14:50:17.208 [main] INFO  center.misaki.eureka.EurekaApp - No active profile set, falling back to default profiles: default
2022-08-15 14:50:17.940 [main] WARN  o.springframework.boot.actuate.endpoint.EndpointId - Endpoint ID 'service-registry' contains invalid characters, please migrate to a valid format.
2022-08-15 14:50:18.106 [main] INFO  o.springframework.cloud.context.scope.GenericScope - BeanFactory id=350b82e2-936d-3df9-99f3-6bb88c76347e
2022-08-15 14:50:18.362 [main] INFO  o.s.c.s.PostProcessorRegistrationDelegate$BeanPostProcessorChecker - Bean 'org.springframework.cloud.autoconfigure.ConfigurationPropertiesRebinderAutoConfiguration' of type [org.springframework.cloud.autoconfigure.ConfigurationPropertiesRebinderAutoConfiguration] is not eligible for getting processed by all BeanPostProcessors (for example: not eligible for auto-proxying)
2022-08-15 14:50:18.604 [main] INFO  o.s.boot.web.embedded.tomcat.TomcatWebServer - Tomcat initialized with port(s): 18761 (http)
2022-08-15 14:50:18.614 [main] INFO  org.apache.coyote.http11.Http11NioProtocol - Initializing ProtocolHandler ["http-nio-18761"]
2022-08-15 14:50:18.615 [main] INFO  org.apache.catalina.core.StandardService - Starting service [Tomcat]
2022-08-15 14:50:18.615 [main] INFO  org.apache.catalina.core.StandardEngine - Starting Servlet engine: [Apache Tomcat/9.0.30]
2022-08-15 14:50:18.730 [main] INFO  o.a.c.core.ContainerBase.[Tomcat].[localhost].[/] - Initializing Spring embedded WebApplicationContext
2022-08-15 14:50:18.730 [main] INFO  org.springframework.web.context.ContextLoader - Root WebApplicationContext: initialization completed in 1509 ms
2022-08-15 14:50:18.801 [main] WARN  com.netflix.config.sources.URLConfigurationSource - No URLs will be polled as dynamic configuration sources.
2022-08-15 14:50:18.801 [main] INFO  com.netflix.config.sources.URLConfigurationSource - To enable URLs as dynamic configuration sources, define System property archaius.configurationSource.additionalUrls or make config.properties available on classpath.
2022-08-15 14:50:18.812 [main] INFO  com.netflix.config.DynamicPropertyFactory - DynamicPropertyFactory is initialized with configuration sources: com.netflix.config.ConcurrentCompositeConfiguration@9df564f
2022-08-15 14:50:20.134 [main] INFO  org.springframework.cloud.commons.util.InetUtils - Cannot determine local hostname
2022-08-15 14:50:20.290 [main] INFO  c.s.j.server.impl.application.WebApplicationImpl - Initiating Jersey application, version 'Jersey: 1.19.1 03/11/2016 02:08 PM'
2022-08-15 14:50:20.328 [main] INFO  c.n.discovery.provider.DiscoveryJerseyProvider - Using JSON encoding codec LegacyJacksonJson
2022-08-15 14:50:20.328 [main] INFO  c.n.discovery.provider.DiscoveryJerseyProvider - Using JSON decoding codec LegacyJacksonJson
2022-08-15 14:50:20.440 [main] ERROR o.a.c.core.ContainerBase.[Tomcat].[localhost].[/] - Exception starting filter [servletContainer]
java.lang.ExceptionInInitializerError: null
	at com.thoughtworks.xstream.XStream.setupConverters(XStream.java:990)
	at com.thoughtworks.xstream.XStream.<init>(XStream.java:593)
	at com.thoughtworks.xstream.XStream.<init>(XStream.java:515)
	at com.thoughtworks.xstream.XStream.<init>(XStream.java:484)
	at com.thoughtworks.xstream.XStream.<init>(XStream.java:430)
	at com.thoughtworks.xstream.XStream.<init>(XStream.java:397)
	at com.netflix.discovery.converters.XmlXStream.<init>(XmlXStream.java:51)
	at com.netflix.discovery.converters.XmlXStream.<clinit>(XmlXStream.java:42)
	at com.netflix.discovery.converters.wrappers.CodecWrappers$XStreamXml.<init>(CodecWrappers.java:358)
	at com.netflix.discovery.converters.wrappers.CodecWrappers.create(CodecWrappers.java:133)
	at com.netflix.discovery.converters.wrappers.CodecWrappers.getEncoder(CodecWrappers.java:75)
	at com.netflix.discovery.converters.wrappers.CodecWrappers.getEncoder(CodecWrappers.java:66)
	at com.netflix.discovery.provider.DiscoveryJerseyProvider.<init>(DiscoveryJerseyProvider.java:77)
	at com.netflix.discovery.provider.DiscoveryJerseyProvider.<init>(DiscoveryJerseyProvider.java:64)
	at java.base/jdk.internal.reflect.DirectConstructorHandleAccessor.newInstance(DirectConstructorHandleAccessor.java:67)
	at java.base/java.lang.reflect.Constructor.newInstanceWithCaller(Constructor.java:499)
	at java.base/java.lang.reflect.ReflectAccess.newInstance(ReflectAccess.java:128)
	at java.base/jdk.internal.reflect.ReflectionFactory.newInstance(ReflectionFactory.java:341)
	at java.base/java.lang.Class.newInstance(Class.java:677)
	at com.sun.jersey.core.spi.component.ComponentConstructor._getInstance(ComponentConstructor.java:193)
	at com.sun.jersey.core.spi.component.ComponentConstructor.getInstance(ComponentConstructor.java:180)
	at com.sun.jersey.core.spi.component.ProviderFactory.__getComponentProvider(ProviderFactory.java:166)
	at com.sun.jersey.core.spi.component.ProviderFactory._getComponentProvider(ProviderFactory.java:159)
	at com.sun.jersey.core.spi.component.ProviderFactory.getComponentProvider(ProviderFactory.java:153)
	at com.sun.jersey.core.spi.component.ProviderServices.getComponent(ProviderServices.java:278)
	at com.sun.jersey.core.spi.component.ProviderServices.getProviders(ProviderServices.java:151)
	at com.sun.jersey.core.spi.factory.MessageBodyFactory.initReaders(MessageBodyFactory.java:175)
	at com.sun.jersey.core.spi.factory.MessageBodyFactory.init(MessageBodyFactory.java:162)
	at com.sun.jersey.server.impl.application.WebApplicationImpl._initiate(WebApplicationImpl.java:1338)
	at com.sun.jersey.server.impl.application.WebApplicationImpl.access$700(WebApplicationImpl.java:180)
	at com.sun.jersey.server.impl.application.WebApplicationImpl$13.f(WebApplicationImpl.java:799)
	at com.sun.jersey.server.impl.application.WebApplicationImpl$13.f(WebApplicationImpl.java:795)
	at com.sun.jersey.spi.inject.Errors.processWithErrors(Errors.java:193)
	at com.sun.jersey.server.impl.application.WebApplicationImpl.initiate(WebApplicationImpl.java:795)
	at com.sun.jersey.server.impl.application.WebApplicationImpl.initiate(WebApplicationImpl.java:790)
	at com.sun.jersey.spi.container.servlet.ServletContainer.initiate(ServletContainer.java:509)
	at com.sun.jersey.spi.container.servlet.ServletContainer$InternalWebComponent.initiate(ServletContainer.java:339)
	at com.sun.jersey.spi.container.servlet.WebComponent.load(WebComponent.java:605)
	at com.sun.jersey.spi.container.servlet.WebComponent.init(WebComponent.java:207)
	at com.sun.jersey.spi.container.servlet.ServletContainer.init(ServletContainer.java:394)
	at com.sun.jersey.spi.container.servlet.ServletContainer.init(ServletContainer.java:744)
	at org.apache.catalina.core.ApplicationFilterConfig.initFilter(ApplicationFilterConfig.java:270)
	at org.apache.catalina.core.ApplicationFilterConfig.<init>(ApplicationFilterConfig.java:106)
	at org.apache.catalina.core.StandardContext.filterStart(StandardContext.java:4533)
	at org.apache.catalina.core.StandardContext.startInternal(StandardContext.java:5172)
	at org.apache.catalina.util.LifecycleBase.start(LifecycleBase.java:183)
	at org.apache.catalina.core.ContainerBase$StartChild.call(ContainerBase.java:1384)
	at org.apache.catalina.core.ContainerBase$StartChild.call(ContainerBase.java:1374)
	at java.base/java.util.concurrent.FutureTask.run(FutureTask.java:264)
	at org.apache.tomcat.util.threads.InlineExecutorService.execute(InlineExecutorService.java:75)
	at java.base/java.util.concurrent.AbstractExecutorService.submit(AbstractExecutorService.java:145)
	at org.apache.catalina.core.ContainerBase.startInternal(ContainerBase.java:909)
	at org.apache.catalina.core.StandardHost.startInternal(StandardHost.java:841)
	at org.apache.catalina.util.LifecycleBase.start(LifecycleBase.java:183)
	at org.apache.catalina.core.ContainerBase$StartChild.call(ContainerBase.java:1384)
	at org.apache.catalina.core.ContainerBase$StartChild.call(ContainerBase.java:1374)
	at java.base/java.util.concurrent.FutureTask.run(FutureTask.java:264)
	at org.apache.tomcat.util.threads.InlineExecutorService.execute(InlineExecutorService.java:75)
	at java.base/java.util.concurrent.AbstractExecutorService.submit(AbstractExecutorService.java:145)
	at org.apache.catalina.core.ContainerBase.startInternal(ContainerBase.java:909)
	at org.apache.catalina.core.StandardEngine.startInternal(StandardEngine.java:262)
	at org.apache.catalina.util.LifecycleBase.start(LifecycleBase.java:183)
	at org.apache.catalina.core.StandardService.startInternal(StandardService.java:421)
	at org.apache.catalina.util.LifecycleBase.start(LifecycleBase.java:183)
	at org.apache.catalina.core.StandardServer.startInternal(StandardServer.java:930)
	at org.apache.catalina.util.LifecycleBase.start(LifecycleBase.java:183)
	at org.apache.catalina.startup.Tomcat.start(Tomcat.java:459)
	at org.springframework.boot.web.embedded.tomcat.TomcatWebServer.initialize(TomcatWebServer.java:107)
	at org.springframework.boot.web.embedded.tomcat.TomcatWebServer.<init>(TomcatWebServer.java:88)
	at org.springframework.boot.web.embedded.tomcat.TomcatServletWebServerFactory.getTomcatWebServer(TomcatServletWebServerFactory.java:438)
	at org.springframework.boot.web.embedded.tomcat.TomcatServletWebServerFactory.getWebServer(TomcatServletWebServerFactory.java:191)
	at org.springframework.boot.web.servlet.context.ServletWebServerApplicationContext.createWebServer(ServletWebServerApplicationContext.java:180)
	at org.springframework.boot.web.servlet.context.ServletWebServerApplicationContext.onRefresh(ServletWebServerApplicationContext.java:153)
	at org.springframework.context.support.AbstractApplicationContext.refresh(AbstractApplicationContext.java:544)
	at org.springframework.boot.web.servlet.context.ServletWebServerApplicationContext.refresh(ServletWebServerApplicationContext.java:141)
	at org.springframework.boot.SpringApplication.refresh(SpringApplication.java:747)
	at org.springframework.boot.SpringApplication.refreshContext(SpringApplication.java:397)
	at org.springframework.boot.SpringApplication.run(SpringApplication.java:315)
	at org.springframework.boot.SpringApplication.run(SpringApplication.java:1226)
	at org.springframework.boot.SpringApplication.run(SpringApplication.java:1215)
	at center.misaki.eureka.EurekaApp.main(EurekaApp.java:14)
Caused by: java.lang.reflect.InaccessibleObjectException: Unable to make field private final java.util.Comparator java.util.TreeMap.comparator accessible: module java.base does not "opens java.util" to unnamed module @6b09fb41
	at java.base/java.lang.reflect.AccessibleObject.checkCanSetAccessible(AccessibleObject.java:354)
	at java.base/java.lang.reflect.AccessibleObject.checkCanSetAccessible(AccessibleObject.java:297)
	at java.base/java.lang.reflect.Field.checkCanSetAccessible(Field.java:180)
	at java.base/java.lang.reflect.Field.setAccessible(Field.java:174)
	at com.thoughtworks.xstream.core.util.Fields.locate(Fields.java:40)
	at com.thoughtworks.xstream.converters.collections.TreeMapConverter.<clinit>(TreeMapConverter.java:50)
	... 81 common frames omitted
2022-08-15 14:50:20.442 [main] ERROR org.apache.catalina.core.StandardContext - One or more Filters failed to start. Full details will be found in the appropriate container log file
2022-08-15 14:50:20.442 [main] ERROR org.apache.catalina.core.StandardContext - Context [] startup failed due to previous errors
2022-08-15 14:50:20.448 [main] WARN  org.apache.catalina.loader.WebappClassLoaderBase - The web application [ROOT] appears to have started a thread named [spring.cloud.inetutils] but has failed to stop it. This is very likely to create a memory leak. Stack trace of thread:
 java.base@18.0.2/java.net.Inet6AddressImpl.getHostByAddr(Native Method)
 java.base@18.0.2/java.net.InetAddress$PlatformResolver.lookupByAddress(InetAddress.java:1057)
 java.base@18.0.2/java.net.InetAddress.getHostFromNameService(InetAddress.java:807)
 java.base@18.0.2/java.net.InetAddress.getHostName(InetAddress.java:749)
 java.base@18.0.2/java.net.InetAddress.getHostName(InetAddress.java:721)
 app//org.springframework.cloud.commons.util.InetUtils$$Lambda$173/0x0000000800da0858.call(Unknown Source)
 java.base@18.0.2/java.util.concurrent.FutureTask.run(FutureTask.java:264)
 java.base@18.0.2/java.util.concurrent.ThreadPoolExecutor.runWorker(ThreadPoolExecutor.java:1136)
 java.base@18.0.2/java.util.concurrent.ThreadPoolExecutor$Worker.run(ThreadPoolExecutor.java:635)
 java.base@18.0.2/java.lang.Thread.run(Thread.java:833)
2022-08-15 14:50:20.451 [main] INFO  org.apache.coyote.http11.Http11NioProtocol - Starting ProtocolHandler ["http-nio-18761"]
2022-08-15 14:50:20.468 [main] INFO  org.apache.coyote.http11.Http11NioProtocol - Pausing ProtocolHandler ["http-nio-18761"]
2022-08-15 14:50:20.479 [main] INFO  org.apache.catalina.core.StandardService - Stopping service [Tomcat]
2022-08-15 14:50:20.480 [main] INFO  org.apache.coyote.http11.Http11NioProtocol - Stopping ProtocolHandler ["http-nio-18761"]
2022-08-15 14:50:20.482 [main] INFO  org.apache.coyote.http11.Http11NioProtocol - Destroying ProtocolHandler ["http-nio-18761"]
2022-08-15 14:50:20.483 [main] WARN  o.s.b.w.s.c.AnnotationConfigServletWebServerApplicationContext - Exception encountered during context initialization - cancelling refresh attempt: org.springframework.context.ApplicationContextException: Unable to start web server; nested exception is org.springframework.boot.web.server.WebServerException: Unable to start embedded Tomcat
2022-08-15 14:50:20.494 [main] INFO  o.s.b.a.l.ConditionEvaluationReportLoggingListener - 

Error starting ApplicationContext. To display the conditions report re-run your application with 'debug' enabled.
2022-08-15 14:50:20.496 [main] ERROR org.springframework.boot.SpringApplication - Application run failed
org.springframework.context.ApplicationContextException: Unable to start web server; nested exception is org.springframework.boot.web.server.WebServerException: Unable to start embedded Tomcat
	at org.springframework.boot.web.servlet.context.ServletWebServerApplicationContext.onRefresh(ServletWebServerApplicationContext.java:156)
	at org.springframework.context.support.AbstractApplicationContext.refresh(AbstractApplicationContext.java:544)
	at org.springframework.boot.web.servlet.context.ServletWebServerApplicationContext.refresh(ServletWebServerApplicationContext.java:141)
	at org.springframework.boot.SpringApplication.refresh(SpringApplication.java:747)
	at org.springframework.boot.SpringApplication.refreshContext(SpringApplication.java:397)
	at org.springframework.boot.SpringApplication.run(SpringApplication.java:315)
	at org.springframework.boot.SpringApplication.run(SpringApplication.java:1226)
	at org.springframework.boot.SpringApplication.run(SpringApplication.java:1215)
	at center.misaki.eureka.EurekaApp.main(EurekaApp.java:14)
Caused by: org.springframework.boot.web.server.WebServerException: Unable to start embedded Tomcat
	at org.springframework.boot.web.embedded.tomcat.TomcatWebServer.initialize(TomcatWebServer.java:126)
	at org.springframework.boot.web.embedded.tomcat.TomcatWebServer.<init>(TomcatWebServer.java:88)
	at org.springframework.boot.web.embedded.tomcat.TomcatServletWebServerFactory.getTomcatWebServer(TomcatServletWebServerFactory.java:438)
	at org.springframework.boot.web.embedded.tomcat.TomcatServletWebServerFactory.getWebServer(TomcatServletWebServerFactory.java:191)
	at org.springframework.boot.web.servlet.context.ServletWebServerApplicationContext.createWebServer(ServletWebServerApplicationContext.java:180)
	at org.springframework.boot.web.servlet.context.ServletWebServerApplicationContext.onRefresh(ServletWebServerApplicationContext.java:153)
	... 8 common frames omitted
Caused by: java.lang.IllegalStateException: StandardEngine[Tomcat].StandardHost[localhost].TomcatEmbeddedContext[] failed to start
	at org.springframework.boot.web.embedded.tomcat.TomcatWebServer.rethrowDeferredStartupExceptions(TomcatWebServer.java:171)
	at org.springframework.boot.web.embedded.tomcat.TomcatWebServer.initialize(TomcatWebServer.java:110)
	... 13 common frames omitted
2022-08-15 14:51:35.015 [main] INFO  o.s.c.s.PostProcessorRegistrationDelegate$BeanPostProcessorChecker - Bean 'org.springframework.cloud.autoconfigure.ConfigurationPropertiesRebinderAutoConfiguration' of type [org.springframework.cloud.autoconfigure.ConfigurationPropertiesRebinderAutoConfiguration] is not eligible for getting processed by all BeanPostProcessors (for example: not eligible for auto-proxying)
2022-08-15 14:51:36.169 [main] INFO  center.misaki.eureka.EurekaApp - No active profile set, falling back to default profiles: default
2022-08-15 14:51:36.669 [main] WARN  o.springframework.boot.actuate.endpoint.EndpointId - Endpoint ID 'service-registry' contains invalid characters, please migrate to a valid format.
2022-08-15 14:51:36.759 [main] INFO  o.springframework.cloud.context.scope.GenericScope - BeanFactory id=350b82e2-936d-3df9-99f3-6bb88c76347e
2022-08-15 14:51:36.877 [main] INFO  o.s.c.s.PostProcessorRegistrationDelegate$BeanPostProcessorChecker - Bean 'org.springframework.cloud.autoconfigure.ConfigurationPropertiesRebinderAutoConfiguration' of type [org.springframework.cloud.autoconfigure.ConfigurationPropertiesRebinderAutoConfiguration] is not eligible for getting processed by all BeanPostProcessors (for example: not eligible for auto-proxying)
2022-08-15 14:51:37.034 [main] INFO  o.s.boot.web.embedded.tomcat.TomcatWebServer - Tomcat initialized with port(s): 18761 (http)
2022-08-15 14:51:37.042 [main] INFO  org.apache.coyote.http11.Http11NioProtocol - Initializing ProtocolHandler ["http-nio-18761"]
2022-08-15 14:51:37.042 [main] INFO  org.apache.catalina.core.StandardService - Starting service [Tomcat]
2022-08-15 14:51:37.042 [main] INFO  org.apache.catalina.core.StandardEngine - Starting Servlet engine: [Apache Tomcat/9.0.30]
2022-08-15 14:51:37.134 [main] INFO  o.a.c.core.ContainerBase.[Tomcat].[localhost].[/] - Initializing Spring embedded WebApplicationContext
2022-08-15 14:51:37.134 [main] INFO  org.springframework.web.context.ContextLoader - Root WebApplicationContext: initialization completed in 952 ms
2022-08-15 14:51:37.183 [main] WARN  com.netflix.config.sources.URLConfigurationSource - No URLs will be polled as dynamic configuration sources.
2022-08-15 14:51:37.183 [main] INFO  com.netflix.config.sources.URLConfigurationSource - To enable URLs as dynamic configuration sources, define System property archaius.configurationSource.additionalUrls or make config.properties available on classpath.
2022-08-15 14:51:37.192 [main] INFO  com.netflix.config.DynamicPropertyFactory - DynamicPropertyFactory is initialized with configuration sources: com.netflix.config.ConcurrentCompositeConfiguration@7c96c85
2022-08-15 14:51:38.470 [main] INFO  org.springframework.cloud.commons.util.InetUtils - Cannot determine local hostname
2022-08-15 14:51:38.613 [main] INFO  c.s.j.server.impl.application.WebApplicationImpl - Initiating Jersey application, version 'Jersey: 1.19.1 03/11/2016 02:08 PM'
2022-08-15 14:51:38.653 [main] INFO  c.n.discovery.provider.DiscoveryJerseyProvider - Using JSON encoding codec LegacyJacksonJson
2022-08-15 14:51:38.654 [main] INFO  c.n.discovery.provider.DiscoveryJerseyProvider - Using JSON decoding codec LegacyJacksonJson
2022-08-15 14:51:38.776 [main] ERROR o.a.c.core.ContainerBase.[Tomcat].[localhost].[/] - Exception starting filter [servletContainer]
java.lang.ExceptionInInitializerError: null
	at com.thoughtworks.xstream.XStream.setupConverters(XStream.java:990)
	at com.thoughtworks.xstream.XStream.<init>(XStream.java:593)
	at com.thoughtworks.xstream.XStream.<init>(XStream.java:515)
	at com.thoughtworks.xstream.XStream.<init>(XStream.java:484)
	at com.thoughtworks.xstream.XStream.<init>(XStream.java:430)
	at com.thoughtworks.xstream.XStream.<init>(XStream.java:397)
	at com.netflix.discovery.converters.XmlXStream.<init>(XmlXStream.java:51)
	at com.netflix.discovery.converters.XmlXStream.<clinit>(XmlXStream.java:42)
	at com.netflix.discovery.converters.wrappers.CodecWrappers$XStreamXml.<init>(CodecWrappers.java:358)
	at com.netflix.discovery.converters.wrappers.CodecWrappers.create(CodecWrappers.java:133)
	at com.netflix.discovery.converters.wrappers.CodecWrappers.getEncoder(CodecWrappers.java:75)
	at com.netflix.discovery.converters.wrappers.CodecWrappers.getEncoder(CodecWrappers.java:66)
	at com.netflix.discovery.provider.DiscoveryJerseyProvider.<init>(DiscoveryJerseyProvider.java:77)
	at com.netflix.discovery.provider.DiscoveryJerseyProvider.<init>(DiscoveryJerseyProvider.java:64)
	at java.base/jdk.internal.reflect.DirectConstructorHandleAccessor.newInstance(DirectConstructorHandleAccessor.java:67)
	at java.base/java.lang.reflect.Constructor.newInstanceWithCaller(Constructor.java:499)
	at java.base/java.lang.reflect.ReflectAccess.newInstance(ReflectAccess.java:128)
	at java.base/jdk.internal.reflect.ReflectionFactory.newInstance(ReflectionFactory.java:341)
	at java.base/java.lang.Class.newInstance(Class.java:677)
	at com.sun.jersey.core.spi.component.ComponentConstructor._getInstance(ComponentConstructor.java:193)
	at com.sun.jersey.core.spi.component.ComponentConstructor.getInstance(ComponentConstructor.java:180)
	at com.sun.jersey.core.spi.component.ProviderFactory.__getComponentProvider(ProviderFactory.java:166)
	at com.sun.jersey.core.spi.component.ProviderFactory._getComponentProvider(ProviderFactory.java:159)
	at com.sun.jersey.core.spi.component.ProviderFactory.getComponentProvider(ProviderFactory.java:153)
	at com.sun.jersey.core.spi.component.ProviderServices.getComponent(ProviderServices.java:278)
	at com.sun.jersey.core.spi.component.ProviderServices.getProviders(ProviderServices.java:151)
	at com.sun.jersey.core.spi.factory.MessageBodyFactory.initReaders(MessageBodyFactory.java:175)
	at com.sun.jersey.core.spi.factory.MessageBodyFactory.init(MessageBodyFactory.java:162)
	at com.sun.jersey.server.impl.application.WebApplicationImpl._initiate(WebApplicationImpl.java:1338)
	at com.sun.jersey.server.impl.application.WebApplicationImpl.access$700(WebApplicationImpl.java:180)
	at com.sun.jersey.server.impl.application.WebApplicationImpl$13.f(WebApplicationImpl.java:799)
	at com.sun.jersey.server.impl.application.WebApplicationImpl$13.f(WebApplicationImpl.java:795)
	at com.sun.jersey.spi.inject.Errors.processWithErrors(Errors.java:193)
	at com.sun.jersey.server.impl.application.WebApplicationImpl.initiate(WebApplicationImpl.java:795)
	at com.sun.jersey.server.impl.application.WebApplicationImpl.initiate(WebApplicationImpl.java:790)
	at com.sun.jersey.spi.container.servlet.ServletContainer.initiate(ServletContainer.java:509)
	at com.sun.jersey.spi.container.servlet.ServletContainer$InternalWebComponent.initiate(ServletContainer.java:339)
	at com.sun.jersey.spi.container.servlet.WebComponent.load(WebComponent.java:605)
	at com.sun.jersey.spi.container.servlet.WebComponent.init(WebComponent.java:207)
	at com.sun.jersey.spi.container.servlet.ServletContainer.init(ServletContainer.java:394)
	at com.sun.jersey.spi.container.servlet.ServletContainer.init(ServletContainer.java:744)
	at org.apache.catalina.core.ApplicationFilterConfig.initFilter(ApplicationFilterConfig.java:270)
	at org.apache.catalina.core.ApplicationFilterConfig.<init>(ApplicationFilterConfig.java:106)
	at org.apache.catalina.core.StandardContext.filterStart(StandardContext.java:4533)
	at org.apache.catalina.core.StandardContext.startInternal(StandardContext.java:5172)
	at org.apache.catalina.util.LifecycleBase.start(LifecycleBase.java:183)
	at org.apache.catalina.core.ContainerBase$StartChild.call(ContainerBase.java:1384)
	at org.apache.catalina.core.ContainerBase$StartChild.call(ContainerBase.java:1374)
	at java.base/java.util.concurrent.FutureTask.run(FutureTask.java:264)
	at org.apache.tomcat.util.threads.InlineExecutorService.execute(InlineExecutorService.java:75)
	at java.base/java.util.concurrent.AbstractExecutorService.submit(AbstractExecutorService.java:145)
	at org.apache.catalina.core.ContainerBase.startInternal(ContainerBase.java:909)
	at org.apache.catalina.core.StandardHost.startInternal(StandardHost.java:841)
	at org.apache.catalina.util.LifecycleBase.start(LifecycleBase.java:183)
	at org.apache.catalina.core.ContainerBase$StartChild.call(ContainerBase.java:1384)
	at org.apache.catalina.core.ContainerBase$StartChild.call(ContainerBase.java:1374)
	at java.base/java.util.concurrent.FutureTask.run(FutureTask.java:264)
	at org.apache.tomcat.util.threads.InlineExecutorService.execute(InlineExecutorService.java:75)
	at java.base/java.util.concurrent.AbstractExecutorService.submit(AbstractExecutorService.java:145)
	at org.apache.catalina.core.ContainerBase.startInternal(ContainerBase.java:909)
	at org.apache.catalina.core.StandardEngine.startInternal(StandardEngine.java:262)
	at org.apache.catalina.util.LifecycleBase.start(LifecycleBase.java:183)
	at org.apache.catalina.core.StandardService.startInternal(StandardService.java:421)
	at org.apache.catalina.util.LifecycleBase.start(LifecycleBase.java:183)
	at org.apache.catalina.core.StandardServer.startInternal(StandardServer.java:930)
	at org.apache.catalina.util.LifecycleBase.start(LifecycleBase.java:183)
	at org.apache.catalina.startup.Tomcat.start(Tomcat.java:459)
	at org.springframework.boot.web.embedded.tomcat.TomcatWebServer.initialize(TomcatWebServer.java:107)
	at org.springframework.boot.web.embedded.tomcat.TomcatWebServer.<init>(TomcatWebServer.java:88)
	at org.springframework.boot.web.embedded.tomcat.TomcatServletWebServerFactory.getTomcatWebServer(TomcatServletWebServerFactory.java:438)
	at org.springframework.boot.web.embedded.tomcat.TomcatServletWebServerFactory.getWebServer(TomcatServletWebServerFactory.java:191)
	at org.springframework.boot.web.servlet.context.ServletWebServerApplicationContext.createWebServer(ServletWebServerApplicationContext.java:180)
	at org.springframework.boot.web.servlet.context.ServletWebServerApplicationContext.onRefresh(ServletWebServerApplicationContext.java:153)
	at org.springframework.context.support.AbstractApplicationContext.refresh(AbstractApplicationContext.java:544)
	at org.springframework.boot.web.servlet.context.ServletWebServerApplicationContext.refresh(ServletWebServerApplicationContext.java:141)
	at org.springframework.boot.SpringApplication.refresh(SpringApplication.java:747)
	at org.springframework.boot.SpringApplication.refreshContext(SpringApplication.java:397)
	at org.springframework.boot.SpringApplication.run(SpringApplication.java:315)
	at org.springframework.boot.SpringApplication.run(SpringApplication.java:1226)
	at org.springframework.boot.SpringApplication.run(SpringApplication.java:1215)
	at center.misaki.eureka.EurekaApp.main(EurekaApp.java:14)
Caused by: java.lang.reflect.InaccessibleObjectException: Unable to make field private final java.util.Comparator java.util.TreeMap.comparator accessible: module java.base does not "opens java.util" to unnamed module @34bde49d
	at java.base/java.lang.reflect.AccessibleObject.checkCanSetAccessible(AccessibleObject.java:354)
	at java.base/java.lang.reflect.AccessibleObject.checkCanSetAccessible(AccessibleObject.java:297)
	at java.base/java.lang.reflect.Field.checkCanSetAccessible(Field.java:180)
	at java.base/java.lang.reflect.Field.setAccessible(Field.java:174)
	at com.thoughtworks.xstream.core.util.Fields.locate(Fields.java:40)
	at com.thoughtworks.xstream.converters.collections.TreeMapConverter.<clinit>(TreeMapConverter.java:50)
	... 81 common frames omitted
2022-08-15 14:51:38.777 [main] ERROR org.apache.catalina.core.StandardContext - One or more Filters failed to start. Full details will be found in the appropriate container log file
2022-08-15 14:51:38.777 [main] ERROR org.apache.catalina.core.StandardContext - Context [] startup failed due to previous errors
2022-08-15 14:51:38.783 [main] WARN  org.apache.catalina.loader.WebappClassLoaderBase - The web application [ROOT] appears to have started a thread named [spring.cloud.inetutils] but has failed to stop it. This is very likely to create a memory leak. Stack trace of thread:
 java.base@18.0.2/java.net.Inet6AddressImpl.getHostByAddr(Native Method)
 java.base@18.0.2/java.net.InetAddress$PlatformResolver.lookupByAddress(InetAddress.java:1057)
 java.base@18.0.2/java.net.InetAddress.getHostFromNameService(InetAddress.java:807)
 java.base@18.0.2/java.net.InetAddress.getHostName(InetAddress.java:749)
 java.base@18.0.2/java.net.InetAddress.getHostName(InetAddress.java:721)
 app//org.springframework.cloud.commons.util.InetUtils$$Lambda$173/0x0000000800dae568.call(Unknown Source)
 java.base@18.0.2/java.util.concurrent.FutureTask.run(FutureTask.java:264)
 java.base@18.0.2/java.util.concurrent.ThreadPoolExecutor.runWorker(ThreadPoolExecutor.java:1136)
 java.base@18.0.2/java.util.concurrent.ThreadPoolExecutor$Worker.run(ThreadPoolExecutor.java:635)
 java.base@18.0.2/java.lang.Thread.run(Thread.java:833)
2022-08-15 14:51:38.785 [main] INFO  org.apache.coyote.http11.Http11NioProtocol - Starting ProtocolHandler ["http-nio-18761"]
2022-08-15 14:51:38.800 [main] INFO  org.apache.coyote.http11.Http11NioProtocol - Pausing ProtocolHandler ["http-nio-18761"]
2022-08-15 14:51:38.812 [main] INFO  org.apache.catalina.core.StandardService - Stopping service [Tomcat]
2022-08-15 14:51:38.814 [main] INFO  org.apache.coyote.http11.Http11NioProtocol - Stopping ProtocolHandler ["http-nio-18761"]
2022-08-15 14:51:38.815 [main] INFO  org.apache.coyote.http11.Http11NioProtocol - Destroying ProtocolHandler ["http-nio-18761"]
2022-08-15 14:51:38.815 [main] WARN  o.s.b.w.s.c.AnnotationConfigServletWebServerApplicationContext - Exception encountered during context initialization - cancelling refresh attempt: org.springframework.context.ApplicationContextException: Unable to start web server; nested exception is org.springframework.boot.web.server.WebServerException: Unable to start embedded Tomcat
2022-08-15 14:51:38.825 [main] INFO  o.s.b.a.l.ConditionEvaluationReportLoggingListener - 

Error starting ApplicationContext. To display the conditions report re-run your application with 'debug' enabled.
2022-08-15 14:51:38.827 [main] ERROR org.springframework.boot.SpringApplication - Application run failed
org.springframework.context.ApplicationContextException: Unable to start web server; nested exception is org.springframework.boot.web.server.WebServerException: Unable to start embedded Tomcat
	at org.springframework.boot.web.servlet.context.ServletWebServerApplicationContext.onRefresh(ServletWebServerApplicationContext.java:156)
	at org.springframework.context.support.AbstractApplicationContext.refresh(AbstractApplicationContext.java:544)
	at org.springframework.boot.web.servlet.context.ServletWebServerApplicationContext.refresh(ServletWebServerApplicationContext.java:141)
	at org.springframework.boot.SpringApplication.refresh(SpringApplication.java:747)
	at org.springframework.boot.SpringApplication.refreshContext(SpringApplication.java:397)
	at org.springframework.boot.SpringApplication.run(SpringApplication.java:315)
	at org.springframework.boot.SpringApplication.run(SpringApplication.java:1226)
	at org.springframework.boot.SpringApplication.run(SpringApplication.java:1215)
	at center.misaki.eureka.EurekaApp.main(EurekaApp.java:14)
Caused by: org.springframework.boot.web.server.WebServerException: Unable to start embedded Tomcat
	at org.springframework.boot.web.embedded.tomcat.TomcatWebServer.initialize(TomcatWebServer.java:126)
	at org.springframework.boot.web.embedded.tomcat.TomcatWebServer.<init>(TomcatWebServer.java:88)
	at org.springframework.boot.web.embedded.tomcat.TomcatServletWebServerFactory.getTomcatWebServer(TomcatServletWebServerFactory.java:438)
	at org.springframework.boot.web.embedded.tomcat.TomcatServletWebServerFactory.getWebServer(TomcatServletWebServerFactory.java:191)
	at org.springframework.boot.web.servlet.context.ServletWebServerApplicationContext.createWebServer(ServletWebServerApplicationContext.java:180)
	at org.springframework.boot.web.servlet.context.ServletWebServerApplicationContext.onRefresh(ServletWebServerApplicationContext.java:153)
	... 8 common frames omitted
Caused by: java.lang.IllegalStateException: StandardEngine[Tomcat].StandardHost[localhost].TomcatEmbeddedContext[] failed to start
	at org.springframework.boot.web.embedded.tomcat.TomcatWebServer.rethrowDeferredStartupExceptions(TomcatWebServer.java:171)
	at org.springframework.boot.web.embedded.tomcat.TomcatWebServer.initialize(TomcatWebServer.java:110)
	... 13 common frames omitted
2022-08-15 14:53:54.863 [main] INFO  o.s.c.s.PostProcessorRegistrationDelegate$BeanPostProcessorChecker - Bean 'org.springframework.cloud.autoconfigure.ConfigurationPropertiesRebinderAutoConfiguration' of type [org.springframework.cloud.autoconfigure.ConfigurationPropertiesRebinderAutoConfiguration] is not eligible for getting processed by all BeanPostProcessors (for example: not eligible for auto-proxying)
2022-08-15 14:53:56.024 [main] INFO  center.misaki.eureka.EurekaApp - No active profile set, falling back to default profiles: default
2022-08-15 14:53:56.511 [main] WARN  o.springframework.boot.actuate.endpoint.EndpointId - Endpoint ID 'service-registry' contains invalid characters, please migrate to a valid format.
2022-08-15 14:53:56.598 [main] INFO  o.springframework.cloud.context.scope.GenericScope - BeanFactory id=350b82e2-936d-3df9-99f3-6bb88c76347e
2022-08-15 14:53:56.717 [main] INFO  o.s.c.s.PostProcessorRegistrationDelegate$BeanPostProcessorChecker - Bean 'org.springframework.cloud.autoconfigure.ConfigurationPropertiesRebinderAutoConfiguration' of type [org.springframework.cloud.autoconfigure.ConfigurationPropertiesRebinderAutoConfiguration] is not eligible for getting processed by all BeanPostProcessors (for example: not eligible for auto-proxying)
2022-08-15 14:53:56.871 [main] INFO  o.s.boot.web.embedded.tomcat.TomcatWebServer - Tomcat initialized with port(s): 18761 (http)
2022-08-15 14:53:56.879 [main] INFO  org.apache.coyote.http11.Http11NioProtocol - Initializing ProtocolHandler ["http-nio-18761"]
2022-08-15 14:53:56.879 [main] INFO  org.apache.catalina.core.StandardService - Starting service [Tomcat]
2022-08-15 14:53:56.879 [main] INFO  org.apache.catalina.core.StandardEngine - Starting Servlet engine: [Apache Tomcat/9.0.30]
2022-08-15 14:53:56.975 [main] INFO  o.a.c.core.ContainerBase.[Tomcat].[localhost].[/] - Initializing Spring embedded WebApplicationContext
2022-08-15 14:53:56.975 [main] INFO  org.springframework.web.context.ContextLoader - Root WebApplicationContext: initialization completed in 940 ms
2022-08-15 14:53:57.024 [main] WARN  com.netflix.config.sources.URLConfigurationSource - No URLs will be polled as dynamic configuration sources.
2022-08-15 14:53:57.024 [main] INFO  com.netflix.config.sources.URLConfigurationSource - To enable URLs as dynamic configuration sources, define System property archaius.configurationSource.additionalUrls or make config.properties available on classpath.
2022-08-15 14:53:57.032 [main] INFO  com.netflix.config.DynamicPropertyFactory - DynamicPropertyFactory is initialized with configuration sources: com.netflix.config.ConcurrentCompositeConfiguration@5aa62ee7
2022-08-15 14:53:58.295 [main] INFO  org.springframework.cloud.commons.util.InetUtils - Cannot determine local hostname
2022-08-15 14:53:58.432 [main] INFO  c.s.j.server.impl.application.WebApplicationImpl - Initiating Jersey application, version 'Jersey: 1.19.1 03/11/2016 02:08 PM'
2022-08-15 14:53:58.472 [main] INFO  c.n.discovery.provider.DiscoveryJerseyProvider - Using JSON encoding codec LegacyJacksonJson
2022-08-15 14:53:58.473 [main] INFO  c.n.discovery.provider.DiscoveryJerseyProvider - Using JSON decoding codec LegacyJacksonJson
2022-08-15 14:53:58.610 [main] ERROR o.a.c.core.ContainerBase.[Tomcat].[localhost].[/] - Exception starting filter [servletContainer]
java.lang.ExceptionInInitializerError: null
	at com.thoughtworks.xstream.XStream.setupConverters(XStream.java:990)
	at com.thoughtworks.xstream.XStream.<init>(XStream.java:593)
	at com.thoughtworks.xstream.XStream.<init>(XStream.java:515)
	at com.thoughtworks.xstream.XStream.<init>(XStream.java:484)
	at com.thoughtworks.xstream.XStream.<init>(XStream.java:430)
	at com.thoughtworks.xstream.XStream.<init>(XStream.java:397)
	at com.netflix.discovery.converters.XmlXStream.<init>(XmlXStream.java:51)
	at com.netflix.discovery.converters.XmlXStream.<clinit>(XmlXStream.java:42)
	at com.netflix.discovery.converters.wrappers.CodecWrappers$XStreamXml.<init>(CodecWrappers.java:358)
	at com.netflix.discovery.converters.wrappers.CodecWrappers.create(CodecWrappers.java:133)
	at com.netflix.discovery.converters.wrappers.CodecWrappers.getEncoder(CodecWrappers.java:75)
	at com.netflix.discovery.converters.wrappers.CodecWrappers.getEncoder(CodecWrappers.java:66)
	at com.netflix.discovery.provider.DiscoveryJerseyProvider.<init>(DiscoveryJerseyProvider.java:77)
	at com.netflix.discovery.provider.DiscoveryJerseyProvider.<init>(DiscoveryJerseyProvider.java:64)
	at java.base/jdk.internal.reflect.DirectConstructorHandleAccessor.newInstance(DirectConstructorHandleAccessor.java:67)
	at java.base/java.lang.reflect.Constructor.newInstanceWithCaller(Constructor.java:499)
	at java.base/java.lang.reflect.ReflectAccess.newInstance(ReflectAccess.java:128)
	at java.base/jdk.internal.reflect.ReflectionFactory.newInstance(ReflectionFactory.java:341)
	at java.base/java.lang.Class.newInstance(Class.java:677)
	at com.sun.jersey.core.spi.component.ComponentConstructor._getInstance(ComponentConstructor.java:193)
	at com.sun.jersey.core.spi.component.ComponentConstructor.getInstance(ComponentConstructor.java:180)
	at com.sun.jersey.core.spi.component.ProviderFactory.__getComponentProvider(ProviderFactory.java:166)
	at com.sun.jersey.core.spi.component.ProviderFactory._getComponentProvider(ProviderFactory.java:159)
	at com.sun.jersey.core.spi.component.ProviderFactory.getComponentProvider(ProviderFactory.java:153)
	at com.sun.jersey.core.spi.component.ProviderServices.getComponent(ProviderServices.java:278)
	at com.sun.jersey.core.spi.component.ProviderServices.getProviders(ProviderServices.java:151)
	at com.sun.jersey.core.spi.factory.MessageBodyFactory.initReaders(MessageBodyFactory.java:175)
	at com.sun.jersey.core.spi.factory.MessageBodyFactory.init(MessageBodyFactory.java:162)
	at com.sun.jersey.server.impl.application.WebApplicationImpl._initiate(WebApplicationImpl.java:1338)
	at com.sun.jersey.server.impl.application.WebApplicationImpl.access$700(WebApplicationImpl.java:180)
	at com.sun.jersey.server.impl.application.WebApplicationImpl$13.f(WebApplicationImpl.java:799)
	at com.sun.jersey.server.impl.application.WebApplicationImpl$13.f(WebApplicationImpl.java:795)
	at com.sun.jersey.spi.inject.Errors.processWithErrors(Errors.java:193)
	at com.sun.jersey.server.impl.application.WebApplicationImpl.initiate(WebApplicationImpl.java:795)
	at com.sun.jersey.server.impl.application.WebApplicationImpl.initiate(WebApplicationImpl.java:790)
	at com.sun.jersey.spi.container.servlet.ServletContainer.initiate(ServletContainer.java:509)
	at com.sun.jersey.spi.container.servlet.ServletContainer$InternalWebComponent.initiate(ServletContainer.java:339)
	at com.sun.jersey.spi.container.servlet.WebComponent.load(WebComponent.java:605)
	at com.sun.jersey.spi.container.servlet.WebComponent.init(WebComponent.java:207)
	at com.sun.jersey.spi.container.servlet.ServletContainer.init(ServletContainer.java:394)
	at com.sun.jersey.spi.container.servlet.ServletContainer.init(ServletContainer.java:744)
	at org.apache.catalina.core.ApplicationFilterConfig.initFilter(ApplicationFilterConfig.java:270)
	at org.apache.catalina.core.ApplicationFilterConfig.<init>(ApplicationFilterConfig.java:106)
	at org.apache.catalina.core.StandardContext.filterStart(StandardContext.java:4533)
	at org.apache.catalina.core.StandardContext.startInternal(StandardContext.java:5172)
	at org.apache.catalina.util.LifecycleBase.start(LifecycleBase.java:183)
	at org.apache.catalina.core.ContainerBase$StartChild.call(ContainerBase.java:1384)
	at org.apache.catalina.core.ContainerBase$StartChild.call(ContainerBase.java:1374)
	at java.base/java.util.concurrent.FutureTask.run(FutureTask.java:264)
	at org.apache.tomcat.util.threads.InlineExecutorService.execute(InlineExecutorService.java:75)
	at java.base/java.util.concurrent.AbstractExecutorService.submit(AbstractExecutorService.java:145)
	at org.apache.catalina.core.ContainerBase.startInternal(ContainerBase.java:909)
	at org.apache.catalina.core.StandardHost.startInternal(StandardHost.java:841)
	at org.apache.catalina.util.LifecycleBase.start(LifecycleBase.java:183)
	at org.apache.catalina.core.ContainerBase$StartChild.call(ContainerBase.java:1384)
	at org.apache.catalina.core.ContainerBase$StartChild.call(ContainerBase.java:1374)
	at java.base/java.util.concurrent.FutureTask.run(FutureTask.java:264)
	at org.apache.tomcat.util.threads.InlineExecutorService.execute(InlineExecutorService.java:75)
	at java.base/java.util.concurrent.AbstractExecutorService.submit(AbstractExecutorService.java:145)
	at org.apache.catalina.core.ContainerBase.startInternal(ContainerBase.java:909)
	at org.apache.catalina.core.StandardEngine.startInternal(StandardEngine.java:262)
	at org.apache.catalina.util.LifecycleBase.start(LifecycleBase.java:183)
	at org.apache.catalina.core.StandardService.startInternal(StandardService.java:421)
	at org.apache.catalina.util.LifecycleBase.start(LifecycleBase.java:183)
	at org.apache.catalina.core.StandardServer.startInternal(StandardServer.java:930)
	at org.apache.catalina.util.LifecycleBase.start(LifecycleBase.java:183)
	at org.apache.catalina.startup.Tomcat.start(Tomcat.java:459)
	at org.springframework.boot.web.embedded.tomcat.TomcatWebServer.initialize(TomcatWebServer.java:107)
	at org.springframework.boot.web.embedded.tomcat.TomcatWebServer.<init>(TomcatWebServer.java:88)
	at org.springframework.boot.web.embedded.tomcat.TomcatServletWebServerFactory.getTomcatWebServer(TomcatServletWebServerFactory.java:438)
	at org.springframework.boot.web.embedded.tomcat.TomcatServletWebServerFactory.getWebServer(TomcatServletWebServerFactory.java:191)
	at org.springframework.boot.web.servlet.context.ServletWebServerApplicationContext.createWebServer(ServletWebServerApplicationContext.java:180)
	at org.springframework.boot.web.servlet.context.ServletWebServerApplicationContext.onRefresh(ServletWebServerApplicationContext.java:153)
	at org.springframework.context.support.AbstractApplicationContext.refresh(AbstractApplicationContext.java:544)
	at org.springframework.boot.web.servlet.context.ServletWebServerApplicationContext.refresh(ServletWebServerApplicationContext.java:141)
	at org.springframework.boot.SpringApplication.refresh(SpringApplication.java:747)
	at org.springframework.boot.SpringApplication.refreshContext(SpringApplication.java:397)
	at org.springframework.boot.SpringApplication.run(SpringApplication.java:315)
	at org.springframework.boot.SpringApplication.run(SpringApplication.java:1226)
	at org.springframework.boot.SpringApplication.run(SpringApplication.java:1215)
	at center.misaki.eureka.EurekaApp.main(EurekaApp.java:14)
Caused by: java.lang.reflect.InaccessibleObjectException: Unable to make field private final java.util.Comparator java.util.TreeMap.comparator accessible: module java.base does not "opens java.util" to unnamed module @34bde49d
	at java.base/java.lang.reflect.AccessibleObject.checkCanSetAccessible(AccessibleObject.java:354)
	at java.base/java.lang.reflect.AccessibleObject.checkCanSetAccessible(AccessibleObject.java:297)
	at java.base/java.lang.reflect.Field.checkCanSetAccessible(Field.java:180)
	at java.base/java.lang.reflect.Field.setAccessible(Field.java:174)
	at com.thoughtworks.xstream.core.util.Fields.locate(Fields.java:40)
	at com.thoughtworks.xstream.converters.collections.TreeMapConverter.<clinit>(TreeMapConverter.java:50)
	... 81 common frames omitted
2022-08-15 14:53:58.611 [main] ERROR org.apache.catalina.core.StandardContext - One or more Filters failed to start. Full details will be found in the appropriate container log file
2022-08-15 14:53:58.612 [main] ERROR org.apache.catalina.core.StandardContext - Context [] startup failed due to previous errors
2022-08-15 14:53:58.618 [main] WARN  org.apache.catalina.loader.WebappClassLoaderBase - The web application [ROOT] appears to have started a thread named [spring.cloud.inetutils] but has failed to stop it. This is very likely to create a memory leak. Stack trace of thread:
 java.base@18.0.2/java.net.Inet6AddressImpl.getHostByAddr(Native Method)
 java.base@18.0.2/java.net.InetAddress$PlatformResolver.lookupByAddress(InetAddress.java:1057)
 java.base@18.0.2/java.net.InetAddress.getHostFromNameService(InetAddress.java:807)
 java.base@18.0.2/java.net.InetAddress.getHostName(InetAddress.java:749)
 java.base@18.0.2/java.net.InetAddress.getHostName(InetAddress.java:721)
 app//org.springframework.cloud.commons.util.InetUtils$$Lambda$173/0x0000000800db2e48.call(Unknown Source)
 java.base@18.0.2/java.util.concurrent.FutureTask.run(FutureTask.java:264)
 java.base@18.0.2/java.util.concurrent.ThreadPoolExecutor.runWorker(ThreadPoolExecutor.java:1136)
 java.base@18.0.2/java.util.concurrent.ThreadPoolExecutor$Worker.run(ThreadPoolExecutor.java:635)
 java.base@18.0.2/java.lang.Thread.run(Thread.java:833)
2022-08-15 14:53:58.620 [main] INFO  org.apache.coyote.http11.Http11NioProtocol - Starting ProtocolHandler ["http-nio-18761"]
2022-08-15 14:53:58.636 [main] INFO  org.apache.coyote.http11.Http11NioProtocol - Pausing ProtocolHandler ["http-nio-18761"]
2022-08-15 14:53:58.648 [main] INFO  org.apache.catalina.core.StandardService - Stopping service [Tomcat]
2022-08-15 14:53:58.649 [main] INFO  org.apache.coyote.http11.Http11NioProtocol - Stopping ProtocolHandler ["http-nio-18761"]
2022-08-15 14:53:58.651 [main] INFO  org.apache.coyote.http11.Http11NioProtocol - Destroying ProtocolHandler ["http-nio-18761"]
2022-08-15 14:53:58.651 [main] WARN  o.s.b.w.s.c.AnnotationConfigServletWebServerApplicationContext - Exception encountered during context initialization - cancelling refresh attempt: org.springframework.context.ApplicationContextException: Unable to start web server; nested exception is org.springframework.boot.web.server.WebServerException: Unable to start embedded Tomcat
2022-08-15 14:53:58.661 [main] INFO  o.s.b.a.l.ConditionEvaluationReportLoggingListener - 

Error starting ApplicationContext. To display the conditions report re-run your application with 'debug' enabled.
2022-08-15 14:53:58.664 [main] ERROR org.springframework.boot.SpringApplication - Application run failed
org.springframework.context.ApplicationContextException: Unable to start web server; nested exception is org.springframework.boot.web.server.WebServerException: Unable to start embedded Tomcat
	at org.springframework.boot.web.servlet.context.ServletWebServerApplicationContext.onRefresh(ServletWebServerApplicationContext.java:156)
	at org.springframework.context.support.AbstractApplicationContext.refresh(AbstractApplicationContext.java:544)
	at org.springframework.boot.web.servlet.context.ServletWebServerApplicationContext.refresh(ServletWebServerApplicationContext.java:141)
	at org.springframework.boot.SpringApplication.refresh(SpringApplication.java:747)
	at org.springframework.boot.SpringApplication.refreshContext(SpringApplication.java:397)
	at org.springframework.boot.SpringApplication.run(SpringApplication.java:315)
	at org.springframework.boot.SpringApplication.run(SpringApplication.java:1226)
	at org.springframework.boot.SpringApplication.run(SpringApplication.java:1215)
	at center.misaki.eureka.EurekaApp.main(EurekaApp.java:14)
Caused by: org.springframework.boot.web.server.WebServerException: Unable to start embedded Tomcat
	at org.springframework.boot.web.embedded.tomcat.TomcatWebServer.initialize(TomcatWebServer.java:126)
	at org.springframework.boot.web.embedded.tomcat.TomcatWebServer.<init>(TomcatWebServer.java:88)
	at org.springframework.boot.web.embedded.tomcat.TomcatServletWebServerFactory.getTomcatWebServer(TomcatServletWebServerFactory.java:438)
	at org.springframework.boot.web.embedded.tomcat.TomcatServletWebServerFactory.getWebServer(TomcatServletWebServerFactory.java:191)
	at org.springframework.boot.web.servlet.context.ServletWebServerApplicationContext.createWebServer(ServletWebServerApplicationContext.java:180)
	at org.springframework.boot.web.servlet.context.ServletWebServerApplicationContext.onRefresh(ServletWebServerApplicationContext.java:153)
	... 8 common frames omitted
Caused by: java.lang.IllegalStateException: StandardEngine[Tomcat].StandardHost[localhost].TomcatEmbeddedContext[] failed to start
	at org.springframework.boot.web.embedded.tomcat.TomcatWebServer.rethrowDeferredStartupExceptions(TomcatWebServer.java:171)
	at org.springframework.boot.web.embedded.tomcat.TomcatWebServer.initialize(TomcatWebServer.java:110)
	... 13 common frames omitted
2022-08-15 14:56:12.358 [main] INFO  o.s.c.s.PostProcessorRegistrationDelegate$BeanPostProcessorChecker - Bean 'org.springframework.cloud.autoconfigure.ConfigurationPropertiesRebinderAutoConfiguration' of type [org.springframework.cloud.autoconfigure.ConfigurationPropertiesRebinderAutoConfiguration] is not eligible for getting processed by all BeanPostProcessors (for example: not eligible for auto-proxying)
2022-08-15 14:56:13.511 [main] INFO  center.misaki.eureka.EurekaApp - No active profile set, falling back to default profiles: default
2022-08-15 14:56:14.010 [main] WARN  o.springframework.boot.actuate.endpoint.EndpointId - Endpoint ID 'service-registry' contains invalid characters, please migrate to a valid format.
2022-08-15 14:56:14.096 [main] INFO  o.springframework.cloud.context.scope.GenericScope - BeanFactory id=350b82e2-936d-3df9-99f3-6bb88c76347e
2022-08-15 14:56:14.220 [main] INFO  o.s.c.s.PostProcessorRegistrationDelegate$BeanPostProcessorChecker - Bean 'org.springframework.cloud.autoconfigure.ConfigurationPropertiesRebinderAutoConfiguration' of type [org.springframework.cloud.autoconfigure.ConfigurationPropertiesRebinderAutoConfiguration] is not eligible for getting processed by all BeanPostProcessors (for example: not eligible for auto-proxying)
2022-08-15 14:56:14.369 [main] INFO  o.s.boot.web.embedded.tomcat.TomcatWebServer - Tomcat initialized with port(s): 18761 (http)
2022-08-15 14:56:14.376 [main] INFO  org.apache.coyote.http11.Http11NioProtocol - Initializing ProtocolHandler ["http-nio-18761"]
2022-08-15 14:56:14.377 [main] INFO  org.apache.catalina.core.StandardService - Starting service [Tomcat]
2022-08-15 14:56:14.377 [main] INFO  org.apache.catalina.core.StandardEngine - Starting Servlet engine: [Apache Tomcat/9.0.30]
2022-08-15 14:56:14.467 [main] INFO  o.a.c.core.ContainerBase.[Tomcat].[localhost].[/] - Initializing Spring embedded WebApplicationContext
2022-08-15 14:56:14.467 [main] INFO  org.springframework.web.context.ContextLoader - Root WebApplicationContext: initialization completed in 944 ms
2022-08-15 14:56:14.516 [main] WARN  com.netflix.config.sources.URLConfigurationSource - No URLs will be polled as dynamic configuration sources.
2022-08-15 14:56:14.516 [main] INFO  com.netflix.config.sources.URLConfigurationSource - To enable URLs as dynamic configuration sources, define System property archaius.configurationSource.additionalUrls or make config.properties available on classpath.
2022-08-15 14:56:14.525 [main] INFO  com.netflix.config.DynamicPropertyFactory - DynamicPropertyFactory is initialized with configuration sources: com.netflix.config.ConcurrentCompositeConfiguration@241fbec
2022-08-15 14:56:15.788 [main] INFO  org.springframework.cloud.commons.util.InetUtils - Cannot determine local hostname
2022-08-15 14:56:15.919 [main] INFO  c.s.j.server.impl.application.WebApplicationImpl - Initiating Jersey application, version 'Jersey: 1.19.1 03/11/2016 02:08 PM'
2022-08-15 14:56:15.958 [main] INFO  c.n.discovery.provider.DiscoveryJerseyProvider - Using JSON encoding codec LegacyJacksonJson
2022-08-15 14:56:15.959 [main] INFO  c.n.discovery.provider.DiscoveryJerseyProvider - Using JSON decoding codec LegacyJacksonJson
2022-08-15 14:56:16.073 [main] ERROR o.a.c.core.ContainerBase.[Tomcat].[localhost].[/] - Exception starting filter [servletContainer]
java.lang.ExceptionInInitializerError: null
	at com.thoughtworks.xstream.XStream.setupConverters(XStream.java:990)
	at com.thoughtworks.xstream.XStream.<init>(XStream.java:593)
	at com.thoughtworks.xstream.XStream.<init>(XStream.java:515)
	at com.thoughtworks.xstream.XStream.<init>(XStream.java:484)
	at com.thoughtworks.xstream.XStream.<init>(XStream.java:430)
	at com.thoughtworks.xstream.XStream.<init>(XStream.java:397)
	at com.netflix.discovery.converters.XmlXStream.<init>(XmlXStream.java:51)
	at com.netflix.discovery.converters.XmlXStream.<clinit>(XmlXStream.java:42)
	at com.netflix.discovery.converters.wrappers.CodecWrappers$XStreamXml.<init>(CodecWrappers.java:358)
	at com.netflix.discovery.converters.wrappers.CodecWrappers.create(CodecWrappers.java:133)
	at com.netflix.discovery.converters.wrappers.CodecWrappers.getEncoder(CodecWrappers.java:75)
	at com.netflix.discovery.converters.wrappers.CodecWrappers.getEncoder(CodecWrappers.java:66)
	at com.netflix.discovery.provider.DiscoveryJerseyProvider.<init>(DiscoveryJerseyProvider.java:77)
	at com.netflix.discovery.provider.DiscoveryJerseyProvider.<init>(DiscoveryJerseyProvider.java:64)
	at java.base/jdk.internal.reflect.DirectConstructorHandleAccessor.newInstance(DirectConstructorHandleAccessor.java:67)
	at java.base/java.lang.reflect.Constructor.newInstanceWithCaller(Constructor.java:499)
	at java.base/java.lang.reflect.ReflectAccess.newInstance(ReflectAccess.java:128)
	at java.base/jdk.internal.reflect.ReflectionFactory.newInstance(ReflectionFactory.java:341)
	at java.base/java.lang.Class.newInstance(Class.java:677)
	at com.sun.jersey.core.spi.component.ComponentConstructor._getInstance(ComponentConstructor.java:193)
	at com.sun.jersey.core.spi.component.ComponentConstructor.getInstance(ComponentConstructor.java:180)
	at com.sun.jersey.core.spi.component.ProviderFactory.__getComponentProvider(ProviderFactory.java:166)
	at com.sun.jersey.core.spi.component.ProviderFactory._getComponentProvider(ProviderFactory.java:159)
	at com.sun.jersey.core.spi.component.ProviderFactory.getComponentProvider(ProviderFactory.java:153)
	at com.sun.jersey.core.spi.component.ProviderServices.getComponent(ProviderServices.java:278)
	at com.sun.jersey.core.spi.component.ProviderServices.getProviders(ProviderServices.java:151)
	at com.sun.jersey.core.spi.factory.MessageBodyFactory.initReaders(MessageBodyFactory.java:175)
	at com.sun.jersey.core.spi.factory.MessageBodyFactory.init(MessageBodyFactory.java:162)
	at com.sun.jersey.server.impl.application.WebApplicationImpl._initiate(WebApplicationImpl.java:1338)
	at com.sun.jersey.server.impl.application.WebApplicationImpl.access$700(WebApplicationImpl.java:180)
	at com.sun.jersey.server.impl.application.WebApplicationImpl$13.f(WebApplicationImpl.java:799)
	at com.sun.jersey.server.impl.application.WebApplicationImpl$13.f(WebApplicationImpl.java:795)
	at com.sun.jersey.spi.inject.Errors.processWithErrors(Errors.java:193)
	at com.sun.jersey.server.impl.application.WebApplicationImpl.initiate(WebApplicationImpl.java:795)
	at com.sun.jersey.server.impl.application.WebApplicationImpl.initiate(WebApplicationImpl.java:790)
	at com.sun.jersey.spi.container.servlet.ServletContainer.initiate(ServletContainer.java:509)
	at com.sun.jersey.spi.container.servlet.ServletContainer$InternalWebComponent.initiate(ServletContainer.java:339)
	at com.sun.jersey.spi.container.servlet.WebComponent.load(WebComponent.java:605)
	at com.sun.jersey.spi.container.servlet.WebComponent.init(WebComponent.java:207)
	at com.sun.jersey.spi.container.servlet.ServletContainer.init(ServletContainer.java:394)
	at com.sun.jersey.spi.container.servlet.ServletContainer.init(ServletContainer.java:744)
	at org.apache.catalina.core.ApplicationFilterConfig.initFilter(ApplicationFilterConfig.java:270)
	at org.apache.catalina.core.ApplicationFilterConfig.<init>(ApplicationFilterConfig.java:106)
	at org.apache.catalina.core.StandardContext.filterStart(StandardContext.java:4533)
	at org.apache.catalina.core.StandardContext.startInternal(StandardContext.java:5172)
	at org.apache.catalina.util.LifecycleBase.start(LifecycleBase.java:183)
	at org.apache.catalina.core.ContainerBase$StartChild.call(ContainerBase.java:1384)
	at org.apache.catalina.core.ContainerBase$StartChild.call(ContainerBase.java:1374)
	at java.base/java.util.concurrent.FutureTask.run(FutureTask.java:264)
	at org.apache.tomcat.util.threads.InlineExecutorService.execute(InlineExecutorService.java:75)
	at java.base/java.util.concurrent.AbstractExecutorService.submit(AbstractExecutorService.java:145)
	at org.apache.catalina.core.ContainerBase.startInternal(ContainerBase.java:909)
	at org.apache.catalina.core.StandardHost.startInternal(StandardHost.java:841)
	at org.apache.catalina.util.LifecycleBase.start(LifecycleBase.java:183)
	at org.apache.catalina.core.ContainerBase$StartChild.call(ContainerBase.java:1384)
	at org.apache.catalina.core.ContainerBase$StartChild.call(ContainerBase.java:1374)
	at java.base/java.util.concurrent.FutureTask.run(FutureTask.java:264)
	at org.apache.tomcat.util.threads.InlineExecutorService.execute(InlineExecutorService.java:75)
	at java.base/java.util.concurrent.AbstractExecutorService.submit(AbstractExecutorService.java:145)
	at org.apache.catalina.core.ContainerBase.startInternal(ContainerBase.java:909)
	at org.apache.catalina.core.StandardEngine.startInternal(StandardEngine.java:262)
	at org.apache.catalina.util.LifecycleBase.start(LifecycleBase.java:183)
	at org.apache.catalina.core.StandardService.startInternal(StandardService.java:421)
	at org.apache.catalina.util.LifecycleBase.start(LifecycleBase.java:183)
	at org.apache.catalina.core.StandardServer.startInternal(StandardServer.java:930)
	at org.apache.catalina.util.LifecycleBase.start(LifecycleBase.java:183)
	at org.apache.catalina.startup.Tomcat.start(Tomcat.java:459)
	at org.springframework.boot.web.embedded.tomcat.TomcatWebServer.initialize(TomcatWebServer.java:107)
	at org.springframework.boot.web.embedded.tomcat.TomcatWebServer.<init>(TomcatWebServer.java:88)
	at org.springframework.boot.web.embedded.tomcat.TomcatServletWebServerFactory.getTomcatWebServer(TomcatServletWebServerFactory.java:438)
	at org.springframework.boot.web.embedded.tomcat.TomcatServletWebServerFactory.getWebServer(TomcatServletWebServerFactory.java:191)
	at org.springframework.boot.web.servlet.context.ServletWebServerApplicationContext.createWebServer(ServletWebServerApplicationContext.java:180)
	at org.springframework.boot.web.servlet.context.ServletWebServerApplicationContext.onRefresh(ServletWebServerApplicationContext.java:153)
	at org.springframework.context.support.AbstractApplicationContext.refresh(AbstractApplicationContext.java:544)
	at org.springframework.boot.web.servlet.context.ServletWebServerApplicationContext.refresh(ServletWebServerApplicationContext.java:141)
	at org.springframework.boot.SpringApplication.refresh(SpringApplication.java:747)
	at org.springframework.boot.SpringApplication.refreshContext(SpringApplication.java:397)
	at org.springframework.boot.SpringApplication.run(SpringApplication.java:315)
	at org.springframework.boot.SpringApplication.run(SpringApplication.java:1226)
	at org.springframework.boot.SpringApplication.run(SpringApplication.java:1215)
	at center.misaki.eureka.EurekaApp.main(EurekaApp.java:14)
Caused by: java.lang.reflect.InaccessibleObjectException: Unable to make field private final java.util.Comparator java.util.TreeMap.comparator accessible: module java.base does not "opens java.util" to unnamed module @34bde49d
	at java.base/java.lang.reflect.AccessibleObject.checkCanSetAccessible(AccessibleObject.java:354)
	at java.base/java.lang.reflect.AccessibleObject.checkCanSetAccessible(AccessibleObject.java:297)
	at java.base/java.lang.reflect.Field.checkCanSetAccessible(Field.java:180)
	at java.base/java.lang.reflect.Field.setAccessible(Field.java:174)
	at com.thoughtworks.xstream.core.util.Fields.locate(Fields.java:40)
	at com.thoughtworks.xstream.converters.collections.TreeMapConverter.<clinit>(TreeMapConverter.java:50)
	... 81 common frames omitted
2022-08-15 14:56:16.073 [main] ERROR org.apache.catalina.core.StandardContext - One or more Filters failed to start. Full details will be found in the appropriate container log file
2022-08-15 14:56:16.074 [main] ERROR org.apache.catalina.core.StandardContext - Context [] startup failed due to previous errors
2022-08-15 14:56:16.080 [main] WARN  org.apache.catalina.loader.WebappClassLoaderBase - The web application [ROOT] appears to have started a thread named [spring.cloud.inetutils] but has failed to stop it. This is very likely to create a memory leak. Stack trace of thread:
 java.base@18.0.2/java.net.Inet6AddressImpl.getHostByAddr(Native Method)
 java.base@18.0.2/java.net.InetAddress$PlatformResolver.lookupByAddress(InetAddress.java:1057)
 java.base@18.0.2/java.net.InetAddress.getHostFromNameService(InetAddress.java:807)
 java.base@18.0.2/java.net.InetAddress.getHostName(InetAddress.java:749)
 java.base@18.0.2/java.net.InetAddress.getHostName(InetAddress.java:721)
 app//org.springframework.cloud.commons.util.InetUtils$$Lambda$173/0x0000000800dab160.call(Unknown Source)
 java.base@18.0.2/java.util.concurrent.FutureTask.run(FutureTask.java:264)
 java.base@18.0.2/java.util.concurrent.ThreadPoolExecutor.runWorker(ThreadPoolExecutor.java:1136)
 java.base@18.0.2/java.util.concurrent.ThreadPoolExecutor$Worker.run(ThreadPoolExecutor.java:635)
 java.base@18.0.2/java.lang.Thread.run(Thread.java:833)
2022-08-15 14:56:16.082 [main] INFO  org.apache.coyote.http11.Http11NioProtocol - Starting ProtocolHandler ["http-nio-18761"]
2022-08-15 14:56:16.096 [main] INFO  org.apache.coyote.http11.Http11NioProtocol - Pausing ProtocolHandler ["http-nio-18761"]
2022-08-15 14:56:16.107 [main] INFO  org.apache.catalina.core.StandardService - Stopping service [Tomcat]
2022-08-15 14:56:16.109 [main] INFO  org.apache.coyote.http11.Http11NioProtocol - Stopping ProtocolHandler ["http-nio-18761"]
2022-08-15 14:56:16.110 [main] INFO  org.apache.coyote.http11.Http11NioProtocol - Destroying ProtocolHandler ["http-nio-18761"]
2022-08-15 14:56:16.111 [main] WARN  o.s.b.w.s.c.AnnotationConfigServletWebServerApplicationContext - Exception encountered during context initialization - cancelling refresh attempt: org.springframework.context.ApplicationContextException: Unable to start web server; nested exception is org.springframework.boot.web.server.WebServerException: Unable to start embedded Tomcat
2022-08-15 14:56:16.120 [main] INFO  o.s.b.a.l.ConditionEvaluationReportLoggingListener - 

Error starting ApplicationContext. To display the conditions report re-run your application with 'debug' enabled.
2022-08-15 14:56:16.122 [main] ERROR org.springframework.boot.SpringApplication - Application run failed
org.springframework.context.ApplicationContextException: Unable to start web server; nested exception is org.springframework.boot.web.server.WebServerException: Unable to start embedded Tomcat
	at org.springframework.boot.web.servlet.context.ServletWebServerApplicationContext.onRefresh(ServletWebServerApplicationContext.java:156)
	at org.springframework.context.support.AbstractApplicationContext.refresh(AbstractApplicationContext.java:544)
	at org.springframework.boot.web.servlet.context.ServletWebServerApplicationContext.refresh(ServletWebServerApplicationContext.java:141)
	at org.springframework.boot.SpringApplication.refresh(SpringApplication.java:747)
	at org.springframework.boot.SpringApplication.refreshContext(SpringApplication.java:397)
	at org.springframework.boot.SpringApplication.run(SpringApplication.java:315)
	at org.springframework.boot.SpringApplication.run(SpringApplication.java:1226)
	at org.springframework.boot.SpringApplication.run(SpringApplication.java:1215)
	at center.misaki.eureka.EurekaApp.main(EurekaApp.java:14)
Caused by: org.springframework.boot.web.server.WebServerException: Unable to start embedded Tomcat
	at org.springframework.boot.web.embedded.tomcat.TomcatWebServer.initialize(TomcatWebServer.java:126)
	at org.springframework.boot.web.embedded.tomcat.TomcatWebServer.<init>(TomcatWebServer.java:88)
	at org.springframework.boot.web.embedded.tomcat.TomcatServletWebServerFactory.getTomcatWebServer(TomcatServletWebServerFactory.java:438)
	at org.springframework.boot.web.embedded.tomcat.TomcatServletWebServerFactory.getWebServer(TomcatServletWebServerFactory.java:191)
	at org.springframework.boot.web.servlet.context.ServletWebServerApplicationContext.createWebServer(ServletWebServerApplicationContext.java:180)
	at org.springframework.boot.web.servlet.context.ServletWebServerApplicationContext.onRefresh(ServletWebServerApplicationContext.java:153)
	... 8 common frames omitted
Caused by: java.lang.IllegalStateException: StandardEngine[Tomcat].StandardHost[localhost].TomcatEmbeddedContext[] failed to start
	at org.springframework.boot.web.embedded.tomcat.TomcatWebServer.rethrowDeferredStartupExceptions(TomcatWebServer.java:171)
	at org.springframework.boot.web.embedded.tomcat.TomcatWebServer.initialize(TomcatWebServer.java:110)
	... 13 common frames omitted
2022-08-15 14:58:28.335 [main] INFO  o.s.c.s.PostProcessorRegistrationDelegate$BeanPostProcessorChecker - Bean 'org.springframework.cloud.autoconfigure.ConfigurationPropertiesRebinderAutoConfiguration' of type [org.springframework.cloud.autoconfigure.ConfigurationPropertiesRebinderAutoConfiguration] is not eligible for getting processed by all BeanPostProcessors (for example: not eligible for auto-proxying)
2022-08-15 14:58:29.613 [main] INFO  center.misaki.eureka.EurekaApp - No active profile set, falling back to default profiles: default
2022-08-15 14:58:30.179 [main] WARN  o.springframework.boot.actuate.endpoint.EndpointId - Endpoint ID 'service-registry' contains invalid characters, please migrate to a valid format.
2022-08-15 14:58:30.274 [main] INFO  o.springframework.cloud.context.scope.GenericScope - BeanFactory id=350b82e2-936d-3df9-99f3-6bb88c76347e
2022-08-15 14:58:30.363 [main] INFO  o.s.c.s.PostProcessorRegistrationDelegate$BeanPostProcessorChecker - Bean 'org.springframework.cloud.autoconfigure.ConfigurationPropertiesRebinderAutoConfiguration' of type [org.springframework.cloud.autoconfigure.ConfigurationPropertiesRebinderAutoConfiguration] is not eligible for getting processed by all BeanPostProcessors (for example: not eligible for auto-proxying)
2022-08-15 14:58:30.510 [main] INFO  o.s.boot.web.embedded.tomcat.TomcatWebServer - Tomcat initialized with port(s): 18761 (http)
2022-08-15 14:58:30.517 [main] INFO  org.apache.coyote.http11.Http11NioProtocol - Initializing ProtocolHandler ["http-nio-18761"]
2022-08-15 14:58:30.517 [main] INFO  org.apache.catalina.core.StandardService - Starting service [Tomcat]
2022-08-15 14:58:30.517 [main] INFO  org.apache.catalina.core.StandardEngine - Starting Servlet engine: [Apache Tomcat/9.0.30]
2022-08-15 14:58:30.608 [main] INFO  o.a.c.core.ContainerBase.[Tomcat].[localhost].[/] - Initializing Spring embedded WebApplicationContext
2022-08-15 14:58:30.608 [main] INFO  org.springframework.web.context.ContextLoader - Root WebApplicationContext: initialization completed in 984 ms
2022-08-15 14:58:30.655 [main] WARN  com.netflix.config.sources.URLConfigurationSource - No URLs will be polled as dynamic configuration sources.
2022-08-15 14:58:30.655 [main] INFO  com.netflix.config.sources.URLConfigurationSource - To enable URLs as dynamic configuration sources, define System property archaius.configurationSource.additionalUrls or make config.properties available on classpath.
2022-08-15 14:58:30.661 [main] INFO  com.netflix.config.DynamicPropertyFactory - DynamicPropertyFactory is initialized with configuration sources: com.netflix.config.ConcurrentCompositeConfiguration@3dd4a6fa
2022-08-15 14:58:32.060 [main] INFO  org.springframework.cloud.commons.util.InetUtils - Cannot determine local hostname
2022-08-15 14:58:32.183 [main] INFO  c.s.j.server.impl.application.WebApplicationImpl - Initiating Jersey application, version 'Jersey: 1.19.1 03/11/2016 02:08 PM'
2022-08-15 14:58:32.221 [main] INFO  c.n.discovery.provider.DiscoveryJerseyProvider - Using JSON encoding codec LegacyJacksonJson
2022-08-15 14:58:32.222 [main] INFO  c.n.discovery.provider.DiscoveryJerseyProvider - Using JSON decoding codec LegacyJacksonJson
2022-08-15 14:58:32.295 [main] INFO  c.n.discovery.provider.DiscoveryJerseyProvider - Using XML encoding codec XStreamXml
2022-08-15 14:58:32.295 [main] INFO  c.n.discovery.provider.DiscoveryJerseyProvider - Using XML decoding codec XStreamXml
2022-08-15 14:58:32.533 [main] WARN  o.s.c.netflix.archaius.ArchaiusAutoConfiguration - No spring.application.name found, defaulting to 'application'
2022-08-15 14:58:32.533 [main] WARN  com.netflix.config.sources.URLConfigurationSource - No URLs will be polled as dynamic configuration sources.
2022-08-15 14:58:32.534 [main] INFO  com.netflix.config.sources.URLConfigurationSource - To enable URLs as dynamic configuration sources, define System property archaius.configurationSource.additionalUrls or make config.properties available on classpath.
2022-08-15 14:58:32.638 [main] INFO  o.s.scheduling.concurrent.ThreadPoolTaskExecutor - Initializing ExecutorService 'applicationTaskExecutor'
2022-08-15 14:58:34.015 [main] INFO  org.springframework.cloud.commons.util.InetUtils - Cannot determine local hostname
2022-08-15 14:58:35.171 [main] INFO  org.springframework.cloud.commons.util.InetUtils - Cannot determine local hostname
2022-08-15 14:58:35.185 [main] WARN  o.s.c.l.c.BlockingLoadBalancerClientAutoConfiguration$BlockingLoadBalancerClientRibbonWarnLogger - You already have RibbonLoadBalancerClient on your classpath. It will be used by default. As Spring Cloud Ribbon is in maintenance mode. We recommend switching to BlockingLoadBalancerClient instead. In order to use it, set the value of `spring.cloud.loadbalancer.ribbon.enabled` to `false` or remove spring-cloud-starter-netflix-ribbon from your project.
2022-08-15 14:58:35.211 [main] WARN  o.s.c.l.c.LoadBalancerCacheAutoConfiguration$LoadBalancerCaffeineWarnLogger - Spring Cloud LoadBalancer is currently working with default default cache. You can switch to using Caffeine cache, by adding it to the classpath.
2022-08-15 14:58:35.223 [main] INFO  o.s.cloud.netflix.eureka.InstanceInfoFactory - Setting initial instance status as: STARTING
2022-08-15 14:58:35.240 [main] INFO  com.netflix.discovery.DiscoveryClient - Initializing Eureka in region us-east-1
2022-08-15 14:58:35.240 [main] INFO  com.netflix.discovery.DiscoveryClient - Client configured to neither register nor query for data.
2022-08-15 14:58:35.245 [main] INFO  com.netflix.discovery.DiscoveryClient - Discovery Client initialized at timestamp 1660546715244 with initial instances count: 0
2022-08-15 14:58:35.271 [main] INFO  com.netflix.eureka.DefaultEurekaServerContext - Initializing ...
2022-08-15 14:58:35.272 [main] INFO  com.netflix.eureka.cluster.PeerEurekaNodes - Adding new peer nodes [http://localhost:18761/eureka/]
2022-08-15 14:58:35.378 [main] INFO  c.n.discovery.provider.DiscoveryJerseyProvider - Using JSON encoding codec LegacyJacksonJson
2022-08-15 14:58:35.379 [main] INFO  c.n.discovery.provider.DiscoveryJerseyProvider - Using JSON decoding codec LegacyJacksonJson
2022-08-15 14:58:35.379 [main] INFO  c.n.discovery.provider.DiscoveryJerseyProvider - Using XML encoding codec XStreamXml
2022-08-15 14:58:35.379 [main] INFO  c.n.discovery.provider.DiscoveryJerseyProvider - Using XML decoding codec XStreamXml
2022-08-15 14:58:35.446 [main] INFO  com.netflix.eureka.cluster.PeerEurekaNodes - Replica node URL:  http://localhost:18761/eureka/
2022-08-15 14:58:35.453 [main] INFO  c.netflix.eureka.registry.AbstractInstanceRegistry - Finished initializing remote region registries. All known remote regions: []
2022-08-15 14:58:35.454 [main] INFO  com.netflix.eureka.DefaultEurekaServerContext - Initialized
2022-08-15 14:58:35.465 [main] INFO  o.s.b.actuate.endpoint.web.EndpointLinksResolver - Exposing 2 endpoint(s) beneath base path '/actuator'
2022-08-15 14:58:35.513 [main] INFO  o.s.c.n.e.serviceregistry.EurekaServiceRegistry - Registering application UNKNOWN with eureka with status UP
2022-08-15 14:58:35.515 [Thread-28] INFO  o.s.c.netflix.eureka.server.EurekaServerBootstrap - Setting the eureka configuration..
2022-08-15 14:58:35.516 [Thread-28] INFO  o.s.c.netflix.eureka.server.EurekaServerBootstrap - Eureka data center value eureka.datacenter is not set, defaulting to default
2022-08-15 14:58:35.517 [Thread-28] INFO  o.s.c.netflix.eureka.server.EurekaServerBootstrap - Eureka environment value eureka.environment is not set, defaulting to test
2022-08-15 14:58:35.527 [Thread-28] INFO  o.s.c.netflix.eureka.server.EurekaServerBootstrap - isAws returned false
2022-08-15 14:58:35.527 [Thread-28] INFO  o.s.c.netflix.eureka.server.EurekaServerBootstrap - Initialized server context
2022-08-15 14:58:35.527 [Thread-28] INFO  c.n.eureka.registry.PeerAwareInstanceRegistryImpl - Got 1 instances from neighboring DS node
2022-08-15 14:58:35.527 [Thread-28] INFO  c.n.eureka.registry.PeerAwareInstanceRegistryImpl - Renew threshold is: 1
2022-08-15 14:58:35.527 [main] INFO  org.apache.coyote.http11.Http11NioProtocol - Starting ProtocolHandler ["http-nio-18761"]
2022-08-15 14:58:35.528 [Thread-28] INFO  c.n.eureka.registry.PeerAwareInstanceRegistryImpl - Changing status to UP
2022-08-15 14:58:35.533 [Thread-28] INFO  o.s.c.n.e.s.EurekaServerInitializerConfiguration - Started Eureka Server
2022-08-15 14:58:35.545 [main] INFO  o.s.boot.web.embedded.tomcat.TomcatWebServer - Tomcat started on port(s): 18761 (http) with context path ''
2022-08-15 14:58:35.546 [main] INFO  o.s.c.n.e.s.EurekaAutoServiceRegistration - Updating port to 18761
2022-08-15 14:58:36.692 [main] INFO  org.springframework.cloud.commons.util.InetUtils - Cannot determine local hostname
2022-08-15 14:58:36.694 [main] INFO  center.misaki.eureka.EurekaApp - Started EurekaApp in 9.997 seconds (JVM running for 10.836)
2022-08-15 14:58:37.272 [RMI TCP Connection(2)-198.18.0.1] INFO  o.a.c.core.ContainerBase.[Tomcat].[localhost].[/] - Initializing Spring DispatcherServlet 'dispatcherServlet'
2022-08-15 14:58:37.272 [RMI TCP Connection(2)-198.18.0.1] INFO  org.springframework.web.servlet.DispatcherServlet - Initializing Servlet 'dispatcherServlet'
2022-08-15 14:58:37.279 [RMI TCP Connection(2)-198.18.0.1] INFO  org.springframework.web.servlet.DispatcherServlet - Completed initialization in 7 ms
2022-08-15 14:58:53.206 [SpringContextShutdownHook] INFO  o.s.c.n.e.serviceregistry.EurekaServiceRegistry - Unregistering application UNKNOWN with eureka with status DOWN
2022-08-15 14:58:53.208 [SpringContextShutdownHook] INFO  com.netflix.eureka.DefaultEurekaServerContext - Shutting down ...
2022-08-15 14:58:53.210 [SpringContextShutdownHook] INFO  com.netflix.eureka.DefaultEurekaServerContext - Shut down
2022-08-15 14:58:53.214 [SpringContextShutdownHook] INFO  o.s.scheduling.concurrent.ThreadPoolTaskExecutor - Shutting down ExecutorService 'applicationTaskExecutor'
2022-08-15 14:58:53.218 [SpringContextShutdownHook] INFO  com.netflix.discovery.DiscoveryClient - Shutting down DiscoveryClient ...
2022-08-15 14:58:53.218 [SpringContextShutdownHook] INFO  com.netflix.discovery.DiscoveryClient - Completed shut down of DiscoveryClient
2022-08-15 15:00:33.149 [main] INFO  o.s.c.s.PostProcessorRegistrationDelegate$BeanPostProcessorChecker - Bean 'org.springframework.cloud.autoconfigure.ConfigurationPropertiesRebinderAutoConfiguration' of type [org.springframework.cloud.autoconfigure.ConfigurationPropertiesRebinderAutoConfiguration] is not eligible for getting processed by all BeanPostProcessors (for example: not eligible for auto-proxying)
2022-08-15 15:00:34.414 [main] INFO  center.misaki.eureka.EurekaApp - No active profile set, falling back to default profiles: default
2022-08-15 15:00:34.944 [main] WARN  o.springframework.boot.actuate.endpoint.EndpointId - Endpoint ID 'service-registry' contains invalid characters, please migrate to a valid format.
2022-08-15 15:00:35.039 [main] INFO  o.springframework.cloud.context.scope.GenericScope - BeanFactory id=350b82e2-936d-3df9-99f3-6bb88c76347e
2022-08-15 15:00:35.130 [main] INFO  o.s.c.s.PostProcessorRegistrationDelegate$BeanPostProcessorChecker - Bean 'org.springframework.cloud.autoconfigure.ConfigurationPropertiesRebinderAutoConfiguration' of type [org.springframework.cloud.autoconfigure.ConfigurationPropertiesRebinderAutoConfiguration] is not eligible for getting processed by all BeanPostProcessors (for example: not eligible for auto-proxying)
2022-08-15 15:00:35.293 [main] INFO  o.s.boot.web.embedded.tomcat.TomcatWebServer - Tomcat initialized with port(s): 18761 (http)
2022-08-15 15:00:35.300 [main] INFO  org.apache.coyote.http11.Http11NioProtocol - Initializing ProtocolHandler ["http-nio-18761"]
2022-08-15 15:00:35.300 [main] INFO  org.apache.catalina.core.StandardService - Starting service [Tomcat]
2022-08-15 15:00:35.301 [main] INFO  org.apache.catalina.core.StandardEngine - Starting Servlet engine: [Apache Tomcat/9.0.30]
2022-08-15 15:00:35.383 [main] INFO  o.a.c.core.ContainerBase.[Tomcat].[localhost].[/] - Initializing Spring embedded WebApplicationContext
2022-08-15 15:00:35.383 [main] INFO  org.springframework.web.context.ContextLoader - Root WebApplicationContext: initialization completed in 958 ms
2022-08-15 15:00:35.431 [main] WARN  com.netflix.config.sources.URLConfigurationSource - No URLs will be polled as dynamic configuration sources.
2022-08-15 15:00:35.431 [main] INFO  com.netflix.config.sources.URLConfigurationSource - To enable URLs as dynamic configuration sources, define System property archaius.configurationSource.additionalUrls or make config.properties available on classpath.
2022-08-15 15:00:35.437 [main] INFO  com.netflix.config.DynamicPropertyFactory - DynamicPropertyFactory is initialized with configuration sources: com.netflix.config.ConcurrentCompositeConfiguration@5555ffcf
2022-08-15 15:00:36.859 [main] INFO  org.springframework.cloud.commons.util.InetUtils - Cannot determine local hostname
2022-08-15 15:00:36.982 [main] INFO  c.s.j.server.impl.application.WebApplicationImpl - Initiating Jersey application, version 'Jersey: 1.19.1 03/11/2016 02:08 PM'
2022-08-15 15:00:37.023 [main] INFO  c.n.discovery.provider.DiscoveryJerseyProvider - Using JSON encoding codec LegacyJacksonJson
2022-08-15 15:00:37.024 [main] INFO  c.n.discovery.provider.DiscoveryJerseyProvider - Using JSON decoding codec LegacyJacksonJson
2022-08-15 15:00:37.099 [main] INFO  c.n.discovery.provider.DiscoveryJerseyProvider - Using XML encoding codec XStreamXml
2022-08-15 15:00:37.099 [main] INFO  c.n.discovery.provider.DiscoveryJerseyProvider - Using XML decoding codec XStreamXml
2022-08-15 15:00:37.356 [main] WARN  o.s.c.netflix.archaius.ArchaiusAutoConfiguration - No spring.application.name found, defaulting to 'application'
2022-08-15 15:00:37.357 [main] WARN  com.netflix.config.sources.URLConfigurationSource - No URLs will be polled as dynamic configuration sources.
2022-08-15 15:00:37.357 [main] INFO  com.netflix.config.sources.URLConfigurationSource - To enable URLs as dynamic configuration sources, define System property archaius.configurationSource.additionalUrls or make config.properties available on classpath.
2022-08-15 15:00:37.460 [main] INFO  o.s.scheduling.concurrent.ThreadPoolTaskExecutor - Initializing ExecutorService 'applicationTaskExecutor'
2022-08-15 15:00:38.856 [main] INFO  org.springframework.cloud.commons.util.InetUtils - Cannot determine local hostname
2022-08-15 15:00:40.014 [main] INFO  org.springframework.cloud.commons.util.InetUtils - Cannot determine local hostname
2022-08-15 15:00:40.027 [main] WARN  o.s.c.l.c.BlockingLoadBalancerClientAutoConfiguration$BlockingLoadBalancerClientRibbonWarnLogger - You already have RibbonLoadBalancerClient on your classpath. It will be used by default. As Spring Cloud Ribbon is in maintenance mode. We recommend switching to BlockingLoadBalancerClient instead. In order to use it, set the value of `spring.cloud.loadbalancer.ribbon.enabled` to `false` or remove spring-cloud-starter-netflix-ribbon from your project.
2022-08-15 15:00:40.053 [main] WARN  o.s.c.l.c.LoadBalancerCacheAutoConfiguration$LoadBalancerCaffeineWarnLogger - Spring Cloud LoadBalancer is currently working with default default cache. You can switch to using Caffeine cache, by adding it to the classpath.
2022-08-15 15:00:40.065 [main] INFO  o.s.cloud.netflix.eureka.InstanceInfoFactory - Setting initial instance status as: STARTING
2022-08-15 15:00:40.082 [main] INFO  com.netflix.discovery.DiscoveryClient - Initializing Eureka in region us-east-1
2022-08-15 15:00:40.082 [main] INFO  com.netflix.discovery.DiscoveryClient - Client configured to neither register nor query for data.
2022-08-15 15:00:40.086 [main] INFO  com.netflix.discovery.DiscoveryClient - Discovery Client initialized at timestamp 1660546840085 with initial instances count: 0
2022-08-15 15:00:40.109 [main] INFO  com.netflix.eureka.DefaultEurekaServerContext - Initializing ...
2022-08-15 15:00:40.111 [main] INFO  com.netflix.eureka.cluster.PeerEurekaNodes - Adding new peer nodes [http://localhost:18761/eureka/]
2022-08-15 15:00:40.217 [main] INFO  c.n.discovery.provider.DiscoveryJerseyProvider - Using JSON encoding codec LegacyJacksonJson
2022-08-15 15:00:40.217 [main] INFO  c.n.discovery.provider.DiscoveryJerseyProvider - Using JSON decoding codec LegacyJacksonJson
2022-08-15 15:00:40.217 [main] INFO  c.n.discovery.provider.DiscoveryJerseyProvider - Using XML encoding codec XStreamXml
2022-08-15 15:00:40.218 [main] INFO  c.n.discovery.provider.DiscoveryJerseyProvider - Using XML decoding codec XStreamXml
2022-08-15 15:00:40.285 [main] INFO  com.netflix.eureka.cluster.PeerEurekaNodes - Replica node URL:  http://localhost:18761/eureka/
2022-08-15 15:00:40.291 [main] INFO  c.netflix.eureka.registry.AbstractInstanceRegistry - Finished initializing remote region registries. All known remote regions: []
2022-08-15 15:00:40.292 [main] INFO  com.netflix.eureka.DefaultEurekaServerContext - Initialized
2022-08-15 15:00:40.302 [main] INFO  o.s.b.actuate.endpoint.web.EndpointLinksResolver - Exposing 2 endpoint(s) beneath base path '/actuator'
2022-08-15 15:00:40.354 [main] INFO  o.s.c.n.e.serviceregistry.EurekaServiceRegistry - Registering application UNKNOWN with eureka with status UP
2022-08-15 15:00:40.356 [Thread-28] INFO  o.s.c.netflix.eureka.server.EurekaServerBootstrap - Setting the eureka configuration..
2022-08-15 15:00:40.356 [Thread-28] INFO  o.s.c.netflix.eureka.server.EurekaServerBootstrap - Eureka data center value eureka.datacenter is not set, defaulting to default
2022-08-15 15:00:40.357 [Thread-28] INFO  o.s.c.netflix.eureka.server.EurekaServerBootstrap - Eureka environment value eureka.environment is not set, defaulting to test
2022-08-15 15:00:40.367 [main] INFO  org.apache.coyote.http11.Http11NioProtocol - Starting ProtocolHandler ["http-nio-18761"]
2022-08-15 15:00:40.374 [Thread-28] INFO  o.s.c.netflix.eureka.server.EurekaServerBootstrap - isAws returned false
2022-08-15 15:00:40.375 [Thread-28] INFO  o.s.c.netflix.eureka.server.EurekaServerBootstrap - Initialized server context
2022-08-15 15:00:40.376 [Thread-28] INFO  c.n.eureka.registry.PeerAwareInstanceRegistryImpl - Got 1 instances from neighboring DS node
2022-08-15 15:00:40.376 [Thread-28] INFO  c.n.eureka.registry.PeerAwareInstanceRegistryImpl - Renew threshold is: 1
2022-08-15 15:00:40.376 [Thread-28] INFO  c.n.eureka.registry.PeerAwareInstanceRegistryImpl - Changing status to UP
2022-08-15 15:00:40.383 [Thread-28] INFO  o.s.c.n.e.s.EurekaServerInitializerConfiguration - Started Eureka Server
2022-08-15 15:00:40.392 [main] INFO  o.s.boot.web.embedded.tomcat.TomcatWebServer - Tomcat started on port(s): 18761 (http) with context path ''
2022-08-15 15:00:40.393 [main] INFO  o.s.c.n.e.s.EurekaAutoServiceRegistration - Updating port to 18761
2022-08-15 15:00:41.551 [main] INFO  org.springframework.cloud.commons.util.InetUtils - Cannot determine local hostname
2022-08-15 15:00:41.553 [main] INFO  center.misaki.eureka.EurekaApp - Started EurekaApp in 10.002 seconds (JVM running for 10.768)
2022-08-15 15:00:41.643 [RMI TCP Connection(1)-198.18.0.1] INFO  o.a.c.core.ContainerBase.[Tomcat].[localhost].[/] - Initializing Spring DispatcherServlet 'dispatcherServlet'
2022-08-15 15:00:41.643 [RMI TCP Connection(1)-198.18.0.1] INFO  org.springframework.web.servlet.DispatcherServlet - Initializing Servlet 'dispatcherServlet'
2022-08-15 15:00:41.650 [RMI TCP Connection(1)-198.18.0.1] INFO  org.springframework.web.servlet.DispatcherServlet - Completed initialization in 7 ms
2022-08-15 15:01:19.019 [http-nio-18761-exec-2] INFO  c.netflix.eureka.registry.AbstractInstanceRegistry - Registered instance DEVICE-DATA/localhost:device-data:8002 with status UP (replication=false)
2022-08-15 15:01:19.591 [http-nio-18761-exec-3] INFO  c.netflix.eureka.registry.AbstractInstanceRegistry - Registered instance DEVICE-DATA/localhost:device-data:8002 with status UP (replication=true)
2022-08-15 15:01:25.390 [http-nio-18761-exec-5] INFO  c.netflix.eureka.registry.AbstractInstanceRegistry - Registered instance GATEWAY/localhost:gateway with status UP (replication=false)
2022-08-15 15:01:25.912 [http-nio-18761-exec-8] INFO  c.netflix.eureka.registry.AbstractInstanceRegistry - Registered instance GATEWAY/localhost:gateway with status UP (replication=true)
2022-08-15 15:01:37.820 [http-nio-18761-exec-7] INFO  c.netflix.eureka.registry.AbstractInstanceRegistry - Registered instance AUTH-CENTER/localhost:auth-center:8001 with status UP (replication=false)
2022-08-15 15:01:38.341 [http-nio-18761-exec-10] INFO  c.netflix.eureka.registry.AbstractInstanceRegistry - Registered instance AUTH-CENTER/localhost:auth-center:8001 with status UP (replication=true)
2022-08-15 15:01:40.393 [Eureka-EvictionTimer] INFO  c.netflix.eureka.registry.AbstractInstanceRegistry - Running the evict task with compensationTime 0ms
2022-08-15 15:02:40.397 [Eureka-EvictionTimer] INFO  c.netflix.eureka.registry.AbstractInstanceRegistry - Running the evict task with compensationTime 3ms
2022-08-15 15:03:40.411 [Eureka-EvictionTimer] INFO  c.netflix.eureka.registry.AbstractInstanceRegistry - Running the evict task with compensationTime 14ms
2022-08-15 15:04:40.424 [Eureka-EvictionTimer] INFO  c.netflix.eureka.registry.AbstractInstanceRegistry - Running the evict task with compensationTime 12ms
2022-08-15 15:05:40.431 [Eureka-EvictionTimer] INFO  c.netflix.eureka.registry.AbstractInstanceRegistry - Running the evict task with compensationTime 7ms
2022-08-15 15:06:40.442 [Eureka-EvictionTimer] INFO  c.netflix.eureka.registry.AbstractInstanceRegistry - Running the evict task with compensationTime 10ms
2022-08-15 15:07:40.456 [Eureka-EvictionTimer] INFO  c.netflix.eureka.registry.AbstractInstanceRegistry - Running the evict task with compensationTime 13ms
2022-08-15 15:08:40.458 [Eureka-EvictionTimer] INFO  c.netflix.eureka.registry.AbstractInstanceRegistry - Running the evict task with compensationTime 2ms
2022-08-15 15:09:40.466 [Eureka-EvictionTimer] INFO  c.netflix.eureka.registry.AbstractInstanceRegistry - Running the evict task with compensationTime 7ms
2022-08-15 15:10:40.481 [Eureka-EvictionTimer] INFO  c.netflix.eureka.registry.AbstractInstanceRegistry - Running the evict task with compensationTime 15ms
2022-08-15 15:11:40.497 [Eureka-EvictionTimer] INFO  c.netflix.eureka.registry.AbstractInstanceRegistry - Running the evict task with compensationTime 15ms
2022-08-15 15:12:40.509 [Eureka-EvictionTimer] INFO  c.netflix.eureka.registry.AbstractInstanceRegistry - Running the evict task with compensationTime 12ms
2022-08-15 15:13:40.515 [Eureka-EvictionTimer] INFO  c.netflix.eureka.registry.AbstractInstanceRegistry - Running the evict task with compensationTime 5ms
2022-08-15 15:14:40.520 [Eureka-EvictionTimer] INFO  c.netflix.eureka.registry.AbstractInstanceRegistry - Running the evict task with compensationTime 4ms
2022-08-15 15:14:52.525 [http-nio-18761-exec-10] INFO  c.netflix.eureka.registry.AbstractInstanceRegistry - Registered instance DEVICE-DATA/localhost:device-data:8002 with status DOWN (replication=false)
2022-08-15 15:14:53.043 [http-nio-18761-exec-5] INFO  c.netflix.eureka.registry.AbstractInstanceRegistry - Registered instance DEVICE-DATA/localhost:device-data:8002 with status DOWN (replication=true)
2022-08-15 15:14:55.556 [http-nio-18761-exec-1] INFO  c.netflix.eureka.registry.AbstractInstanceRegistry - Cancelled instance DEVICE-DATA/localhost:device-data:8002 (replication=false)
2022-08-15 15:14:56.083 [http-nio-18761-exec-6] WARN  c.netflix.eureka.registry.AbstractInstanceRegistry - DS: Registry: cancel failed because Lease is not registered for: DEVICE-DATA/localhost:device-data:8002
2022-08-15 15:14:56.083 [http-nio-18761-exec-6] INFO  com.netflix.eureka.resources.InstanceResource - Not Found (Cancel): DEVICE-DATA - localhost:device-data:8002
2022-08-15 15:14:56.084 [TaskBatchingWorker-target_localhost-5] WARN  com.netflix.eureka.cluster.ReplicationTask - The replication of task DEVICE-DATA/localhost:device-data:8002:Cancel@localhost failed with response code 404
2022-08-15 15:14:56.084 [TaskBatchingWorker-target_localhost-5] WARN  com.netflix.eureka.cluster.PeerEurekaNode - DEVICE-DATA/localhost:device-data:8002:Cancel@localhost: missing entry.
2022-08-15 15:15:30.013 [http-nio-18761-exec-4] INFO  c.netflix.eureka.registry.AbstractInstanceRegistry - Registered instance DEVICE-DATA/localhost:device-data:8002 with status UP (replication=false)
2022-08-15 15:15:30.540 [http-nio-18761-exec-6] INFO  c.netflix.eureka.registry.AbstractInstanceRegistry - Registered instance DEVICE-DATA/localhost:device-data:8002 with status UP (replication=true)
2022-08-15 15:15:40.303 [ReplicaAwareInstanceRegistry - RenewalThresholdUpdater] INFO  c.n.eureka.registry.PeerAwareInstanceRegistryImpl - Current renewal threshold is : 6
2022-08-15 15:15:40.524 [Eureka-EvictionTimer] INFO  c.netflix.eureka.registry.AbstractInstanceRegistry - Running the evict task with compensationTime 4ms
2022-08-15 15:16:40.530 [Eureka-EvictionTimer] INFO  c.netflix.eureka.registry.AbstractInstanceRegistry - Running the evict task with compensationTime 5ms
2022-08-15 15:17:40.539 [Eureka-EvictionTimer] INFO  c.netflix.eureka.registry.AbstractInstanceRegistry - Running the evict task with compensationTime 9ms
2022-08-15 15:18:40.544 [Eureka-EvictionTimer] INFO  c.netflix.eureka.registry.AbstractInstanceRegistry - Running the evict task with compensationTime 5ms
2022-08-15 15:19:40.549 [Eureka-EvictionTimer] INFO  c.netflix.eureka.registry.AbstractInstanceRegistry - Running the evict task with compensationTime 5ms
2022-08-15 15:20:40.559 [Eureka-EvictionTimer] INFO  c.netflix.eureka.registry.AbstractInstanceRegistry - Running the evict task with compensationTime 9ms
2022-08-15 15:21:40.568 [Eureka-EvictionTimer] INFO  c.netflix.eureka.registry.AbstractInstanceRegistry - Running the evict task with compensationTime 9ms
2022-08-15 15:22:40.570 [Eureka-EvictionTimer] INFO  c.netflix.eureka.registry.AbstractInstanceRegistry - Running the evict task with compensationTime 1ms
2022-08-15 15:23:40.574 [Eureka-EvictionTimer] INFO  c.netflix.eureka.registry.AbstractInstanceRegistry - Running the evict task with compensationTime 4ms
2022-08-15 15:24:40.574 [Eureka-EvictionTimer] INFO  c.netflix.eureka.registry.AbstractInstanceRegistry - Running the evict task with compensationTime 0ms
2022-08-15 15:25:40.588 [Eureka-EvictionTimer] INFO  c.netflix.eureka.registry.AbstractInstanceRegistry - Running the evict task with compensationTime 14ms
2022-08-15 15:26:40.593 [Eureka-EvictionTimer] INFO  c.netflix.eureka.registry.AbstractInstanceRegistry - Running the evict task with compensationTime 4ms
2022-08-15 15:27:40.607 [Eureka-EvictionTimer] INFO  c.netflix.eureka.registry.AbstractInstanceRegistry - Running the evict task with compensationTime 14ms
2022-08-15 15:28:40.616 [Eureka-EvictionTimer] INFO  c.netflix.eureka.registry.AbstractInstanceRegistry - Running the evict task with compensationTime 9ms
2022-08-15 15:29:40.625 [Eureka-EvictionTimer] INFO  c.netflix.eureka.registry.AbstractInstanceRegistry - Running the evict task with compensationTime 8ms
2022-08-15 15:30:40.304 [ReplicaAwareInstanceRegistry - RenewalThresholdUpdater] INFO  c.n.eureka.registry.PeerAwareInstanceRegistryImpl - Current renewal threshold is : 6
2022-08-15 15:30:40.637 [Eureka-EvictionTimer] INFO  c.netflix.eureka.registry.AbstractInstanceRegistry - Running the evict task with compensationTime 12ms
2022-08-15 15:31:40.652 [Eureka-EvictionTimer] INFO  c.netflix.eureka.registry.AbstractInstanceRegistry - Running the evict task with compensationTime 14ms
2022-08-15 15:32:10.332 [http-nio-18761-exec-5] INFO  c.netflix.eureka.registry.AbstractInstanceRegistry - Registered instance DEVICE-DATA/localhost:device-data:8002 with status DOWN (replication=false)
2022-08-15 15:32:10.857 [http-nio-18761-exec-7] INFO  c.netflix.eureka.registry.AbstractInstanceRegistry - Registered instance DEVICE-DATA/localhost:device-data:8002 with status DOWN (replication=true)
2022-08-15 15:32:13.373 [http-nio-18761-exec-4] INFO  c.netflix.eureka.registry.AbstractInstanceRegistry - Cancelled instance DEVICE-DATA/localhost:device-data:8002 (replication=false)
2022-08-15 15:32:13.900 [http-nio-18761-exec-10] WARN  c.netflix.eureka.registry.AbstractInstanceRegistry - DS: Registry: cancel failed because Lease is not registered for: DEVICE-DATA/localhost:device-data:8002
2022-08-15 15:32:13.900 [http-nio-18761-exec-10] INFO  com.netflix.eureka.resources.InstanceResource - Not Found (Cancel): DEVICE-DATA - localhost:device-data:8002
2022-08-15 15:32:13.901 [TaskBatchingWorker-target_localhost-12] WARN  com.netflix.eureka.cluster.ReplicationTask - The replication of task DEVICE-DATA/localhost:device-data:8002:Cancel@localhost failed with response code 404
2022-08-15 15:32:13.901 [TaskBatchingWorker-target_localhost-12] WARN  com.netflix.eureka.cluster.PeerEurekaNode - DEVICE-DATA/localhost:device-data:8002:Cancel@localhost: missing entry.
2022-08-15 15:32:40.663 [Eureka-EvictionTimer] INFO  c.netflix.eureka.registry.AbstractInstanceRegistry - Running the evict task with compensationTime 11ms
2022-08-15 15:32:46.011 [http-nio-18761-exec-3] INFO  c.netflix.eureka.registry.AbstractInstanceRegistry - Registered instance DEVICE-DATA/localhost:device-data:8002 with status UP (replication=false)
2022-08-15 15:32:46.535 [http-nio-18761-exec-1] INFO  c.netflix.eureka.registry.AbstractInstanceRegistry - Registered instance DEVICE-DATA/localhost:device-data:8002 with status UP (replication=true)
2022-08-15 15:33:40.674 [Eureka-EvictionTimer] INFO  c.netflix.eureka.registry.AbstractInstanceRegistry - Running the evict task with compensationTime 10ms
2022-08-15 15:34:40.679 [Eureka-EvictionTimer] INFO  c.netflix.eureka.registry.AbstractInstanceRegistry - Running the evict task with compensationTime 5ms
2022-08-15 15:35:40.694 [Eureka-EvictionTimer] INFO  c.netflix.eureka.registry.AbstractInstanceRegistry - Running the evict task with compensationTime 14ms
2022-08-15 15:36:40.697 [Eureka-EvictionTimer] INFO  c.netflix.eureka.registry.AbstractInstanceRegistry - Running the evict task with compensationTime 3ms
2022-08-15 15:37:23.077 [SpringContextShutdownHook] INFO  o.s.c.n.e.serviceregistry.EurekaServiceRegistry - Unregistering application UNKNOWN with eureka with status DOWN
2022-08-15 15:37:23.080 [SpringContextShutdownHook] INFO  com.netflix.eureka.DefaultEurekaServerContext - Shutting down ...
2022-08-15 15:37:23.081 [SpringContextShutdownHook] INFO  com.netflix.eureka.DefaultEurekaServerContext - Shut down
2022-08-15 15:37:23.084 [SpringContextShutdownHook] INFO  o.s.scheduling.concurrent.ThreadPoolTaskExecutor - Shutting down ExecutorService 'applicationTaskExecutor'
2022-08-15 15:37:23.087 [SpringContextShutdownHook] INFO  com.netflix.discovery.DiscoveryClient - Shutting down DiscoveryClient ...
2022-08-15 15:37:23.087 [SpringContextShutdownHook] INFO  com.netflix.discovery.DiscoveryClient - Completed shut down of DiscoveryClient
