2023-03-18 14:34:58.619 [main] INFO  org.springframework.core.KotlinDetector - Kotlin reflection implementation not found at runtime, related features won't be available.
2023-03-18 14:35:00.337 [main] INFO  o.s.c.s.PostProcessorRegistrationDelegate$BeanPostProcessorChecker - Bean 'org.springframework.cloud.autoconfigure.ConfigurationPropertiesRebinderAutoConfiguration' of type [org.springframework.cloud.autoconfigure.ConfigurationPropertiesRebinderAutoConfiguration] is not eligible for getting processed by all BeanPostProcessors (for example: not eligible for auto-proxying)
2023-03-18 14:35:01.641 [main] INFO  center.misaki.device.DataApp - The following profiles are active: dev
2023-03-18 14:35:02.741 [main] INFO  o.springframework.cloud.context.scope.GenericScope - BeanFactory id=a55895ea-0875-39be-bf9f-c58ec937076b
2023-03-18 14:35:02.784 [main] INFO  o.s.c.s.PostProcessorRegistrationDelegate$BeanPostProcessorChecker - Bean 'asyncTaskExecutePool' of type [center.misaki.device.Config.AsyncTaskExecutePool$$EnhancerBySpringCGLIB$$35a3ecdf] is not eligible for getting processed by all BeanPostProcessors (for example: not eligible for auto-proxying)
2023-03-18 14:35:02.843 [main] INFO  o.s.c.s.PostProcessorRegistrationDelegate$BeanPostProcessorChecker - Bean 'org.springframework.transaction.annotation.ProxyTransactionManagementConfiguration' of type [org.springframework.transaction.annotation.ProxyTransactionManagementConfiguration] is not eligible for getting processed by all BeanPostProcessors (for example: not eligible for auto-proxying)
2023-03-18 14:35:02.938 [main] INFO  o.s.c.s.PostProcessorRegistrationDelegate$BeanPostProcessorChecker - Bean 'org.springframework.cloud.autoconfigure.ConfigurationPropertiesRebinderAutoConfiguration' of type [org.springframework.cloud.autoconfigure.ConfigurationPropertiesRebinderAutoConfiguration] is not eligible for getting processed by all BeanPostProcessors (for example: not eligible for auto-proxying)
2023-03-18 14:35:03.146 [main] INFO  o.s.boot.web.embedded.tomcat.TomcatWebServer - Tomcat initialized with port(s): 8002 (http)
2023-03-18 14:35:03.154 [main] INFO  org.apache.coyote.http11.Http11NioProtocol - Initializing ProtocolHandler ["http-nio-8002"]
2023-03-18 14:35:03.154 [main] INFO  org.apache.catalina.core.StandardService - Starting service [Tomcat]
2023-03-18 14:35:03.155 [main] INFO  org.apache.catalina.core.StandardEngine - Starting Servlet engine: [Apache Tomcat/9.0.30]
2023-03-18 14:35:03.303 [main] INFO  o.a.c.core.ContainerBase.[Tomcat].[localhost].[/] - Initializing Spring embedded WebApplicationContext
2023-03-18 14:35:03.303 [main] INFO  org.springframework.web.context.ContextLoader - Root WebApplicationContext: initialization completed in 1634 ms
2023-03-18 14:35:03.610 [main] INFO  c.a.d.s.b.a.DruidDataSourceAutoConfigure - Init DruidDataSource
2023-03-18 14:35:03.841 [main] INFO  com.alibaba.druid.pool.DruidDataSource - {dataSource-1} inited
2023-03-18 14:35:04.644 [main] INFO  o.s.scheduling.concurrent.ThreadPoolTaskExecutor - Initializing ExecutorService 'applicationTaskExecutor'
2023-03-18 14:35:04.872 [main] WARN  com.netflix.config.sources.URLConfigurationSource - No URLs will be polled as dynamic configuration sources.
2023-03-18 14:35:04.872 [main] INFO  com.netflix.config.sources.URLConfigurationSource - To enable URLs as dynamic configuration sources, define System property archaius.configurationSource.additionalUrls or make config.properties available on classpath.
2023-03-18 14:35:04.875 [main] WARN  com.netflix.config.sources.URLConfigurationSource - No URLs will be polled as dynamic configuration sources.
2023-03-18 14:35:04.875 [main] INFO  com.netflix.config.sources.URLConfigurationSource - To enable URLs as dynamic configuration sources, define System property archaius.configurationSource.additionalUrls or make config.properties available on classpath.
2023-03-18 14:35:06.375 [main] INFO  org.springframework.cloud.commons.util.InetUtils - Cannot determine local hostname
2023-03-18 14:35:07.576 [main] INFO  org.springframework.cloud.commons.util.InetUtils - Cannot determine local hostname
2023-03-18 14:35:08.790 [main] INFO  org.springframework.cloud.commons.util.InetUtils - Cannot determine local hostname
2023-03-18 14:35:08.805 [main] WARN  o.s.c.l.c.BlockingLoadBalancerClientAutoConfiguration$BlockingLoadBalancerClientRibbonWarnLogger - You already have RibbonLoadBalancerClient on your classpath. It will be used by default. As Spring Cloud Ribbon is in maintenance mode. We recommend switching to BlockingLoadBalancerClient instead. In order to use it, set the value of `spring.cloud.loadbalancer.ribbon.enabled` to `false` or remove spring-cloud-starter-netflix-ribbon from your project.
2023-03-18 14:35:08.843 [main] WARN  o.s.c.l.c.LoadBalancerCacheAutoConfiguration$LoadBalancerCaffeineWarnLogger - Spring Cloud LoadBalancer is currently working with default default cache. You can switch to using Caffeine cache, by adding it to the classpath.
2023-03-18 14:35:08.904 [main] INFO  o.s.cloud.netflix.eureka.InstanceInfoFactory - Setting initial instance status as: STARTING
2023-03-18 14:35:08.926 [main] INFO  com.netflix.discovery.DiscoveryClient - Initializing Eureka in region us-east-1
2023-03-18 14:35:09.032 [main] INFO  c.n.discovery.provider.DiscoveryJerseyProvider - Using JSON encoding codec LegacyJacksonJson
2023-03-18 14:35:09.033 [main] INFO  c.n.discovery.provider.DiscoveryJerseyProvider - Using JSON decoding codec LegacyJacksonJson
2023-03-18 14:35:09.118 [main] INFO  c.n.discovery.provider.DiscoveryJerseyProvider - Using XML encoding codec XStreamXml
2023-03-18 14:35:09.118 [main] INFO  c.n.discovery.provider.DiscoveryJerseyProvider - Using XML decoding codec XStreamXml
2023-03-18 14:35:09.255 [main] INFO  c.n.d.shared.resolver.aws.ConfigClusterResolver - Resolving eureka endpoints via configuration
2023-03-18 14:35:09.409 [main] INFO  com.netflix.discovery.DiscoveryClient - Disable delta property : false
2023-03-18 14:35:09.410 [main] INFO  com.netflix.discovery.DiscoveryClient - Single vip registry refresh property : null
2023-03-18 14:35:09.410 [main] INFO  com.netflix.discovery.DiscoveryClient - Force full registry fetch : false
2023-03-18 14:35:09.410 [main] INFO  com.netflix.discovery.DiscoveryClient - Application is null : false
2023-03-18 14:35:09.410 [main] INFO  com.netflix.discovery.DiscoveryClient - Registered Applications size is zero : true
2023-03-18 14:35:09.410 [main] INFO  com.netflix.discovery.DiscoveryClient - Application version is -1: true
2023-03-18 14:35:09.410 [main] INFO  com.netflix.discovery.DiscoveryClient - Getting all instance registry info from the eureka server
2023-03-18 14:35:09.515 [main] INFO  com.netflix.discovery.DiscoveryClient - The response status is 200
2023-03-18 14:35:09.516 [main] INFO  com.netflix.discovery.DiscoveryClient - Starting heartbeat executor: renew interval is: 30
2023-03-18 14:35:09.518 [main] INFO  com.netflix.discovery.InstanceInfoReplicator - InstanceInfoReplicator onDemand update allowed rate per min is 4
2023-03-18 14:35:09.520 [main] INFO  com.netflix.discovery.DiscoveryClient - Discovery Client initialized at timestamp 1679121309519 with initial instances count: 1
2023-03-18 14:35:09.524 [main] INFO  o.s.c.n.e.serviceregistry.EurekaServiceRegistry - Registering application DEVICE-DATA with eureka with status UP
2023-03-18 14:35:09.525 [main] INFO  com.netflix.discovery.DiscoveryClient - Saw local status change event StatusChangeEvent [timestamp=1679121309525, current=UP, previous=STARTING]
2023-03-18 14:35:09.526 [DiscoveryClient-InstanceInfoReplicator-0] INFO  com.netflix.discovery.DiscoveryClient - DiscoveryClient_DEVICE-DATA/localhost:device-data:8002: registering service...
2023-03-18 14:35:09.535 [main] INFO  org.apache.coyote.http11.Http11NioProtocol - Starting ProtocolHandler ["http-nio-8002"]
2023-03-18 14:35:09.558 [main] INFO  o.s.boot.web.embedded.tomcat.TomcatWebServer - Tomcat started on port(s): 8002 (http) with context path ''
2023-03-18 14:35:09.559 [main] INFO  o.s.c.n.e.s.EurekaAutoServiceRegistration - Updating port to 8002
2023-03-18 14:35:09.566 [DiscoveryClient-InstanceInfoReplicator-0] INFO  com.netflix.discovery.DiscoveryClient - DiscoveryClient_DEVICE-DATA/localhost:device-data:8002 - registration status: 204
2023-03-18 14:35:10.738 [main] INFO  org.springframework.cloud.commons.util.InetUtils - Cannot determine local hostname
2023-03-18 14:35:10.740 [main] INFO  center.misaki.device.DataApp - Started DataApp in 12.074 seconds (JVM running for 12.875)
2023-03-18 14:36:28.987 [http-nio-8002-exec-1] INFO  o.a.c.core.ContainerBase.[Tomcat].[localhost].[/] - Initializing Spring DispatcherServlet 'dispatcherServlet'
2023-03-18 14:36:28.988 [http-nio-8002-exec-1] INFO  org.springframework.web.servlet.DispatcherServlet - Initializing Servlet 'dispatcherServlet'
2023-03-18 14:36:28.998 [http-nio-8002-exec-1] INFO  org.springframework.web.servlet.DispatcherServlet - Completed initialization in 10 ms
2023-03-18 14:36:29.031 [http-nio-8002-exec-1] INFO  center.misaki.device.Aspect.ControllerLogAop - Request URL: [http://localhost:8002/form/initMenu], URI: [/form/initMenu], Request Method: [POST], IP: [127.0.0.1]
2023-03-18 14:36:29.032 [http-nio-8002-exec-1] INFO  center.misaki.device.Aspect.ControllerLogAop - FormStructureController.initMenu Parameters: [[58]]
2023-03-18 14:36:29.234 [http-nio-8002-exec-1] INFO  center.misaki.device.Aspect.ControllerLogAop - FormStructureController.initMenu Response: [{"code":0,"msg":"成功初始化菜单"}]
2023-03-18 14:36:29.235 [http-nio-8002-exec-1] INFO  center.misaki.device.Aspect.ControllerLogAop - Usage:
StopWatch '/form/initMenu': running time = 209000800 ns
---------------------------------------------
ns         %     Task name
---------------------------------------------
006242601  003%  PrintRequest
200659100  096%  FormStructureController#initMenu
002099099  001%  PrintResponse

2023-03-18 14:36:31.433 [http-nio-8002-exec-2] INFO  center.misaki.device.Aspect.ControllerLogAop - Request URL: [http://localhost:8002/form/initTemplate], URI: [/form/initTemplate], Request Method: [POST], IP: [127.0.0.1]
2023-03-18 14:36:31.434 [http-nio-8002-exec-2] INFO  center.misaki.device.Aspect.ControllerLogAop - FormStructureController.initTemplate Parameters: [[58]]
2023-03-18 14:36:31.608 [http-nio-8002-exec-2] INFO  center.misaki.device.Aspect.ControllerLogAop - FormStructureController.initTemplate Response: [{"code":0,"msg":"表单模板创建成功"}]
2023-03-18 14:36:31.609 [http-nio-8002-exec-2] INFO  center.misaki.device.Aspect.ControllerLogAop - Usage:
StopWatch '/form/initTemplate': running time = 176125900 ns
---------------------------------------------
ns         %     Task name
---------------------------------------------
000733300  000%  PrintRequest
175022600  099%  FormStructureController#initTemplate
000370000  000%  PrintResponse

2023-03-18 14:36:44.713 [http-nio-8002-exec-4] INFO  center.misaki.device.Aspect.ControllerLogAop - Request URL: [http://localhost:8002/work/queryWorkLog/copy], URI: [/work/queryWorkLog/copy], Request Method: [GET], IP: [127.0.0.1]
2023-03-18 14:36:44.713 [http-nio-8002-exec-5] INFO  center.misaki.device.Aspect.ControllerLogAop - Request URL: [http://localhost:8002/work/queryWorkLog/wait], URI: [/work/queryWorkLog/wait], Request Method: [GET], IP: [127.0.0.1]
2023-03-18 14:36:44.713 [http-nio-8002-exec-3] INFO  center.misaki.device.Aspect.ControllerLogAop - Request URL: [http://localhost:8002/work/queryWorkLog/handle], URI: [/work/queryWorkLog/handle], Request Method: [GET], IP: [127.0.0.1]
2023-03-18 14:36:44.713 [http-nio-8002-exec-5] INFO  center.misaki.device.Aspect.ControllerLogAop - WorkLogController.queryWorkLogWait Parameters: [["eJxlUN1ugjAYfZdeO4Ooi3jnQFmJhahThGUXWKq0lMJoUWTZu69mWeayu+/85sv5AAnGZSOUX4p5W9GapGCq6ob07oRlifM7vlFZWVNFiQTT17cewDVJFKl/dA1TIhRNuPxfSkRy4L9QlHWR8FlaUAGmR53QnLzKv4QighS6EerYeKJxmROtAnL1soOLaUA9uO3gwKdQQrEeYxs+wrza72zP6msTJ88zGrC56Xd5i9jJRM5KG3ddvPeOh2Kh4o0OiDXHw9UV2bqkqIzkxrGYow6agevxZYiGiEHlO6dLsDFGyNzRZbjIUBGN4mLNIxO10eaW9WUS7pp0YVXx7RHxxCC9UGz6Z+xuacAljcJWQj6w+s48a4fIbo334X5yWLinAWsfNvglc0i8Ymfm5EwyKzuH2QT0QCNJfdvAGn3fIimInkERqUwDfH4BQGWeKQ=="]]
2023-03-18 14:36:44.713 [http-nio-8002-exec-4] INFO  center.misaki.device.Aspect.ControllerLogAop - WorkLogController.queryWorkLogCopy Parameters: [["eJxlUN1ugjAYfZdeO4Ooi3jnQFmJhahThGUXWKq0lMJoUWTZu69mWeayu+/85sv5AAnGZSOUX4p5W9GapGCq6ob07oRlifM7vlFZWVNFiQTT17cewDVJFKl/dA1TIhRNuPxfSkRy4L9QlHWR8FlaUAGmR53QnLzKv4QighS6EerYeKJxmROtAnL1soOLaUA9uO3gwKdQQrEeYxs+wrza72zP6msTJ88zGrC56Xd5i9jJRM5KG3ddvPeOh2Kh4o0OiDXHw9UV2bqkqIzkxrGYow6agevxZYiGiEHlO6dLsDFGyNzRZbjIUBGN4mLNIxO10eaW9WUS7pp0YVXx7RHxxCC9UGz6Z+xuacAljcJWQj6w+s48a4fIbo334X5yWLinAWsfNvglc0i8Ymfm5EwyKzuH2QT0QCNJfdvAGn3fIimInkERqUwDfH4BQGWeKQ=="]]
2023-03-18 14:36:44.713 [http-nio-8002-exec-3] INFO  center.misaki.device.Aspect.ControllerLogAop - WorkLogController.queryWorkLogHandle Parameters: [["eJxlUN1ugjAYfZdeO4Ooi3jnQFmJhahThGUXWKq0lMJoUWTZu69mWeayu+/85sv5AAnGZSOUX4p5W9GapGCq6ob07oRlifM7vlFZWVNFiQTT17cewDVJFKl/dA1TIhRNuPxfSkRy4L9QlHWR8FlaUAGmR53QnLzKv4QighS6EerYeKJxmROtAnL1soOLaUA9uO3gwKdQQrEeYxs+wrza72zP6msTJ88zGrC56Xd5i9jJRM5KG3ddvPeOh2Kh4o0OiDXHw9UV2bqkqIzkxrGYow6agevxZYiGiEHlO6dLsDFGyNzRZbjIUBGN4mLNIxO10eaW9WUS7pp0YVXx7RHxxCC9UGz6Z+xuacAljcJWQj6w+s48a4fIbo334X5yWLinAWsfNvglc0i8Ymfm5EwyKzuH2QT0QCNJfdvAGn3fIimInkERqUwDfH4BQGWeKQ=="]]
2023-03-18 14:36:44.718 [http-nio-8002-exec-6] INFO  center.misaki.device.Aspect.ControllerLogAop - Request URL: [http://localhost:8002/work/queryWorkLog/launch], URI: [/work/queryWorkLog/launch], Request Method: [GET], IP: [127.0.0.1]
2023-03-18 14:36:44.718 [http-nio-8002-exec-6] INFO  center.misaki.device.Aspect.ControllerLogAop - WorkLogController.queryWorkLogLunch Parameters: [["eJxlUN1ugjAYfZdeO4Ooi3jnQFmJhahThGUXWKq0lMJoUWTZu69mWeayu+/85sv5AAnGZSOUX4p5W9GapGCq6ob07oRlifM7vlFZWVNFiQTT17cewDVJFKl/dA1TIhRNuPxfSkRy4L9QlHWR8FlaUAGmR53QnLzKv4QighS6EerYeKJxmROtAnL1soOLaUA9uO3gwKdQQrEeYxs+wrza72zP6msTJ88zGrC56Xd5i9jJRM5KG3ddvPeOh2Kh4o0OiDXHw9UV2bqkqIzkxrGYow6agevxZYiGiEHlO6dLsDFGyNzRZbjIUBGN4mLNIxO10eaW9WUS7pp0YVXx7RHxxCC9UGz6Z+xuacAljcJWQj6w+s48a4fIbo334X5yWLinAWsfNvglc0i8Ymfm5EwyKzuH2QT0QCNJfdvAGn3fIimInkERqUwDfH4BQGWeKQ=="]]
2023-03-18 14:36:44.743 [http-nio-8002-exec-6] INFO  center.misaki.device.Aspect.ControllerLogAop - WorkLogController.queryWorkLogLunch Response: [{"code":0,"data":[],"msg":"获取成功"}]
2023-03-18 14:36:44.743 [http-nio-8002-exec-4] INFO  center.misaki.device.Aspect.ControllerLogAop - WorkLogController.queryWorkLogCopy Response: [{"code":0,"data":[],"msg":"获取成功"}]
2023-03-18 14:36:44.743 [http-nio-8002-exec-4] INFO  center.misaki.device.Aspect.ControllerLogAop - Usage:
StopWatch '/work/queryWorkLog/copy': running time = 30596100 ns
---------------------------------------------
ns         %     Task name
---------------------------------------------
000513300  002%  PrintRequest
029103800  095%  WorkLogController#queryWorkLogCopy
000979000  003%  PrintResponse

2023-03-18 14:36:44.743 [http-nio-8002-exec-3] INFO  center.misaki.device.Aspect.ControllerLogAop - WorkLogController.queryWorkLogHandle Response: [{"code":0,"data":[],"msg":"获取成功"}]
2023-03-18 14:36:44.743 [http-nio-8002-exec-6] INFO  center.misaki.device.Aspect.ControllerLogAop - Usage:
StopWatch '/work/queryWorkLog/launch': running time = 25494501 ns
---------------------------------------------
ns         %     Task name
---------------------------------------------
000460900  002%  PrintRequest
024082500  094%  WorkLogController#queryWorkLogLunch
000951101  004%  PrintResponse

2023-03-18 14:36:44.743 [http-nio-8002-exec-5] INFO  center.misaki.device.Aspect.ControllerLogAop - WorkLogController.queryWorkLogWait Response: [{"code":0,"data":[],"msg":"获取成功"}]
2023-03-18 14:36:44.743 [http-nio-8002-exec-3] INFO  center.misaki.device.Aspect.ControllerLogAop - Usage:
StopWatch '/work/queryWorkLog/handle': running time = 30797299 ns
---------------------------------------------
ns         %     Task name
---------------------------------------------
000605400  002%  PrintRequest
029020199  094%  WorkLogController#queryWorkLogHandle
001171700  004%  PrintResponse

2023-03-18 14:36:44.743 [http-nio-8002-exec-5] INFO  center.misaki.device.Aspect.ControllerLogAop - Usage:
StopWatch '/work/queryWorkLog/wait': running time = 30869701 ns
---------------------------------------------
ns         %     Task name
---------------------------------------------
000502200  002%  PrintRequest
030291201  098%  WorkLogController#queryWorkLogWait
000076300  000%  PrintResponse

2023-03-18 14:36:45.078 [http-nio-8002-exec-8] INFO  center.misaki.device.Aspect.ControllerLogAop - Request URL: [http://localhost:8002/work/queryWorkLog/wait], URI: [/work/queryWorkLog/wait], Request Method: [GET], IP: [127.0.0.1]
2023-03-18 14:36:45.078 [http-nio-8002-exec-7] INFO  center.misaki.device.Aspect.ControllerLogAop - Request URL: [http://localhost:8002/work/queryWorkLog/launch], URI: [/work/queryWorkLog/launch], Request Method: [GET], IP: [127.0.0.1]
2023-03-18 14:36:45.078 [http-nio-8002-exec-7] INFO  center.misaki.device.Aspect.ControllerLogAop - WorkLogController.queryWorkLogLunch Parameters: [["eJxlUN1ugjAYfZdeO4Ooi3jnQFmJhahThGUXWKq0lMJoUWTZu69mWeayu+/85sv5AAnGZSOUX4p5W9GapGCq6ob07oRlifM7vlFZWVNFiQTT17cewDVJFKl/dA1TIhRNuPxfSkRy4L9QlHWR8FlaUAGmR53QnLzKv4QighS6EerYeKJxmROtAnL1soOLaUA9uO3gwKdQQrEeYxs+wrza72zP6msTJ88zGrC56Xd5i9jJRM5KG3ddvPeOh2Kh4o0OiDXHw9UV2bqkqIzkxrGYow6agevxZYiGiEHlO6dLsDFGyNzRZbjIUBGN4mLNIxO10eaW9WUS7pp0YVXx7RHxxCC9UGz6Z+xuacAljcJWQj6w+s48a4fIbo334X5yWLinAWsfNvglc0i8Ymfm5EwyKzuH2QT0QCNJfdvAGn3fIimInkERqUwDfH4BQGWeKQ=="]]
2023-03-18 14:36:45.078 [http-nio-8002-exec-8] INFO  center.misaki.device.Aspect.ControllerLogAop - WorkLogController.queryWorkLogWait Parameters: [["eJxlUN1ugjAYfZdeO4Ooi3jnQFmJhahThGUXWKq0lMJoUWTZu69mWeayu+/85sv5AAnGZSOUX4p5W9GapGCq6ob07oRlifM7vlFZWVNFiQTT17cewDVJFKl/dA1TIhRNuPxfSkRy4L9QlHWR8FlaUAGmR53QnLzKv4QighS6EerYeKJxmROtAnL1soOLaUA9uO3gwKdQQrEeYxs+wrza72zP6msTJ88zGrC56Xd5i9jJRM5KG3ddvPeOh2Kh4o0OiDXHw9UV2bqkqIzkxrGYow6agevxZYiGiEHlO6dLsDFGyNzRZbjIUBGN4mLNIxO10eaW9WUS7pp0YVXx7RHxxCC9UGz6Z+xuacAljcJWQj6w+s48a4fIbo334X5yWLinAWsfNvglc0i8Ymfm5EwyKzuH2QT0QCNJfdvAGn3fIimInkERqUwDfH4BQGWeKQ=="]]
2023-03-18 14:36:45.081 [http-nio-8002-exec-8] INFO  center.misaki.device.Aspect.ControllerLogAop - WorkLogController.queryWorkLogWait Response: [{"code":0,"data":[],"msg":"获取成功"}]
2023-03-18 14:36:45.081 [http-nio-8002-exec-7] INFO  center.misaki.device.Aspect.ControllerLogAop - WorkLogController.queryWorkLogLunch Response: [{"code":0,"data":[],"msg":"获取成功"}]
2023-03-18 14:36:45.082 [http-nio-8002-exec-7] INFO  center.misaki.device.Aspect.ControllerLogAop - Usage:
StopWatch '/work/queryWorkLog/launch': running time = 3026201 ns
---------------------------------------------
ns         %     Task name
---------------------------------------------
000576100  019%  PrintRequest
002206201  073%  WorkLogController#queryWorkLogLunch
000243900  008%  PrintResponse

2023-03-18 14:36:45.082 [http-nio-8002-exec-8] INFO  center.misaki.device.Aspect.ControllerLogAop - Usage:
StopWatch '/work/queryWorkLog/wait': running time = 3011101 ns
---------------------------------------------
ns         %     Task name
---------------------------------------------
000589401  020%  PrintRequest
002196100  073%  WorkLogController#queryWorkLogWait
000225600  007%  PrintResponse

2023-03-18 14:36:45.093 [http-nio-8002-exec-9] INFO  center.misaki.device.Aspect.ControllerLogAop - Request URL: [http://localhost:8002/work/queryWorkLog/handle], URI: [/work/queryWorkLog/handle], Request Method: [GET], IP: [127.0.0.1]
2023-03-18 14:36:45.093 [http-nio-8002-exec-10] INFO  center.misaki.device.Aspect.ControllerLogAop - Request URL: [http://localhost:8002/work/queryWorkLog/copy], URI: [/work/queryWorkLog/copy], Request Method: [GET], IP: [127.0.0.1]
2023-03-18 14:36:45.094 [http-nio-8002-exec-9] INFO  center.misaki.device.Aspect.ControllerLogAop - WorkLogController.queryWorkLogHandle Parameters: [["eJxlUN1ugjAYfZdeO4Ooi3jnQFmJhahThGUXWKq0lMJoUWTZu69mWeayu+/85sv5AAnGZSOUX4p5W9GapGCq6ob07oRlifM7vlFZWVNFiQTT17cewDVJFKl/dA1TIhRNuPxfSkRy4L9QlHWR8FlaUAGmR53QnLzKv4QighS6EerYeKJxmROtAnL1soOLaUA9uO3gwKdQQrEeYxs+wrza72zP6msTJ88zGrC56Xd5i9jJRM5KG3ddvPeOh2Kh4o0OiDXHw9UV2bqkqIzkxrGYow6agevxZYiGiEHlO6dLsDFGyNzRZbjIUBGN4mLNIxO10eaW9WUS7pp0YVXx7RHxxCC9UGz6Z+xuacAljcJWQj6w+s48a4fIbo334X5yWLinAWsfNvglc0i8Ymfm5EwyKzuH2QT0QCNJfdvAGn3fIimInkERqUwDfH4BQGWeKQ=="]]
2023-03-18 14:36:45.094 [http-nio-8002-exec-10] INFO  center.misaki.device.Aspect.ControllerLogAop - WorkLogController.queryWorkLogCopy Parameters: [["eJxlUN1ugjAYfZdeO4Ooi3jnQFmJhahThGUXWKq0lMJoUWTZu69mWeayu+/85sv5AAnGZSOUX4p5W9GapGCq6ob07oRlifM7vlFZWVNFiQTT17cewDVJFKl/dA1TIhRNuPxfSkRy4L9QlHWR8FlaUAGmR53QnLzKv4QighS6EerYeKJxmROtAnL1soOLaUA9uO3gwKdQQrEeYxs+wrza72zP6msTJ88zGrC56Xd5i9jJRM5KG3ddvPeOh2Kh4o0OiDXHw9UV2bqkqIzkxrGYow6agevxZYiGiEHlO6dLsDFGyNzRZbjIUBGN4mLNIxO10eaW9WUS7pp0YVXx7RHxxCC9UGz6Z+xuacAljcJWQj6w+s48a4fIbo334X5yWLinAWsfNvglc0i8Ymfm5EwyKzuH2QT0QCNJfdvAGn3fIimInkERqUwDfH4BQGWeKQ=="]]
2023-03-18 14:36:45.096 [http-nio-8002-exec-9] INFO  center.misaki.device.Aspect.ControllerLogAop - WorkLogController.queryWorkLogHandle Response: [{"code":0,"data":[],"msg":"获取成功"}]
2023-03-18 14:36:45.096 [http-nio-8002-exec-10] INFO  center.misaki.device.Aspect.ControllerLogAop - WorkLogController.queryWorkLogCopy Response: [{"code":0,"data":[],"msg":"获取成功"}]
2023-03-18 14:36:45.096 [http-nio-8002-exec-9] INFO  center.misaki.device.Aspect.ControllerLogAop - Usage:
StopWatch '/work/queryWorkLog/handle': running time = 2744599 ns
---------------------------------------------
ns         %     Task name
---------------------------------------------
000350799  013%  PrintRequest
002232300  081%  WorkLogController#queryWorkLogHandle
000161500  006%  PrintResponse

2023-03-18 14:36:45.096 [http-nio-8002-exec-10] INFO  center.misaki.device.Aspect.ControllerLogAop - Usage:
StopWatch '/work/queryWorkLog/copy': running time = 2763100 ns
---------------------------------------------
ns         %     Task name
---------------------------------------------
000368600  013%  PrintRequest
002216000  080%  WorkLogController#queryWorkLogCopy
000178500  006%  PrintResponse

2023-03-18 14:36:45.367 [http-nio-8002-exec-1] INFO  center.misaki.device.Aspect.ControllerLogAop - Request URL: [http://localhost:8002/form/menu], URI: [/form/menu], Request Method: [GET], IP: [127.0.0.1]
2023-03-18 14:36:45.368 [http-nio-8002-exec-1] INFO  center.misaki.device.Aspect.ControllerLogAop - FormStructureController.getMenuForms Parameters: [["eJxlUN1ugjAYfZdeO4Ooi3jnQFmJhahThGUXWKq0lMJoUWTZu69mWeayu+/85sv5AAnGZSOUX4p5W9GapGCq6ob07oRlifM7vlFZWVNFiQTT17cewDVJFKl/dA1TIhRNuPxfSkRy4L9QlHWR8FlaUAGmR53QnLzKv4QighS6EerYeKJxmROtAnL1soOLaUA9uO3gwKdQQrEeYxs+wrza72zP6msTJ88zGrC56Xd5i9jJRM5KG3ddvPeOh2Kh4o0OiDXHw9UV2bqkqIzkxrGYow6agevxZYiGiEHlO6dLsDFGyNzRZbjIUBGN4mLNIxO10eaW9WUS7pp0YVXx7RHxxCC9UGz6Z+xuacAljcJWQj6w+s48a4fIbo334X5yWLinAWsfNvglc0i8Ymfm5EwyKzuH2QT0QCNJfdvAGn3fIimInkERqUwDfH4BQGWeKQ=="]]
2023-03-18 14:36:45.382 [http-nio-8002-exec-1] INFO  center.misaki.device.Aspect.ControllerLogAop - FormStructureController.getMenuForms Response: [{"code":0,"data":[{"menuId":371,"menuName":"设备档案/履历","simpleForms":[{"formId":983,"formName":"设备档案/履历表","type":0}]},{"menuId":372,"menuName":"经营分析报表","simpleForms":[]},{"menuId":373,"menuName":"设备点检巡检","simpleForms":[{"formId":984,"formName":"设备巡检单","type":1},{"formId":985,"formName":"巡检方案","type":0}]},{"menuId":374,"menuName":"设备维修保修","simpleForms":[{"formId":986,"formName":"设备报修单","type":1}]},{"menuId":375,"menuName":"设备维护保养","simpleForms":[{"formId":987,"formName":"设备保养单","type":0},{"formId":988,"formName":"保养计划基础表","type":0}]},{"menuId":376,"menuName":"备品备件管理","simpleForms":[{"formId":989,"formName":"备件入库单","type":0},{"formId":990,"formName":"备件领用单","type":0},{"formId":991,"formName":"备件台账","type":0}]},{"menuId":377,"menuName":"基础信息","simpleForms":[{"formId":992,"formName":"机房","type":0},{"formId":993,"formName":"设备类型","type":0},{"formId":994,"formName":"部门","type":0},{"formId":995,"formName":"设备状态","type":0},{"formId":996,"formName":"保养等级与频次","type":0},{"formId":997,"formName":"仓库","type":0},{"formId":998,"formName":"单位","type":0},{"formId":999,"formName":"安装地点","type":0},{"formId":1000,"formName":"设备信息","type":0}]}],"msg":"获取成功"}]
2023-03-18 14:36:45.382 [http-nio-8002-exec-1] INFO  center.misaki.device.Aspect.ControllerLogAop - Usage:
StopWatch '/form/menu': running time = 14475802 ns
---------------------------------------------
ns         %     Task name
---------------------------------------------
000322401  002%  PrintRequest
010440501  072%  FormStructureController#getMenuForms
003712900  026%  PrintResponse

2023-03-18 14:36:45.781 [http-nio-8002-exec-3] INFO  center.misaki.device.Aspect.ControllerLogAop - Request URL: [http://localhost:8002/work/queryWorkLog/copy], URI: [/work/queryWorkLog/copy], Request Method: [GET], IP: [127.0.0.1]
2023-03-18 14:36:45.781 [http-nio-8002-exec-4] INFO  center.misaki.device.Aspect.ControllerLogAop - Request URL: [http://localhost:8002/work/queryWorkLog/launch], URI: [/work/queryWorkLog/launch], Request Method: [GET], IP: [127.0.0.1]
2023-03-18 14:36:45.781 [http-nio-8002-exec-5] INFO  center.misaki.device.Aspect.ControllerLogAop - Request URL: [http://localhost:8002/work/queryWorkLog/handle], URI: [/work/queryWorkLog/handle], Request Method: [GET], IP: [127.0.0.1]
2023-03-18 14:36:45.782 [http-nio-8002-exec-3] INFO  center.misaki.device.Aspect.ControllerLogAop - WorkLogController.queryWorkLogCopy Parameters: [["eJxlUN1ugjAYfZdeO4Ooi3jnQFmJhahThGUXWKq0lMJoUWTZu69mWeayu+/85sv5AAnGZSOUX4p5W9GapGCq6ob07oRlifM7vlFZWVNFiQTT17cewDVJFKl/dA1TIhRNuPxfSkRy4L9QlHWR8FlaUAGmR53QnLzKv4QighS6EerYeKJxmROtAnL1soOLaUA9uO3gwKdQQrEeYxs+wrza72zP6msTJ88zGrC56Xd5i9jJRM5KG3ddvPeOh2Kh4o0OiDXHw9UV2bqkqIzkxrGYow6agevxZYiGiEHlO6dLsDFGyNzRZbjIUBGN4mLNIxO10eaW9WUS7pp0YVXx7RHxxCC9UGz6Z+xuacAljcJWQj6w+s48a4fIbo334X5yWLinAWsfNvglc0i8Ymfm5EwyKzuH2QT0QCNJfdvAGn3fIimInkERqUwDfH4BQGWeKQ=="]]
2023-03-18 14:36:45.782 [http-nio-8002-exec-4] INFO  center.misaki.device.Aspect.ControllerLogAop - WorkLogController.queryWorkLogLunch Parameters: [["eJxlUN1ugjAYfZdeO4Ooi3jnQFmJhahThGUXWKq0lMJoUWTZu69mWeayu+/85sv5AAnGZSOUX4p5W9GapGCq6ob07oRlifM7vlFZWVNFiQTT17cewDVJFKl/dA1TIhRNuPxfSkRy4L9QlHWR8FlaUAGmR53QnLzKv4QighS6EerYeKJxmROtAnL1soOLaUA9uO3gwKdQQrEeYxs+wrza72zP6msTJ88zGrC56Xd5i9jJRM5KG3ddvPeOh2Kh4o0OiDXHw9UV2bqkqIzkxrGYow6agevxZYiGiEHlO6dLsDFGyNzRZbjIUBGN4mLNIxO10eaW9WUS7pp0YVXx7RHxxCC9UGz6Z+xuacAljcJWQj6w+s48a4fIbo334X5yWLinAWsfNvglc0i8Ymfm5EwyKzuH2QT0QCNJfdvAGn3fIimInkERqUwDfH4BQGWeKQ=="]]
2023-03-18 14:36:45.781 [http-nio-8002-exec-2] INFO  center.misaki.device.Aspect.ControllerLogAop - Request URL: [http://localhost:8002/work/queryWorkLog/wait], URI: [/work/queryWorkLog/wait], Request Method: [GET], IP: [127.0.0.1]
2023-03-18 14:36:45.782 [http-nio-8002-exec-5] INFO  center.misaki.device.Aspect.ControllerLogAop - WorkLogController.queryWorkLogHandle Parameters: [["eJxlUN1ugjAYfZdeO4Ooi3jnQFmJhahThGUXWKq0lMJoUWTZu69mWeayu+/85sv5AAnGZSOUX4p5W9GapGCq6ob07oRlifM7vlFZWVNFiQTT17cewDVJFKl/dA1TIhRNuPxfSkRy4L9QlHWR8FlaUAGmR53QnLzKv4QighS6EerYeKJxmROtAnL1soOLaUA9uO3gwKdQQrEeYxs+wrza72zP6msTJ88zGrC56Xd5i9jJRM5KG3ddvPeOh2Kh4o0OiDXHw9UV2bqkqIzkxrGYow6agevxZYiGiEHlO6dLsDFGyNzRZbjIUBGN4mLNIxO10eaW9WUS7pp0YVXx7RHxxCC9UGz6Z+xuacAljcJWQj6w+s48a4fIbo334X5yWLinAWsfNvglc0i8Ymfm5EwyKzuH2QT0QCNJfdvAGn3fIimInkERqUwDfH4BQGWeKQ=="]]
2023-03-18 14:36:45.782 [http-nio-8002-exec-2] INFO  center.misaki.device.Aspect.ControllerLogAop - WorkLogController.queryWorkLogWait Parameters: [["eJxlUN1ugjAYfZdeO4Ooi3jnQFmJhahThGUXWKq0lMJoUWTZu69mWeayu+/85sv5AAnGZSOUX4p5W9GapGCq6ob07oRlifM7vlFZWVNFiQTT17cewDVJFKl/dA1TIhRNuPxfSkRy4L9QlHWR8FlaUAGmR53QnLzKv4QighS6EerYeKJxmROtAnL1soOLaUA9uO3gwKdQQrEeYxs+wrza72zP6msTJ88zGrC56Xd5i9jJRM5KG3ddvPeOh2Kh4o0OiDXHw9UV2bqkqIzkxrGYow6agevxZYiGiEHlO6dLsDFGyNzRZbjIUBGN4mLNIxO10eaW9WUS7pp0YVXx7RHxxCC9UGz6Z+xuacAljcJWQj6w+s48a4fIbo334X5yWLinAWsfNvglc0i8Ymfm5EwyKzuH2QT0QCNJfdvAGn3fIimInkERqUwDfH4BQGWeKQ=="]]
2023-03-18 14:36:45.784 [http-nio-8002-exec-5] INFO  center.misaki.device.Aspect.ControllerLogAop - WorkLogController.queryWorkLogHandle Response: [{"code":0,"data":[],"msg":"获取成功"}]
2023-03-18 14:36:45.784 [http-nio-8002-exec-2] INFO  center.misaki.device.Aspect.ControllerLogAop - WorkLogController.queryWorkLogWait Response: [{"code":0,"data":[],"msg":"获取成功"}]
2023-03-18 14:36:45.784 [http-nio-8002-exec-3] INFO  center.misaki.device.Aspect.ControllerLogAop - WorkLogController.queryWorkLogCopy Response: [{"code":0,"data":[],"msg":"获取成功"}]
2023-03-18 14:36:45.784 [http-nio-8002-exec-4] INFO  center.misaki.device.Aspect.ControllerLogAop - WorkLogController.queryWorkLogLunch Response: [{"code":0,"data":[],"msg":"获取成功"}]
2023-03-18 14:36:45.784 [http-nio-8002-exec-2] INFO  center.misaki.device.Aspect.ControllerLogAop - Usage:
StopWatch '/work/queryWorkLog/wait': running time = 3074001 ns
---------------------------------------------
ns         %     Task name
---------------------------------------------
000286601  009%  PrintRequest
002517700  082%  WorkLogController#queryWorkLogWait
000269700  009%  PrintResponse

2023-03-18 14:36:45.784 [http-nio-8002-exec-5] INFO  center.misaki.device.Aspect.ControllerLogAop - Usage:
StopWatch '/work/queryWorkLog/handle': running time = 3178500 ns
---------------------------------------------
ns         %     Task name
---------------------------------------------
000371400  012%  PrintRequest
002551400  080%  WorkLogController#queryWorkLogHandle
000255700  008%  PrintResponse

2023-03-18 14:36:45.784 [http-nio-8002-exec-3] INFO  center.misaki.device.Aspect.ControllerLogAop - Usage:
StopWatch '/work/queryWorkLog/copy': running time = 3288399 ns
---------------------------------------------
ns         %     Task name
---------------------------------------------
000327899  010%  PrintRequest
002636600  080%  WorkLogController#queryWorkLogCopy
000323900  010%  PrintResponse

2023-03-18 14:36:45.784 [http-nio-8002-exec-4] INFO  center.misaki.device.Aspect.ControllerLogAop - Usage:
StopWatch '/work/queryWorkLog/launch': running time = 3390600 ns
---------------------------------------------
ns         %     Task name
---------------------------------------------
000342600  010%  PrintRequest
002596900  077%  WorkLogController#queryWorkLogLunch
000451100  013%  PrintResponse

2023-03-18 14:36:52.675 [http-nio-8002-exec-6] INFO  center.misaki.device.Aspect.ControllerLogAop - Request URL: [http://localhost:8002/form/get], URI: [/form/get], Request Method: [GET], IP: [127.0.0.1]
2023-03-18 14:36:52.675 [http-nio-8002-exec-6] INFO  center.misaki.device.Aspect.ControllerLogAop - FormStructureController.get Parameters: [[984,"eJxlUN1ugjAYfZdeO4Ooi3jnQFmJhahThGUXWKq0lMJoUWTZu69mWeayu+/85sv5AAnGZSOUX4p5W9GapGCq6ob07oRlifM7vlFZWVNFiQTT17cewDVJFKl/dA1TIhRNuPxfSkRy4L9QlHWR8FlaUAGmR53QnLzKv4QighS6EerYeKJxmROtAnL1soOLaUA9uO3gwKdQQrEeYxs+wrza72zP6msTJ88zGrC56Xd5i9jJRM5KG3ddvPeOh2Kh4o0OiDXHw9UV2bqkqIzkxrGYow6agevxZYiGiEHlO6dLsDFGyNzRZbjIUBGN4mLNIxO10eaW9WUS7pp0YVXx7RHxxCC9UGz6Z+xuacAljcJWQj6w+s48a4fIbo334X5yWLinAWsfNvglc0i8Ymfm5EwyKzuH2QT0QCNJfdvAGn3fIimInkERqUwDfH4BQGWeKQ=="]]
2023-03-18 14:36:52.703 [http-nio-8002-exec-6] INFO  center.misaki.device.Aspect.ControllerLogAop - FormStructureController.get Response: [{"code":0,"data":{"fields":[{"createTime":"2023-03-18T14:36:32","detailJson":"{\"widget\":\"self_datapick\",\"typeId\":\"3\",\"title\":\"巡检时间\",\"type\":\"string\",\"fieldId\":\"3_60aae70ab4cb4d06850\"}","id":"3_60aae70ab4cb4d06850","name":"巡检时间","typeId":3,"updateTime":"2023-03-18T14:36:32"},{"createTime":"2023-03-18T14:36:32","detailJson":"{\"widget\":\"self_department_user\",\"typeId\":\"20\",\"self_setting\":{\"mul\":false,\"scope\":{\"role\":[],\"department\":[76],\"user\":[]},\"judge\":false,\"type\":\"1\"},\"check\":{},\"title\":\"巡检人员\",\"type\":\"any\",\"fieldId\":\"20_1e9a86e035964977b0c\"}","id":"20_1e9a86e035964977b0c","name":"巡检人员","typeId":20,"updateTime":"2023-03-18T14:36:32"},{"createTime":"2023-03-18T14:36:32","detailJson":"{\"widget\":\"self_linkquery\",\"linkquery_condition\":{\"formId\":985,\"originId\":\"15_772209d7f33244929ad\",\"restrictType\":\"and\",\"conditions\":[],\"fieldIds\":[\"0_fe34f1261ab6433c878\",\"6_ce601c0c977945819c8\",\"1_b54abc55cae4462e972\"],\"fieldShow\":[\"0_fe34f1261ab6433c878\",\"6_ce601c0c977945819c8\",\"1_b54abc55cae4462e972\"]},\"typeId\":\"15\",\"title\":\"关联巡检方案\",\"type\":\"any\",\"fieldId\":\"15_772209d7f33244929ad\"}","id":"15_772209d7f33244929ad","name":"关联巡检方案","typeId":15,"updateTime":"2023-03-18T14:36:32"},{"createTime":"2023-03-18T14:36:32","detailJson":"{\"widget\":\"self_radio\",\"enumNames\":[\"正常\",\"异常\"],\"typeId\":\"4\",\"className\":\"item_column\",\"title\":\"巡检结果\",\"type\":\"string\",\"enum\":[\"正常\",\"异常\"],\"fieldId\":\"4_562d5f123a1349058de\"}","id":"4_562d5f123a1349058de","name":"巡检结果","typeId":4,"updateTime":"2023-03-18T14:36:32"},{"createTime":"2023-03-18T14:36:32","detailJson":"{\"widget\":\"self_select\",\"option_type\":\"2\",\"option_list\":{\"formId\":\"995\",\"fieldId\":\"0_a4c30395b07b4a8aa81\"},\"typeId\":\"6\",\"check\":{},\"title\":\"设备状态\",\"type\":\"any\",\"fieldId\":\"6_a2dcdb13706d46f2b50\"}","id":"6_a2dcdb13706d46f2b50","name":"设备状态","typeId":6,"updateTime":"2023-03-18T14:36:32"},{"createTime":"2023-03-18T14:36:32","detailJson":"{\"widget\":\"self_textarea\",\"option_list\":[\"选项一\",\"选项二\",\"选项三\"],\"typeId\":\"1\",\"describe\":\"<p><span style=\\\"color:#d9534f\\\"><span style=\\\"font-size:16px\\\"><span style=\\\"background-color:#ffffff\\\"><strong>当巡检异常时，请发起维修工单</strong></span></span></span></p>\",\"check\":{},\"title\":\"本次巡检总结\",\"type\":\"string\",\"fieldId\":\"1_7dc5788106e641a9b23\"}","id":"1_7dc5788106e641a9b23","name":"本次巡检总结","typeId":1,"updateTime":"2023-03-18T14:36:32"},{"createTime":"2023-03-18T14:36:32","detailJson":"{\"widget\":\"self_linkquery\",\"linkquery_condition\":{\"formId\":986,\"originId\":\"14_e92bf9c267d6419b9cc\",\"restrictType\":\"and\",\"mul\":\"mul\",\"conditions\":[],\"fieldIds\":[\"0_4be13d595a2744ff8a7\",\"3_a4902e1a8e4448b285c\",\"1_5b960040215d477d963\",\"20_57c465525f2c41ca862\",\"6_e6b0158a59934b62a2d\"]},\"typeId\":\"14\",\"describe\":\"<p><span style=\\\"color:#d9534f\\\"><span style=\\\"font-size:16px\\\"><span style=\\\"background-color:#ffffff\\\"><strong>当巡检异常时，请发起维修工单</strong></span></span></span></p>\",\"title\":\"维修记录\",\"type\":\"any\",\"fieldId\":\"14_e92bf9c267d6419b9cc\"}","id":"14_e92bf9c267d6419b9cc","name":"维修记录","typeId":14,"updateTime":"2023-03-18T14:36:32"},{"createTime":"2023-03-18T14:36:32","detailJson":"{\"widget\":\"self_linkquery\",\"linkquery_condition\":{\"formId\":1000,\"originId\":\"15_6b4406c32beb441ca89\",\"restrictType\":\"and\",\"conditions\":[],\"fieldIds\":[\"0_61e823c0c65045a9b0b\",\"0_46b8a5ecfc534697a9d\",\"0_afcf46fd8ea1409fb50\",\"0_61554b77629a44489ee\",\"6_ae28857ff13c4fd5b57\",\"6_abea38fd2ca44184b44\",\"6_a9d8376bc3e7498a9da\"],\"fieldShow\":[\"0_61e823c0c65045a9b0b\",\"0_46b8a5ecfc534697a9d\",\"0_afcf46fd8ea1409fb50\",\"0_61554b77629a44489ee\",\"6_ae28857ff13c4fd5b57\",\"6_abea38fd2ca44184b44\",\"6_a9d8376bc3e7498a9da\"]},\"typeId\":\"15\",\"title\":\"关联设备\",\"type\":\"any\",\"fieldId\":\"15_6b4406c32beb441ca89\"}","id":"15_6b4406c32beb441ca89","name":"关联设备","typeId":15,"updateTime":"2023-03-18T14:36:32"}],"form":{"createTime":"2023-03-18T14:36:29","formFields":"[{\"fieldsId\":[],\"name\":\"root\"},{\"fieldsId\":[\"3_60aae70ab4cb4d06850\",\"20_1e9a86e035964977b0c\"],\"name\":\"巡检信息\"},{\"fieldsId\":[\"15_772209d7f33244929ad\",\"4_562d5f123a1349058de\",\"6_a2dcdb13706d46f2b50\",\"1_7dc5788106e641a9b23\"],\"name\":\"巡检记录\"},{\"fieldsId\":[\"14_e92bf9c267d6419b9cc\"],\"name\":\"报修维修\"},{\"fieldsId\":[\"15_6b4406c32beb441ca89\"],\"name\":\"设备信息\"}]","formName":"设备巡检单","formType":1,"id":984,"menuId":373,"properties":"{\"displayType\":\"column\",\"labelWidth\":120,\"type\":\"object\"}","updateTime":"2023-03-18T14:36:29"}},"msg":"获取成功"}]
2023-03-18 14:36:52.703 [http-nio-8002-exec-6] INFO  center.misaki.device.Aspect.ControllerLogAop - Usage:
StopWatch '/form/get': running time = 28597999 ns
---------------------------------------------
ns         %     Task name
---------------------------------------------
000797900  003%  PrintRequest
020312299  071%  FormStructureController#get
007487800  026%  PrintResponse

2023-03-18 14:36:53.343 [http-nio-8002-exec-8] INFO  center.misaki.device.Aspect.ControllerLogAop - Request URL: [http://localhost:8002/form/get], URI: [/form/get], Request Method: [GET], IP: [127.0.0.1]
2023-03-18 14:36:53.343 [http-nio-8002-exec-8] INFO  center.misaki.device.Aspect.ControllerLogAop - FormStructureController.get Parameters: [[984,"eJxlUN1ugjAYfZdeO4Ooi3jnQFmJhahThGUXWKq0lMJoUWTZu69mWeayu+/85sv5AAnGZSOUX4p5W9GapGCq6ob07oRlifM7vlFZWVNFiQTT17cewDVJFKl/dA1TIhRNuPxfSkRy4L9QlHWR8FlaUAGmR53QnLzKv4QighS6EerYeKJxmROtAnL1soOLaUA9uO3gwKdQQrEeYxs+wrza72zP6msTJ88zGrC56Xd5i9jJRM5KG3ddvPeOh2Kh4o0OiDXHw9UV2bqkqIzkxrGYow6agevxZYiGiEHlO6dLsDFGyNzRZbjIUBGN4mLNIxO10eaW9WUS7pp0YVXx7RHxxCC9UGz6Z+xuacAljcJWQj6w+s48a4fIbo334X5yWLinAWsfNvglc0i8Ymfm5EwyKzuH2QT0QCNJfdvAGn3fIimInkERqUwDfH4BQGWeKQ=="]]
2023-03-18 14:36:53.353 [http-nio-8002-exec-8] INFO  center.misaki.device.Aspect.ControllerLogAop - FormStructureController.get Response: [{"code":0,"data":{"fields":[{"createTime":"2023-03-18T14:36:32","detailJson":"{\"widget\":\"self_datapick\",\"typeId\":\"3\",\"title\":\"巡检时间\",\"type\":\"string\",\"fieldId\":\"3_60aae70ab4cb4d06850\"}","id":"3_60aae70ab4cb4d06850","name":"巡检时间","typeId":3,"updateTime":"2023-03-18T14:36:32"},{"createTime":"2023-03-18T14:36:32","detailJson":"{\"widget\":\"self_department_user\",\"typeId\":\"20\",\"self_setting\":{\"mul\":false,\"scope\":{\"role\":[],\"department\":[76],\"user\":[]},\"judge\":false,\"type\":\"1\"},\"check\":{},\"title\":\"巡检人员\",\"type\":\"any\",\"fieldId\":\"20_1e9a86e035964977b0c\"}","id":"20_1e9a86e035964977b0c","name":"巡检人员","typeId":20,"updateTime":"2023-03-18T14:36:32"},{"createTime":"2023-03-18T14:36:32","detailJson":"{\"widget\":\"self_linkquery\",\"linkquery_condition\":{\"formId\":985,\"originId\":\"15_772209d7f33244929ad\",\"restrictType\":\"and\",\"conditions\":[],\"fieldIds\":[\"0_fe34f1261ab6433c878\",\"6_ce601c0c977945819c8\",\"1_b54abc55cae4462e972\"],\"fieldShow\":[\"0_fe34f1261ab6433c878\",\"6_ce601c0c977945819c8\",\"1_b54abc55cae4462e972\"]},\"typeId\":\"15\",\"title\":\"关联巡检方案\",\"type\":\"any\",\"fieldId\":\"15_772209d7f33244929ad\"}","id":"15_772209d7f33244929ad","name":"关联巡检方案","typeId":15,"updateTime":"2023-03-18T14:36:32"},{"createTime":"2023-03-18T14:36:32","detailJson":"{\"widget\":\"self_radio\",\"enumNames\":[\"正常\",\"异常\"],\"typeId\":\"4\",\"className\":\"item_column\",\"title\":\"巡检结果\",\"type\":\"string\",\"enum\":[\"正常\",\"异常\"],\"fieldId\":\"4_562d5f123a1349058de\"}","id":"4_562d5f123a1349058de","name":"巡检结果","typeId":4,"updateTime":"2023-03-18T14:36:32"},{"createTime":"2023-03-18T14:36:32","detailJson":"{\"widget\":\"self_select\",\"option_type\":\"2\",\"option_list\":{\"formId\":\"995\",\"fieldId\":\"0_a4c30395b07b4a8aa81\"},\"typeId\":\"6\",\"check\":{},\"title\":\"设备状态\",\"type\":\"any\",\"fieldId\":\"6_a2dcdb13706d46f2b50\"}","id":"6_a2dcdb13706d46f2b50","name":"设备状态","typeId":6,"updateTime":"2023-03-18T14:36:32"},{"createTime":"2023-03-18T14:36:32","detailJson":"{\"widget\":\"self_textarea\",\"option_list\":[\"选项一\",\"选项二\",\"选项三\"],\"typeId\":\"1\",\"describe\":\"<p><span style=\\\"color:#d9534f\\\"><span style=\\\"font-size:16px\\\"><span style=\\\"background-color:#ffffff\\\"><strong>当巡检异常时，请发起维修工单</strong></span></span></span></p>\",\"check\":{},\"title\":\"本次巡检总结\",\"type\":\"string\",\"fieldId\":\"1_7dc5788106e641a9b23\"}","id":"1_7dc5788106e641a9b23","name":"本次巡检总结","typeId":1,"updateTime":"2023-03-18T14:36:32"},{"createTime":"2023-03-18T14:36:32","detailJson":"{\"widget\":\"self_linkquery\",\"linkquery_condition\":{\"formId\":986,\"originId\":\"14_e92bf9c267d6419b9cc\",\"restrictType\":\"and\",\"mul\":\"mul\",\"conditions\":[],\"fieldIds\":[\"0_4be13d595a2744ff8a7\",\"3_a4902e1a8e4448b285c\",\"1_5b960040215d477d963\",\"20_57c465525f2c41ca862\",\"6_e6b0158a59934b62a2d\"]},\"typeId\":\"14\",\"describe\":\"<p><span style=\\\"color:#d9534f\\\"><span style=\\\"font-size:16px\\\"><span style=\\\"background-color:#ffffff\\\"><strong>当巡检异常时，请发起维修工单</strong></span></span></span></p>\",\"title\":\"维修记录\",\"type\":\"any\",\"fieldId\":\"14_e92bf9c267d6419b9cc\"}","id":"14_e92bf9c267d6419b9cc","name":"维修记录","typeId":14,"updateTime":"2023-03-18T14:36:32"},{"createTime":"2023-03-18T14:36:32","detailJson":"{\"widget\":\"self_linkquery\",\"linkquery_condition\":{\"formId\":1000,\"originId\":\"15_6b4406c32beb441ca89\",\"restrictType\":\"and\",\"conditions\":[],\"fieldIds\":[\"0_61e823c0c65045a9b0b\",\"0_46b8a5ecfc534697a9d\",\"0_afcf46fd8ea1409fb50\",\"0_61554b77629a44489ee\",\"6_ae28857ff13c4fd5b57\",\"6_abea38fd2ca44184b44\",\"6_a9d8376bc3e7498a9da\"],\"fieldShow\":[\"0_61e823c0c65045a9b0b\",\"0_46b8a5ecfc534697a9d\",\"0_afcf46fd8ea1409fb50\",\"0_61554b77629a44489ee\",\"6_ae28857ff13c4fd5b57\",\"6_abea38fd2ca44184b44\",\"6_a9d8376bc3e7498a9da\"]},\"typeId\":\"15\",\"title\":\"关联设备\",\"type\":\"any\",\"fieldId\":\"15_6b4406c32beb441ca89\"}","id":"15_6b4406c32beb441ca89","name":"关联设备","typeId":15,"updateTime":"2023-03-18T14:36:32"}],"form":{"createTime":"2023-03-18T14:36:29","formFields":"[{\"fieldsId\":[],\"name\":\"root\"},{\"fieldsId\":[\"3_60aae70ab4cb4d06850\",\"20_1e9a86e035964977b0c\"],\"name\":\"巡检信息\"},{\"fieldsId\":[\"15_772209d7f33244929ad\",\"4_562d5f123a1349058de\",\"6_a2dcdb13706d46f2b50\",\"1_7dc5788106e641a9b23\"],\"name\":\"巡检记录\"},{\"fieldsId\":[\"14_e92bf9c267d6419b9cc\"],\"name\":\"报修维修\"},{\"fieldsId\":[\"15_6b4406c32beb441ca89\"],\"name\":\"设备信息\"}]","formName":"设备巡检单","formType":1,"id":984,"menuId":373,"properties":"{\"displayType\":\"column\",\"labelWidth\":120,\"type\":\"object\"}","updateTime":"2023-03-18T14:36:29"}},"msg":"获取成功"}]
2023-03-18 14:36:53.353 [http-nio-8002-exec-8] INFO  center.misaki.device.Aspect.ControllerLogAop - Usage:
StopWatch '/form/get': running time = 9814799 ns
---------------------------------------------
ns         %     Task name
---------------------------------------------
000314399  003%  PrintRequest
008432200  086%  FormStructureController#get
001068200  011%  PrintResponse

2023-03-18 14:36:55.176 [http-nio-8002-exec-7] INFO  center.misaki.device.Aspect.ControllerLogAop - Request URL: [http://localhost:8002/form/get], URI: [/form/get], Request Method: [GET], IP: [127.0.0.1]
2023-03-18 14:36:55.177 [http-nio-8002-exec-7] INFO  center.misaki.device.Aspect.ControllerLogAop - FormStructureController.get Parameters: [[984,"eJxlUN1ugjAYfZdeO4Ooi3jnQFmJhahThGUXWKq0lMJoUWTZu69mWeayu+/85sv5AAnGZSOUX4p5W9GapGCq6ob07oRlifM7vlFZWVNFiQTT17cewDVJFKl/dA1TIhRNuPxfSkRy4L9QlHWR8FlaUAGmR53QnLzKv4QighS6EerYeKJxmROtAnL1soOLaUA9uO3gwKdQQrEeYxs+wrza72zP6msTJ88zGrC56Xd5i9jJRM5KG3ddvPeOh2Kh4o0OiDXHw9UV2bqkqIzkxrGYow6agevxZYiGiEHlO6dLsDFGyNzRZbjIUBGN4mLNIxO10eaW9WUS7pp0YVXx7RHxxCC9UGz6Z+xuacAljcJWQj6w+s48a4fIbo334X5yWLinAWsfNvglc0i8Ymfm5EwyKzuH2QT0QCNJfdvAGn3fIimInkERqUwDfH4BQGWeKQ=="]]
2023-03-18 14:36:55.181 [http-nio-8002-exec-9] INFO  center.misaki.device.Aspect.ControllerLogAop - Request URL: [http://localhost:8002/form/getFormSimpleStruc], URI: [/form/getFormSimpleStruc], Request Method: [GET], IP: [127.0.0.1]
2023-03-18 14:36:55.181 [http-nio-8002-exec-9] INFO  center.misaki.device.Aspect.ControllerLogAop - FormStructureController.getFormSimpleStruc Parameters: [["eJxlUN1ugjAYfZdeO4Ooi3jnQFmJhahThGUXWKq0lMJoUWTZu69mWeayu+/85sv5AAnGZSOUX4p5W9GapGCq6ob07oRlifM7vlFZWVNFiQTT17cewDVJFKl/dA1TIhRNuPxfSkRy4L9QlHWR8FlaUAGmR53QnLzKv4QighS6EerYeKJxmROtAnL1soOLaUA9uO3gwKdQQrEeYxs+wrza72zP6msTJ88zGrC56Xd5i9jJRM5KG3ddvPeOh2Kh4o0OiDXHw9UV2bqkqIzkxrGYow6agevxZYiGiEHlO6dLsDFGyNzRZbjIUBGN4mLNIxO10eaW9WUS7pp0YVXx7RHxxCC9UGz6Z+xuacAljcJWQj6w+s48a4fIbo334X5yWLinAWsfNvglc0i8Ymfm5EwyKzuH2QT0QCNJfdvAGn3fIimInkERqUwDfH4BQGWeKQ=="]]
2023-03-18 14:36:55.186 [http-nio-8002-exec-7] INFO  center.misaki.device.Aspect.ControllerLogAop - FormStructureController.get Response: [{"code":0,"data":{"fields":[{"createTime":"2023-03-18T14:36:32","detailJson":"{\"widget\":\"self_datapick\",\"typeId\":\"3\",\"title\":\"巡检时间\",\"type\":\"string\",\"fieldId\":\"3_60aae70ab4cb4d06850\"}","id":"3_60aae70ab4cb4d06850","name":"巡检时间","typeId":3,"updateTime":"2023-03-18T14:36:32"},{"createTime":"2023-03-18T14:36:32","detailJson":"{\"widget\":\"self_department_user\",\"typeId\":\"20\",\"self_setting\":{\"mul\":false,\"scope\":{\"role\":[],\"department\":[76],\"user\":[]},\"judge\":false,\"type\":\"1\"},\"check\":{},\"title\":\"巡检人员\",\"type\":\"any\",\"fieldId\":\"20_1e9a86e035964977b0c\"}","id":"20_1e9a86e035964977b0c","name":"巡检人员","typeId":20,"updateTime":"2023-03-18T14:36:32"},{"createTime":"2023-03-18T14:36:32","detailJson":"{\"widget\":\"self_linkquery\",\"linkquery_condition\":{\"formId\":985,\"originId\":\"15_772209d7f33244929ad\",\"restrictType\":\"and\",\"conditions\":[],\"fieldIds\":[\"0_fe34f1261ab6433c878\",\"6_ce601c0c977945819c8\",\"1_b54abc55cae4462e972\"],\"fieldShow\":[\"0_fe34f1261ab6433c878\",\"6_ce601c0c977945819c8\",\"1_b54abc55cae4462e972\"]},\"typeId\":\"15\",\"title\":\"关联巡检方案\",\"type\":\"any\",\"fieldId\":\"15_772209d7f33244929ad\"}","id":"15_772209d7f33244929ad","name":"关联巡检方案","typeId":15,"updateTime":"2023-03-18T14:36:32"},{"createTime":"2023-03-18T14:36:32","detailJson":"{\"widget\":\"self_radio\",\"enumNames\":[\"正常\",\"异常\"],\"typeId\":\"4\",\"className\":\"item_column\",\"title\":\"巡检结果\",\"type\":\"string\",\"enum\":[\"正常\",\"异常\"],\"fieldId\":\"4_562d5f123a1349058de\"}","id":"4_562d5f123a1349058de","name":"巡检结果","typeId":4,"updateTime":"2023-03-18T14:36:32"},{"createTime":"2023-03-18T14:36:32","detailJson":"{\"widget\":\"self_select\",\"option_type\":\"2\",\"option_list\":{\"formId\":\"995\",\"fieldId\":\"0_a4c30395b07b4a8aa81\"},\"typeId\":\"6\",\"check\":{},\"title\":\"设备状态\",\"type\":\"any\",\"fieldId\":\"6_a2dcdb13706d46f2b50\"}","id":"6_a2dcdb13706d46f2b50","name":"设备状态","typeId":6,"updateTime":"2023-03-18T14:36:32"},{"createTime":"2023-03-18T14:36:32","detailJson":"{\"widget\":\"self_textarea\",\"option_list\":[\"选项一\",\"选项二\",\"选项三\"],\"typeId\":\"1\",\"describe\":\"<p><span style=\\\"color:#d9534f\\\"><span style=\\\"font-size:16px\\\"><span style=\\\"background-color:#ffffff\\\"><strong>当巡检异常时，请发起维修工单</strong></span></span></span></p>\",\"check\":{},\"title\":\"本次巡检总结\",\"type\":\"string\",\"fieldId\":\"1_7dc5788106e641a9b23\"}","id":"1_7dc5788106e641a9b23","name":"本次巡检总结","typeId":1,"updateTime":"2023-03-18T14:36:32"},{"createTime":"2023-03-18T14:36:32","detailJson":"{\"widget\":\"self_linkquery\",\"linkquery_condition\":{\"formId\":986,\"originId\":\"14_e92bf9c267d6419b9cc\",\"restrictType\":\"and\",\"mul\":\"mul\",\"conditions\":[],\"fieldIds\":[\"0_4be13d595a2744ff8a7\",\"3_a4902e1a8e4448b285c\",\"1_5b960040215d477d963\",\"20_57c465525f2c41ca862\",\"6_e6b0158a59934b62a2d\"]},\"typeId\":\"14\",\"describe\":\"<p><span style=\\\"color:#d9534f\\\"><span style=\\\"font-size:16px\\\"><span style=\\\"background-color:#ffffff\\\"><strong>当巡检异常时，请发起维修工单</strong></span></span></span></p>\",\"title\":\"维修记录\",\"type\":\"any\",\"fieldId\":\"14_e92bf9c267d6419b9cc\"}","id":"14_e92bf9c267d6419b9cc","name":"维修记录","typeId":14,"updateTime":"2023-03-18T14:36:32"},{"createTime":"2023-03-18T14:36:32","detailJson":"{\"widget\":\"self_linkquery\",\"linkquery_condition\":{\"formId\":1000,\"originId\":\"15_6b4406c32beb441ca89\",\"restrictType\":\"and\",\"conditions\":[],\"fieldIds\":[\"0_61e823c0c65045a9b0b\",\"0_46b8a5ecfc534697a9d\",\"0_afcf46fd8ea1409fb50\",\"0_61554b77629a44489ee\",\"6_ae28857ff13c4fd5b57\",\"6_abea38fd2ca44184b44\",\"6_a9d8376bc3e7498a9da\"],\"fieldShow\":[\"0_61e823c0c65045a9b0b\",\"0_46b8a5ecfc534697a9d\",\"0_afcf46fd8ea1409fb50\",\"0_61554b77629a44489ee\",\"6_ae28857ff13c4fd5b57\",\"6_abea38fd2ca44184b44\",\"6_a9d8376bc3e7498a9da\"]},\"typeId\":\"15\",\"title\":\"关联设备\",\"type\":\"any\",\"fieldId\":\"15_6b4406c32beb441ca89\"}","id":"15_6b4406c32beb441ca89","name":"关联设备","typeId":15,"updateTime":"2023-03-18T14:36:32"}],"form":{"createTime":"2023-03-18T14:36:29","formFields":"[{\"fieldsId\":[],\"name\":\"root\"},{\"fieldsId\":[\"3_60aae70ab4cb4d06850\",\"20_1e9a86e035964977b0c\"],\"name\":\"巡检信息\"},{\"fieldsId\":[\"15_772209d7f33244929ad\",\"4_562d5f123a1349058de\",\"6_a2dcdb13706d46f2b50\",\"1_7dc5788106e641a9b23\"],\"name\":\"巡检记录\"},{\"fieldsId\":[\"14_e92bf9c267d6419b9cc\"],\"name\":\"报修维修\"},{\"fieldsId\":[\"15_6b4406c32beb441ca89\"],\"name\":\"设备信息\"}]","formName":"设备巡检单","formType":1,"id":984,"menuId":373,"properties":"{\"displayType\":\"column\",\"labelWidth\":120,\"type\":\"object\"}","updateTime":"2023-03-18T14:36:29"}},"msg":"获取成功"}]
2023-03-18 14:36:55.186 [http-nio-8002-exec-7] INFO  center.misaki.device.Aspect.ControllerLogAop - Usage:
StopWatch '/form/get': running time = 9302201 ns
---------------------------------------------
ns         %     Task name
---------------------------------------------
000623100  007%  PrintRequest
007906100  085%  FormStructureController#get
000773001  008%  PrintResponse

2023-03-18 14:36:55.244 [http-nio-8002-exec-9] INFO  center.misaki.device.Aspect.ControllerLogAop - FormStructureController.getFormSimpleStruc Response: [{"code":0,"data":[{"fieldSimpleVos":[{"fieldId":"0_ee6115bed05c49ce9e8","fieldName":"设备编号","typeId":0},{"fieldId":"0_c173f342d74b47e4928","fieldName":"设备名称","typeId":0},{"fieldId":"0_4ea03d90d0f2491e8d8","fieldName":"设备厂商","typeId":0},{"fieldId":"0_6f21380046e84d4b899","fieldName":"规格型号","typeId":0},{"fieldId":"6_11b3f92acaf442639ca","fieldName":"设备状态","typeId":6},{"fieldId":"6_f95a027aa6a84ff18cb","fieldName":"所属车间","typeId":6},{"fieldId":"6_ab10de82a1da4b1e888","fieldName":"安装地点","typeId":6},{"fieldId":"6_48e962104618462f860","fieldName":"设备类型","typeId":6},{"fieldId":"3_820287d2b5e545f5918","fieldName":"购买时间","typeId":3},{"fieldId":"3_c4691fadbf424ed1921","fieldName":"启用时间","typeId":3},{"fieldId":"3_7bf4e5ab2e094ab8829","fieldName":"最近巡检","typeId":3},{"fieldId":"14_2a3b76abce254607a16","fieldName":"巡检记录","typeId":14},{"fieldId":"6_619c8501e6f1490ba6d","fieldName":"巡检方案","typeId":6},{"fieldId":"3_037b490ee53f41c1b46","fieldName":"最近维修","typeId":3},{"fieldId":"14_262d62aed56a4c85bd6","fieldName":"维修保修记录","typeId":14},{"fieldId":"3_5659b30e64ce43c3a21","fieldName":"最近保养","typeId":3},{"fieldId":"14_c80c18523ad14ab9bfa","fieldName":"保养维护记录","typeId":14},{"fieldId":"14_125c6d43546e4abaad7","fieldName":"备件更换记录","typeId":14}],"formId":983,"formName":"设备档案/履历表"},{"fieldSimpleVos":[{"fieldId":"3_60aae70ab4cb4d06850","fieldName":"巡检时间","typeId":3},{"fieldId":"20_1e9a86e035964977b0c","fieldName":"巡检人员","typeId":20},{"fieldId":"15_772209d7f33244929ad","fieldName":"关联巡检方案","typeId":15},{"fieldId":"4_562d5f123a1349058de","fieldName":"巡检结果","typeId":4},{"fieldId":"6_a2dcdb13706d46f2b50","fieldName":"设备状态","typeId":6},{"fieldId":"1_7dc5788106e641a9b23","fieldName":"本次巡检总结","typeId":1},{"fieldId":"14_e92bf9c267d6419b9cc","fieldName":"维修记录","typeId":14},{"fieldId":"15_6b4406c32beb441ca89","fieldName":"关联设备","typeId":15}],"formId":984,"formName":"设备巡检单"},{"fieldSimpleVos":[{"fieldId":"0_fe34f1261ab6433c878","fieldName":"巡检方案名称","typeId":0},{"fieldId":"6_ce601c0c977945819c8","fieldName":"巡检时间频次","typeId":6},{"fieldId":"1_b54abc55cae4462e972","fieldName":"巡检内容","typeId":1}],"formId":985,"formName":"巡检方案"},{"fieldSimpleVos":[{"fieldId":"0_4be13d595a2744ff8a7","fieldName":"维修工单","typeId":0},{"fieldId":"15_4a6e9ec08be849d4ae5","fieldName":"关联设备","typeId":15},{"fieldId":"3_a4902e1a8e4448b285c","fieldName":"报修时间","typeId":3},{"fieldId":"1_5b960040215d477d963","fieldName":"故障简述","typeId":1},{"fieldId":"20_57c465525f2c41ca862","fieldName":"报修人","typeId":20},{"fieldId":"3_9c046317ea77423ebd1","fieldName":"派工时间","typeId":3},{"fieldId":"4_c8348b64670642d487d","fieldName":"故障等级","typeId":4},{"fieldId":"6_e6b0158a59934b62a2d","fieldName":"故障类别","typeId":6},{"fieldId":"6_3a7e851bb608444c946","fieldName":"维修班组","typeId":6},{"fieldId":"20_ef18baf9992747ffab2","fieldName":"维修责任人","typeId":20},{"fieldId":"3_82b1f2ab42384c9d964","fieldName":"维修完成时间","typeId":3},{"fieldId":"6_fb64a42289424bc5999","fieldName":"故障原因","typeId":6},{"fieldId":"4_7fe912b035c04ae8bac","fieldName":"维修结果","typeId":4},{"fieldId":"1_a7e0ec91755e4a8f8a1","fieldName":"维修情况说明","typeId":1},{"fieldId":"15_fa42f8500119492287b","fieldName":"备件更换","typeId":15},{"fieldId":"2_e49f0c6410454df399d","fieldName":"更换使用数量","typeId":1}],"formId":986,"formName":"设备报修单"},{"fieldSimpleVos":[{"fieldId":"0_ad0542d91b0c4c17a43","fieldName":"设备编号","typeId":0},{"fieldId":"0_1ab09b7de1354fb2a74","fieldName":"设备名称","typeId":0},{"fieldId":"8_1114a38a6dcf4ea8877","fieldName":"保养计划","typeId":8},{"fieldId":"0_289d0d9000894829a0f","fieldName":"保养负责人","typeId":0},{"fieldId":"6_758e9dbbf33f45a8939","fieldName":"保养等级","typeId":6},{"fieldId":"0_03f0eed96bc34bdbb36","fieldName":"保养频次","typeId":0},{"fieldId":"3_f9d63e9496204101a6b","fieldName":"本次保养时间","typeId":3},{"fieldId":"3_84be2fa5f0ee4a2f809","fieldName":"下次保养时间","typeId":3},{"fieldId":"8_77917646fd45493dabe","fieldName":"保养内容","typeId":8},{"fieldId":"1_c348f15c574a45a9b64","fieldName":"保养内容以及要求","typeId":1},{"fieldId":"4_d2e0ff989a3344b291b","fieldName":"保养结果","typeId":4},{"fieldId":"14_be4d10e65f96437284b","fieldName":"维修记录","typeId":14},{"fieldId":"8_31487c779543492594f","fieldName":"","typeId":8},{"fieldId":"14_5af7d407c1c6484cb18","fieldName":"备件更换","typeId":14}],"formId":987,"formName":"设备保养单"},{"fieldSimpleVos":[{"fieldId":"15_3fdafbd0b8004e59a25","fieldName":"设备基础信息","typeId":15},{"fieldId":"0_f5028f8d67034f52a4d","fieldName":"保养计划名称","typeId":0},{"fieldId":"20_6d8da234fb2741429cb","fieldName":"保养人","typeId":20},{"fieldId":"6_c50e4a706cd04166b9f","fieldName":"保养等级","typeId":6},{"fieldId":"6_3f67457f47de4d64a51","fieldName":"保养频次","typeId":6},{"fieldId":"1_b3d503cc39354dd6ad6","fieldName":"保养内容及要求","typeId":1}],"formId":988,"formName":"保养计划基础表"},{"fieldSimpleVos":[{"fieldId":"0_a352733a840f4947ab0","fieldName":"备件入库单号","typeId":0},{"fieldId":"3_7faedbbb318f4d4593f","fieldName":"入库日期","typeId":3},{"fieldId":"6_d635cd7a28754236844","fieldName":"入库仓库","typeId":6},{"fieldId":"20_a19794d3be964ca0b87","fieldName":"入库人","typeId":20},{"fieldId":"15_b18e294358664c08a96","fieldName":"入库明细","typeId":15},{"fieldId":"0_38b6ca16ffe746679d6","fieldName":"入库数量","typeId":0}],"formId":989,"formName":"备件入库单"},{"fieldSimpleVos":[{"fieldId":"0_2a0219e6f78b4586926","fieldName":"备件领用单号","typeId":0},{"fieldId":"3_6e7d297526874a38a5b","fieldName":"领用日期","typeId":3},{"fieldId":"20_f6f214e4814c426ba23","fieldName":"领用人","typeId":20},{"fieldId":"4_57bb56ab897a4fe3abc","fieldName":"领用目的","typeId":4},{"fieldId":"15_676109c8a4ec4337a59","fieldName":"领用明细","typeId":15},{"fieldId":"2_b2556ed9b0a045ef9cb","fieldName":"领用数量","typeId":1}],"formId":990,"formName":"备件领用单"},{"fieldSimpleVos":[{"fieldId":"0_e4a0a5d4e6424ec9ba1","fieldName":"备件编号","typeId":0},{"fieldId":"0_124b0e6cd5e94e7fa7c","fieldName":"备件名称","typeId":0},{"fieldId":"0_ce54320c6c314a08aea","fieldName":"规格型号","typeId":0},{"fieldId":"6_02366c640c0444daa9b","fieldName":"单位","typeId":6},{"fieldId":"0_139cb744b03348edb85","fieldName":"生产厂家","typeId":0},{"fieldId":"1_17a212e6fae24ff88b0","fieldName":"备注","typeId":1}],"formId":991,"formName":"备件台账"},{"fieldSimpleVos":[{"fieldId":"0_d180c82f905c4f2bb9b","fieldName":"机房","typeId":0}],"formId":992,"formName":"机房"},{"fieldSimpleVos":[{"fieldId":"0_d46c551af1d74215bd4","fieldName":"设备类型","typeId":0}],"formId":993,"formName":"设备类型"},{"fieldSimpleVos":[{"fieldId":"0_978aad1244074d5fa43","fieldName":"部门","typeId":0}],"formId":994,"formName":"部门"},{"fieldSimpleVos":[{"fieldId":"0_a4c30395b07b4a8aa81","fieldName":"设备状态","typeId":0}],"formId":995,"formName":"设备状态"},{"fieldSimpleVos":[{"fieldId":"0_7cdd6fc7c90e4067912","fieldName":"保养等级","typeId":0},{"fieldId":"0_8e3fb53d528843bca58","fieldName":"保养频次","typeId":0},{"fieldId":"0_e43b2ad8127c4f8e910","fieldName":"间隔天数","typeId":0}],"formId":996,"formName":"保养等级与频次"},{"fieldSimpleVos":[{"fieldId":"0_c109ba4a1eee45f3959","fieldName":"仓库","typeId":0}],"formId":997,"formName":"仓库"},{"fieldSimpleVos":[{"fieldId":"0_cd4addfb2a464089987","fieldName":"单位","typeId":0}],"formId":998,"formName":"单位"},{"fieldSimpleVos":[{"fieldId":"0_b8a7fc780b214df683a","fieldName":"安装地点","typeId":0}],"formId":999,"formName":"安装地点"},{"fieldSimpleVos":[{"fieldId":"0_61e823c0c65045a9b0b","fieldName":"设备编号","typeId":0},{"fieldId":"0_46b8a5ecfc534697a9d","fieldName":"设备名称","typeId":0},{"fieldId":"0_afcf46fd8ea1409fb50","fieldName":"设备厂商","typeId":0},{"fieldId":"0_61554b77629a44489ee","fieldName":"规格型号","typeId":0},{"fieldId":"6_ae28857ff13c4fd5b57","fieldName":"设备状态","typeId":6},{"fieldId":"6_abea38fd2ca44184b44","fieldName":"所属车间","typeId":6},{"fieldId":"6_a9d8376bc3e7498a9da","fieldName":"安装地点","typeId":6},{"fieldId":"6_57b1c3fbdcb34021ba3","fieldName":"设备类型","typeId":6},{"fieldId":"3_5f4eb004488c469ba9f","fieldName":"购买时间","typeId":3},{"fieldId":"3_e4419c7332024ec89b8","fieldName":"启用时间","typeId":3}],"formId":1000,"formName":"设备信息"}],"msg":"获取成功"}]
2023-03-18 14:36:55.245 [http-nio-8002-exec-9] INFO  center.misaki.device.Aspect.ControllerLogAop - Usage:
StopWatch '/form/getFormSimpleStruc': running time = 63609201 ns
---------------------------------------------
ns         %     Task name
---------------------------------------------
000526000  001%  PrintRequest
054589601  086%  FormStructureController#getFormSimpleStruc
008493600  013%  PrintResponse

