2023-03-18 14:34:54.163 [main] INFO  org.springframework.core.KotlinDetector - Kotlin reflection implementation not found at runtime, related features won't be available.
2023-03-18 14:34:55.856 [main] INFO  o.s.c.s.PostProcessorRegistrationDelegate$BeanPostProcessorChecker - Bean 'org.springframework.cloud.autoconfigure.ConfigurationPropertiesRebinderAutoConfiguration' of type [org.springframework.cloud.autoconfigure.ConfigurationPropertiesRebinderAutoConfiguration] is not eligible for getting processed by all BeanPostProcessors (for example: not eligible for auto-proxying)
2023-03-18 14:34:57.190 [main] INFO  center.misaki.device.userApp - The following profiles are active: dev
2023-03-18 14:34:58.987 [main] INFO  o.s.d.r.config.RepositoryConfigurationDelegate - Multiple Spring Data modules found, entering strict repository configuration mode!
2023-03-18 14:34:58.991 [main] INFO  o.s.d.r.config.RepositoryConfigurationDelegate - Bootstrapping Spring Data Redis repositories in DEFAULT mode.
2023-03-18 14:34:59.064 [main] INFO  o.s.d.r.config.RepositoryConfigurationDelegate - Finished Spring Data repository scanning in 53ms. Found 0 Redis repository interfaces.
2023-03-18 14:34:59.150 [main] WARN  o.springframework.boot.actuate.endpoint.EndpointId - Endpoint ID 'service-registry' contains invalid characters, please migrate to a valid format.
2023-03-18 14:34:59.316 [main] INFO  o.springframework.cloud.context.scope.GenericScope - BeanFactory id=a22055f8-ab77-3702-9c8f-92a2fe3a992d
2023-03-18 14:34:59.390 [main] INFO  o.s.c.s.PostProcessorRegistrationDelegate$BeanPostProcessorChecker - Bean 'asyncTaskExecutePool' of type [center.misaki.device.Config.AsyncTaskExecutePool$$EnhancerBySpringCGLIB$$d98118c2] is not eligible for getting processed by all BeanPostProcessors (for example: not eligible for auto-proxying)
2023-03-18 14:34:59.459 [main] INFO  o.s.c.s.PostProcessorRegistrationDelegate$BeanPostProcessorChecker - Bean 'org.springframework.transaction.annotation.ProxyTransactionManagementConfiguration' of type [org.springframework.transaction.annotation.ProxyTransactionManagementConfiguration] is not eligible for getting processed by all BeanPostProcessors (for example: not eligible for auto-proxying)
2023-03-18 14:34:59.617 [main] INFO  o.s.c.s.PostProcessorRegistrationDelegate$BeanPostProcessorChecker - Bean 'org.springframework.cloud.autoconfigure.ConfigurationPropertiesRebinderAutoConfiguration' of type [org.springframework.cloud.autoconfigure.ConfigurationPropertiesRebinderAutoConfiguration] is not eligible for getting processed by all BeanPostProcessors (for example: not eligible for auto-proxying)
2023-03-18 14:34:59.813 [main] INFO  o.s.boot.web.embedded.tomcat.TomcatWebServer - Tomcat initialized with port(s): 8001 (http)
2023-03-18 14:34:59.820 [main] INFO  org.apache.coyote.http11.Http11NioProtocol - Initializing ProtocolHandler ["http-nio-8001"]
2023-03-18 14:34:59.820 [main] INFO  org.apache.catalina.core.StandardService - Starting service [Tomcat]
2023-03-18 14:34:59.820 [main] INFO  org.apache.catalina.core.StandardEngine - Starting Servlet engine: [Apache Tomcat/9.0.30]
2023-03-18 14:34:59.915 [main] INFO  o.a.c.core.ContainerBase.[Tomcat].[localhost].[/] - Initializing Spring embedded WebApplicationContext
2023-03-18 14:34:59.915 [main] INFO  org.springframework.web.context.ContextLoader - Root WebApplicationContext: initialization completed in 2704 ms
2023-03-18 14:34:59.999 [main] WARN  com.netflix.config.sources.URLConfigurationSource - No URLs will be polled as dynamic configuration sources.
2023-03-18 14:34:59.999 [main] INFO  com.netflix.config.sources.URLConfigurationSource - To enable URLs as dynamic configuration sources, define System property archaius.configurationSource.additionalUrls or make config.properties available on classpath.
2023-03-18 14:35:00.007 [main] INFO  com.netflix.config.DynamicPropertyFactory - DynamicPropertyFactory is initialized with configuration sources: com.netflix.config.ConcurrentCompositeConfiguration@706ceca6
2023-03-18 14:35:00.105 [main] INFO  c.a.d.s.b.a.DruidDataSourceAutoConfigure - Init DruidDataSource
2023-03-18 14:35:00.406 [main] INFO  com.alibaba.druid.pool.DruidDataSource - {dataSource-1} inited
2023-03-18 14:35:01.668 [main] INFO  org.springframework.cloud.commons.util.InetUtils - Cannot determine local hostname
2023-03-18 14:35:03.093 [main] WARN  o.s.s.o.p.token.store.JwtAccessTokenConverter - Unable to create an RSA verifier from verifierKey (ignoreable if using MAC)
2023-03-18 14:35:03.922 [main] INFO  o.s.security.web.DefaultSecurityFilterChain - Creating filter chain: OrRequestMatcher [requestMatchers=[Ant [pattern='/oauth/token'], Ant [pattern='/oauth/token_key'], Ant [pattern='/oauth/check_token']]], [org.springframework.security.web.context.request.async.WebAsyncManagerIntegrationFilter@51d88c38, org.springframework.security.web.context.SecurityContextPersistenceFilter@b2da3a5, org.springframework.security.web.header.HeaderWriterFilter@1bb4c431, org.springframework.security.web.authentication.logout.LogoutFilter@4c13ca07, org.springframework.security.oauth2.provider.client.ClientCredentialsTokenEndpointFilter@6d4502ca, org.springframework.security.web.authentication.www.BasicAuthenticationFilter@25e95af1, org.springframework.security.web.savedrequest.RequestCacheAwareFilter@acd3460, org.springframework.security.web.servletapi.SecurityContextHolderAwareRequestFilter@210d3a42, org.springframework.security.web.authentication.AnonymousAuthenticationFilter@3ea2f72e, org.springframework.security.web.session.SessionManagementFilter@4a7db5a, org.springframework.security.web.access.ExceptionTranslationFilter@1c792107, org.springframework.security.web.access.intercept.FilterSecurityInterceptor@6339e604]
2023-03-18 14:35:03.933 [main] INFO  o.s.security.web.DefaultSecurityFilterChain - Creating filter chain: org.springframework.security.oauth2.config.annotation.web.configuration.ResourceServerConfiguration$NotOAuthRequestMatcher@3f80d8c, [org.springframework.security.web.context.request.async.WebAsyncManagerIntegrationFilter@2d3b0978, org.springframework.security.web.context.SecurityContextPersistenceFilter@44e08a7a, org.springframework.security.web.header.HeaderWriterFilter@295f2d1b, org.springframework.security.web.authentication.logout.LogoutFilter@795faad, org.springframework.security.oauth2.provider.authentication.OAuth2AuthenticationProcessingFilter@3ff26c9, org.springframework.security.web.savedrequest.RequestCacheAwareFilter@78bd02c8, org.springframework.security.web.servletapi.SecurityContextHolderAwareRequestFilter@28dacf31, org.springframework.security.web.authentication.AnonymousAuthenticationFilter@5c60c08, org.springframework.security.web.session.SessionManagementFilter@65015a49, org.springframework.security.web.access.ExceptionTranslationFilter@60ab895f, org.springframework.security.web.access.intercept.FilterSecurityInterceptor@c82ad22]
2023-03-18 14:35:03.943 [main] INFO  o.s.security.web.DefaultSecurityFilterChain - Creating filter chain: any request, [org.springframework.security.web.context.request.async.WebAsyncManagerIntegrationFilter@362be0cd, org.springframework.security.web.context.SecurityContextPersistenceFilter@41bd6a0f, org.springframework.security.web.header.HeaderWriterFilter@4df7b4ac, org.springframework.security.web.csrf.CsrfFilter@152891f8, org.springframework.security.web.authentication.logout.LogoutFilter@72e75786, org.springframework.security.web.authentication.UsernamePasswordAuthenticationFilter@688d619c, org.springframework.security.web.authentication.ui.DefaultLoginPageGeneratingFilter@294c44b7, org.springframework.security.web.authentication.ui.DefaultLogoutPageGeneratingFilter@2dde0a34, org.springframework.security.web.authentication.www.BasicAuthenticationFilter@35a9e665, org.springframework.security.web.savedrequest.RequestCacheAwareFilter@1ae9d0e4, org.springframework.security.web.servletapi.SecurityContextHolderAwareRequestFilter@6acb45c1, org.springframework.security.web.authentication.AnonymousAuthenticationFilter@61836cd9, org.springframework.security.web.session.SessionManagementFilter@7c47e077, org.springframework.security.web.access.ExceptionTranslationFilter@5a2035e1, org.springframework.security.web.access.intercept.FilterSecurityInterceptor@3b2c8bda]
2023-03-18 14:35:04.077 [main] WARN  com.netflix.config.sources.URLConfigurationSource - No URLs will be polled as dynamic configuration sources.
2023-03-18 14:35:04.077 [main] INFO  com.netflix.config.sources.URLConfigurationSource - To enable URLs as dynamic configuration sources, define System property archaius.configurationSource.additionalUrls or make config.properties available on classpath.
2023-03-18 14:35:04.228 [main] INFO  o.s.scheduling.concurrent.ThreadPoolTaskExecutor - Initializing ExecutorService 'applicationTaskExecutor'
2023-03-18 14:35:05.937 [main] INFO  org.springframework.cloud.commons.util.InetUtils - Cannot determine local hostname
2023-03-18 14:35:07.118 [main] INFO  org.springframework.cloud.commons.util.InetUtils - Cannot determine local hostname
2023-03-18 14:35:07.143 [main] WARN  o.s.c.l.c.BlockingLoadBalancerClientAutoConfiguration$BlockingLoadBalancerClientRibbonWarnLogger - You already have RibbonLoadBalancerClient on your classpath. It will be used by default. As Spring Cloud Ribbon is in maintenance mode. We recommend switching to BlockingLoadBalancerClient instead. In order to use it, set the value of `spring.cloud.loadbalancer.ribbon.enabled` to `false` or remove spring-cloud-starter-netflix-ribbon from your project.
2023-03-18 14:35:07.180 [main] WARN  o.s.c.l.c.LoadBalancerCacheAutoConfiguration$LoadBalancerCaffeineWarnLogger - Spring Cloud LoadBalancer is currently working with default default cache. You can switch to using Caffeine cache, by adding it to the classpath.
2023-03-18 14:35:07.193 [main] INFO  o.s.b.actuate.endpoint.web.EndpointLinksResolver - Exposing 2 endpoint(s) beneath base path '/actuator'
2023-03-18 14:35:07.273 [main] INFO  o.s.cloud.netflix.eureka.InstanceInfoFactory - Setting initial instance status as: STARTING
2023-03-18 14:35:07.296 [main] INFO  com.netflix.discovery.DiscoveryClient - Initializing Eureka in region us-east-1
2023-03-18 14:35:07.407 [main] INFO  c.n.discovery.provider.DiscoveryJerseyProvider - Using JSON encoding codec LegacyJacksonJson
2023-03-18 14:35:07.407 [main] INFO  c.n.discovery.provider.DiscoveryJerseyProvider - Using JSON decoding codec LegacyJacksonJson
2023-03-18 14:35:07.490 [main] INFO  c.n.discovery.provider.DiscoveryJerseyProvider - Using XML encoding codec XStreamXml
2023-03-18 14:35:07.490 [main] INFO  c.n.discovery.provider.DiscoveryJerseyProvider - Using XML decoding codec XStreamXml
2023-03-18 14:35:07.593 [main] INFO  c.n.d.shared.resolver.aws.ConfigClusterResolver - Resolving eureka endpoints via configuration
2023-03-18 14:35:07.733 [main] INFO  com.netflix.discovery.DiscoveryClient - Disable delta property : false
2023-03-18 14:35:07.733 [main] INFO  com.netflix.discovery.DiscoveryClient - Single vip registry refresh property : null
2023-03-18 14:35:07.733 [main] INFO  com.netflix.discovery.DiscoveryClient - Force full registry fetch : false
2023-03-18 14:35:07.733 [main] INFO  com.netflix.discovery.DiscoveryClient - Application is null : false
2023-03-18 14:35:07.733 [main] INFO  com.netflix.discovery.DiscoveryClient - Registered Applications size is zero : true
2023-03-18 14:35:07.733 [main] INFO  com.netflix.discovery.DiscoveryClient - Application version is -1: true
2023-03-18 14:35:07.733 [main] INFO  com.netflix.discovery.DiscoveryClient - Getting all instance registry info from the eureka server
2023-03-18 14:35:07.837 [main] INFO  com.netflix.discovery.DiscoveryClient - The response status is 200
2023-03-18 14:35:07.838 [main] INFO  com.netflix.discovery.DiscoveryClient - Starting heartbeat executor: renew interval is: 30
2023-03-18 14:35:07.841 [main] INFO  com.netflix.discovery.InstanceInfoReplicator - InstanceInfoReplicator onDemand update allowed rate per min is 4
2023-03-18 14:35:07.843 [main] INFO  com.netflix.discovery.DiscoveryClient - Discovery Client initialized at timestamp 1679121307842 with initial instances count: 1
2023-03-18 14:35:07.846 [main] INFO  o.s.c.n.e.serviceregistry.EurekaServiceRegistry - Registering application AUTH-CENTER with eureka with status UP
2023-03-18 14:35:07.847 [main] INFO  com.netflix.discovery.DiscoveryClient - Saw local status change event StatusChangeEvent [timestamp=1679121307847, current=UP, previous=STARTING]
2023-03-18 14:35:07.849 [DiscoveryClient-InstanceInfoReplicator-0] INFO  com.netflix.discovery.DiscoveryClient - DiscoveryClient_AUTH-CENTER/localhost:auth-center:8001: registering service...
2023-03-18 14:35:07.860 [main] INFO  org.apache.coyote.http11.Http11NioProtocol - Starting ProtocolHandler ["http-nio-8001"]
2023-03-18 14:35:07.874 [DiscoveryClient-InstanceInfoReplicator-0] INFO  com.netflix.discovery.DiscoveryClient - DiscoveryClient_AUTH-CENTER/localhost:auth-center:8001 - registration status: 204
2023-03-18 14:35:07.881 [main] INFO  o.s.boot.web.embedded.tomcat.TomcatWebServer - Tomcat started on port(s): 8001 (http) with context path ''
2023-03-18 14:35:07.882 [main] INFO  o.s.c.n.e.s.EurekaAutoServiceRegistration - Updating port to 8001
2023-03-18 14:35:09.042 [main] INFO  org.springframework.cloud.commons.util.InetUtils - Cannot determine local hostname
2023-03-18 14:35:09.045 [main] INFO  center.misaki.device.userApp - Started userApp in 14.842 seconds (JVM running for 15.672)
2023-03-18 14:35:09.277 [boundedElastic-1] INFO  io.lettuce.core.EpollProvider - Starting without optional epoll library
2023-03-18 14:35:09.279 [boundedElastic-1] INFO  io.lettuce.core.KqueueProvider - Starting without optional kqueue library
2023-03-18 14:35:09.401 [RMI TCP Connection(3)-172.26.1.57] INFO  o.a.c.core.ContainerBase.[Tomcat].[localhost].[/] - Initializing Spring DispatcherServlet 'dispatcherServlet'
2023-03-18 14:35:09.401 [RMI TCP Connection(3)-172.26.1.57] INFO  org.springframework.web.servlet.DispatcherServlet - Initializing Servlet 'dispatcherServlet'
2023-03-18 14:35:09.411 [RMI TCP Connection(3)-172.26.1.57] INFO  org.springframework.web.servlet.DispatcherServlet - Completed initialization in 10 ms
2023-03-18 14:36:28.714 [http-nio-8001-exec-1] INFO  center.misaki.device.Aspect.ControllerLogAop - Request URL: [http://localhost:8001/user/registerUser], URI: [/user/registerUser], Request Method: [POST], IP: [127.0.0.1]
2023-03-18 14:36:28.720 [http-nio-8001-exec-1] INFO  center.misaki.device.Aspect.ControllerLogAop - UserController.registerUser Parameters: [[{"email":"test20","nickname":"test20","password":"123456","phone":"test20","tenementName":"test20","username":"test20"}]]
2023-03-18 14:36:28.878 [http-nio-8001-exec-1] INFO  center.misaki.device.Aspect.ControllerLogAop - UserController.registerUser Response: [{"code":0,"data":{"tenementId":58},"msg":"注册成功"}]
2023-03-18 14:36:28.878 [http-nio-8001-exec-1] INFO  center.misaki.device.Aspect.ControllerLogAop - Usage:
StopWatch '/user/registerUser': running time = 169716601 ns
---------------------------------------------
ns         %     Task name
---------------------------------------------
011213700  007%  PrintRequest
155276500  091%  UserController#registerUser
003226401  002%  PrintResponse

2023-03-18 14:36:44.085 [http-nio-8001-exec-2] INFO  center.misaki.device.Aspect.ControllerLogAop - Request URL: [http://localhost:8001/login/token], URI: [/login/token], Request Method: [POST], IP: [127.0.0.1]
2023-03-18 14:36:44.086 [http-nio-8001-exec-2] INFO  center.misaki.device.Aspect.ControllerLogAop - AuthController.login Parameters: [[{"clientId":"pc","clientSecret":"secret","password":"123456","username":"test20"}]]
2023-03-18 14:36:44.092 [http-nio-8001-exec-2] WARN  o.s.security.crypto.bcrypt.BCryptPasswordEncoder - Encoded password does not look like BCrypt
2023-03-18 14:36:44.285 [http-nio-8001-exec-2] INFO  center.misaki.device.Aspect.ControllerLogAop - AuthController.login Response: [{"additionalInformation":{"jti":"6e3268be-c722-4809-83eb-aa2f8fdecc1a"},"expiration":1679128604254,"expired":false,"expiresIn":7199,"scope":["all"],"tokenType":"bearer","value":"eyJhbGciOiJIUzI1NiIsInR5cCI6IkpXVCJ9.eyJleHAiOjE2NzkxMjg2MDQsInVzZXJfbmFtZSI6InRlc3QyMCIsImp0aSI6IjZlMzI2OGJlLWM3MjItNDgwOS04M2ViLWFhMmY4ZmRlY2MxYSIsImNsaWVudF9pZCI6InBjIiwic2NvcGUiOlsiYWxsIl19.DEhx3MCx0q3X8bFGg1jx-ScThDeZQjvjDkjsj9hvWh8"}]
2023-03-18 14:36:44.285 [http-nio-8001-exec-2] INFO  center.misaki.device.Aspect.ControllerLogAop - Usage:
StopWatch '/login/token': running time = 200285299 ns
---------------------------------------------
ns         %     Task name
---------------------------------------------
001910700  001%  PrintRequest
193127200  096%  AuthController#login
005247399  003%  PrintResponse

2023-03-18 14:36:44.684 [http-nio-8001-exec-6] INFO  center.misaki.device.Aspect.ControllerLogAop - Request URL: [http://localhost:8001/isAccessed], URI: [/isAccessed], Request Method: [GET], IP: [127.0.0.1]
2023-03-18 14:36:44.684 [http-nio-8001-exec-4] INFO  center.misaki.device.Aspect.ControllerLogAop - Request URL: [http://localhost:8001/isAdmin], URI: [/isAdmin], Request Method: [GET], IP: [127.0.0.1]
2023-03-18 14:36:44.685 [http-nio-8001-exec-6] INFO  center.misaki.device.Aspect.ControllerLogAop - AuthController.isAccessed Parameters: [[]]
2023-03-18 14:36:44.684 [http-nio-8001-exec-7] INFO  center.misaki.device.Aspect.ControllerLogAop - Request URL: [http://localhost:8001/isAccessed], URI: [/isAccessed], Request Method: [GET], IP: [127.0.0.1]
2023-03-18 14:36:44.684 [http-nio-8001-exec-5] INFO  center.misaki.device.Aspect.ControllerLogAop - Request URL: [http://localhost:8001/isAccessed], URI: [/isAccessed], Request Method: [GET], IP: [127.0.0.1]
2023-03-18 14:36:44.684 [http-nio-8001-exec-3] INFO  center.misaki.device.Aspect.ControllerLogAop - Request URL: [http://localhost:8001/user/showSelf], URI: [/user/showSelf], Request Method: [GET], IP: [127.0.0.1]
2023-03-18 14:36:44.684 [http-nio-8001-exec-8] INFO  center.misaki.device.Aspect.ControllerLogAop - Request URL: [http://localhost:8001/isAccessed], URI: [/isAccessed], Request Method: [GET], IP: [127.0.0.1]
2023-03-18 14:36:44.685 [http-nio-8001-exec-5] INFO  center.misaki.device.Aspect.ControllerLogAop - AuthController.isAccessed Parameters: [[]]
2023-03-18 14:36:44.685 [http-nio-8001-exec-4] INFO  center.misaki.device.Aspect.ControllerLogAop - AuthController.isAdmin Parameters: [[]]
2023-03-18 14:36:44.685 [http-nio-8001-exec-7] INFO  center.misaki.device.Aspect.ControllerLogAop - AuthController.isAccessed Parameters: [[]]
2023-03-18 14:36:44.685 [http-nio-8001-exec-3] INFO  center.misaki.device.Aspect.ControllerLogAop - UserController.showUserSelf Parameters: [[]]
2023-03-18 14:36:44.685 [http-nio-8001-exec-8] INFO  center.misaki.device.Aspect.ControllerLogAop - AuthController.isAccessed Parameters: [[]]
2023-03-18 14:36:44.697 [http-nio-8001-exec-6] INFO  center.misaki.device.Aspect.ControllerLogAop - AuthController.isAccessed Response: [{"code":0,"data":"eJxlUN1ugjAYfZdeO4Ooi3jnQFmJhahThGUXWKq0lMJoUWTZu69mWeayu+/85sv5AAnGZSOUX4p5W9GapGCq6ob07oRlifM7vlFZWVNFiQTT17cewDVJFKl/dA1TIhRNuPxfSkRy4L9QlHWR8FlaUAGmR53QnLzKv4QighS6EerYeKJxmROtAnL1soOLaUA9uO3gwKdQQrEeYxs+wrza72zP6msTJ88zGrC56Xd5i9jJRM5KG3ddvPeOh2Kh4o0OiDXHw9UV2bqkqIzkxrGYow6agevxZYiGiEHlO6dLsDFGyNzRZbjIUBGN4mLNIxO10eaW9WUS7pp0YVXx7RHxxCC9UGz6Z+xuacAljcJWQj6w+s48a4fIbo334X5yWLinAWsfNvglc0i8Ymfm5EwyKzuH2QT0QCNJfdvAGn3fIimInkERqUwDfH4BQGWeKQ==","msg":"验证成功"}]
2023-03-18 14:36:44.697 [http-nio-8001-exec-5] INFO  center.misaki.device.Aspect.ControllerLogAop - AuthController.isAccessed Response: [{"code":0,"data":"eJxlUN1ugjAYfZdeO4Ooi3jnQFmJhahThGUXWKq0lMJoUWTZu69mWeayu+/85sv5AAnGZSOUX4p5W9GapGCq6ob07oRlifM7vlFZWVNFiQTT17cewDVJFKl/dA1TIhRNuPxfSkRy4L9QlHWR8FlaUAGmR53QnLzKv4QighS6EerYeKJxmROtAnL1soOLaUA9uO3gwKdQQrEeYxs+wrza72zP6msTJ88zGrC56Xd5i9jJRM5KG3ddvPeOh2Kh4o0OiDXHw9UV2bqkqIzkxrGYow6agevxZYiGiEHlO6dLsDFGyNzRZbjIUBGN4mLNIxO10eaW9WUS7pp0YVXx7RHxxCC9UGz6Z+xuacAljcJWQj6w+s48a4fIbo334X5yWLinAWsfNvglc0i8Ymfm5EwyKzuH2QT0QCNJfdvAGn3fIimInkERqUwDfH4BQGWeKQ==","msg":"验证成功"}]
2023-03-18 14:36:44.697 [http-nio-8001-exec-7] INFO  center.misaki.device.Aspect.ControllerLogAop - AuthController.isAccessed Response: [{"code":0,"data":"eJxlUN1ugjAYfZdeO4Ooi3jnQFmJhahThGUXWKq0lMJoUWTZu69mWeayu+/85sv5AAnGZSOUX4p5W9GapGCq6ob07oRlifM7vlFZWVNFiQTT17cewDVJFKl/dA1TIhRNuPxfSkRy4L9QlHWR8FlaUAGmR53QnLzKv4QighS6EerYeKJxmROtAnL1soOLaUA9uO3gwKdQQrEeYxs+wrza72zP6msTJ88zGrC56Xd5i9jJRM5KG3ddvPeOh2Kh4o0OiDXHw9UV2bqkqIzkxrGYow6agevxZYiGiEHlO6dLsDFGyNzRZbjIUBGN4mLNIxO10eaW9WUS7pp0YVXx7RHxxCC9UGz6Z+xuacAljcJWQj6w+s48a4fIbo334X5yWLinAWsfNvglc0i8Ymfm5EwyKzuH2QT0QCNJfdvAGn3fIimInkERqUwDfH4BQGWeKQ==","msg":"验证成功"}]
2023-03-18 14:36:44.697 [http-nio-8001-exec-8] INFO  center.misaki.device.Aspect.ControllerLogAop - AuthController.isAccessed Response: [{"code":0,"data":"eJxlUN1ugjAYfZdeO4Ooi3jnQFmJhahThGUXWKq0lMJoUWTZu69mWeayu+/85sv5AAnGZSOUX4p5W9GapGCq6ob07oRlifM7vlFZWVNFiQTT17cewDVJFKl/dA1TIhRNuPxfSkRy4L9QlHWR8FlaUAGmR53QnLzKv4QighS6EerYeKJxmROtAnL1soOLaUA9uO3gwKdQQrEeYxs+wrza72zP6msTJ88zGrC56Xd5i9jJRM5KG3ddvPeOh2Kh4o0OiDXHw9UV2bqkqIzkxrGYow6agevxZYiGiEHlO6dLsDFGyNzRZbjIUBGN4mLNIxO10eaW9WUS7pp0YVXx7RHxxCC9UGz6Z+xuacAljcJWQj6w+s48a4fIbo334X5yWLinAWsfNvglc0i8Ymfm5EwyKzuH2QT0QCNJfdvAGn3fIimInkERqUwDfH4BQGWeKQ==","msg":"验证成功"}]
2023-03-18 14:36:44.697 [http-nio-8001-exec-6] INFO  center.misaki.device.Aspect.ControllerLogAop - Usage:
StopWatch '/isAccessed': running time = 12517199 ns
---------------------------------------------
ns         %     Task name
---------------------------------------------
000466700  004%  PrintRequest
011848300  095%  AuthController#isAccessed
000202199  002%  PrintResponse

2023-03-18 14:36:44.697 [http-nio-8001-exec-5] INFO  center.misaki.device.Aspect.ControllerLogAop - Usage:
StopWatch '/isAccessed': running time = 12677300 ns
---------------------------------------------
ns         %     Task name
---------------------------------------------
000613500  005%  PrintRequest
011702500  092%  AuthController#isAccessed
000361300  003%  PrintResponse

2023-03-18 14:36:44.697 [http-nio-8001-exec-7] INFO  center.misaki.device.Aspect.ControllerLogAop - Usage:
StopWatch '/isAccessed': running time = 12695999 ns
---------------------------------------------
ns         %     Task name
---------------------------------------------
000639500  005%  PrintRequest
011676700  092%  AuthController#isAccessed
000379799  003%  PrintResponse

2023-03-18 14:36:44.697 [http-nio-8001-exec-8] INFO  center.misaki.device.Aspect.ControllerLogAop - Usage:
StopWatch '/isAccessed': running time = 12709401 ns
---------------------------------------------
ns         %     Task name
---------------------------------------------
000659500  005%  PrintRequest
011656001  092%  AuthController#isAccessed
000393900  003%  PrintResponse

2023-03-18 14:36:44.700 [http-nio-8001-exec-4] INFO  center.misaki.device.Aspect.ControllerLogAop - AuthController.isAdmin Response: [{"code":0,"data":{"creater":true,"sysAdmin":false,"authDetails":{"addressBook":{"department":false,"role":[false,false]},"editForm":false,"name":"无","scope":{"department":[],"role":[]}},"norAdmin":false},"msg":"获取成功"}]
2023-03-18 14:36:44.701 [http-nio-8001-exec-4] INFO  center.misaki.device.Aspect.ControllerLogAop - Usage:
StopWatch '/isAdmin': running time = 16068800 ns
---------------------------------------------
ns         %     Task name
---------------------------------------------
000627699  004%  PrintRequest
007736801  048%  AuthController#isAdmin
007704300  048%  PrintResponse

2023-03-18 14:36:44.705 [http-nio-8001-exec-3] INFO  center.misaki.device.Aspect.ControllerLogAop - UserController.showUserSelf Response: [{"code":0,"data":{"departments":{76:"test20"},"email":"test20","name":"test20","phone":"test20","roles":{},"tenementName":"test20","userName":"test20"},"msg":"获取成功"}]
2023-03-18 14:36:44.705 [http-nio-8001-exec-3] INFO  center.misaki.device.Aspect.ControllerLogAop - Usage:
StopWatch '/user/showSelf': running time = 20932401 ns
---------------------------------------------
ns         %     Task name
---------------------------------------------
000649500  003%  PrintRequest
016866401  081%  UserController#showUserSelf
003416500  016%  PrintResponse

2023-03-18 14:36:45.057 [http-nio-8001-exec-9] INFO  center.misaki.device.Aspect.ControllerLogAop - Request URL: [http://localhost:8001/isAccessed], URI: [/isAccessed], Request Method: [GET], IP: [127.0.0.1]
2023-03-18 14:36:45.057 [http-nio-8001-exec-9] INFO  center.misaki.device.Aspect.ControllerLogAop - AuthController.isAccessed Parameters: [[]]
2023-03-18 14:36:45.058 [http-nio-8001-exec-10] INFO  center.misaki.device.Aspect.ControllerLogAop - Request URL: [http://localhost:8001/isAccessed], URI: [/isAccessed], Request Method: [GET], IP: [127.0.0.1]
2023-03-18 14:36:45.058 [http-nio-8001-exec-10] INFO  center.misaki.device.Aspect.ControllerLogAop - AuthController.isAccessed Parameters: [[]]
2023-03-18 14:36:45.072 [http-nio-8001-exec-10] INFO  center.misaki.device.Aspect.ControllerLogAop - AuthController.isAccessed Response: [{"code":0,"data":"eJxlUN1ugjAYfZdeO4Ooi3jnQFmJhahThGUXWKq0lMJoUWTZu69mWeayu+/85sv5AAnGZSOUX4p5W9GapGCq6ob07oRlifM7vlFZWVNFiQTT17cewDVJFKl/dA1TIhRNuPxfSkRy4L9QlHWR8FlaUAGmR53QnLzKv4QighS6EerYeKJxmROtAnL1soOLaUA9uO3gwKdQQrEeYxs+wrza72zP6msTJ88zGrC56Xd5i9jJRM5KG3ddvPeOh2Kh4o0OiDXHw9UV2bqkqIzkxrGYow6agevxZYiGiEHlO6dLsDFGyNzRZbjIUBGN4mLNIxO10eaW9WUS7pp0YVXx7RHxxCC9UGz6Z+xuacAljcJWQj6w+s48a4fIbo334X5yWLinAWsfNvglc0i8Ymfm5EwyKzuH2QT0QCNJfdvAGn3fIimInkERqUwDfH4BQGWeKQ==","msg":"验证成功"}]
2023-03-18 14:36:45.072 [http-nio-8001-exec-9] INFO  center.misaki.device.Aspect.ControllerLogAop - AuthController.isAccessed Response: [{"code":0,"data":"eJxlUN1ugjAYfZdeO4Ooi3jnQFmJhahThGUXWKq0lMJoUWTZu69mWeayu+/85sv5AAnGZSOUX4p5W9GapGCq6ob07oRlifM7vlFZWVNFiQTT17cewDVJFKl/dA1TIhRNuPxfSkRy4L9QlHWR8FlaUAGmR53QnLzKv4QighS6EerYeKJxmROtAnL1soOLaUA9uO3gwKdQQrEeYxs+wrza72zP6msTJ88zGrC56Xd5i9jJRM5KG3ddvPeOh2Kh4o0OiDXHw9UV2bqkqIzkxrGYow6agevxZYiGiEHlO6dLsDFGyNzRZbjIUBGN4mLNIxO10eaW9WUS7pp0YVXx7RHxxCC9UGz6Z+xuacAljcJWQj6w+s48a4fIbo334X5yWLinAWsfNvglc0i8Ymfm5EwyKzuH2QT0QCNJfdvAGn3fIimInkERqUwDfH4BQGWeKQ==","msg":"验证成功"}]
2023-03-18 14:36:45.072 [http-nio-8001-exec-9] INFO  center.misaki.device.Aspect.ControllerLogAop - Usage:
StopWatch '/isAccessed': running time = 14901800 ns
---------------------------------------------
ns         %     Task name
---------------------------------------------
000424300  003%  PrintRequest
014269500  096%  AuthController#isAccessed
000208000  001%  PrintResponse

2023-03-18 14:36:45.072 [http-nio-8001-exec-10] INFO  center.misaki.device.Aspect.ControllerLogAop - Usage:
StopWatch '/isAccessed': running time = 14226901 ns
---------------------------------------------
ns         %     Task name
---------------------------------------------
000365201  003%  PrintRequest
013663300  096%  AuthController#isAccessed
000198400  001%  PrintResponse

2023-03-18 14:36:45.080 [http-nio-8001-exec-1] INFO  center.misaki.device.Aspect.ControllerLogAop - Request URL: [http://localhost:8001/isAccessed], URI: [/isAccessed], Request Method: [GET], IP: [127.0.0.1]
2023-03-18 14:36:45.081 [http-nio-8001-exec-1] INFO  center.misaki.device.Aspect.ControllerLogAop - AuthController.isAccessed Parameters: [[]]
2023-03-18 14:36:45.081 [http-nio-8001-exec-2] INFO  center.misaki.device.Aspect.ControllerLogAop - Request URL: [http://localhost:8001/isAccessed], URI: [/isAccessed], Request Method: [GET], IP: [127.0.0.1]
2023-03-18 14:36:45.081 [http-nio-8001-exec-2] INFO  center.misaki.device.Aspect.ControllerLogAop - AuthController.isAccessed Parameters: [[]]
2023-03-18 14:36:45.086 [http-nio-8001-exec-2] INFO  center.misaki.device.Aspect.ControllerLogAop - AuthController.isAccessed Response: [{"code":0,"data":"eJxlUN1ugjAYfZdeO4Ooi3jnQFmJhahThGUXWKq0lMJoUWTZu69mWeayu+/85sv5AAnGZSOUX4p5W9GapGCq6ob07oRlifM7vlFZWVNFiQTT17cewDVJFKl/dA1TIhRNuPxfSkRy4L9QlHWR8FlaUAGmR53QnLzKv4QighS6EerYeKJxmROtAnL1soOLaUA9uO3gwKdQQrEeYxs+wrza72zP6msTJ88zGrC56Xd5i9jJRM5KG3ddvPeOh2Kh4o0OiDXHw9UV2bqkqIzkxrGYow6agevxZYiGiEHlO6dLsDFGyNzRZbjIUBGN4mLNIxO10eaW9WUS7pp0YVXx7RHxxCC9UGz6Z+xuacAljcJWQj6w+s48a4fIbo334X5yWLinAWsfNvglc0i8Ymfm5EwyKzuH2QT0QCNJfdvAGn3fIimInkERqUwDfH4BQGWeKQ==","msg":"验证成功"}]
2023-03-18 14:36:45.086 [http-nio-8001-exec-2] INFO  center.misaki.device.Aspect.ControllerLogAop - Usage:
StopWatch '/isAccessed': running time = 5267601 ns
---------------------------------------------
ns         %     Task name
---------------------------------------------
000178600  003%  PrintRequest
004882800  093%  AuthController#isAccessed
000206201  004%  PrintResponse

2023-03-18 14:36:45.087 [http-nio-8001-exec-1] INFO  center.misaki.device.Aspect.ControllerLogAop - AuthController.isAccessed Response: [{"code":0,"data":"eJxlUN1ugjAYfZdeO4Ooi3jnQFmJhahThGUXWKq0lMJoUWTZu69mWeayu+/85sv5AAnGZSOUX4p5W9GapGCq6ob07oRlifM7vlFZWVNFiQTT17cewDVJFKl/dA1TIhRNuPxfSkRy4L9QlHWR8FlaUAGmR53QnLzKv4QighS6EerYeKJxmROtAnL1soOLaUA9uO3gwKdQQrEeYxs+wrza72zP6msTJ88zGrC56Xd5i9jJRM5KG3ddvPeOh2Kh4o0OiDXHw9UV2bqkqIzkxrGYow6agevxZYiGiEHlO6dLsDFGyNzRZbjIUBGN4mLNIxO10eaW9WUS7pp0YVXx7RHxxCC9UGz6Z+xuacAljcJWQj6w+s48a4fIbo334X5yWLinAWsfNvglc0i8Ymfm5EwyKzuH2QT0QCNJfdvAGn3fIimInkERqUwDfH4BQGWeKQ==","msg":"验证成功"}]
2023-03-18 14:36:45.087 [http-nio-8001-exec-1] INFO  center.misaki.device.Aspect.ControllerLogAop - Usage:
StopWatch '/isAccessed': running time = 7148199 ns
---------------------------------------------
ns         %     Task name
---------------------------------------------
000316199  004%  PrintRequest
006594399  092%  AuthController#isAccessed
000237601  003%  PrintResponse

2023-03-18 14:36:45.356 [http-nio-8001-exec-6] INFO  center.misaki.device.Aspect.ControllerLogAop - Request URL: [http://localhost:8001/isAccessed], URI: [/isAccessed], Request Method: [GET], IP: [127.0.0.1]
2023-03-18 14:36:45.356 [http-nio-8001-exec-5] INFO  center.misaki.device.Aspect.ControllerLogAop - Request URL: [http://localhost:8001/isAdmin], URI: [/isAdmin], Request Method: [GET], IP: [127.0.0.1]
2023-03-18 14:36:45.356 [http-nio-8001-exec-6] INFO  center.misaki.device.Aspect.ControllerLogAop - AuthController.isAccessed Parameters: [[]]
2023-03-18 14:36:45.356 [http-nio-8001-exec-5] INFO  center.misaki.device.Aspect.ControllerLogAop - AuthController.isAdmin Parameters: [[]]
2023-03-18 14:36:45.356 [http-nio-8001-exec-5] INFO  center.misaki.device.Aspect.ControllerLogAop - AuthController.isAdmin Response: [{"code":0,"data":{"creater":true,"sysAdmin":false,"authDetails":{"addressBook":{"department":false,"role":[false,false]},"editForm":false,"name":"无","scope":{"department":[],"role":[]}},"norAdmin":false},"msg":"获取成功"}]
2023-03-18 14:36:45.356 [http-nio-8001-exec-5] INFO  center.misaki.device.Aspect.ControllerLogAop - Usage:
StopWatch '/isAdmin': running time = 419799 ns
---------------------------------------------
ns         %     Task name
---------------------------------------------
000251399  060%  PrintRequest
000066000  016%  AuthController#isAdmin
000102400  024%  PrintResponse

2023-03-18 14:36:45.362 [http-nio-8001-exec-6] INFO  center.misaki.device.Aspect.ControllerLogAop - AuthController.isAccessed Response: [{"code":0,"data":"eJxlUN1ugjAYfZdeO4Ooi3jnQFmJhahThGUXWKq0lMJoUWTZu69mWeayu+/85sv5AAnGZSOUX4p5W9GapGCq6ob07oRlifM7vlFZWVNFiQTT17cewDVJFKl/dA1TIhRNuPxfSkRy4L9QlHWR8FlaUAGmR53QnLzKv4QighS6EerYeKJxmROtAnL1soOLaUA9uO3gwKdQQrEeYxs+wrza72zP6msTJ88zGrC56Xd5i9jJRM5KG3ddvPeOh2Kh4o0OiDXHw9UV2bqkqIzkxrGYow6agevxZYiGiEHlO6dLsDFGyNzRZbjIUBGN4mLNIxO10eaW9WUS7pp0YVXx7RHxxCC9UGz6Z+xuacAljcJWQj6w+s48a4fIbo334X5yWLinAWsfNvglc0i8Ymfm5EwyKzuH2QT0QCNJfdvAGn3fIimInkERqUwDfH4BQGWeKQ==","msg":"验证成功"}]
2023-03-18 14:36:45.363 [http-nio-8001-exec-6] INFO  center.misaki.device.Aspect.ControllerLogAop - Usage:
StopWatch '/isAccessed': running time = 6683000 ns
---------------------------------------------
ns         %     Task name
---------------------------------------------
000246700  004%  PrintRequest
006174500  092%  AuthController#isAccessed
000261800  004%  PrintResponse

2023-03-18 14:36:45.767 [http-nio-8001-exec-7] INFO  center.misaki.device.Aspect.ControllerLogAop - Request URL: [http://localhost:8001/isAdmin], URI: [/isAdmin], Request Method: [GET], IP: [127.0.0.1]
2023-03-18 14:36:45.767 [http-nio-8001-exec-9] INFO  center.misaki.device.Aspect.ControllerLogAop - Request URL: [http://localhost:8001/isAccessed], URI: [/isAccessed], Request Method: [GET], IP: [127.0.0.1]
2023-03-18 14:36:45.768 [http-nio-8001-exec-7] INFO  center.misaki.device.Aspect.ControllerLogAop - AuthController.isAdmin Parameters: [[]]
2023-03-18 14:36:45.768 [http-nio-8001-exec-9] INFO  center.misaki.device.Aspect.ControllerLogAop - AuthController.isAccessed Parameters: [[]]
2023-03-18 14:36:45.768 [http-nio-8001-exec-4] INFO  center.misaki.device.Aspect.ControllerLogAop - Request URL: [http://localhost:8001/isAccessed], URI: [/isAccessed], Request Method: [GET], IP: [127.0.0.1]
2023-03-18 14:36:45.768 [http-nio-8001-exec-4] INFO  center.misaki.device.Aspect.ControllerLogAop - AuthController.isAccessed Parameters: [[]]
2023-03-18 14:36:45.768 [http-nio-8001-exec-7] INFO  center.misaki.device.Aspect.ControllerLogAop - AuthController.isAdmin Response: [{"code":0,"data":{"creater":true,"sysAdmin":false,"authDetails":{"addressBook":{"department":false,"role":[false,false]},"editForm":false,"name":"无","scope":{"department":[],"role":[]}},"norAdmin":false},"msg":"获取成功"}]
2023-03-18 14:36:45.769 [http-nio-8001-exec-7] INFO  center.misaki.device.Aspect.ControllerLogAop - Usage:
StopWatch '/isAdmin': running time = 1257901 ns
---------------------------------------------
ns         %     Task name
---------------------------------------------
000701800  056%  PrintRequest
000124801  010%  AuthController#isAdmin
000431300  034%  PrintResponse

2023-03-18 14:36:45.769 [http-nio-8001-exec-8] INFO  center.misaki.device.Aspect.ControllerLogAop - Request URL: [http://localhost:8001/isAccessed], URI: [/isAccessed], Request Method: [GET], IP: [127.0.0.1]
2023-03-18 14:36:45.769 [http-nio-8001-exec-3] INFO  center.misaki.device.Aspect.ControllerLogAop - Request URL: [http://localhost:8001/isAccessed], URI: [/isAccessed], Request Method: [GET], IP: [127.0.0.1]
2023-03-18 14:36:45.769 [http-nio-8001-exec-8] INFO  center.misaki.device.Aspect.ControllerLogAop - AuthController.isAccessed Parameters: [[]]
2023-03-18 14:36:45.769 [http-nio-8001-exec-3] INFO  center.misaki.device.Aspect.ControllerLogAop - AuthController.isAccessed Parameters: [[]]
2023-03-18 14:36:45.775 [http-nio-8001-exec-9] INFO  center.misaki.device.Aspect.ControllerLogAop - AuthController.isAccessed Response: [{"code":0,"data":"eJxlUN1ugjAYfZdeO4Ooi3jnQFmJhahThGUXWKq0lMJoUWTZu69mWeayu+/85sv5AAnGZSOUX4p5W9GapGCq6ob07oRlifM7vlFZWVNFiQTT17cewDVJFKl/dA1TIhRNuPxfSkRy4L9QlHWR8FlaUAGmR53QnLzKv4QighS6EerYeKJxmROtAnL1soOLaUA9uO3gwKdQQrEeYxs+wrza72zP6msTJ88zGrC56Xd5i9jJRM5KG3ddvPeOh2Kh4o0OiDXHw9UV2bqkqIzkxrGYow6agevxZYiGiEHlO6dLsDFGyNzRZbjIUBGN4mLNIxO10eaW9WUS7pp0YVXx7RHxxCC9UGz6Z+xuacAljcJWQj6w+s48a4fIbo334X5yWLinAWsfNvglc0i8Ymfm5EwyKzuH2QT0QCNJfdvAGn3fIimInkERqUwDfH4BQGWeKQ==","msg":"验证成功"}]
2023-03-18 14:36:45.775 [http-nio-8001-exec-4] INFO  center.misaki.device.Aspect.ControllerLogAop - AuthController.isAccessed Response: [{"code":0,"data":"eJxlUN1ugjAYfZdeO4Ooi3jnQFmJhahThGUXWKq0lMJoUWTZu69mWeayu+/85sv5AAnGZSOUX4p5W9GapGCq6ob07oRlifM7vlFZWVNFiQTT17cewDVJFKl/dA1TIhRNuPxfSkRy4L9QlHWR8FlaUAGmR53QnLzKv4QighS6EerYeKJxmROtAnL1soOLaUA9uO3gwKdQQrEeYxs+wrza72zP6msTJ88zGrC56Xd5i9jJRM5KG3ddvPeOh2Kh4o0OiDXHw9UV2bqkqIzkxrGYow6agevxZYiGiEHlO6dLsDFGyNzRZbjIUBGN4mLNIxO10eaW9WUS7pp0YVXx7RHxxCC9UGz6Z+xuacAljcJWQj6w+s48a4fIbo334X5yWLinAWsfNvglc0i8Ymfm5EwyKzuH2QT0QCNJfdvAGn3fIimInkERqUwDfH4BQGWeKQ==","msg":"验证成功"}]
2023-03-18 14:36:45.776 [http-nio-8001-exec-4] INFO  center.misaki.device.Aspect.ControllerLogAop - Usage:
StopWatch '/isAccessed': running time = 7368399 ns
---------------------------------------------
ns         %     Task name
---------------------------------------------
000468799  006%  PrintRequest
006684301  091%  AuthController#isAccessed
000215299  003%  PrintResponse

2023-03-18 14:36:45.776 [http-nio-8001-exec-9] INFO  center.misaki.device.Aspect.ControllerLogAop - Usage:
StopWatch '/isAccessed': running time = 8126199 ns
---------------------------------------------
ns         %     Task name
---------------------------------------------
000759400  009%  PrintRequest
007113899  088%  AuthController#isAccessed
000252900  003%  PrintResponse

2023-03-18 14:36:45.776 [http-nio-8001-exec-8] INFO  center.misaki.device.Aspect.ControllerLogAop - AuthController.isAccessed Response: [{"code":0,"data":"eJxlUN1ugjAYfZdeO4Ooi3jnQFmJhahThGUXWKq0lMJoUWTZu69mWeayu+/85sv5AAnGZSOUX4p5W9GapGCq6ob07oRlifM7vlFZWVNFiQTT17cewDVJFKl/dA1TIhRNuPxfSkRy4L9QlHWR8FlaUAGmR53QnLzKv4QighS6EerYeKJxmROtAnL1soOLaUA9uO3gwKdQQrEeYxs+wrza72zP6msTJ88zGrC56Xd5i9jJRM5KG3ddvPeOh2Kh4o0OiDXHw9UV2bqkqIzkxrGYow6agevxZYiGiEHlO6dLsDFGyNzRZbjIUBGN4mLNIxO10eaW9WUS7pp0YVXx7RHxxCC9UGz6Z+xuacAljcJWQj6w+s48a4fIbo334X5yWLinAWsfNvglc0i8Ymfm5EwyKzuH2QT0QCNJfdvAGn3fIimInkERqUwDfH4BQGWeKQ==","msg":"验证成功"}]
2023-03-18 14:36:45.776 [http-nio-8001-exec-3] INFO  center.misaki.device.Aspect.ControllerLogAop - AuthController.isAccessed Response: [{"code":0,"data":"eJxlUN1ugjAYfZdeO4Ooi3jnQFmJhahThGUXWKq0lMJoUWTZu69mWeayu+/85sv5AAnGZSOUX4p5W9GapGCq6ob07oRlifM7vlFZWVNFiQTT17cewDVJFKl/dA1TIhRNuPxfSkRy4L9QlHWR8FlaUAGmR53QnLzKv4QighS6EerYeKJxmROtAnL1soOLaUA9uO3gwKdQQrEeYxs+wrza72zP6msTJ88zGrC56Xd5i9jJRM5KG3ddvPeOh2Kh4o0OiDXHw9UV2bqkqIzkxrGYow6agevxZYiGiEHlO6dLsDFGyNzRZbjIUBGN4mLNIxO10eaW9WUS7pp0YVXx7RHxxCC9UGz6Z+xuacAljcJWQj6w+s48a4fIbo334X5yWLinAWsfNvglc0i8Ymfm5EwyKzuH2QT0QCNJfdvAGn3fIimInkERqUwDfH4BQGWeKQ==","msg":"验证成功"}]
2023-03-18 14:36:45.776 [http-nio-8001-exec-8] INFO  center.misaki.device.Aspect.ControllerLogAop - Usage:
StopWatch '/isAccessed': running time = 6755100 ns
---------------------------------------------
ns         %     Task name
---------------------------------------------
000648099  010%  PrintRequest
005998900  089%  AuthController#isAccessed
000108101  002%  PrintResponse

2023-03-18 14:36:45.776 [http-nio-8001-exec-3] INFO  center.misaki.device.Aspect.ControllerLogAop - Usage:
StopWatch '/isAccessed': running time = 6773999 ns
---------------------------------------------
ns         %     Task name
---------------------------------------------
000668600  010%  PrintRequest
005979400  088%  AuthController#isAccessed
000125999  002%  PrintResponse

2023-03-18 14:36:52.644 [http-nio-8001-exec-10] INFO  center.misaki.device.Aspect.ControllerLogAop - Request URL: [http://localhost:8001/isAccessed], URI: [/isAccessed], Request Method: [GET], IP: [127.0.0.1]
2023-03-18 14:36:52.645 [http-nio-8001-exec-10] INFO  center.misaki.device.Aspect.ControllerLogAop - AuthController.isAccessed Parameters: [[]]
2023-03-18 14:36:52.649 [http-nio-8001-exec-10] INFO  center.misaki.device.Aspect.ControllerLogAop - AuthController.isAccessed Response: [{"code":0,"data":"eJxlUN1ugjAYfZdeO4Ooi3jnQFmJhahThGUXWKq0lMJoUWTZu69mWeayu+/85sv5AAnGZSOUX4p5W9GapGCq6ob07oRlifM7vlFZWVNFiQTT17cewDVJFKl/dA1TIhRNuPxfSkRy4L9QlHWR8FlaUAGmR53QnLzKv4QighS6EerYeKJxmROtAnL1soOLaUA9uO3gwKdQQrEeYxs+wrza72zP6msTJ88zGrC56Xd5i9jJRM5KG3ddvPeOh2Kh4o0OiDXHw9UV2bqkqIzkxrGYow6agevxZYiGiEHlO6dLsDFGyNzRZbjIUBGN4mLNIxO10eaW9WUS7pp0YVXx7RHxxCC9UGz6Z+xuacAljcJWQj6w+s48a4fIbo334X5yWLinAWsfNvglc0i8Ymfm5EwyKzuH2QT0QCNJfdvAGn3fIimInkERqUwDfH4BQGWeKQ==","msg":"验证成功"}]
2023-03-18 14:36:52.649 [http-nio-8001-exec-10] INFO  center.misaki.device.Aspect.ControllerLogAop - Usage:
StopWatch '/isAccessed': running time = 4682501 ns
---------------------------------------------
ns         %     Task name
---------------------------------------------
000689600  015%  PrintRequest
003816101  081%  AuthController#isAccessed
000176800  004%  PrintResponse

2023-03-18 14:36:52.956 [http-nio-8001-exec-2] INFO  center.misaki.device.Aspect.ControllerLogAop - Request URL: [http://localhost:8001/isAdmin], URI: [/isAdmin], Request Method: [GET], IP: [127.0.0.1]
2023-03-18 14:36:52.956 [http-nio-8001-exec-2] INFO  center.misaki.device.Aspect.ControllerLogAop - AuthController.isAdmin Parameters: [[]]
2023-03-18 14:36:52.956 [http-nio-8001-exec-2] INFO  center.misaki.device.Aspect.ControllerLogAop - AuthController.isAdmin Response: [{"code":0,"data":{"creater":true,"sysAdmin":false,"authDetails":{"addressBook":{"department":false,"role":[false,false]},"editForm":false,"name":"无","scope":{"department":[],"role":[]}},"norAdmin":false},"msg":"获取成功"}]
2023-03-18 14:36:52.957 [http-nio-8001-exec-2] INFO  center.misaki.device.Aspect.ControllerLogAop - Usage:
StopWatch '/isAdmin': running time = 476299 ns
---------------------------------------------
ns         %     Task name
---------------------------------------------
000260500  055%  PrintRequest
000092699  019%  AuthController#isAdmin
000123100  026%  PrintResponse

2023-03-18 14:36:52.964 [http-nio-8001-exec-1] INFO  center.misaki.device.Aspect.ControllerLogAop - Request URL: [http://localhost:8001/authF/show], URI: [/authF/show], Request Method: [GET], IP: [127.0.0.1]
2023-03-18 14:36:52.964 [http-nio-8001-exec-1] INFO  center.misaki.device.Aspect.ControllerLogAop - FormAuthController.showAuthForm Parameters: [[984]]
2023-03-18 14:36:52.971 [http-nio-8001-exec-1] INFO  center.misaki.device.Aspect.ControllerLogAop - FormAuthController.showAuthForm Response: [{"code":0,"data":[1,2,3,4],"msg":"获取成功"}]
2023-03-18 14:36:52.971 [http-nio-8001-exec-1] INFO  center.misaki.device.Aspect.ControllerLogAop - Usage:
StopWatch '/authF/show': running time = 6872800 ns
---------------------------------------------
ns         %     Task name
---------------------------------------------
000375200  005%  PrintRequest
006273700  091%  FormAuthController#showAuthForm
000223900  003%  PrintResponse

2023-03-18 14:36:53.015 [http-nio-8001-exec-5] INFO  center.misaki.device.Aspect.ControllerLogAop - Request URL: [http://localhost:8001/authF/show], URI: [/authF/show], Request Method: [GET], IP: [127.0.0.1]
2023-03-18 14:36:53.015 [http-nio-8001-exec-6] INFO  center.misaki.device.Aspect.ControllerLogAop - Request URL: [http://localhost:8001/isAdmin], URI: [/isAdmin], Request Method: [GET], IP: [127.0.0.1]
2023-03-18 14:36:53.015 [http-nio-8001-exec-5] INFO  center.misaki.device.Aspect.ControllerLogAop - FormAuthController.showAuthForm Parameters: [[984]]
2023-03-18 14:36:53.015 [http-nio-8001-exec-6] INFO  center.misaki.device.Aspect.ControllerLogAop - AuthController.isAdmin Parameters: [[]]
2023-03-18 14:36:53.015 [http-nio-8001-exec-6] INFO  center.misaki.device.Aspect.ControllerLogAop - AuthController.isAdmin Response: [{"code":0,"data":{"creater":true,"sysAdmin":false,"authDetails":{"addressBook":{"department":false,"role":[false,false]},"editForm":false,"name":"无","scope":{"department":[],"role":[]}},"norAdmin":false},"msg":"获取成功"}]
2023-03-18 14:36:53.015 [http-nio-8001-exec-6] INFO  center.misaki.device.Aspect.ControllerLogAop - Usage:
StopWatch '/isAdmin': running time = 559000 ns
---------------------------------------------
ns         %     Task name
---------------------------------------------
000285600  051%  PrintRequest
000119500  021%  AuthController#isAdmin
000153900  028%  PrintResponse

2023-03-18 14:36:53.016 [http-nio-8001-exec-5] INFO  center.misaki.device.Aspect.ControllerLogAop - FormAuthController.showAuthForm Response: [{"code":0,"data":[1,2,3,4],"msg":"获取成功"}]
2023-03-18 14:36:53.016 [http-nio-8001-exec-5] INFO  center.misaki.device.Aspect.ControllerLogAop - Usage:
StopWatch '/authF/show': running time = 1107500 ns
---------------------------------------------
ns         %     Task name
---------------------------------------------
000190100  017%  PrintRequest
000739600  067%  FormAuthController#showAuthForm
000177800  016%  PrintResponse

2023-03-18 14:36:53.333 [http-nio-8001-exec-7] INFO  center.misaki.device.Aspect.ControllerLogAop - Request URL: [http://localhost:8001/isAccessed], URI: [/isAccessed], Request Method: [GET], IP: [127.0.0.1]
2023-03-18 14:36:53.334 [http-nio-8001-exec-7] INFO  center.misaki.device.Aspect.ControllerLogAop - AuthController.isAccessed Parameters: [[]]
2023-03-18 14:36:53.337 [http-nio-8001-exec-7] INFO  center.misaki.device.Aspect.ControllerLogAop - AuthController.isAccessed Response: [{"code":0,"data":"eJxlUN1ugjAYfZdeO4Ooi3jnQFmJhahThGUXWKq0lMJoUWTZu69mWeayu+/85sv5AAnGZSOUX4p5W9GapGCq6ob07oRlifM7vlFZWVNFiQTT17cewDVJFKl/dA1TIhRNuPxfSkRy4L9QlHWR8FlaUAGmR53QnLzKv4QighS6EerYeKJxmROtAnL1soOLaUA9uO3gwKdQQrEeYxs+wrza72zP6msTJ88zGrC56Xd5i9jJRM5KG3ddvPeOh2Kh4o0OiDXHw9UV2bqkqIzkxrGYow6agevxZYiGiEHlO6dLsDFGyNzRZbjIUBGN4mLNIxO10eaW9WUS7pp0YVXx7RHxxCC9UGz6Z+xuacAljcJWQj6w+s48a4fIbo334X5yWLinAWsfNvglc0i8Ymfm5EwyKzuH2QT0QCNJfdvAGn3fIimInkERqUwDfH4BQGWeKQ==","msg":"验证成功"}]
2023-03-18 14:36:53.338 [http-nio-8001-exec-7] INFO  center.misaki.device.Aspect.ControllerLogAop - Usage:
StopWatch '/isAccessed': running time = 3707000 ns
---------------------------------------------
ns         %     Task name
---------------------------------------------
000212700  006%  PrintRequest
003300799  089%  AuthController#isAccessed
000193501  005%  PrintResponse

2023-03-18 14:36:53.693 [http-nio-8001-exec-9] INFO  center.misaki.device.Aspect.ControllerLogAop - Request URL: [http://localhost:8001/user/show], URI: [/user/show], Request Method: [GET], IP: [127.0.0.1]
2023-03-18 14:36:53.693 [http-nio-8001-exec-4] INFO  center.misaki.device.Aspect.ControllerLogAop - Request URL: [http://localhost:8001/isAdmin], URI: [/isAdmin], Request Method: [GET], IP: [127.0.0.1]
2023-03-18 14:36:53.694 [http-nio-8001-exec-9] INFO  center.misaki.device.Aspect.ControllerLogAop - UserController.showAllUser Parameters: [[]]
2023-03-18 14:36:53.694 [http-nio-8001-exec-4] INFO  center.misaki.device.Aspect.ControllerLogAop - AuthController.isAdmin Parameters: [[]]
2023-03-18 14:36:53.694 [http-nio-8001-exec-4] INFO  center.misaki.device.Aspect.ControllerLogAop - AuthController.isAdmin Response: [{"code":0,"data":{"creater":true,"sysAdmin":false,"authDetails":{"addressBook":{"department":false,"role":[false,false]},"editForm":false,"name":"无","scope":{"department":[],"role":[]}},"norAdmin":false},"msg":"获取成功"}]
2023-03-18 14:36:53.694 [http-nio-8001-exec-4] INFO  center.misaki.device.Aspect.ControllerLogAop - Usage:
StopWatch '/isAdmin': running time = 430501 ns
---------------------------------------------
ns         %     Task name
---------------------------------------------
000207000  048%  PrintRequest
000085601  020%  AuthController#isAdmin
000137900  032%  PrintResponse

2023-03-18 14:36:53.704 [http-nio-8001-exec-9] INFO  center.misaki.device.Aspect.ControllerLogAop - UserController.showAllUser Response: [{"code":0,"data":[{"email":"test20","name":"test20","phone":"test20","role":{},"state":1,"userId":94}],"msg":"获取成功"}]
2023-03-18 14:36:53.704 [http-nio-8001-exec-9] INFO  center.misaki.device.Aspect.ControllerLogAop - Usage:
StopWatch '/user/show': running time = 10704301 ns
---------------------------------------------
ns         %     Task name
---------------------------------------------
000199501  002%  PrintRequest
007081600  066%  UserController#showAllUser
003423200  032%  PrintResponse

2023-03-18 14:36:53.959 [http-nio-8001-exec-8] INFO  center.misaki.device.Aspect.ControllerLogAop - Request URL: [http://localhost:8001/isAdmin], URI: [/isAdmin], Request Method: [GET], IP: [127.0.0.1]
2023-03-18 14:36:53.959 [http-nio-8001-exec-8] INFO  center.misaki.device.Aspect.ControllerLogAop - AuthController.isAdmin Parameters: [[]]
2023-03-18 14:36:53.959 [http-nio-8001-exec-8] INFO  center.misaki.device.Aspect.ControllerLogAop - AuthController.isAdmin Response: [{"code":0,"data":{"creater":true,"sysAdmin":false,"authDetails":{"addressBook":{"department":false,"role":[false,false]},"editForm":false,"name":"无","scope":{"department":[],"role":[]}},"norAdmin":false},"msg":"获取成功"}]
2023-03-18 14:36:53.959 [http-nio-8001-exec-8] INFO  center.misaki.device.Aspect.ControllerLogAop - Usage:
StopWatch '/isAdmin': running time = 657001 ns
---------------------------------------------
ns         %     Task name
---------------------------------------------
000490000  075%  PrintRequest
000083001  013%  AuthController#isAdmin
000084000  013%  PrintResponse

2023-03-18 14:36:54.021 [http-nio-8001-exec-3] INFO  center.misaki.device.Aspect.ControllerLogAop - Request URL: [http://localhost:8001/department/show], URI: [/department/show], Request Method: [GET], IP: [127.0.0.1]
2023-03-18 14:36:54.021 [http-nio-8001-exec-10] INFO  center.misaki.device.Aspect.ControllerLogAop - Request URL: [http://localhost:8001/role/show], URI: [/role/show], Request Method: [GET], IP: [127.0.0.1]
2023-03-18 14:36:54.021 [http-nio-8001-exec-3] INFO  center.misaki.device.Aspect.ControllerLogAop - DepartmentController.showAllDepartment Parameters: [[]]
2023-03-18 14:36:54.021 [http-nio-8001-exec-10] INFO  center.misaki.device.Aspect.ControllerLogAop - RoleController.showAllRole Parameters: [[]]
2023-03-18 14:36:54.021 [http-nio-8001-exec-10] INFO  center.misaki.device.Aspect.AuthPermissionAspect - 校验权限，该用户：test20，为 系统创造者
2023-03-18 14:36:54.027 [http-nio-8001-exec-10] INFO  center.misaki.device.Aspect.ControllerLogAop - RoleController.showAllRole Response: [{"code":0,"data":[],"msg":"获取成功"}]
2023-03-18 14:36:54.027 [http-nio-8001-exec-3] INFO  center.misaki.device.Aspect.ControllerLogAop - DepartmentController.showAllDepartment Response: [{"code":0,"data":{"id":76,"name":"test20","preId":-1},"msg":"获取成功"}]
2023-03-18 14:36:54.028 [http-nio-8001-exec-10] INFO  center.misaki.device.Aspect.ControllerLogAop - Usage:
StopWatch '/role/show': running time = 6456101 ns
---------------------------------------------
ns         %     Task name
---------------------------------------------
000206101  003%  PrintRequest
006113000  095%  RoleController#showAllRole
000137000  002%  PrintResponse

2023-03-18 14:36:54.028 [http-nio-8001-exec-3] INFO  center.misaki.device.Aspect.ControllerLogAop - Usage:
StopWatch '/department/show': running time = 6456301 ns
---------------------------------------------
ns         %     Task name
---------------------------------------------
000174700  003%  PrintRequest
003971400  062%  DepartmentController#showAllDepartment
002310201  036%  PrintResponse

2023-03-18 14:36:54.773 [http-nio-8001-exec-2] INFO  center.misaki.device.Aspect.ControllerLogAop - Request URL: [http://localhost:8001/isAdmin], URI: [/isAdmin], Request Method: [GET], IP: [127.0.0.1]
2023-03-18 14:36:54.773 [http-nio-8001-exec-2] INFO  center.misaki.device.Aspect.ControllerLogAop - AuthController.isAdmin Parameters: [[]]
2023-03-18 14:36:54.773 [http-nio-8001-exec-2] INFO  center.misaki.device.Aspect.ControllerLogAop - AuthController.isAdmin Response: [{"code":0,"data":{"creater":true,"sysAdmin":false,"authDetails":{"addressBook":{"department":false,"role":[false,false]},"editForm":false,"name":"无","scope":{"department":[],"role":[]}},"norAdmin":false},"msg":"获取成功"}]
2023-03-18 14:36:54.773 [http-nio-8001-exec-2] INFO  center.misaki.device.Aspect.ControllerLogAop - Usage:
StopWatch '/isAdmin': running time = 393100 ns
---------------------------------------------
ns         %     Task name
---------------------------------------------
000240800  061%  PrintRequest
000067600  017%  AuthController#isAdmin
000084700  022%  PrintResponse

2023-03-18 14:36:55.167 [http-nio-8001-exec-5] INFO  center.misaki.device.Aspect.ControllerLogAop - Request URL: [http://localhost:8001/isAccessed], URI: [/isAccessed], Request Method: [GET], IP: [127.0.0.1]
2023-03-18 14:36:55.167 [http-nio-8001-exec-1] INFO  center.misaki.device.Aspect.ControllerLogAop - Request URL: [http://localhost:8001/isAccessed], URI: [/isAccessed], Request Method: [GET], IP: [127.0.0.1]
2023-03-18 14:36:55.167 [http-nio-8001-exec-5] INFO  center.misaki.device.Aspect.ControllerLogAop - AuthController.isAccessed Parameters: [[]]
2023-03-18 14:36:55.167 [http-nio-8001-exec-1] INFO  center.misaki.device.Aspect.ControllerLogAop - AuthController.isAccessed Parameters: [[]]
2023-03-18 14:36:55.172 [http-nio-8001-exec-5] INFO  center.misaki.device.Aspect.ControllerLogAop - AuthController.isAccessed Response: [{"code":0,"data":"eJxlUN1ugjAYfZdeO4Ooi3jnQFmJhahThGUXWKq0lMJoUWTZu69mWeayu+/85sv5AAnGZSOUX4p5W9GapGCq6ob07oRlifM7vlFZWVNFiQTT17cewDVJFKl/dA1TIhRNuPxfSkRy4L9QlHWR8FlaUAGmR53QnLzKv4QighS6EerYeKJxmROtAnL1soOLaUA9uO3gwKdQQrEeYxs+wrza72zP6msTJ88zGrC56Xd5i9jJRM5KG3ddvPeOh2Kh4o0OiDXHw9UV2bqkqIzkxrGYow6agevxZYiGiEHlO6dLsDFGyNzRZbjIUBGN4mLNIxO10eaW9WUS7pp0YVXx7RHxxCC9UGz6Z+xuacAljcJWQj6w+s48a4fIbo334X5yWLinAWsfNvglc0i8Ymfm5EwyKzuH2QT0QCNJfdvAGn3fIimInkERqUwDfH4BQGWeKQ==","msg":"验证成功"}]
2023-03-18 14:36:55.172 [http-nio-8001-exec-1] INFO  center.misaki.device.Aspect.ControllerLogAop - AuthController.isAccessed Response: [{"code":0,"data":"eJxlUN1ugjAYfZdeO4Ooi3jnQFmJhahThGUXWKq0lMJoUWTZu69mWeayu+/85sv5AAnGZSOUX4p5W9GapGCq6ob07oRlifM7vlFZWVNFiQTT17cewDVJFKl/dA1TIhRNuPxfSkRy4L9QlHWR8FlaUAGmR53QnLzKv4QighS6EerYeKJxmROtAnL1soOLaUA9uO3gwKdQQrEeYxs+wrza72zP6msTJ88zGrC56Xd5i9jJRM5KG3ddvPeOh2Kh4o0OiDXHw9UV2bqkqIzkxrGYow6agevxZYiGiEHlO6dLsDFGyNzRZbjIUBGN4mLNIxO10eaW9WUS7pp0YVXx7RHxxCC9UGz6Z+xuacAljcJWQj6w+s48a4fIbo334X5yWLinAWsfNvglc0i8Ymfm5EwyKzuH2QT0QCNJfdvAGn3fIimInkERqUwDfH4BQGWeKQ==","msg":"验证成功"}]
2023-03-18 14:36:55.172 [http-nio-8001-exec-5] INFO  center.misaki.device.Aspect.ControllerLogAop - Usage:
StopWatch '/isAccessed': running time = 5488600 ns
---------------------------------------------
ns         %     Task name
---------------------------------------------
000427500  008%  PrintRequest
004848700  088%  AuthController#isAccessed
000212400  004%  PrintResponse

2023-03-18 14:36:55.172 [http-nio-8001-exec-1] INFO  center.misaki.device.Aspect.ControllerLogAop - Usage:
StopWatch '/isAccessed': running time = 5507599 ns
---------------------------------------------
ns         %     Task name
---------------------------------------------
000457099  008%  PrintRequest
004819600  088%  AuthController#isAccessed
000230900  004%  PrintResponse

2023-03-18 14:36:55.356 [http-nio-8001-exec-6] INFO  center.misaki.device.Aspect.ControllerLogAop - Request URL: [http://localhost:8001/isAdmin], URI: [/isAdmin], Request Method: [GET], IP: [127.0.0.1]
2023-03-18 14:36:55.356 [http-nio-8001-exec-7] INFO  center.misaki.device.Aspect.ControllerLogAop - Request URL: [http://localhost:8001/user/show], URI: [/user/show], Request Method: [GET], IP: [127.0.0.1]
2023-03-18 14:36:55.356 [http-nio-8001-exec-6] INFO  center.misaki.device.Aspect.ControllerLogAop - AuthController.isAdmin Parameters: [[]]
2023-03-18 14:36:55.356 [http-nio-8001-exec-7] INFO  center.misaki.device.Aspect.ControllerLogAop - UserController.showAllUser Parameters: [[]]
2023-03-18 14:36:55.356 [http-nio-8001-exec-6] INFO  center.misaki.device.Aspect.ControllerLogAop - AuthController.isAdmin Response: [{"code":0,"data":{"creater":true,"sysAdmin":false,"authDetails":{"addressBook":{"department":false,"role":[false,false]},"editForm":false,"name":"无","scope":{"department":[],"role":[]}},"norAdmin":false},"msg":"获取成功"}]
2023-03-18 14:36:55.356 [http-nio-8001-exec-6] INFO  center.misaki.device.Aspect.ControllerLogAop - Usage:
StopWatch '/isAdmin': running time = 734699 ns
---------------------------------------------
ns         %     Task name
---------------------------------------------
000543700  074%  PrintRequest
000098600  013%  AuthController#isAdmin
000092399  013%  PrintResponse

2023-03-18 14:36:55.362 [http-nio-8001-exec-7] INFO  center.misaki.device.Aspect.ControllerLogAop - UserController.showAllUser Response: [{"code":0,"data":[{"email":"test20","name":"test20","phone":"test20","role":{},"state":1,"userId":94}],"msg":"获取成功"}]
2023-03-18 14:36:55.363 [http-nio-8001-exec-7] INFO  center.misaki.device.Aspect.ControllerLogAop - Usage:
StopWatch '/user/show': running time = 6300300 ns
---------------------------------------------
ns         %     Task name
---------------------------------------------
000558900  009%  PrintRequest
004903000  078%  UserController#showAllUser
000838400  013%  PrintResponse

2023-03-18 14:36:55.686 [http-nio-8001-exec-4] INFO  center.misaki.device.Aspect.ControllerLogAop - Request URL: [http://localhost:8001/isAdmin], URI: [/isAdmin], Request Method: [GET], IP: [127.0.0.1]
2023-03-18 14:36:55.687 [http-nio-8001-exec-4] INFO  center.misaki.device.Aspect.ControllerLogAop - AuthController.isAdmin Parameters: [[]]
2023-03-18 14:36:55.687 [http-nio-8001-exec-4] INFO  center.misaki.device.Aspect.ControllerLogAop - AuthController.isAdmin Response: [{"code":0,"data":{"creater":true,"sysAdmin":false,"authDetails":{"addressBook":{"department":false,"role":[false,false]},"editForm":false,"name":"无","scope":{"department":[],"role":[]}},"norAdmin":false},"msg":"获取成功"}]
2023-03-18 14:36:55.687 [http-nio-8001-exec-4] INFO  center.misaki.device.Aspect.ControllerLogAop - Usage:
StopWatch '/isAdmin': running time = 598701 ns
---------------------------------------------
ns         %     Task name
---------------------------------------------
000411000  069%  PrintRequest
000090801  015%  AuthController#isAdmin
000096900  016%  PrintResponse

2023-03-18 14:36:55.779 [http-nio-8001-exec-9] INFO  center.misaki.device.Aspect.ControllerLogAop - Request URL: [http://localhost:8001/department/show], URI: [/department/show], Request Method: [GET], IP: [127.0.0.1]
2023-03-18 14:36:55.779 [http-nio-8001-exec-9] INFO  center.misaki.device.Aspect.ControllerLogAop - DepartmentController.showAllDepartment Parameters: [[]]
2023-03-18 14:36:55.780 [http-nio-8001-exec-9] INFO  center.misaki.device.Aspect.ControllerLogAop - DepartmentController.showAllDepartment Response: [{"code":0,"data":{"id":76,"name":"test20","preId":-1},"msg":"获取成功"}]
2023-03-18 14:36:55.780 [http-nio-8001-exec-9] INFO  center.misaki.device.Aspect.ControllerLogAop - Usage:
StopWatch '/department/show': running time = 1712598 ns
---------------------------------------------
ns         %     Task name
---------------------------------------------
000183099  011%  PrintRequest
001424399  083%  DepartmentController#showAllDepartment
000105100  006%  PrintResponse

2023-03-18 14:36:56.011 [http-nio-8001-exec-8] INFO  center.misaki.device.Aspect.ControllerLogAop - Request URL: [http://localhost:8001/role/show], URI: [/role/show], Request Method: [GET], IP: [127.0.0.1]
2023-03-18 14:36:56.012 [http-nio-8001-exec-8] INFO  center.misaki.device.Aspect.ControllerLogAop - RoleController.showAllRole Parameters: [[]]
2023-03-18 14:36:56.012 [http-nio-8001-exec-8] INFO  center.misaki.device.Aspect.AuthPermissionAspect - 校验权限，该用户：test20，为 系统创造者
2023-03-18 14:36:56.013 [http-nio-8001-exec-8] INFO  center.misaki.device.Aspect.ControllerLogAop - RoleController.showAllRole Response: [{"code":0,"data":[],"msg":"获取成功"}]
2023-03-18 14:36:56.013 [http-nio-8001-exec-8] INFO  center.misaki.device.Aspect.ControllerLogAop - Usage:
StopWatch '/role/show': running time = 1785902 ns
---------------------------------------------
ns         %     Task name
---------------------------------------------
000172901  010%  PrintRequest
001514500  085%  RoleController#showAllRole
000098501  006%  PrintResponse

2023-03-18 14:36:56.627 [http-nio-8001-exec-3] INFO  center.misaki.device.Aspect.ControllerLogAop - Request URL: [http://localhost:8001/user/show], URI: [/user/show], Request Method: [GET], IP: [127.0.0.1]
2023-03-18 14:36:56.627 [http-nio-8001-exec-10] INFO  center.misaki.device.Aspect.ControllerLogAop - Request URL: [http://localhost:8001/isAdmin], URI: [/isAdmin], Request Method: [GET], IP: [127.0.0.1]
2023-03-18 14:36:56.627 [http-nio-8001-exec-3] INFO  center.misaki.device.Aspect.ControllerLogAop - UserController.showAllUser Parameters: [[]]
2023-03-18 14:36:56.627 [http-nio-8001-exec-10] INFO  center.misaki.device.Aspect.ControllerLogAop - AuthController.isAdmin Parameters: [[]]
2023-03-18 14:36:56.628 [http-nio-8001-exec-10] INFO  center.misaki.device.Aspect.ControllerLogAop - AuthController.isAdmin Response: [{"code":0,"data":{"creater":true,"sysAdmin":false,"authDetails":{"addressBook":{"department":false,"role":[false,false]},"editForm":false,"name":"无","scope":{"department":[],"role":[]}},"norAdmin":false},"msg":"获取成功"}]
2023-03-18 14:36:56.628 [http-nio-8001-exec-10] INFO  center.misaki.device.Aspect.ControllerLogAop - Usage:
StopWatch '/isAdmin': running time = 736901 ns
---------------------------------------------
ns         %     Task name
---------------------------------------------
000555100  075%  PrintRequest
000079100  011%  AuthController#isAdmin
000102701  014%  PrintResponse

2023-03-18 14:36:56.630 [http-nio-8001-exec-3] INFO  center.misaki.device.Aspect.ControllerLogAop - UserController.showAllUser Response: [{"code":0,"data":[{"email":"test20","name":"test20","phone":"test20","role":{},"state":1,"userId":94}],"msg":"获取成功"}]
2023-03-18 14:36:56.630 [http-nio-8001-exec-3] INFO  center.misaki.device.Aspect.ControllerLogAop - Usage:
StopWatch '/user/show': running time = 3117299 ns
---------------------------------------------
ns         %     Task name
---------------------------------------------
000361500  012%  PrintRequest
002604000  084%  UserController#showAllUser
000151799  005%  PrintResponse

2023-03-18 14:36:56.889 [http-nio-8001-exec-2] INFO  center.misaki.device.Aspect.ControllerLogAop - Request URL: [http://localhost:8001/isAdmin], URI: [/isAdmin], Request Method: [GET], IP: [127.0.0.1]
2023-03-18 14:36:56.889 [http-nio-8001-exec-2] INFO  center.misaki.device.Aspect.ControllerLogAop - AuthController.isAdmin Parameters: [[]]
2023-03-18 14:36:56.889 [http-nio-8001-exec-2] INFO  center.misaki.device.Aspect.ControllerLogAop - AuthController.isAdmin Response: [{"code":0,"data":{"creater":true,"sysAdmin":false,"authDetails":{"addressBook":{"department":false,"role":[false,false]},"editForm":false,"name":"无","scope":{"department":[],"role":[]}},"norAdmin":false},"msg":"获取成功"}]
2023-03-18 14:36:56.889 [http-nio-8001-exec-2] INFO  center.misaki.device.Aspect.ControllerLogAop - Usage:
StopWatch '/isAdmin': running time = 313802 ns
---------------------------------------------
ns         %     Task name
---------------------------------------------
000169201  054%  PrintRequest
000073200  023%  AuthController#isAdmin
000071401  023%  PrintResponse

2023-03-18 14:36:56.949 [http-nio-8001-exec-1] INFO  center.misaki.device.Aspect.ControllerLogAop - Request URL: [http://localhost:8001/isAdmin], URI: [/isAdmin], Request Method: [GET], IP: [127.0.0.1]
2023-03-18 14:36:56.949 [http-nio-8001-exec-5] INFO  center.misaki.device.Aspect.ControllerLogAop - Request URL: [http://localhost:8001/department/show], URI: [/department/show], Request Method: [GET], IP: [127.0.0.1]
2023-03-18 14:36:56.949 [http-nio-8001-exec-1] INFO  center.misaki.device.Aspect.ControllerLogAop - AuthController.isAdmin Parameters: [[]]
2023-03-18 14:36:56.949 [http-nio-8001-exec-5] INFO  center.misaki.device.Aspect.ControllerLogAop - DepartmentController.showAllDepartment Parameters: [[]]
2023-03-18 14:36:56.949 [http-nio-8001-exec-1] INFO  center.misaki.device.Aspect.ControllerLogAop - AuthController.isAdmin Response: [{"code":0,"data":{"creater":true,"sysAdmin":false,"authDetails":{"addressBook":{"department":false,"role":[false,false]},"editForm":false,"name":"无","scope":{"department":[],"role":[]}},"norAdmin":false},"msg":"获取成功"}]
2023-03-18 14:36:56.950 [http-nio-8001-exec-1] INFO  center.misaki.device.Aspect.ControllerLogAop - Usage:
StopWatch '/isAdmin': running time = 425599 ns
---------------------------------------------
ns         %     Task name
---------------------------------------------
000199000  047%  PrintRequest
000084300  020%  AuthController#isAdmin
000142299  033%  PrintResponse

2023-03-18 14:36:56.951 [http-nio-8001-exec-5] INFO  center.misaki.device.Aspect.ControllerLogAop - DepartmentController.showAllDepartment Response: [{"code":0,"data":{"id":76,"name":"test20","preId":-1},"msg":"获取成功"}]
2023-03-18 14:36:56.951 [http-nio-8001-exec-5] INFO  center.misaki.device.Aspect.ControllerLogAop - Usage:
StopWatch '/department/show': running time = 2128199 ns
---------------------------------------------
ns         %     Task name
---------------------------------------------
000208700  010%  PrintRequest
001808300  085%  DepartmentController#showAllDepartment
000111199  005%  PrintResponse

2023-03-18 14:36:56.960 [http-nio-8001-exec-6] INFO  center.misaki.device.Aspect.ControllerLogAop - Request URL: [http://localhost:8001/user/show], URI: [/user/show], Request Method: [GET], IP: [127.0.0.1]
2023-03-18 14:36:56.960 [http-nio-8001-exec-6] INFO  center.misaki.device.Aspect.ControllerLogAop - UserController.showAllUser Parameters: [[]]
2023-03-18 14:36:56.963 [http-nio-8001-exec-6] INFO  center.misaki.device.Aspect.ControllerLogAop - UserController.showAllUser Response: [{"code":0,"data":[{"email":"test20","name":"test20","phone":"test20","role":{},"state":1,"userId":94}],"msg":"获取成功"}]
2023-03-18 14:36:56.963 [http-nio-8001-exec-6] INFO  center.misaki.device.Aspect.ControllerLogAop - Usage:
StopWatch '/user/show': running time = 3003101 ns
---------------------------------------------
ns         %     Task name
---------------------------------------------
000183400  006%  PrintRequest
002658300  089%  UserController#showAllUser
000161401  005%  PrintResponse

2023-03-18 14:36:57.211 [http-nio-8001-exec-7] INFO  center.misaki.device.Aspect.ControllerLogAop - Request URL: [http://localhost:8001/role/show], URI: [/role/show], Request Method: [GET], IP: [127.0.0.1]
2023-03-18 14:36:57.211 [http-nio-8001-exec-4] INFO  center.misaki.device.Aspect.ControllerLogAop - Request URL: [http://localhost:8001/isAdmin], URI: [/isAdmin], Request Method: [GET], IP: [127.0.0.1]
2023-03-18 14:36:57.211 [http-nio-8001-exec-7] INFO  center.misaki.device.Aspect.ControllerLogAop - RoleController.showAllRole Parameters: [[]]
2023-03-18 14:36:57.211 [http-nio-8001-exec-4] INFO  center.misaki.device.Aspect.ControllerLogAop - AuthController.isAdmin Parameters: [[]]
2023-03-18 14:36:57.211 [http-nio-8001-exec-7] INFO  center.misaki.device.Aspect.AuthPermissionAspect - 校验权限，该用户：test20，为 系统创造者
2023-03-18 14:36:57.211 [http-nio-8001-exec-4] INFO  center.misaki.device.Aspect.ControllerLogAop - AuthController.isAdmin Response: [{"code":0,"data":{"creater":true,"sysAdmin":false,"authDetails":{"addressBook":{"department":false,"role":[false,false]},"editForm":false,"name":"无","scope":{"department":[],"role":[]}},"norAdmin":false},"msg":"获取成功"}]
2023-03-18 14:36:57.212 [http-nio-8001-exec-4] INFO  center.misaki.device.Aspect.ControllerLogAop - Usage:
StopWatch '/isAdmin': running time = 343800 ns
---------------------------------------------
ns         %     Task name
---------------------------------------------
000163800  048%  PrintRequest
000083900  024%  AuthController#isAdmin
000096100  028%  PrintResponse

2023-03-18 14:36:57.213 [http-nio-8001-exec-7] INFO  center.misaki.device.Aspect.ControllerLogAop - RoleController.showAllRole Response: [{"code":0,"data":[],"msg":"获取成功"}]
2023-03-18 14:36:57.214 [http-nio-8001-exec-7] INFO  center.misaki.device.Aspect.ControllerLogAop - Usage:
StopWatch '/role/show': running time = 2504300 ns
---------------------------------------------
ns         %     Task name
---------------------------------------------
000152100  006%  PrintRequest
002146800  086%  RoleController#showAllRole
000205400  008%  PrintResponse

2023-03-18 14:36:57.274 [http-nio-8001-exec-8] INFO  center.misaki.device.Aspect.ControllerLogAop - Request URL: [http://localhost:8001/user/show], URI: [/user/show], Request Method: [GET], IP: [127.0.0.1]
2023-03-18 14:36:57.274 [http-nio-8001-exec-9] INFO  center.misaki.device.Aspect.ControllerLogAop - Request URL: [http://localhost:8001/department/show], URI: [/department/show], Request Method: [GET], IP: [127.0.0.1]
2023-03-18 14:36:57.274 [http-nio-8001-exec-8] INFO  center.misaki.device.Aspect.ControllerLogAop - UserController.showAllUser Parameters: [[]]
2023-03-18 14:36:57.274 [http-nio-8001-exec-9] INFO  center.misaki.device.Aspect.ControllerLogAop - DepartmentController.showAllDepartment Parameters: [[]]
2023-03-18 14:36:57.276 [http-nio-8001-exec-9] INFO  center.misaki.device.Aspect.ControllerLogAop - DepartmentController.showAllDepartment Response: [{"code":0,"data":{"id":76,"name":"test20","preId":-1},"msg":"获取成功"}]
2023-03-18 14:36:57.276 [http-nio-8001-exec-9] INFO  center.misaki.device.Aspect.ControllerLogAop - Usage:
StopWatch '/department/show': running time = 2119699 ns
---------------------------------------------
ns         %     Task name
---------------------------------------------
000486499  023%  PrintRequest
001442800  068%  DepartmentController#showAllDepartment
000190400  009%  PrintResponse

2023-03-18 14:36:57.277 [http-nio-8001-exec-8] INFO  center.misaki.device.Aspect.ControllerLogAop - UserController.showAllUser Response: [{"code":0,"data":[{"email":"test20","name":"test20","phone":"test20","role":{},"state":1,"userId":94}],"msg":"获取成功"}]
2023-03-18 14:36:57.277 [http-nio-8001-exec-8] INFO  center.misaki.device.Aspect.ControllerLogAop - Usage:
StopWatch '/user/show': running time = 2725098 ns
---------------------------------------------
ns         %     Task name
---------------------------------------------
000459900  017%  PrintRequest
002090299  077%  UserController#showAllUser
000174899  006%  PrintResponse

2023-03-18 14:36:57.314 [http-nio-8001-exec-10] INFO  center.misaki.device.Aspect.ControllerLogAop - Request URL: [http://localhost:8001/isAdmin], URI: [/isAdmin], Request Method: [GET], IP: [127.0.0.1]
2023-03-18 14:36:57.314 [http-nio-8001-exec-10] INFO  center.misaki.device.Aspect.ControllerLogAop - AuthController.isAdmin Parameters: [[]]
2023-03-18 14:36:57.314 [http-nio-8001-exec-10] INFO  center.misaki.device.Aspect.ControllerLogAop - AuthController.isAdmin Response: [{"code":0,"data":{"creater":true,"sysAdmin":false,"authDetails":{"addressBook":{"department":false,"role":[false,false]},"editForm":false,"name":"无","scope":{"department":[],"role":[]}},"norAdmin":false},"msg":"获取成功"}]
2023-03-18 14:36:57.314 [http-nio-8001-exec-10] INFO  center.misaki.device.Aspect.ControllerLogAop - Usage:
StopWatch '/isAdmin': running time = 350499 ns
---------------------------------------------
ns         %     Task name
---------------------------------------------
000209400  060%  PrintRequest
000066099  019%  AuthController#isAdmin
000075000  021%  PrintResponse

2023-03-18 14:36:57.524 [http-nio-8001-exec-3] INFO  center.misaki.device.Aspect.ControllerLogAop - Request URL: [http://localhost:8001/role/show], URI: [/role/show], Request Method: [GET], IP: [127.0.0.1]
2023-03-18 14:36:57.524 [http-nio-8001-exec-3] INFO  center.misaki.device.Aspect.ControllerLogAop - RoleController.showAllRole Parameters: [[]]
2023-03-18 14:36:57.524 [http-nio-8001-exec-3] INFO  center.misaki.device.Aspect.AuthPermissionAspect - 校验权限，该用户：test20，为 系统创造者
2023-03-18 14:36:57.526 [http-nio-8001-exec-3] INFO  center.misaki.device.Aspect.ControllerLogAop - RoleController.showAllRole Response: [{"code":0,"data":[],"msg":"获取成功"}]
2023-03-18 14:36:57.526 [http-nio-8001-exec-3] INFO  center.misaki.device.Aspect.ControllerLogAop - Usage:
StopWatch '/role/show': running time = 1677601 ns
---------------------------------------------
ns         %     Task name
---------------------------------------------
000158500  009%  PrintRequest
001387500  083%  RoleController#showAllRole
000131601  008%  PrintResponse

2023-03-18 14:36:57.538 [http-nio-8001-exec-2] INFO  center.misaki.device.Aspect.ControllerLogAop - Request URL: [http://localhost:8001/isAdmin], URI: [/isAdmin], Request Method: [GET], IP: [127.0.0.1]
2023-03-18 14:36:57.538 [http-nio-8001-exec-2] INFO  center.misaki.device.Aspect.ControllerLogAop - AuthController.isAdmin Parameters: [[]]
2023-03-18 14:36:57.538 [http-nio-8001-exec-2] INFO  center.misaki.device.Aspect.ControllerLogAop - AuthController.isAdmin Response: [{"code":0,"data":{"creater":true,"sysAdmin":false,"authDetails":{"addressBook":{"department":false,"role":[false,false]},"editForm":false,"name":"无","scope":{"department":[],"role":[]}},"norAdmin":false},"msg":"获取成功"}]
2023-03-18 14:36:57.538 [http-nio-8001-exec-2] INFO  center.misaki.device.Aspect.ControllerLogAop - Usage:
StopWatch '/isAdmin': running time = 625199 ns
---------------------------------------------
ns         %     Task name
---------------------------------------------
000455700  073%  PrintRequest
000089699  014%  AuthController#isAdmin
000079800  013%  PrintResponse

2023-03-18 14:36:57.632 [http-nio-8001-exec-1] INFO  center.misaki.device.Aspect.ControllerLogAop - Request URL: [http://localhost:8001/department/show], URI: [/department/show], Request Method: [GET], IP: [127.0.0.1]
2023-03-18 14:36:57.632 [http-nio-8001-exec-5] INFO  center.misaki.device.Aspect.ControllerLogAop - Request URL: [http://localhost:8001/role/show], URI: [/role/show], Request Method: [GET], IP: [127.0.0.1]
2023-03-18 14:36:57.632 [http-nio-8001-exec-1] INFO  center.misaki.device.Aspect.ControllerLogAop - DepartmentController.showAllDepartment Parameters: [[]]
2023-03-18 14:36:57.632 [http-nio-8001-exec-5] INFO  center.misaki.device.Aspect.ControllerLogAop - RoleController.showAllRole Parameters: [[]]
2023-03-18 14:36:57.632 [http-nio-8001-exec-5] INFO  center.misaki.device.Aspect.AuthPermissionAspect - 校验权限，该用户：test20，为 系统创造者
2023-03-18 14:36:57.633 [http-nio-8001-exec-1] INFO  center.misaki.device.Aspect.ControllerLogAop - DepartmentController.showAllDepartment Response: [{"code":0,"data":{"id":76,"name":"test20","preId":-1},"msg":"获取成功"}]
2023-03-18 14:36:57.634 [http-nio-8001-exec-1] INFO  center.misaki.device.Aspect.ControllerLogAop - Usage:
StopWatch '/department/show': running time = 1130501 ns
---------------------------------------------
ns         %     Task name
---------------------------------------------
000140599  012%  PrintRequest
000926301  082%  DepartmentController#showAllDepartment
000063601  006%  PrintResponse

2023-03-18 14:36:57.634 [http-nio-8001-exec-5] INFO  center.misaki.device.Aspect.ControllerLogAop - RoleController.showAllRole Response: [{"code":0,"data":[],"msg":"获取成功"}]
2023-03-18 14:36:57.634 [http-nio-8001-exec-5] INFO  center.misaki.device.Aspect.ControllerLogAop - Usage:
StopWatch '/role/show': running time = 1251201 ns
---------------------------------------------
ns         %     Task name
---------------------------------------------
000148900  012%  PrintRequest
001045601  084%  RoleController#showAllRole
000056700  005%  PrintResponse

