2023-03-01 16:09:41.950 [main] INFO  org.springframework.core.KotlinDetector - Kotlin reflection implementation not found at runtime, related features won't be available.
2023-03-01 16:09:43.769 [main] INFO  o.s.c.s.PostProcessorRegistrationDelegate$BeanPostProcessorChecker - Bean 'org.springframework.cloud.autoconfigure.ConfigurationPropertiesRebinderAutoConfiguration' of type [org.springframework.cloud.autoconfigure.ConfigurationPropertiesRebinderAutoConfiguration] is not eligible for getting processed by all BeanPostProcessors (for example: not eligible for auto-proxying)
2023-03-01 16:09:45.087 [main] INFO  center.misaki.device.userApp - The following profiles are active: dev
2023-03-01 16:09:46.331 [main] INFO  o.s.d.r.config.RepositoryConfigurationDelegate - Multiple Spring Data modules found, entering strict repository configuration mode!
2023-03-01 16:09:46.334 [main] INFO  o.s.d.r.config.RepositoryConfigurationDelegate - Bootstrapping Spring Data Redis repositories in DEFAULT mode.
2023-03-01 16:09:46.389 [main] INFO  o.s.d.r.config.RepositoryConfigurationDelegate - Finished Spring Data repository scanning in 41ms. Found 0 Redis repository interfaces.
2023-03-01 16:09:46.478 [main] WARN  o.springframework.boot.actuate.endpoint.EndpointId - Endpoint ID 'service-registry' contains invalid characters, please migrate to a valid format.
2023-03-01 16:09:46.651 [main] INFO  o.springframework.cloud.context.scope.GenericScope - BeanFactory id=a22055f8-ab77-3702-9c8f-92a2fe3a992d
2023-03-01 16:09:46.731 [main] INFO  o.s.c.s.PostProcessorRegistrationDelegate$BeanPostProcessorChecker - Bean 'asyncTaskExecutePool' of type [center.misaki.device.Config.AsyncTaskExecutePool$$EnhancerBySpringCGLIB$$3b2e9f8a] is not eligible for getting processed by all BeanPostProcessors (for example: not eligible for auto-proxying)
2023-03-01 16:09:46.800 [main] INFO  o.s.c.s.PostProcessorRegistrationDelegate$BeanPostProcessorChecker - Bean 'org.springframework.transaction.annotation.ProxyTransactionManagementConfiguration' of type [org.springframework.transaction.annotation.ProxyTransactionManagementConfiguration] is not eligible for getting processed by all BeanPostProcessors (for example: not eligible for auto-proxying)
2023-03-01 16:09:46.980 [main] INFO  o.s.c.s.PostProcessorRegistrationDelegate$BeanPostProcessorChecker - Bean 'org.springframework.cloud.autoconfigure.ConfigurationPropertiesRebinderAutoConfiguration' of type [org.springframework.cloud.autoconfigure.ConfigurationPropertiesRebinderAutoConfiguration] is not eligible for getting processed by all BeanPostProcessors (for example: not eligible for auto-proxying)
2023-03-01 16:09:47.180 [main] INFO  o.s.boot.web.embedded.tomcat.TomcatWebServer - Tomcat initialized with port(s): 8001 (http)
2023-03-01 16:09:47.188 [main] INFO  org.apache.coyote.http11.Http11NioProtocol - Initializing ProtocolHandler ["http-nio-8001"]
2023-03-01 16:09:47.188 [main] INFO  org.apache.catalina.core.StandardService - Starting service [Tomcat]
2023-03-01 16:09:47.188 [main] INFO  org.apache.catalina.core.StandardEngine - Starting Servlet engine: [Apache Tomcat/9.0.30]
2023-03-01 16:09:47.285 [main] INFO  o.a.c.core.ContainerBase.[Tomcat].[localhost].[/] - Initializing Spring embedded WebApplicationContext
2023-03-01 16:09:47.285 [main] INFO  org.springframework.web.context.ContextLoader - Root WebApplicationContext: initialization completed in 2184 ms
2023-03-01 16:09:47.366 [main] WARN  com.netflix.config.sources.URLConfigurationSource - No URLs will be polled as dynamic configuration sources.
2023-03-01 16:09:47.367 [main] INFO  com.netflix.config.sources.URLConfigurationSource - To enable URLs as dynamic configuration sources, define System property archaius.configurationSource.additionalUrls or make config.properties available on classpath.
2023-03-01 16:09:47.376 [main] INFO  com.netflix.config.DynamicPropertyFactory - DynamicPropertyFactory is initialized with configuration sources: com.netflix.config.ConcurrentCompositeConfiguration@6e829e50
2023-03-01 16:09:47.484 [main] INFO  c.a.d.s.b.a.DruidDataSourceAutoConfigure - Init DruidDataSource
2023-03-01 16:09:47.750 [main] INFO  com.alibaba.druid.pool.DruidDataSource - {dataSource-1} inited
2023-03-01 16:09:49.044 [main] INFO  org.springframework.cloud.commons.util.InetUtils - Cannot determine local hostname
2023-03-01 16:09:50.424 [main] WARN  o.s.s.o.p.token.store.JwtAccessTokenConverter - Unable to create an RSA verifier from verifierKey (ignoreable if using MAC)
2023-03-01 16:09:51.212 [main] INFO  o.s.security.web.DefaultSecurityFilterChain - Creating filter chain: OrRequestMatcher [requestMatchers=[Ant [pattern='/oauth/token'], Ant [pattern='/oauth/token_key'], Ant [pattern='/oauth/check_token']]], [org.springframework.security.web.context.request.async.WebAsyncManagerIntegrationFilter@62360a68, org.springframework.security.web.context.SecurityContextPersistenceFilter@1eb6037d, org.springframework.security.web.header.HeaderWriterFilter@4407b042, org.springframework.security.web.authentication.logout.LogoutFilter@76fc5687, org.springframework.security.oauth2.provider.client.ClientCredentialsTokenEndpointFilter@4119346d, org.springframework.security.web.authentication.www.BasicAuthenticationFilter@14b5325f, org.springframework.security.web.savedrequest.RequestCacheAwareFilter@1607d391, org.springframework.security.web.servletapi.SecurityContextHolderAwareRequestFilter@54997f67, org.springframework.security.web.authentication.AnonymousAuthenticationFilter@1450ffa3, org.springframework.security.web.session.SessionManagementFilter@29f8134, org.springframework.security.web.access.ExceptionTranslationFilter@12266084, org.springframework.security.web.access.intercept.FilterSecurityInterceptor@5534e6f1]
2023-03-01 16:09:51.222 [main] INFO  o.s.security.web.DefaultSecurityFilterChain - Creating filter chain: org.springframework.security.oauth2.config.annotation.web.configuration.ResourceServerConfiguration$NotOAuthRequestMatcher@670a4738, [org.springframework.security.web.context.request.async.WebAsyncManagerIntegrationFilter@47ffdbba, org.springframework.security.web.context.SecurityContextPersistenceFilter@1fc5c0b2, org.springframework.security.web.header.HeaderWriterFilter@949d347, org.springframework.security.web.authentication.logout.LogoutFilter@6bdedbbd, org.springframework.security.oauth2.provider.authentication.OAuth2AuthenticationProcessingFilter@29188050, org.springframework.security.web.savedrequest.RequestCacheAwareFilter@45ad3cd8, org.springframework.security.web.servletapi.SecurityContextHolderAwareRequestFilter@2b90cc1, org.springframework.security.web.authentication.AnonymousAuthenticationFilter@ba0018e, org.springframework.security.web.session.SessionManagementFilter@f5ae29e, org.springframework.security.web.access.ExceptionTranslationFilter@1b98355f, org.springframework.security.web.access.intercept.FilterSecurityInterceptor@7976e536]
2023-03-01 16:09:51.232 [main] INFO  o.s.security.web.DefaultSecurityFilterChain - Creating filter chain: any request, [org.springframework.security.web.context.request.async.WebAsyncManagerIntegrationFilter@295f2d1b, org.springframework.security.web.context.SecurityContextPersistenceFilter@4fa8297b, org.springframework.security.web.header.HeaderWriterFilter@283bb8b7, org.springframework.security.web.csrf.CsrfFilter@48692405, org.springframework.security.web.authentication.logout.LogoutFilter@3ea2f72e, org.springframework.security.web.authentication.UsernamePasswordAuthenticationFilter@7497a554, org.springframework.security.web.authentication.ui.DefaultLoginPageGeneratingFilter@7c9ea1d0, org.springframework.security.web.authentication.ui.DefaultLogoutPageGeneratingFilter@65015a49, org.springframework.security.web.authentication.www.BasicAuthenticationFilter@60ab895f, org.springframework.security.web.savedrequest.RequestCacheAwareFilter@6644bdf5, org.springframework.security.web.servletapi.SecurityContextHolderAwareRequestFilter@13cf5f8a, org.springframework.security.web.authentication.AnonymousAuthenticationFilter@44e08a7a, org.springframework.security.web.session.SessionManagementFilter@25e95af1, org.springframework.security.web.access.ExceptionTranslationFilter@f44d033, org.springframework.security.web.access.intercept.FilterSecurityInterceptor@3a8b9458]
2023-03-01 16:09:51.360 [main] WARN  com.netflix.config.sources.URLConfigurationSource - No URLs will be polled as dynamic configuration sources.
2023-03-01 16:09:51.360 [main] INFO  com.netflix.config.sources.URLConfigurationSource - To enable URLs as dynamic configuration sources, define System property archaius.configurationSource.additionalUrls or make config.properties available on classpath.
2023-03-01 16:09:51.523 [main] INFO  o.s.scheduling.concurrent.ThreadPoolTaskExecutor - Initializing ExecutorService 'applicationTaskExecutor'
2023-03-01 16:09:53.229 [main] INFO  org.springframework.cloud.commons.util.InetUtils - Cannot determine local hostname
2023-03-01 16:09:54.408 [main] INFO  org.springframework.cloud.commons.util.InetUtils - Cannot determine local hostname
2023-03-01 16:09:54.436 [main] WARN  o.s.c.l.c.BlockingLoadBalancerClientAutoConfiguration$BlockingLoadBalancerClientRibbonWarnLogger - You already have RibbonLoadBalancerClient on your classpath. It will be used by default. As Spring Cloud Ribbon is in maintenance mode. We recommend switching to BlockingLoadBalancerClient instead. In order to use it, set the value of `spring.cloud.loadbalancer.ribbon.enabled` to `false` or remove spring-cloud-starter-netflix-ribbon from your project.
2023-03-01 16:09:54.475 [main] WARN  o.s.c.l.c.LoadBalancerCacheAutoConfiguration$LoadBalancerCaffeineWarnLogger - Spring Cloud LoadBalancer is currently working with default default cache. You can switch to using Caffeine cache, by adding it to the classpath.
2023-03-01 16:09:54.490 [main] INFO  o.s.b.actuate.endpoint.web.EndpointLinksResolver - Exposing 2 endpoint(s) beneath base path '/actuator'
2023-03-01 16:09:54.576 [main] INFO  o.s.cloud.netflix.eureka.InstanceInfoFactory - Setting initial instance status as: STARTING
2023-03-01 16:09:54.599 [main] INFO  com.netflix.discovery.DiscoveryClient - Initializing Eureka in region us-east-1
2023-03-01 16:09:54.718 [main] INFO  c.n.discovery.provider.DiscoveryJerseyProvider - Using JSON encoding codec LegacyJacksonJson
2023-03-01 16:09:54.718 [main] INFO  c.n.discovery.provider.DiscoveryJerseyProvider - Using JSON decoding codec LegacyJacksonJson
2023-03-01 16:09:54.800 [main] INFO  c.n.discovery.provider.DiscoveryJerseyProvider - Using XML encoding codec XStreamXml
2023-03-01 16:09:54.800 [main] INFO  c.n.discovery.provider.DiscoveryJerseyProvider - Using XML decoding codec XStreamXml
2023-03-01 16:09:54.903 [main] INFO  c.n.d.shared.resolver.aws.ConfigClusterResolver - Resolving eureka endpoints via configuration
2023-03-01 16:09:55.024 [main] INFO  com.netflix.discovery.DiscoveryClient - Disable delta property : false
2023-03-01 16:09:55.024 [main] INFO  com.netflix.discovery.DiscoveryClient - Single vip registry refresh property : null
2023-03-01 16:09:55.024 [main] INFO  com.netflix.discovery.DiscoveryClient - Force full registry fetch : false
2023-03-01 16:09:55.024 [main] INFO  com.netflix.discovery.DiscoveryClient - Application is null : false
2023-03-01 16:09:55.024 [main] INFO  com.netflix.discovery.DiscoveryClient - Registered Applications size is zero : true
2023-03-01 16:09:55.024 [main] INFO  com.netflix.discovery.DiscoveryClient - Application version is -1: true
2023-03-01 16:09:55.024 [main] INFO  com.netflix.discovery.DiscoveryClient - Getting all instance registry info from the eureka server
2023-03-01 16:09:55.133 [main] INFO  com.netflix.discovery.DiscoveryClient - The response status is 200
2023-03-01 16:09:55.135 [main] INFO  com.netflix.discovery.DiscoveryClient - Starting heartbeat executor: renew interval is: 30
2023-03-01 16:09:55.136 [main] INFO  com.netflix.discovery.InstanceInfoReplicator - InstanceInfoReplicator onDemand update allowed rate per min is 4
2023-03-01 16:09:55.139 [main] INFO  com.netflix.discovery.DiscoveryClient - Discovery Client initialized at timestamp 1677658195138 with initial instances count: 1
2023-03-01 16:09:55.142 [main] INFO  o.s.c.n.e.serviceregistry.EurekaServiceRegistry - Registering application AUTH-CENTER with eureka with status UP
2023-03-01 16:09:55.143 [main] INFO  com.netflix.discovery.DiscoveryClient - Saw local status change event StatusChangeEvent [timestamp=1677658195143, current=UP, previous=STARTING]
2023-03-01 16:09:55.145 [DiscoveryClient-InstanceInfoReplicator-0] INFO  com.netflix.discovery.DiscoveryClient - DiscoveryClient_AUTH-CENTER/localhost:auth-center:8001: registering service...
2023-03-01 16:09:55.157 [main] INFO  org.apache.coyote.http11.Http11NioProtocol - Starting ProtocolHandler ["http-nio-8001"]
2023-03-01 16:09:55.179 [main] INFO  o.s.boot.web.embedded.tomcat.TomcatWebServer - Tomcat started on port(s): 8001 (http) with context path ''
2023-03-01 16:09:55.180 [main] INFO  o.s.c.n.e.s.EurekaAutoServiceRegistration - Updating port to 8001
2023-03-01 16:09:55.181 [DiscoveryClient-InstanceInfoReplicator-0] INFO  com.netflix.discovery.DiscoveryClient - DiscoveryClient_AUTH-CENTER/localhost:auth-center:8001 - registration status: 204
2023-03-01 16:09:56.358 [main] INFO  org.springframework.cloud.commons.util.InetUtils - Cannot determine local hostname
2023-03-01 16:09:56.360 [main] INFO  center.misaki.device.userApp - Started userApp in 14.352 seconds (JVM running for 15.428)
2023-03-01 16:09:56.880 [RMI TCP Connection(10)-172.26.16.46] INFO  o.a.c.core.ContainerBase.[Tomcat].[localhost].[/] - Initializing Spring DispatcherServlet 'dispatcherServlet'
2023-03-01 16:09:56.880 [RMI TCP Connection(10)-172.26.16.46] INFO  org.springframework.web.servlet.DispatcherServlet - Initializing Servlet 'dispatcherServlet'
2023-03-01 16:09:56.891 [RMI TCP Connection(10)-172.26.16.46] INFO  org.springframework.web.servlet.DispatcherServlet - Completed initialization in 11 ms
2023-03-01 16:09:57.010 [boundedElastic-1] INFO  io.lettuce.core.EpollProvider - Starting without optional epoll library
2023-03-01 16:09:57.012 [boundedElastic-1] INFO  io.lettuce.core.KqueueProvider - Starting without optional kqueue library
2023-03-01 16:11:39.939 [http-nio-8001-exec-1] INFO  center.misaki.device.Aspect.ControllerLogAop - Request URL: [http://localhost:8001/user/registerUser], URI: [/user/registerUser], Request Method: [POST], IP: [0:0:0:0:0:0:0:1]
2023-03-01 16:11:39.946 [http-nio-8001-exec-1] INFO  center.misaki.device.Aspect.ControllerLogAop - UserController.registerUser Parameters: [[{"email":"b.uscvu@qq.com","nickname":"何洋","password":"123456","phone":"13558741538","tenementName":"题问复关","username":"总表测试用户1"}]]
2023-03-01 16:11:40.103 [http-nio-8001-exec-1] INFO  center.misaki.device.Aspect.ControllerLogAop - UserController.registerUser Response: [{"code":0,"data":{"tenementId":19},"msg":"注册成功"}]
2023-03-01 16:11:40.104 [http-nio-8001-exec-1] INFO  center.misaki.device.Aspect.ControllerLogAop - Usage:
StopWatch '/user/registerUser': running time = 170119900 ns
---------------------------------------------
ns         %     Task name
---------------------------------------------
013452800  008%  PrintRequest
153014500  090%  UserController#registerUser
003652600  002%  PrintResponse

2023-03-01 16:12:09.861 [http-nio-8001-exec-2] INFO  center.misaki.device.Aspect.ControllerLogAop - Request URL: [http://localhost:8001/login/token], URI: [/login/token], Request Method: [POST], IP: [127.0.0.1]
2023-03-01 16:12:09.863 [http-nio-8001-exec-2] INFO  center.misaki.device.Aspect.ControllerLogAop - AuthController.login Parameters: [[{"clientId":"pc","clientSecret":"secret","password":"123456","username":"总表测试用户1"}]]
2023-03-01 16:12:09.868 [http-nio-8001-exec-2] WARN  o.s.security.crypto.bcrypt.BCryptPasswordEncoder - Encoded password does not look like BCrypt
2023-03-01 16:12:10.063 [http-nio-8001-exec-2] INFO  center.misaki.device.Aspect.ControllerLogAop - AuthController.login Response: [{"additionalInformation":{"jti":"53b834dc-d7f9-4b2c-a127-5ffb224d6c39"},"expiration":1677665530035,"expired":false,"expiresIn":7199,"scope":["all"],"tokenType":"bearer","value":"eyJhbGciOiJIUzI1NiIsInR5cCI6IkpXVCJ9.eyJleHAiOjE2Nzc2NjU1MzAsInVzZXJfbmFtZSI6IuaAu-ihqOa1i-ivleeUqOaItzEiLCJqdGkiOiI1M2I4MzRkYy1kN2Y5LTRiMmMtYTEyNy01ZmZiMjI0ZDZjMzkiLCJjbGllbnRfaWQiOiJwYyIsInNjb3BlIjpbImFsbCJdfQ.cSlswjsAcspwdnXKfpwzLoN8V4TxYL8Mrr63ThNDVSk"}]
2023-03-01 16:12:10.064 [http-nio-8001-exec-2] INFO  center.misaki.device.Aspect.ControllerLogAop - Usage:
StopWatch '/login/token': running time = 202100500 ns
---------------------------------------------
ns         %     Task name
---------------------------------------------
001777800  001%  PrintRequest
195940100  097%  AuthController#login
004382600  002%  PrintResponse

2023-03-01 16:12:10.147 [http-nio-8001-exec-3] INFO  center.misaki.device.Aspect.ControllerLogAop - Request URL: [http://localhost:8001/isAdmin], URI: [/isAdmin], Request Method: [GET], IP: [127.0.0.1]
2023-03-01 16:12:10.147 [http-nio-8001-exec-3] INFO  center.misaki.device.Aspect.ControllerLogAop - AuthController.isAdmin Parameters: [[]]
2023-03-01 16:12:10.158 [http-nio-8001-exec-3] INFO  center.misaki.device.Aspect.ControllerLogAop - AuthController.isAdmin Response: [{"code":0,"data":{"creater":true,"sysAdmin":false,"authDetails":{"addressBook":{"department":false,"role":[false,false]},"editForm":false,"name":"无","scope":{"department":[],"role":[]}},"norAdmin":false},"msg":"获取成功"}]
2023-03-01 16:12:10.159 [http-nio-8001-exec-3] INFO  center.misaki.device.Aspect.ControllerLogAop - Usage:
StopWatch '/isAdmin': running time = 12046500 ns
---------------------------------------------
ns         %     Task name
---------------------------------------------
000467900  004%  PrintRequest
006851000  057%  AuthController#isAdmin
004727600  039%  PrintResponse

2023-03-01 16:12:10.444 [http-nio-8001-exec-5] INFO  center.misaki.device.Aspect.ControllerLogAop - Request URL: [http://localhost:8001/isAccessed], URI: [/isAccessed], Request Method: [GET], IP: [127.0.0.1]
2023-03-01 16:12:10.444 [http-nio-8001-exec-4] INFO  center.misaki.device.Aspect.ControllerLogAop - Request URL: [http://localhost:8001/isAccessed], URI: [/isAccessed], Request Method: [GET], IP: [127.0.0.1]
2023-03-01 16:12:10.445 [http-nio-8001-exec-5] INFO  center.misaki.device.Aspect.ControllerLogAop - AuthController.isAccessed Parameters: [[]]
2023-03-01 16:12:10.444 [http-nio-8001-exec-6] INFO  center.misaki.device.Aspect.ControllerLogAop - Request URL: [http://localhost:8001/isAccessed], URI: [/isAccessed], Request Method: [GET], IP: [127.0.0.1]
2023-03-01 16:12:10.445 [http-nio-8001-exec-4] INFO  center.misaki.device.Aspect.ControllerLogAop - AuthController.isAccessed Parameters: [[]]
2023-03-01 16:12:10.445 [http-nio-8001-exec-6] INFO  center.misaki.device.Aspect.ControllerLogAop - AuthController.isAccessed Parameters: [[]]
2023-03-01 16:12:10.457 [http-nio-8001-exec-5] INFO  center.misaki.device.Aspect.ControllerLogAop - AuthController.isAccessed Response: [{"code":0,"data":"eJxlULtOwzAU/RfPBZHSIugWSikOiSv6oglicBxHdeI4wXZoE4TEiMQKH8DGxoQY+J/CZ+AKIUBs97zuPbpXABOSl0KjXPSWBZM0Ah0tS9r4Jbg5SX/xpZ7nkmlGFeicnTcAkRRrKr91AyMqNMNc/V9KBQ75DxS5zDC3o4wJ0IlNwnCqUn8JTQXNzEZoYtaewXlKjQpo5czDPmED5sBJDS3EoIJi2CZduAPTYjbtOnubxsTpkc0GSa+JatJEycTyatsYp3Uwc+IwO9TByARKbJcbbH4xwBbbYJec0omZoa57zO06F1E/NYeg5TVhy6uHqV9ZKWr6bXc8ZF7maX/cq1C1ZQVZwLwEbgUHQeLV6TqbhH3OQzGM8enJuuzCr9ZFURJu73OYFCHMDlXYdaL4ZJOMuFokyiaqWERidhwXi9rN0e60NV767q4n5c72eI4OpqMUNECpqFx/pd36mgXOqHnM6ubt4/Fp9XL38fzwfv+0un21wPUneSaxOg==","msg":"验证成功"}]
2023-03-01 16:12:10.457 [http-nio-8001-exec-4] INFO  center.misaki.device.Aspect.ControllerLogAop - AuthController.isAccessed Response: [{"code":0,"data":"eJxlULtOwzAU/RfPBZHSIugWSikOiSv6oglicBxHdeI4wXZoE4TEiMQKH8DGxoQY+J/CZ+AKIUBs97zuPbpXABOSl0KjXPSWBZM0Ah0tS9r4Jbg5SX/xpZ7nkmlGFeicnTcAkRRrKr91AyMqNMNc/V9KBQ75DxS5zDC3o4wJ0IlNwnCqUn8JTQXNzEZoYtaewXlKjQpo5czDPmED5sBJDS3EoIJi2CZduAPTYjbtOnubxsTpkc0GSa+JatJEycTyatsYp3Uwc+IwO9TByARKbJcbbH4xwBbbYJec0omZoa57zO06F1E/NYeg5TVhy6uHqV9ZKWr6bXc8ZF7maX/cq1C1ZQVZwLwEbgUHQeLV6TqbhH3OQzGM8enJuuzCr9ZFURJu73OYFCHMDlXYdaL4ZJOMuFokyiaqWERidhwXi9rN0e60NV767q4n5c72eI4OpqMUNECpqFx/pd36mgXOqHnM6ubt4/Fp9XL38fzwfv+0un21wPUneSaxOg==","msg":"验证成功"}]
2023-03-01 16:12:10.457 [http-nio-8001-exec-6] INFO  center.misaki.device.Aspect.ControllerLogAop - AuthController.isAccessed Response: [{"code":0,"data":"eJxlULtOwzAU/RfPBZHSIugWSikOiSv6oglicBxHdeI4wXZoE4TEiMQKH8DGxoQY+J/CZ+AKIUBs97zuPbpXABOSl0KjXPSWBZM0Ah0tS9r4Jbg5SX/xpZ7nkmlGFeicnTcAkRRrKr91AyMqNMNc/V9KBQ75DxS5zDC3o4wJ0IlNwnCqUn8JTQXNzEZoYtaewXlKjQpo5czDPmED5sBJDS3EoIJi2CZduAPTYjbtOnubxsTpkc0GSa+JatJEycTyatsYp3Uwc+IwO9TByARKbJcbbH4xwBbbYJec0omZoa57zO06F1E/NYeg5TVhy6uHqV9ZKWr6bXc8ZF7maX/cq1C1ZQVZwLwEbgUHQeLV6TqbhH3OQzGM8enJuuzCr9ZFURJu73OYFCHMDlXYdaL4ZJOMuFokyiaqWERidhwXi9rN0e60NV767q4n5c72eI4OpqMUNECpqFx/pd36mgXOqHnM6ubt4/Fp9XL38fzwfv+0un21wPUneSaxOg==","msg":"验证成功"}]
2023-03-01 16:12:10.458 [http-nio-8001-exec-4] INFO  center.misaki.device.Aspect.ControllerLogAop - Usage:
StopWatch '/isAccessed': running time = 13703000 ns
---------------------------------------------
ns         %     Task name
---------------------------------------------
000571000  004%  PrintRequest
012851400  094%  AuthController#isAccessed
000280600  002%  PrintResponse

2023-03-01 16:12:10.458 [http-nio-8001-exec-6] INFO  center.misaki.device.Aspect.ControllerLogAop - Usage:
StopWatch '/isAccessed': running time = 13723400 ns
---------------------------------------------
ns         %     Task name
---------------------------------------------
000804900  006%  PrintRequest
012617600  092%  AuthController#isAccessed
000300900  002%  PrintResponse

2023-03-01 16:12:10.458 [http-nio-8001-exec-5] INFO  center.misaki.device.Aspect.ControllerLogAop - Usage:
StopWatch '/isAccessed': running time = 13674900 ns
---------------------------------------------
ns         %     Task name
---------------------------------------------
000501800  004%  PrintRequest
012919200  094%  AuthController#isAccessed
000253900  002%  PrintResponse

2023-03-01 16:12:10.467 [http-nio-8001-exec-7] INFO  center.misaki.device.Aspect.ControllerLogAop - Request URL: [http://localhost:8001/isAccessed], URI: [/isAccessed], Request Method: [GET], IP: [127.0.0.1]
2023-03-01 16:12:10.467 [http-nio-8001-exec-8] INFO  center.misaki.device.Aspect.ControllerLogAop - Request URL: [http://localhost:8001/isAccessed], URI: [/isAccessed], Request Method: [GET], IP: [127.0.0.1]
2023-03-01 16:12:10.467 [http-nio-8001-exec-7] INFO  center.misaki.device.Aspect.ControllerLogAop - AuthController.isAccessed Parameters: [[]]
2023-03-01 16:12:10.467 [http-nio-8001-exec-8] INFO  center.misaki.device.Aspect.ControllerLogAop - AuthController.isAccessed Parameters: [[]]
2023-03-01 16:12:10.472 [http-nio-8001-exec-8] INFO  center.misaki.device.Aspect.ControllerLogAop - AuthController.isAccessed Response: [{"code":0,"data":"eJxlULtOwzAU/RfPBZHSIugWSikOiSv6oglicBxHdeI4wXZoE4TEiMQKH8DGxoQY+J/CZ+AKIUBs97zuPbpXABOSl0KjXPSWBZM0Ah0tS9r4Jbg5SX/xpZ7nkmlGFeicnTcAkRRrKr91AyMqNMNc/V9KBQ75DxS5zDC3o4wJ0IlNwnCqUn8JTQXNzEZoYtaewXlKjQpo5czDPmED5sBJDS3EoIJi2CZduAPTYjbtOnubxsTpkc0GSa+JatJEycTyatsYp3Uwc+IwO9TByARKbJcbbH4xwBbbYJec0omZoa57zO06F1E/NYeg5TVhy6uHqV9ZKWr6bXc8ZF7maX/cq1C1ZQVZwLwEbgUHQeLV6TqbhH3OQzGM8enJuuzCr9ZFURJu73OYFCHMDlXYdaL4ZJOMuFokyiaqWERidhwXi9rN0e60NV767q4n5c72eI4OpqMUNECpqFx/pd36mgXOqHnM6ubt4/Fp9XL38fzwfv+0un21wPUneSaxOg==","msg":"验证成功"}]
2023-03-01 16:12:10.472 [http-nio-8001-exec-7] INFO  center.misaki.device.Aspect.ControllerLogAop - AuthController.isAccessed Response: [{"code":0,"data":"eJxlULtOwzAU/RfPBZHSIugWSikOiSv6oglicBxHdeI4wXZoE4TEiMQKH8DGxoQY+J/CZ+AKIUBs97zuPbpXABOSl0KjXPSWBZM0Ah0tS9r4Jbg5SX/xpZ7nkmlGFeicnTcAkRRrKr91AyMqNMNc/V9KBQ75DxS5zDC3o4wJ0IlNwnCqUn8JTQXNzEZoYtaewXlKjQpo5czDPmED5sBJDS3EoIJi2CZduAPTYjbtOnubxsTpkc0GSa+JatJEycTyatsYp3Uwc+IwO9TByARKbJcbbH4xwBbbYJec0omZoa57zO06F1E/NYeg5TVhy6uHqV9ZKWr6bXc8ZF7maX/cq1C1ZQVZwLwEbgUHQeLV6TqbhH3OQzGM8enJuuzCr9ZFURJu73OYFCHMDlXYdaL4ZJOMuFokyiaqWERidhwXi9rN0e60NV767q4n5c72eI4OpqMUNECpqFx/pd36mgXOqHnM6ubt4/Fp9XL38fzwfv+0un21wPUneSaxOg==","msg":"验证成功"}]
2023-03-01 16:12:10.472 [http-nio-8001-exec-8] INFO  center.misaki.device.Aspect.ControllerLogAop - Usage:
StopWatch '/isAccessed': running time = 6397300 ns
---------------------------------------------
ns         %     Task name
---------------------------------------------
000305400  005%  PrintRequest
005869900  092%  AuthController#isAccessed
000222000  003%  PrintResponse

2023-03-01 16:12:10.473 [http-nio-8001-exec-7] INFO  center.misaki.device.Aspect.ControllerLogAop - Usage:
StopWatch '/isAccessed': running time = 6762700 ns
---------------------------------------------
ns         %     Task name
---------------------------------------------
000286900  004%  PrintRequest
005889400  087%  AuthController#isAccessed
000586400  009%  PrintResponse

2023-03-01 16:12:10.499 [http-nio-8001-exec-9] INFO  center.misaki.device.Aspect.ControllerLogAop - Request URL: [http://localhost:8001/isAdmin], URI: [/isAdmin], Request Method: [GET], IP: [127.0.0.1]
2023-03-01 16:12:10.499 [http-nio-8001-exec-9] INFO  center.misaki.device.Aspect.ControllerLogAop - AuthController.isAdmin Parameters: [[]]
2023-03-01 16:12:10.499 [http-nio-8001-exec-9] INFO  center.misaki.device.Aspect.ControllerLogAop - AuthController.isAdmin Response: [{"code":0,"data":{"creater":true,"sysAdmin":false,"authDetails":{"addressBook":{"department":false,"role":[false,false]},"editForm":false,"name":"无","scope":{"department":[],"role":[]}},"norAdmin":false},"msg":"获取成功"}]
2023-03-01 16:12:10.499 [http-nio-8001-exec-9] INFO  center.misaki.device.Aspect.ControllerLogAop - Usage:
StopWatch '/isAdmin': running time = 373100 ns
---------------------------------------------
ns         %     Task name
---------------------------------------------
000205000  055%  PrintRequest
000069500  019%  AuthController#isAdmin
000098600  026%  PrintResponse

2023-03-01 16:12:10.832 [http-nio-8001-exec-10] INFO  center.misaki.device.Aspect.ControllerLogAop - Request URL: [http://localhost:8001/isAccessed], URI: [/isAccessed], Request Method: [GET], IP: [127.0.0.1]
2023-03-01 16:12:10.832 [http-nio-8001-exec-10] INFO  center.misaki.device.Aspect.ControllerLogAop - AuthController.isAccessed Parameters: [[]]
2023-03-01 16:12:10.838 [http-nio-8001-exec-10] INFO  center.misaki.device.Aspect.ControllerLogAop - AuthController.isAccessed Response: [{"code":0,"data":"eJxlULtOwzAU/RfPBZHSIugWSikOiSv6oglicBxHdeI4wXZoE4TEiMQKH8DGxoQY+J/CZ+AKIUBs97zuPbpXABOSl0KjXPSWBZM0Ah0tS9r4Jbg5SX/xpZ7nkmlGFeicnTcAkRRrKr91AyMqNMNc/V9KBQ75DxS5zDC3o4wJ0IlNwnCqUn8JTQXNzEZoYtaewXlKjQpo5czDPmED5sBJDS3EoIJi2CZduAPTYjbtOnubxsTpkc0GSa+JatJEycTyatsYp3Uwc+IwO9TByARKbJcbbH4xwBbbYJec0omZoa57zO06F1E/NYeg5TVhy6uHqV9ZKWr6bXc8ZF7maX/cq1C1ZQVZwLwEbgUHQeLV6TqbhH3OQzGM8enJuuzCr9ZFURJu73OYFCHMDlXYdaL4ZJOMuFokyiaqWERidhwXi9rN0e60NV767q4n5c72eI4OpqMUNECpqFx/pd36mgXOqHnM6ubt4/Fp9XL38fzwfv+0un21wPUneSaxOg==","msg":"验证成功"}]
2023-03-01 16:12:10.839 [http-nio-8001-exec-10] INFO  center.misaki.device.Aspect.ControllerLogAop - Usage:
StopWatch '/isAccessed': running time = 6389000 ns
---------------------------------------------
ns         %     Task name
---------------------------------------------
000228600  004%  PrintRequest
005925000  093%  AuthController#isAccessed
000235400  004%  PrintResponse

2023-03-01 16:12:10.863 [http-nio-8001-exec-1] INFO  center.misaki.device.Aspect.ControllerLogAop - Request URL: [http://localhost:8001/isAccessed], URI: [/isAccessed], Request Method: [GET], IP: [127.0.0.1]
2023-03-01 16:12:10.863 [http-nio-8001-exec-1] INFO  center.misaki.device.Aspect.ControllerLogAop - AuthController.isAccessed Parameters: [[]]
2023-03-01 16:12:10.863 [http-nio-8001-exec-2] INFO  center.misaki.device.Aspect.ControllerLogAop - Request URL: [http://localhost:8001/isAccessed], URI: [/isAccessed], Request Method: [GET], IP: [127.0.0.1]
2023-03-01 16:12:10.863 [http-nio-8001-exec-3] INFO  center.misaki.device.Aspect.ControllerLogAop - Request URL: [http://localhost:8001/isAccessed], URI: [/isAccessed], Request Method: [GET], IP: [127.0.0.1]
2023-03-01 16:12:10.863 [http-nio-8001-exec-2] INFO  center.misaki.device.Aspect.ControllerLogAop - AuthController.isAccessed Parameters: [[]]
2023-03-01 16:12:10.863 [http-nio-8001-exec-3] INFO  center.misaki.device.Aspect.ControllerLogAop - AuthController.isAccessed Parameters: [[]]
2023-03-01 16:12:10.871 [http-nio-8001-exec-2] INFO  center.misaki.device.Aspect.ControllerLogAop - AuthController.isAccessed Response: [{"code":0,"data":"eJxlULtOwzAU/RfPBZHSIugWSikOiSv6oglicBxHdeI4wXZoE4TEiMQKH8DGxoQY+J/CZ+AKIUBs97zuPbpXABOSl0KjXPSWBZM0Ah0tS9r4Jbg5SX/xpZ7nkmlGFeicnTcAkRRrKr91AyMqNMNc/V9KBQ75DxS5zDC3o4wJ0IlNwnCqUn8JTQXNzEZoYtaewXlKjQpo5czDPmED5sBJDS3EoIJi2CZduAPTYjbtOnubxsTpkc0GSa+JatJEycTyatsYp3Uwc+IwO9TByARKbJcbbH4xwBbbYJec0omZoa57zO06F1E/NYeg5TVhy6uHqV9ZKWr6bXc8ZF7maX/cq1C1ZQVZwLwEbgUHQeLV6TqbhH3OQzGM8enJuuzCr9ZFURJu73OYFCHMDlXYdaL4ZJOMuFokyiaqWERidhwXi9rN0e60NV767q4n5c72eI4OpqMUNECpqFx/pd36mgXOqHnM6ubt4/Fp9XL38fzwfv+0un21wPUneSaxOg==","msg":"验证成功"}]
2023-03-01 16:12:10.871 [http-nio-8001-exec-3] INFO  center.misaki.device.Aspect.ControllerLogAop - AuthController.isAccessed Response: [{"code":0,"data":"eJxlULtOwzAU/RfPBZHSIugWSikOiSv6oglicBxHdeI4wXZoE4TEiMQKH8DGxoQY+J/CZ+AKIUBs97zuPbpXABOSl0KjXPSWBZM0Ah0tS9r4Jbg5SX/xpZ7nkmlGFeicnTcAkRRrKr91AyMqNMNc/V9KBQ75DxS5zDC3o4wJ0IlNwnCqUn8JTQXNzEZoYtaewXlKjQpo5czDPmED5sBJDS3EoIJi2CZduAPTYjbtOnubxsTpkc0GSa+JatJEycTyatsYp3Uwc+IwO9TByARKbJcbbH4xwBbbYJec0omZoa57zO06F1E/NYeg5TVhy6uHqV9ZKWr6bXc8ZF7maX/cq1C1ZQVZwLwEbgUHQeLV6TqbhH3OQzGM8enJuuzCr9ZFURJu73OYFCHMDlXYdaL4ZJOMuFokyiaqWERidhwXi9rN0e60NV767q4n5c72eI4OpqMUNECpqFx/pd36mgXOqHnM6ubt4/Fp9XL38fzwfv+0un21wPUneSaxOg==","msg":"验证成功"}]
2023-03-01 16:12:10.871 [http-nio-8001-exec-1] INFO  center.misaki.device.Aspect.ControllerLogAop - AuthController.isAccessed Response: [{"code":0,"data":"eJxlULtOwzAU/RfPBZHSIugWSikOiSv6oglicBxHdeI4wXZoE4TEiMQKH8DGxoQY+J/CZ+AKIUBs97zuPbpXABOSl0KjXPSWBZM0Ah0tS9r4Jbg5SX/xpZ7nkmlGFeicnTcAkRRrKr91AyMqNMNc/V9KBQ75DxS5zDC3o4wJ0IlNwnCqUn8JTQXNzEZoYtaewXlKjQpo5czDPmED5sBJDS3EoIJi2CZduAPTYjbtOnubxsTpkc0GSa+JatJEycTyatsYp3Uwc+IwO9TByARKbJcbbH4xwBbbYJec0omZoa57zO06F1E/NYeg5TVhy6uHqV9ZKWr6bXc8ZF7maX/cq1C1ZQVZwLwEbgUHQeLV6TqbhH3OQzGM8enJuuzCr9ZFURJu73OYFCHMDlXYdaL4ZJOMuFokyiaqWERidhwXi9rN0e60NV767q4n5c72eI4OpqMUNECpqFx/pd36mgXOqHnM6ubt4/Fp9XL38fzwfv+0un21wPUneSaxOg==","msg":"验证成功"}]
2023-03-01 16:12:10.871 [http-nio-8001-exec-1] INFO  center.misaki.device.Aspect.ControllerLogAop - Usage:
StopWatch '/isAccessed': running time = 8264200 ns
---------------------------------------------
ns         %     Task name
---------------------------------------------
000408500  005%  PrintRequest
007663100  093%  AuthController#isAccessed
000192600  002%  PrintResponse

2023-03-01 16:12:10.871 [http-nio-8001-exec-3] INFO  center.misaki.device.Aspect.ControllerLogAop - Usage:
StopWatch '/isAccessed': running time = 7434300 ns
---------------------------------------------
ns         %     Task name
---------------------------------------------
000196100  003%  PrintRequest
007004900  094%  AuthController#isAccessed
000233300  003%  PrintResponse

2023-03-01 16:12:10.871 [http-nio-8001-exec-2] INFO  center.misaki.device.Aspect.ControllerLogAop - Usage:
StopWatch '/isAccessed': running time = 7418000 ns
---------------------------------------------
ns         %     Task name
---------------------------------------------
000184900  002%  PrintRequest
007037600  095%  AuthController#isAccessed
000195500  003%  PrintResponse

2023-03-01 16:12:11.275 [http-nio-8001-exec-7] INFO  center.misaki.device.Aspect.ControllerLogAop - Request URL: [http://localhost:8001/isAccessed], URI: [/isAccessed], Request Method: [GET], IP: [127.0.0.1]
2023-03-01 16:12:11.275 [http-nio-8001-exec-4] INFO  center.misaki.device.Aspect.ControllerLogAop - Request URL: [http://localhost:8001/isAccessed], URI: [/isAccessed], Request Method: [GET], IP: [127.0.0.1]
2023-03-01 16:12:11.275 [http-nio-8001-exec-5] INFO  center.misaki.device.Aspect.ControllerLogAop - Request URL: [http://localhost:8001/isAccessed], URI: [/isAccessed], Request Method: [GET], IP: [127.0.0.1]
2023-03-01 16:12:11.275 [http-nio-8001-exec-6] INFO  center.misaki.device.Aspect.ControllerLogAop - Request URL: [http://localhost:8001/isAdmin], URI: [/isAdmin], Request Method: [GET], IP: [127.0.0.1]
2023-03-01 16:12:11.275 [http-nio-8001-exec-7] INFO  center.misaki.device.Aspect.ControllerLogAop - AuthController.isAccessed Parameters: [[]]
2023-03-01 16:12:11.276 [http-nio-8001-exec-4] INFO  center.misaki.device.Aspect.ControllerLogAop - AuthController.isAccessed Parameters: [[]]
2023-03-01 16:12:11.276 [http-nio-8001-exec-5] INFO  center.misaki.device.Aspect.ControllerLogAop - AuthController.isAccessed Parameters: [[]]
2023-03-01 16:12:11.276 [http-nio-8001-exec-6] INFO  center.misaki.device.Aspect.ControllerLogAop - AuthController.isAdmin Parameters: [[]]
2023-03-01 16:12:11.276 [http-nio-8001-exec-6] INFO  center.misaki.device.Aspect.ControllerLogAop - AuthController.isAdmin Response: [{"code":0,"data":{"creater":true,"sysAdmin":false,"authDetails":{"addressBook":{"department":false,"role":[false,false]},"editForm":false,"name":"无","scope":{"department":[],"role":[]}},"norAdmin":false},"msg":"获取成功"}]
2023-03-01 16:12:11.276 [http-nio-8001-exec-6] INFO  center.misaki.device.Aspect.ControllerLogAop - Usage:
StopWatch '/isAdmin': running time = 1387600 ns
---------------------------------------------
ns         %     Task name
---------------------------------------------
000995900  072%  PrintRequest
000122600  009%  AuthController#isAdmin
000269100  019%  PrintResponse

2023-03-01 16:12:11.278 [http-nio-8001-exec-8] INFO  center.misaki.device.Aspect.ControllerLogAop - Request URL: [http://localhost:8001/isAccessed], URI: [/isAccessed], Request Method: [GET], IP: [127.0.0.1]
2023-03-01 16:12:11.278 [http-nio-8001-exec-8] INFO  center.misaki.device.Aspect.ControllerLogAop - AuthController.isAccessed Parameters: [[]]
2023-03-01 16:12:11.282 [http-nio-8001-exec-7] INFO  center.misaki.device.Aspect.ControllerLogAop - AuthController.isAccessed Response: [{"code":0,"data":"eJxlULtOwzAU/RfPBZHSIugWSikOiSv6oglicBxHdeI4wXZoE4TEiMQKH8DGxoQY+J/CZ+AKIUBs97zuPbpXABOSl0KjXPSWBZM0Ah0tS9r4Jbg5SX/xpZ7nkmlGFeicnTcAkRRrKr91AyMqNMNc/V9KBQ75DxS5zDC3o4wJ0IlNwnCqUn8JTQXNzEZoYtaewXlKjQpo5czDPmED5sBJDS3EoIJi2CZduAPTYjbtOnubxsTpkc0GSa+JatJEycTyatsYp3Uwc+IwO9TByARKbJcbbH4xwBbbYJec0omZoa57zO06F1E/NYeg5TVhy6uHqV9ZKWr6bXc8ZF7maX/cq1C1ZQVZwLwEbgUHQeLV6TqbhH3OQzGM8enJuuzCr9ZFURJu73OYFCHMDlXYdaL4ZJOMuFokyiaqWERidhwXi9rN0e60NV767q4n5c72eI4OpqMUNECpqFx/pd36mgXOqHnM6ubt4/Fp9XL38fzwfv+0un21wPUneSaxOg==","msg":"验证成功"}]
2023-03-01 16:12:11.282 [http-nio-8001-exec-4] INFO  center.misaki.device.Aspect.ControllerLogAop - AuthController.isAccessed Response: [{"code":0,"data":"eJxlULtOwzAU/RfPBZHSIugWSikOiSv6oglicBxHdeI4wXZoE4TEiMQKH8DGxoQY+J/CZ+AKIUBs97zuPbpXABOSl0KjXPSWBZM0Ah0tS9r4Jbg5SX/xpZ7nkmlGFeicnTcAkRRrKr91AyMqNMNc/V9KBQ75DxS5zDC3o4wJ0IlNwnCqUn8JTQXNzEZoYtaewXlKjQpo5czDPmED5sBJDS3EoIJi2CZduAPTYjbtOnubxsTpkc0GSa+JatJEycTyatsYp3Uwc+IwO9TByARKbJcbbH4xwBbbYJec0omZoa57zO06F1E/NYeg5TVhy6uHqV9ZKWr6bXc8ZF7maX/cq1C1ZQVZwLwEbgUHQeLV6TqbhH3OQzGM8enJuuzCr9ZFURJu73OYFCHMDlXYdaL4ZJOMuFokyiaqWERidhwXi9rN0e60NV767q4n5c72eI4OpqMUNECpqFx/pd36mgXOqHnM6ubt4/Fp9XL38fzwfv+0un21wPUneSaxOg==","msg":"验证成功"}]
2023-03-01 16:12:11.282 [http-nio-8001-exec-5] INFO  center.misaki.device.Aspect.ControllerLogAop - AuthController.isAccessed Response: [{"code":0,"data":"eJxlULtOwzAU/RfPBZHSIugWSikOiSv6oglicBxHdeI4wXZoE4TEiMQKH8DGxoQY+J/CZ+AKIUBs97zuPbpXABOSl0KjXPSWBZM0Ah0tS9r4Jbg5SX/xpZ7nkmlGFeicnTcAkRRrKr91AyMqNMNc/V9KBQ75DxS5zDC3o4wJ0IlNwnCqUn8JTQXNzEZoYtaewXlKjQpo5czDPmED5sBJDS3EoIJi2CZduAPTYjbtOnubxsTpkc0GSa+JatJEycTyatsYp3Uwc+IwO9TByARKbJcbbH4xwBbbYJec0omZoa57zO06F1E/NYeg5TVhy6uHqV9ZKWr6bXc8ZF7maX/cq1C1ZQVZwLwEbgUHQeLV6TqbhH3OQzGM8enJuuzCr9ZFURJu73OYFCHMDlXYdaL4ZJOMuFokyiaqWERidhwXi9rN0e60NV767q4n5c72eI4OpqMUNECpqFx/pd36mgXOqHnM6ubt4/Fp9XL38fzwfv+0un21wPUneSaxOg==","msg":"验证成功"}]
2023-03-01 16:12:11.282 [http-nio-8001-exec-5] INFO  center.misaki.device.Aspect.ControllerLogAop - Usage:
StopWatch '/isAccessed': running time = 7480400 ns
---------------------------------------------
ns         %     Task name
---------------------------------------------
000878200  012%  PrintRequest
006328800  085%  AuthController#isAccessed
000273400  004%  PrintResponse

2023-03-01 16:12:11.282 [http-nio-8001-exec-4] INFO  center.misaki.device.Aspect.ControllerLogAop - Usage:
StopWatch '/isAccessed': running time = 7580500 ns
---------------------------------------------
ns         %     Task name
---------------------------------------------
000969100  013%  PrintRequest
006360100  084%  AuthController#isAccessed
000251300  003%  PrintResponse

2023-03-01 16:12:11.282 [http-nio-8001-exec-7] INFO  center.misaki.device.Aspect.ControllerLogAop - Usage:
StopWatch '/isAccessed': running time = 7559800 ns
---------------------------------------------
ns         %     Task name
---------------------------------------------
000950100  013%  PrintRequest
006376200  084%  AuthController#isAccessed
000233500  003%  PrintResponse

2023-03-01 16:12:11.285 [http-nio-8001-exec-8] INFO  center.misaki.device.Aspect.ControllerLogAop - AuthController.isAccessed Response: [{"code":0,"data":"eJxlULtOwzAU/RfPBZHSIugWSikOiSv6oglicBxHdeI4wXZoE4TEiMQKH8DGxoQY+J/CZ+AKIUBs97zuPbpXABOSl0KjXPSWBZM0Ah0tS9r4Jbg5SX/xpZ7nkmlGFeicnTcAkRRrKr91AyMqNMNc/V9KBQ75DxS5zDC3o4wJ0IlNwnCqUn8JTQXNzEZoYtaewXlKjQpo5czDPmED5sBJDS3EoIJi2CZduAPTYjbtOnubxsTpkc0GSa+JatJEycTyatsYp3Uwc+IwO9TByARKbJcbbH4xwBbbYJec0omZoa57zO06F1E/NYeg5TVhy6uHqV9ZKWr6bXc8ZF7maX/cq1C1ZQVZwLwEbgUHQeLV6TqbhH3OQzGM8enJuuzCr9ZFURJu73OYFCHMDlXYdaL4ZJOMuFokyiaqWERidhwXi9rN0e60NV767q4n5c72eI4OpqMUNECpqFx/pd36mgXOqHnM6ubt4/Fp9XL38fzwfv+0un21wPUneSaxOg==","msg":"验证成功"}]
2023-03-01 16:12:11.285 [http-nio-8001-exec-8] INFO  center.misaki.device.Aspect.ControllerLogAop - Usage:
StopWatch '/isAccessed': running time = 7136800 ns
---------------------------------------------
ns         %     Task name
---------------------------------------------
000246900  003%  PrintRequest
006575600  092%  AuthController#isAccessed
000314300  004%  PrintResponse

2023-03-01 16:12:13.168 [http-nio-8001-exec-9] INFO  center.misaki.device.Aspect.ControllerLogAop - Request URL: [http://localhost:8001/isAccessed], URI: [/isAccessed], Request Method: [GET], IP: [127.0.0.1]
2023-03-01 16:12:13.168 [http-nio-8001-exec-9] INFO  center.misaki.device.Aspect.ControllerLogAop - AuthController.isAccessed Parameters: [[]]
2023-03-01 16:12:13.172 [http-nio-8001-exec-9] INFO  center.misaki.device.Aspect.ControllerLogAop - AuthController.isAccessed Response: [{"code":0,"data":"eJxlULtOwzAU/RfPBZHSIugWSikOiSv6oglicBxHdeI4wXZoE4TEiMQKH8DGxoQY+J/CZ+AKIUBs97zuPbpXABOSl0KjXPSWBZM0Ah0tS9r4Jbg5SX/xpZ7nkmlGFeicnTcAkRRrKr91AyMqNMNc/V9KBQ75DxS5zDC3o4wJ0IlNwnCqUn8JTQXNzEZoYtaewXlKjQpo5czDPmED5sBJDS3EoIJi2CZduAPTYjbtOnubxsTpkc0GSa+JatJEycTyatsYp3Uwc+IwO9TByARKbJcbbH4xwBbbYJec0omZoa57zO06F1E/NYeg5TVhy6uHqV9ZKWr6bXc8ZF7maX/cq1C1ZQVZwLwEbgUHQeLV6TqbhH3OQzGM8enJuuzCr9ZFURJu73OYFCHMDlXYdaL4ZJOMuFokyiaqWERidhwXi9rN0e60NV767q4n5c72eI4OpqMUNECpqFx/pd36mgXOqHnM6ubt4/Fp9XL38fzwfv+0un21wPUneSaxOg==","msg":"验证成功"}]
2023-03-01 16:12:13.172 [http-nio-8001-exec-9] INFO  center.misaki.device.Aspect.ControllerLogAop - Usage:
StopWatch '/isAccessed': running time = 4092400 ns
---------------------------------------------
ns         %     Task name
---------------------------------------------
000421100  010%  PrintRequest
003479200  085%  AuthController#isAccessed
000192100  005%  PrintResponse

2023-03-01 16:12:13.487 [http-nio-8001-exec-10] INFO  center.misaki.device.Aspect.ControllerLogAop - Request URL: [http://localhost:8001/authF/show], URI: [/authF/show], Request Method: [GET], IP: [127.0.0.1]
2023-03-01 16:12:13.487 [http-nio-8001-exec-1] INFO  center.misaki.device.Aspect.ControllerLogAop - Request URL: [http://localhost:8001/isAdmin], URI: [/isAdmin], Request Method: [GET], IP: [127.0.0.1]
2023-03-01 16:12:13.487 [http-nio-8001-exec-10] INFO  center.misaki.device.Aspect.ControllerLogAop - FormAuthController.showAuthForm Parameters: [[280]]
2023-03-01 16:12:13.487 [http-nio-8001-exec-1] INFO  center.misaki.device.Aspect.ControllerLogAop - AuthController.isAdmin Parameters: [[]]
2023-03-01 16:12:13.487 [http-nio-8001-exec-1] INFO  center.misaki.device.Aspect.ControllerLogAop - AuthController.isAdmin Response: [{"code":0,"data":{"creater":true,"sysAdmin":false,"authDetails":{"addressBook":{"department":false,"role":[false,false]},"editForm":false,"name":"无","scope":{"department":[],"role":[]}},"norAdmin":false},"msg":"获取成功"}]
2023-03-01 16:12:13.488 [http-nio-8001-exec-1] INFO  center.misaki.device.Aspect.ControllerLogAop - Usage:
StopWatch '/isAdmin': running time = 418700 ns
---------------------------------------------
ns         %     Task name
---------------------------------------------
000259600  062%  PrintRequest
000073300  018%  AuthController#isAdmin
000085800  020%  PrintResponse

2023-03-01 16:12:13.493 [http-nio-8001-exec-10] INFO  center.misaki.device.Aspect.ControllerLogAop - FormAuthController.showAuthForm Response: [{"code":0,"data":[1,2,3,4],"msg":"获取成功"}]
2023-03-01 16:12:13.493 [http-nio-8001-exec-10] INFO  center.misaki.device.Aspect.ControllerLogAop - Usage:
StopWatch '/authF/show': running time = 6179000 ns
---------------------------------------------
ns         %     Task name
---------------------------------------------
000527300  009%  PrintRequest
005438300  088%  FormAuthController#showAuthForm
000213400  003%  PrintResponse

2023-03-01 16:12:13.532 [http-nio-8001-exec-2] INFO  center.misaki.device.Aspect.ControllerLogAop - Request URL: [http://localhost:8001/isAdmin], URI: [/isAdmin], Request Method: [GET], IP: [127.0.0.1]
2023-03-01 16:12:13.532 [http-nio-8001-exec-3] INFO  center.misaki.device.Aspect.ControllerLogAop - Request URL: [http://localhost:8001/authF/show], URI: [/authF/show], Request Method: [GET], IP: [127.0.0.1]
2023-03-01 16:12:13.532 [http-nio-8001-exec-2] INFO  center.misaki.device.Aspect.ControllerLogAop - AuthController.isAdmin Parameters: [[]]
2023-03-01 16:12:13.533 [http-nio-8001-exec-3] INFO  center.misaki.device.Aspect.ControllerLogAop - FormAuthController.showAuthForm Parameters: [[280]]
2023-03-01 16:12:13.533 [http-nio-8001-exec-2] INFO  center.misaki.device.Aspect.ControllerLogAop - AuthController.isAdmin Response: [{"code":0,"data":{"creater":true,"sysAdmin":false,"authDetails":{"addressBook":{"department":false,"role":[false,false]},"editForm":false,"name":"无","scope":{"department":[],"role":[]}},"norAdmin":false},"msg":"获取成功"}]
2023-03-01 16:12:13.533 [http-nio-8001-exec-2] INFO  center.misaki.device.Aspect.ControllerLogAop - Usage:
StopWatch '/isAdmin': running time = 868000 ns
---------------------------------------------
ns         %     Task name
---------------------------------------------
000591800  068%  PrintRequest
000137100  016%  AuthController#isAdmin
000139100  016%  PrintResponse

2023-03-01 16:12:13.534 [http-nio-8001-exec-3] INFO  center.misaki.device.Aspect.ControllerLogAop - FormAuthController.showAuthForm Response: [{"code":0,"data":[1,2,3,4],"msg":"获取成功"}]
2023-03-01 16:12:13.534 [http-nio-8001-exec-3] INFO  center.misaki.device.Aspect.ControllerLogAop - Usage:
StopWatch '/authF/show': running time = 1477400 ns
---------------------------------------------
ns         %     Task name
---------------------------------------------
000535000  036%  PrintRequest
000736100  050%  FormAuthController#showAuthForm
000206300  014%  PrintResponse

2023-03-01 16:12:13.853 [http-nio-8001-exec-6] INFO  center.misaki.device.Aspect.ControllerLogAop - Request URL: [http://localhost:8001/isAccessed], URI: [/isAccessed], Request Method: [GET], IP: [127.0.0.1]
2023-03-01 16:12:13.853 [http-nio-8001-exec-6] INFO  center.misaki.device.Aspect.ControllerLogAop - AuthController.isAccessed Parameters: [[]]
2023-03-01 16:12:13.860 [http-nio-8001-exec-6] INFO  center.misaki.device.Aspect.ControllerLogAop - AuthController.isAccessed Response: [{"code":0,"data":"eJxlULtOwzAU/RfPBZHSIugWSikOiSv6oglicBxHdeI4wXZoE4TEiMQKH8DGxoQY+J/CZ+AKIUBs97zuPbpXABOSl0KjXPSWBZM0Ah0tS9r4Jbg5SX/xpZ7nkmlGFeicnTcAkRRrKr91AyMqNMNc/V9KBQ75DxS5zDC3o4wJ0IlNwnCqUn8JTQXNzEZoYtaewXlKjQpo5czDPmED5sBJDS3EoIJi2CZduAPTYjbtOnubxsTpkc0GSa+JatJEycTyatsYp3Uwc+IwO9TByARKbJcbbH4xwBbbYJec0omZoa57zO06F1E/NYeg5TVhy6uHqV9ZKWr6bXc8ZF7maX/cq1C1ZQVZwLwEbgUHQeLV6TqbhH3OQzGM8enJuuzCr9ZFURJu73OYFCHMDlXYdaL4ZJOMuFokyiaqWERidhwXi9rN0e60NV767q4n5c72eI4OpqMUNECpqFx/pd36mgXOqHnM6ubt4/Fp9XL38fzwfv+0un21wPUneSaxOg==","msg":"验证成功"}]
2023-03-01 16:12:13.860 [http-nio-8001-exec-6] INFO  center.misaki.device.Aspect.ControllerLogAop - Usage:
StopWatch '/isAccessed': running time = 6654500 ns
---------------------------------------------
ns         %     Task name
---------------------------------------------
000565700  009%  PrintRequest
005855300  088%  AuthController#isAccessed
000233500  004%  PrintResponse

2023-03-01 16:14:10.398 [http-nio-8001-exec-1] INFO  center.misaki.device.Aspect.ControllerLogAop - Request URL: [http://localhost:8001/authF/show], URI: [/authF/show], Request Method: [GET], IP: [127.0.0.1]
2023-03-01 16:14:10.398 [http-nio-8001-exec-10] INFO  center.misaki.device.Aspect.ControllerLogAop - Request URL: [http://localhost:8001/isAdmin], URI: [/isAdmin], Request Method: [GET], IP: [127.0.0.1]
2023-03-01 16:14:10.398 [http-nio-8001-exec-1] INFO  center.misaki.device.Aspect.ControllerLogAop - FormAuthController.showAuthForm Parameters: [[280]]
2023-03-01 16:14:10.399 [http-nio-8001-exec-10] INFO  center.misaki.device.Aspect.ControllerLogAop - AuthController.isAdmin Parameters: [[]]
2023-03-01 16:14:10.399 [http-nio-8001-exec-10] INFO  center.misaki.device.Aspect.ControllerLogAop - AuthController.isAdmin Response: [{"code":0,"data":{"creater":true,"sysAdmin":false,"authDetails":{"addressBook":{"department":false,"role":[false,false]},"editForm":false,"name":"无","scope":{"department":[],"role":[]}},"norAdmin":false},"msg":"获取成功"}]
2023-03-01 16:14:10.399 [http-nio-8001-exec-10] INFO  center.misaki.device.Aspect.ControllerLogAop - Usage:
StopWatch '/isAdmin': running time = 854100 ns
---------------------------------------------
ns         %     Task name
---------------------------------------------
000628800  074%  PrintRequest
000099600  012%  AuthController#isAdmin
000125700  015%  PrintResponse

2023-03-01 16:14:10.399 [http-nio-8001-exec-1] INFO  center.misaki.device.Aspect.ControllerLogAop - FormAuthController.showAuthForm Response: [{"code":0,"data":[1,2,3,4],"msg":"获取成功"}]
2023-03-01 16:14:10.399 [http-nio-8001-exec-1] INFO  center.misaki.device.Aspect.ControllerLogAop - Usage:
StopWatch '/authF/show': running time = 1152700 ns
---------------------------------------------
ns         %     Task name
---------------------------------------------
000514300  045%  PrintRequest
000466600  040%  FormAuthController#showAuthForm
000171800  015%  PrintResponse

2023-03-01 16:14:10.399 [http-nio-8001-exec-2] INFO  center.misaki.device.Aspect.ControllerLogAop - Request URL: [http://localhost:8001/isAccessed], URI: [/isAccessed], Request Method: [GET], IP: [127.0.0.1]
2023-03-01 16:14:10.399 [http-nio-8001-exec-2] INFO  center.misaki.device.Aspect.ControllerLogAop - AuthController.isAccessed Parameters: [[]]
2023-03-01 16:14:10.406 [http-nio-8001-exec-2] INFO  center.misaki.device.Aspect.ControllerLogAop - AuthController.isAccessed Response: [{"code":0,"data":"eJxlULtOwzAU/RfPBZHSIugWSikOiSv6oglicBxHdeI4wXZoE4TEiMQKH8DGxoQY+J/CZ+AKIUBs97zuPbpXABOSl0KjXPSWBZM0Ah0tS9r4Jbg5SX/xpZ7nkmlGFeicnTcAkRRrKr91AyMqNMNc/V9KBQ75DxS5zDC3o4wJ0IlNwnCqUn8JTQXNzEZoYtaewXlKjQpo5czDPmED5sBJDS3EoIJi2CZduAPTYjbtOnubxsTpkc0GSa+JatJEycTyatsYp3Uwc+IwO9TByARKbJcbbH4xwBbbYJec0omZoa57zO06F1E/NYeg5TVhy6uHqV9ZKWr6bXc8ZF7maX/cq1C1ZQVZwLwEbgUHQeLV6TqbhH3OQzGM8enJuuzCr9ZFURJu73OYFCHMDlXYdaL4ZJOMuFokyiaqWERidhwXi9rN0e60NV767q4n5c72eI4OpqMUNECpqFx/pd36mgXOqHnM6ubt4/Fp9XL38fzwfv+0un21wPUneSaxOg==","msg":"验证成功"}]
2023-03-01 16:14:10.406 [http-nio-8001-exec-2] INFO  center.misaki.device.Aspect.ControllerLogAop - Usage:
StopWatch '/isAccessed': running time = 6753300 ns
---------------------------------------------
ns         %     Task name
---------------------------------------------
000093200  001%  PrintRequest
006486300  096%  AuthController#isAccessed
000173800  003%  PrintResponse

2023-03-01 16:14:12.614 [http-nio-8001-exec-3] INFO  center.misaki.device.Aspect.ControllerLogAop - Request URL: [http://localhost:8001/authF/show], URI: [/authF/show], Request Method: [GET], IP: [127.0.0.1]
2023-03-01 16:14:12.615 [http-nio-8001-exec-3] INFO  center.misaki.device.Aspect.ControllerLogAop - FormAuthController.showAuthForm Parameters: [[280]]
2023-03-01 16:14:12.616 [http-nio-8001-exec-3] INFO  center.misaki.device.Aspect.ControllerLogAop - FormAuthController.showAuthForm Response: [{"code":0,"data":[1,2,3,4],"msg":"获取成功"}]
2023-03-01 16:14:12.617 [http-nio-8001-exec-3] INFO  center.misaki.device.Aspect.ControllerLogAop - Usage:
StopWatch '/authF/show': running time = 1996800 ns
---------------------------------------------
ns         %     Task name
---------------------------------------------
001186100  059%  PrintRequest
000691000  035%  FormAuthController#showAuthForm
000119700  006%  PrintResponse

2023-03-01 16:14:12.912 [http-nio-8001-exec-6] INFO  center.misaki.device.Aspect.ControllerLogAop - Request URL: [http://localhost:8001/isAdmin], URI: [/isAdmin], Request Method: [GET], IP: [127.0.0.1]
2023-03-01 16:14:12.912 [http-nio-8001-exec-6] INFO  center.misaki.device.Aspect.ControllerLogAop - AuthController.isAdmin Parameters: [[]]
2023-03-01 16:14:12.912 [http-nio-8001-exec-6] INFO  center.misaki.device.Aspect.ControllerLogAop - AuthController.isAdmin Response: [{"code":0,"data":{"creater":true,"sysAdmin":false,"authDetails":{"addressBook":{"department":false,"role":[false,false]},"editForm":false,"name":"无","scope":{"department":[],"role":[]}},"norAdmin":false},"msg":"获取成功"}]
2023-03-01 16:14:12.912 [http-nio-8001-exec-6] INFO  center.misaki.device.Aspect.ControllerLogAop - Usage:
StopWatch '/isAdmin': running time = 421700 ns
---------------------------------------------
ns         %     Task name
---------------------------------------------
000222700  053%  PrintRequest
000087800  021%  AuthController#isAdmin
000111200  026%  PrintResponse

2023-03-01 16:14:12.921 [http-nio-8001-exec-7] INFO  center.misaki.device.Aspect.ControllerLogAop - Request URL: [http://localhost:8001/isAccessed], URI: [/isAccessed], Request Method: [GET], IP: [127.0.0.1]
2023-03-01 16:14:12.921 [http-nio-8001-exec-7] INFO  center.misaki.device.Aspect.ControllerLogAop - AuthController.isAccessed Parameters: [[]]
2023-03-01 16:14:12.927 [http-nio-8001-exec-7] INFO  center.misaki.device.Aspect.ControllerLogAop - AuthController.isAccessed Response: [{"code":0,"data":"eJxlULtOwzAU/RfPBZHSIugWSikOiSv6oglicBxHdeI4wXZoE4TEiMQKH8DGxoQY+J/CZ+AKIUBs97zuPbpXABOSl0KjXPSWBZM0Ah0tS9r4Jbg5SX/xpZ7nkmlGFeicnTcAkRRrKr91AyMqNMNc/V9KBQ75DxS5zDC3o4wJ0IlNwnCqUn8JTQXNzEZoYtaewXlKjQpo5czDPmED5sBJDS3EoIJi2CZduAPTYjbtOnubxsTpkc0GSa+JatJEycTyatsYp3Uwc+IwO9TByARKbJcbbH4xwBbbYJec0omZoa57zO06F1E/NYeg5TVhy6uHqV9ZKWr6bXc8ZF7maX/cq1C1ZQVZwLwEbgUHQeLV6TqbhH3OQzGM8enJuuzCr9ZFURJu73OYFCHMDlXYdaL4ZJOMuFokyiaqWERidhwXi9rN0e60NV767q4n5c72eI4OpqMUNECpqFx/pd36mgXOqHnM6ubt4/Fp9XL38fzwfv+0un21wPUneSaxOg==","msg":"验证成功"}]
2023-03-01 16:14:12.928 [http-nio-8001-exec-7] INFO  center.misaki.device.Aspect.ControllerLogAop - Usage:
StopWatch '/isAccessed': running time = 6412200 ns
---------------------------------------------
ns         %     Task name
---------------------------------------------
000506500  008%  PrintRequest
005705300  089%  AuthController#isAccessed
000200400  003%  PrintResponse

2023-03-01 16:14:55.039 [AsyncResolver-bootstrap-executor-0] INFO  c.n.d.shared.resolver.aws.ConfigClusterResolver - Resolving eureka endpoints via configuration
2023-03-01 16:19:55.047 [AsyncResolver-bootstrap-executor-0] INFO  c.n.d.shared.resolver.aws.ConfigClusterResolver - Resolving eureka endpoints via configuration
2023-03-01 16:24:55.061 [AsyncResolver-bootstrap-executor-0] INFO  c.n.d.shared.resolver.aws.ConfigClusterResolver - Resolving eureka endpoints via configuration
2023-03-01 16:29:55.066 [AsyncResolver-bootstrap-executor-0] INFO  c.n.d.shared.resolver.aws.ConfigClusterResolver - Resolving eureka endpoints via configuration
2023-03-01 16:34:55.074 [AsyncResolver-bootstrap-executor-0] INFO  c.n.d.shared.resolver.aws.ConfigClusterResolver - Resolving eureka endpoints via configuration
2023-03-01 16:39:55.089 [AsyncResolver-bootstrap-executor-0] INFO  c.n.d.shared.resolver.aws.ConfigClusterResolver - Resolving eureka endpoints via configuration
2023-03-01 16:44:55.092 [AsyncResolver-bootstrap-executor-0] INFO  c.n.d.shared.resolver.aws.ConfigClusterResolver - Resolving eureka endpoints via configuration
2023-03-01 16:49:55.106 [AsyncResolver-bootstrap-executor-0] INFO  c.n.d.shared.resolver.aws.ConfigClusterResolver - Resolving eureka endpoints via configuration
2023-03-01 16:54:55.119 [AsyncResolver-bootstrap-executor-0] INFO  c.n.d.shared.resolver.aws.ConfigClusterResolver - Resolving eureka endpoints via configuration
2023-03-01 16:59:55.124 [AsyncResolver-bootstrap-executor-0] INFO  c.n.d.shared.resolver.aws.ConfigClusterResolver - Resolving eureka endpoints via configuration
