2023-03-29 21:20:27.422 [main] INFO  org.springframework.core.KotlinDetector - Kotlin reflection implementation not found at runtime, related features won't be available.
2023-03-29 21:20:29.046 [main] INFO  o.s.c.s.PostProcessorRegistrationDelegate$BeanPostProcessorChecker - Bean 'org.springframework.cloud.autoconfigure.ConfigurationPropertiesRebinderAutoConfiguration' of type [org.springframework.cloud.autoconfigure.ConfigurationPropertiesRebinderAutoConfiguration] is not eligible for getting processed by all BeanPostProcessors (for example: not eligible for auto-proxying)
2023-03-29 21:20:30.312 [main] INFO  center.misaki.device.DataApp - The following profiles are active: prod
2023-03-29 21:20:31.042 [main] INFO  o.springframework.cloud.context.scope.GenericScope - BeanFactory id=8f9480fc-c87a-3445-98c8-0c8d91d9ef73
2023-03-29 21:20:31.085 [main] INFO  o.s.c.s.PostProcessorRegistrationDelegate$BeanPostProcessorChecker - Bean 'asyncTaskExecutePool' of type [center.misaki.device.Config.AsyncTaskExecutePool$$EnhancerBySpringCGLIB$$35a3ecdf] is not eligible for getting processed by all BeanPostProcessors (for example: not eligible for auto-proxying)
2023-03-29 21:20:31.153 [main] INFO  o.s.c.s.PostProcessorRegistrationDelegate$BeanPostProcessorChecker - Bean 'org.springframework.transaction.annotation.ProxyTransactionManagementConfiguration' of type [org.springframework.transaction.annotation.ProxyTransactionManagementConfiguration] is not eligible for getting processed by all BeanPostProcessors (for example: not eligible for auto-proxying)
2023-03-29 21:20:31.245 [main] INFO  o.s.c.s.PostProcessorRegistrationDelegate$BeanPostProcessorChecker - Bean 'org.springframework.cloud.autoconfigure.ConfigurationPropertiesRebinderAutoConfiguration' of type [org.springframework.cloud.autoconfigure.ConfigurationPropertiesRebinderAutoConfiguration] is not eligible for getting processed by all BeanPostProcessors (for example: not eligible for auto-proxying)
2023-03-29 21:20:31.430 [main] INFO  o.s.boot.web.embedded.tomcat.TomcatWebServer - Tomcat initialized with port(s): 8002 (http)
2023-03-29 21:20:31.437 [main] INFO  org.apache.coyote.http11.Http11NioProtocol - Initializing ProtocolHandler ["http-nio-8002"]
2023-03-29 21:20:31.437 [main] INFO  org.apache.catalina.core.StandardService - Starting service [Tomcat]
2023-03-29 21:20:31.438 [main] INFO  org.apache.catalina.core.StandardEngine - Starting Servlet engine: [Apache Tomcat/9.0.30]
2023-03-29 21:20:31.574 [main] INFO  o.a.c.core.ContainerBase.[Tomcat].[localhost].[/] - Initializing Spring embedded WebApplicationContext
2023-03-29 21:20:31.574 [main] INFO  org.springframework.web.context.ContextLoader - Root WebApplicationContext: initialization completed in 1236 ms
2023-03-29 21:20:31.855 [main] INFO  c.a.d.s.b.a.DruidDataSourceAutoConfigure - Init DruidDataSource
2023-03-29 21:20:37.049 [main] INFO  com.alibaba.druid.pool.DruidDataSource - {dataSource-1} inited
2023-03-29 21:20:37.797 [main] INFO  o.s.scheduling.concurrent.ThreadPoolTaskExecutor - Initializing ExecutorService 'applicationTaskExecutor'
2023-03-29 21:20:38.049 [main] WARN  com.netflix.config.sources.URLConfigurationSource - No URLs will be polled as dynamic configuration sources.
2023-03-29 21:20:38.050 [main] INFO  com.netflix.config.sources.URLConfigurationSource - To enable URLs as dynamic configuration sources, define System property archaius.configurationSource.additionalUrls or make config.properties available on classpath.
2023-03-29 21:20:38.053 [main] WARN  com.netflix.config.sources.URLConfigurationSource - No URLs will be polled as dynamic configuration sources.
2023-03-29 21:20:38.053 [main] INFO  com.netflix.config.sources.URLConfigurationSource - To enable URLs as dynamic configuration sources, define System property archaius.configurationSource.additionalUrls or make config.properties available on classpath.
2023-03-29 21:20:39.583 [main] INFO  org.springframework.cloud.commons.util.InetUtils - Cannot determine local hostname
2023-03-29 21:20:40.761 [main] INFO  org.springframework.cloud.commons.util.InetUtils - Cannot determine local hostname
2023-03-29 21:20:41.943 [main] INFO  org.springframework.cloud.commons.util.InetUtils - Cannot determine local hostname
2023-03-29 21:20:41.960 [main] WARN  o.s.c.l.c.BlockingLoadBalancerClientAutoConfiguration$BlockingLoadBalancerClientRibbonWarnLogger - You already have RibbonLoadBalancerClient on your classpath. It will be used by default. As Spring Cloud Ribbon is in maintenance mode. We recommend switching to BlockingLoadBalancerClient instead. In order to use it, set the value of `spring.cloud.loadbalancer.ribbon.enabled` to `false` or remove spring-cloud-starter-netflix-ribbon from your project.
2023-03-29 21:20:42.002 [main] WARN  o.s.c.l.c.LoadBalancerCacheAutoConfiguration$LoadBalancerCaffeineWarnLogger - Spring Cloud LoadBalancer is currently working with default default cache. You can switch to using Caffeine cache, by adding it to the classpath.
2023-03-29 21:20:42.068 [main] INFO  o.s.cloud.netflix.eureka.InstanceInfoFactory - Setting initial instance status as: STARTING
2023-03-29 21:20:42.092 [main] INFO  com.netflix.discovery.DiscoveryClient - Initializing Eureka in region us-east-1
2023-03-29 21:20:42.232 [main] INFO  c.n.discovery.provider.DiscoveryJerseyProvider - Using JSON encoding codec LegacyJacksonJson
2023-03-29 21:20:42.232 [main] INFO  c.n.discovery.provider.DiscoveryJerseyProvider - Using JSON decoding codec LegacyJacksonJson
2023-03-29 21:20:42.304 [main] INFO  c.n.discovery.provider.DiscoveryJerseyProvider - Using XML encoding codec XStreamXml
2023-03-29 21:20:42.304 [main] INFO  c.n.discovery.provider.DiscoveryJerseyProvider - Using XML decoding codec XStreamXml
2023-03-29 21:20:42.397 [main] INFO  c.n.d.shared.resolver.aws.ConfigClusterResolver - Resolving eureka endpoints via configuration
2023-03-29 21:20:42.514 [main] INFO  com.netflix.discovery.DiscoveryClient - Disable delta property : false
2023-03-29 21:20:42.514 [main] INFO  com.netflix.discovery.DiscoveryClient - Single vip registry refresh property : null
2023-03-29 21:20:42.515 [main] INFO  com.netflix.discovery.DiscoveryClient - Force full registry fetch : false
2023-03-29 21:20:42.515 [main] INFO  com.netflix.discovery.DiscoveryClient - Application is null : false
2023-03-29 21:20:42.515 [main] INFO  com.netflix.discovery.DiscoveryClient - Registered Applications size is zero : true
2023-03-29 21:20:42.515 [main] INFO  com.netflix.discovery.DiscoveryClient - Application version is -1: true
2023-03-29 21:20:42.515 [main] INFO  com.netflix.discovery.DiscoveryClient - Getting all instance registry info from the eureka server
2023-03-29 21:20:42.612 [main] INFO  com.netflix.discovery.DiscoveryClient - The response status is 200
2023-03-29 21:20:42.613 [main] INFO  com.netflix.discovery.DiscoveryClient - Starting heartbeat executor: renew interval is: 30
2023-03-29 21:20:42.614 [main] INFO  com.netflix.discovery.InstanceInfoReplicator - InstanceInfoReplicator onDemand update allowed rate per min is 4
2023-03-29 21:20:42.617 [main] INFO  com.netflix.discovery.DiscoveryClient - Discovery Client initialized at timestamp 1680096042616 with initial instances count: 1
2023-03-29 21:20:42.621 [main] INFO  o.s.c.n.e.serviceregistry.EurekaServiceRegistry - Registering application DEVICE-DATA with eureka with status UP
2023-03-29 21:20:42.622 [main] INFO  com.netflix.discovery.DiscoveryClient - Saw local status change event StatusChangeEvent [timestamp=1680096042622, current=UP, previous=STARTING]
2023-03-29 21:20:42.623 [DiscoveryClient-InstanceInfoReplicator-0] INFO  com.netflix.discovery.DiscoveryClient - DiscoveryClient_DEVICE-DATA/localhost:device-data:8002: registering service...
2023-03-29 21:20:42.630 [main] INFO  org.apache.coyote.http11.Http11NioProtocol - Starting ProtocolHandler ["http-nio-8002"]
2023-03-29 21:20:42.649 [main] INFO  o.s.boot.web.embedded.tomcat.TomcatWebServer - Tomcat started on port(s): 8002 (http) with context path ''
2023-03-29 21:20:42.650 [main] INFO  o.s.c.n.e.s.EurekaAutoServiceRegistration - Updating port to 8002
2023-03-29 21:20:42.660 [DiscoveryClient-InstanceInfoReplicator-0] INFO  com.netflix.discovery.DiscoveryClient - DiscoveryClient_DEVICE-DATA/localhost:device-data:8002 - registration status: 204
2023-03-29 21:20:43.816 [main] INFO  org.springframework.cloud.commons.util.InetUtils - Cannot determine local hostname
2023-03-29 21:20:43.818 [main] INFO  center.misaki.device.DataApp - Started DataApp in 16.349 seconds (JVM running for 17.081)
