2023-03-01 16:09:35.837 [main] INFO  org.springframework.core.KotlinDetector - Kotlin reflection implementation not found at runtime, related features won't be available.
2023-03-01 16:09:37.594 [main] INFO  o.s.c.s.PostProcessorRegistrationDelegate$BeanPostProcessorChecker - Bean 'org.springframework.cloud.autoconfigure.ConfigurationPropertiesRebinderAutoConfiguration' of type [org.springframework.cloud.autoconfigure.ConfigurationPropertiesRebinderAutoConfiguration] is not eligible for getting processed by all BeanPostProcessors (for example: not eligible for auto-proxying)
2023-03-01 16:09:38.981 [main] INFO  center.misaki.device.DataApp - The following profiles are active: dev
2023-03-01 16:09:40.549 [main] INFO  o.springframework.cloud.context.scope.GenericScope - BeanFactory id=c1a832f6-0581-3e15-9c8c-cab503fd2a6b
2023-03-01 16:09:40.642 [main] INFO  o.s.c.s.PostProcessorRegistrationDelegate$BeanPostProcessorChecker - Bean 'asyncTaskExecutePool' of type [center.misaki.device.Config.AsyncTaskExecutePool$$EnhancerBySpringCGLIB$$d277ef55] is not eligible for getting processed by all BeanPostProcessors (for example: not eligible for auto-proxying)
2023-03-01 16:09:40.779 [main] INFO  o.s.c.s.PostProcessorRegistrationDelegate$BeanPostProcessorChecker - Bean 'org.springframework.transaction.annotation.ProxyTransactionManagementConfiguration' of type [org.springframework.transaction.annotation.ProxyTransactionManagementConfiguration] is not eligible for getting processed by all BeanPostProcessors (for example: not eligible for auto-proxying)
2023-03-01 16:09:40.887 [main] INFO  o.s.c.s.PostProcessorRegistrationDelegate$BeanPostProcessorChecker - Bean 'org.springframework.cloud.autoconfigure.ConfigurationPropertiesRebinderAutoConfiguration' of type [org.springframework.cloud.autoconfigure.ConfigurationPropertiesRebinderAutoConfiguration] is not eligible for getting processed by all BeanPostProcessors (for example: not eligible for auto-proxying)
2023-03-01 16:09:41.236 [main] INFO  o.s.boot.web.embedded.tomcat.TomcatWebServer - Tomcat initialized with port(s): 8002 (http)
2023-03-01 16:09:41.249 [main] INFO  org.apache.coyote.http11.Http11NioProtocol - Initializing ProtocolHandler ["http-nio-8002"]
2023-03-01 16:09:41.249 [main] INFO  org.apache.catalina.core.StandardService - Starting service [Tomcat]
2023-03-01 16:09:41.251 [main] INFO  org.apache.catalina.core.StandardEngine - Starting Servlet engine: [Apache Tomcat/9.0.30]
2023-03-01 16:09:41.429 [main] INFO  o.a.c.core.ContainerBase.[Tomcat].[localhost].[/] - Initializing Spring embedded WebApplicationContext
2023-03-01 16:09:41.429 [main] INFO  org.springframework.web.context.ContextLoader - Root WebApplicationContext: initialization completed in 2422 ms
2023-03-01 16:09:41.833 [main] INFO  c.a.d.s.b.a.DruidDataSourceAutoConfigure - Init DruidDataSource
2023-03-01 16:09:42.243 [main] INFO  com.alibaba.druid.pool.DruidDataSource - {dataSource-1} inited
2023-03-01 16:09:43.129 [main] INFO  o.s.scheduling.concurrent.ThreadPoolTaskExecutor - Initializing ExecutorService 'applicationTaskExecutor'
2023-03-01 16:09:43.318 [main] WARN  com.netflix.config.sources.URLConfigurationSource - No URLs will be polled as dynamic configuration sources.
2023-03-01 16:09:43.318 [main] INFO  com.netflix.config.sources.URLConfigurationSource - To enable URLs as dynamic configuration sources, define System property archaius.configurationSource.additionalUrls or make config.properties available on classpath.
2023-03-01 16:09:43.321 [main] WARN  com.netflix.config.sources.URLConfigurationSource - No URLs will be polled as dynamic configuration sources.
2023-03-01 16:09:43.321 [main] INFO  com.netflix.config.sources.URLConfigurationSource - To enable URLs as dynamic configuration sources, define System property archaius.configurationSource.additionalUrls or make config.properties available on classpath.
2023-03-01 16:09:44.939 [main] INFO  org.springframework.cloud.commons.util.InetUtils - Cannot determine local hostname
2023-03-01 16:09:46.146 [main] INFO  org.springframework.cloud.commons.util.InetUtils - Cannot determine local hostname
2023-03-01 16:09:47.354 [main] INFO  org.springframework.cloud.commons.util.InetUtils - Cannot determine local hostname
2023-03-01 16:09:47.371 [main] WARN  o.s.c.l.c.BlockingLoadBalancerClientAutoConfiguration$BlockingLoadBalancerClientRibbonWarnLogger - You already have RibbonLoadBalancerClient on your classpath. It will be used by default. As Spring Cloud Ribbon is in maintenance mode. We recommend switching to BlockingLoadBalancerClient instead. In order to use it, set the value of `spring.cloud.loadbalancer.ribbon.enabled` to `false` or remove spring-cloud-starter-netflix-ribbon from your project.
2023-03-01 16:09:47.420 [main] WARN  o.s.c.l.c.LoadBalancerCacheAutoConfiguration$LoadBalancerCaffeineWarnLogger - Spring Cloud LoadBalancer is currently working with default default cache. You can switch to using Caffeine cache, by adding it to the classpath.
2023-03-01 16:09:47.501 [main] INFO  o.s.cloud.netflix.eureka.InstanceInfoFactory - Setting initial instance status as: STARTING
2023-03-01 16:09:47.526 [main] INFO  com.netflix.discovery.DiscoveryClient - Initializing Eureka in region us-east-1
2023-03-01 16:09:47.646 [main] INFO  c.n.discovery.provider.DiscoveryJerseyProvider - Using JSON encoding codec LegacyJacksonJson
2023-03-01 16:09:47.647 [main] INFO  c.n.discovery.provider.DiscoveryJerseyProvider - Using JSON decoding codec LegacyJacksonJson
2023-03-01 16:09:47.732 [main] INFO  c.n.discovery.provider.DiscoveryJerseyProvider - Using XML encoding codec XStreamXml
2023-03-01 16:09:47.733 [main] INFO  c.n.discovery.provider.DiscoveryJerseyProvider - Using XML decoding codec XStreamXml
2023-03-01 16:09:47.859 [main] INFO  c.n.d.shared.resolver.aws.ConfigClusterResolver - Resolving eureka endpoints via configuration
2023-03-01 16:09:48.003 [main] INFO  com.netflix.discovery.DiscoveryClient - Disable delta property : false
2023-03-01 16:09:48.003 [main] INFO  com.netflix.discovery.DiscoveryClient - Single vip registry refresh property : null
2023-03-01 16:09:48.003 [main] INFO  com.netflix.discovery.DiscoveryClient - Force full registry fetch : false
2023-03-01 16:09:48.003 [main] INFO  com.netflix.discovery.DiscoveryClient - Application is null : false
2023-03-01 16:09:48.003 [main] INFO  com.netflix.discovery.DiscoveryClient - Registered Applications size is zero : true
2023-03-01 16:09:48.003 [main] INFO  com.netflix.discovery.DiscoveryClient - Application version is -1: true
2023-03-01 16:09:48.003 [main] INFO  com.netflix.discovery.DiscoveryClient - Getting all instance registry info from the eureka server
2023-03-01 16:09:48.114 [main] INFO  com.netflix.discovery.DiscoveryClient - The response status is 200
2023-03-01 16:09:48.116 [main] INFO  com.netflix.discovery.DiscoveryClient - Starting heartbeat executor: renew interval is: 30
2023-03-01 16:09:48.117 [main] INFO  com.netflix.discovery.InstanceInfoReplicator - InstanceInfoReplicator onDemand update allowed rate per min is 4
2023-03-01 16:09:48.120 [main] INFO  com.netflix.discovery.DiscoveryClient - Discovery Client initialized at timestamp 1677658188119 with initial instances count: 1
2023-03-01 16:09:48.124 [main] INFO  o.s.c.n.e.serviceregistry.EurekaServiceRegistry - Registering application DEVICE-DATA with eureka with status UP
2023-03-01 16:09:48.124 [main] INFO  com.netflix.discovery.DiscoveryClient - Saw local status change event StatusChangeEvent [timestamp=1677658188124, current=UP, previous=STARTING]
2023-03-01 16:09:48.126 [DiscoveryClient-InstanceInfoReplicator-0] INFO  com.netflix.discovery.DiscoveryClient - DiscoveryClient_DEVICE-DATA/localhost:device-data:8002: registering service...
2023-03-01 16:09:48.133 [main] INFO  org.apache.coyote.http11.Http11NioProtocol - Starting ProtocolHandler ["http-nio-8002"]
2023-03-01 16:09:48.152 [main] INFO  o.s.boot.web.embedded.tomcat.TomcatWebServer - Tomcat started on port(s): 8002 (http) with context path ''
2023-03-01 16:09:48.153 [main] INFO  o.s.c.n.e.s.EurekaAutoServiceRegistration - Updating port to 8002
2023-03-01 16:09:48.164 [DiscoveryClient-InstanceInfoReplicator-0] INFO  com.netflix.discovery.DiscoveryClient - DiscoveryClient_DEVICE-DATA/localhost:device-data:8002 - registration status: 204
2023-03-01 16:09:49.324 [main] INFO  org.springframework.cloud.commons.util.InetUtils - Cannot determine local hostname
2023-03-01 16:09:49.325 [main] INFO  center.misaki.device.DataApp - Started DataApp in 13.438 seconds (JVM running for 14.178)
2023-03-01 16:11:50.465 [http-nio-8002-exec-1] INFO  o.a.c.core.ContainerBase.[Tomcat].[localhost].[/] - Initializing Spring DispatcherServlet 'dispatcherServlet'
2023-03-01 16:11:50.466 [http-nio-8002-exec-1] INFO  org.springframework.web.servlet.DispatcherServlet - Initializing Servlet 'dispatcherServlet'
2023-03-01 16:11:50.476 [http-nio-8002-exec-1] INFO  org.springframework.web.servlet.DispatcherServlet - Completed initialization in 10 ms
2023-03-01 16:11:50.509 [http-nio-8002-exec-1] INFO  center.misaki.device.Aspect.ControllerLogAop - Request URL: [http://localhost:8002/form/initMenu], URI: [/form/initMenu], Request Method: [POST], IP: [0:0:0:0:0:0:0:1]
2023-03-01 16:11:50.510 [http-nio-8002-exec-1] INFO  center.misaki.device.Aspect.ControllerLogAop - FormStructureController.initMenu Parameters: [[19]]
2023-03-01 16:11:50.728 [http-nio-8002-exec-1] INFO  center.misaki.device.Aspect.ControllerLogAop - FormStructureController.initMenu Response: [{"code":0,"msg":"成功初始化菜单"}]
2023-03-01 16:11:50.728 [http-nio-8002-exec-1] INFO  center.misaki.device.Aspect.ControllerLogAop - Usage:
StopWatch '/form/initMenu': running time = 222522900 ns
---------------------------------------------
ns         %     Task name
---------------------------------------------
005581600  003%  PrintRequest
214771200  097%  FormStructureController#initMenu
002170100  001%  PrintResponse

2023-03-01 16:12:10.480 [http-nio-8002-exec-3] INFO  center.misaki.device.Aspect.ControllerLogAop - Request URL: [http://localhost:8002/work/queryWorkLog/handle], URI: [/work/queryWorkLog/handle], Request Method: [GET], IP: [127.0.0.1]
2023-03-01 16:12:10.480 [http-nio-8002-exec-2] INFO  center.misaki.device.Aspect.ControllerLogAop - Request URL: [http://localhost:8002/work/queryWorkLog/launch], URI: [/work/queryWorkLog/launch], Request Method: [GET], IP: [127.0.0.1]
2023-03-01 16:12:10.480 [http-nio-8002-exec-4] INFO  center.misaki.device.Aspect.ControllerLogAop - Request URL: [http://localhost:8002/work/queryWorkLog/wait], URI: [/work/queryWorkLog/wait], Request Method: [GET], IP: [127.0.0.1]
2023-03-01 16:12:10.480 [http-nio-8002-exec-6] INFO  center.misaki.device.Aspect.ControllerLogAop - Request URL: [http://localhost:8002/work/queryWorkLog/copy], URI: [/work/queryWorkLog/copy], Request Method: [GET], IP: [127.0.0.1]
2023-03-01 16:12:10.480 [http-nio-8002-exec-5] INFO  center.misaki.device.Aspect.ControllerLogAop - Request URL: [http://localhost:8002/form/menu], URI: [/form/menu], Request Method: [GET], IP: [127.0.0.1]
2023-03-01 16:12:10.481 [http-nio-8002-exec-2] INFO  center.misaki.device.Aspect.ControllerLogAop - WorkLogController.queryWorkLogLunch Parameters: [["eJxlULtOwzAU/RfPBZHSIugWSikOiSv6oglicBxHdeI4wXZoE4TEiMQKH8DGxoQY+J/CZ+AKIUBs97zuPbpXABOSl0KjXPSWBZM0Ah0tS9r4Jbg5SX/xpZ7nkmlGFeicnTcAkRRrKr91AyMqNMNc/V9KBQ75DxS5zDC3o4wJ0IlNwnCqUn8JTQXNzEZoYtaewXlKjQpo5czDPmED5sBJDS3EoIJi2CZduAPTYjbtOnubxsTpkc0GSa+JatJEycTyatsYp3Uwc+IwO9TByARKbJcbbH4xwBbbYJec0omZoa57zO06F1E/NYeg5TVhy6uHqV9ZKWr6bXc8ZF7maX/cq1C1ZQVZwLwEbgUHQeLV6TqbhH3OQzGM8enJuuzCr9ZFURJu73OYFCHMDlXYdaL4ZJOMuFokyiaqWERidhwXi9rN0e60NV767q4n5c72eI4OpqMUNECpqFx/pd36mgXOqHnM6ubt4/Fp9XL38fzwfv+0un21wPUneSaxOg=="]]
2023-03-01 16:12:10.481 [http-nio-8002-exec-3] INFO  center.misaki.device.Aspect.ControllerLogAop - WorkLogController.queryWorkLogHandle Parameters: [["eJxlULtOwzAU/RfPBZHSIugWSikOiSv6oglicBxHdeI4wXZoE4TEiMQKH8DGxoQY+J/CZ+AKIUBs97zuPbpXABOSl0KjXPSWBZM0Ah0tS9r4Jbg5SX/xpZ7nkmlGFeicnTcAkRRrKr91AyMqNMNc/V9KBQ75DxS5zDC3o4wJ0IlNwnCqUn8JTQXNzEZoYtaewXlKjQpo5czDPmED5sBJDS3EoIJi2CZduAPTYjbtOnubxsTpkc0GSa+JatJEycTyatsYp3Uwc+IwO9TByARKbJcbbH4xwBbbYJec0omZoa57zO06F1E/NYeg5TVhy6uHqV9ZKWr6bXc8ZF7maX/cq1C1ZQVZwLwEbgUHQeLV6TqbhH3OQzGM8enJuuzCr9ZFURJu73OYFCHMDlXYdaL4ZJOMuFokyiaqWERidhwXi9rN0e60NV767q4n5c72eI4OpqMUNECpqFx/pd36mgXOqHnM6ubt4/Fp9XL38fzwfv+0un21wPUneSaxOg=="]]
2023-03-01 16:12:10.481 [http-nio-8002-exec-5] INFO  center.misaki.device.Aspect.ControllerLogAop - FormStructureController.getMenuForms Parameters: [["eJxlULtOwzAU/RfPBZHSIugWSikOiSv6oglicBxHdeI4wXZoE4TEiMQKH8DGxoQY+J/CZ+AKIUBs97zuPbpXABOSl0KjXPSWBZM0Ah0tS9r4Jbg5SX/xpZ7nkmlGFeicnTcAkRRrKr91AyMqNMNc/V9KBQ75DxS5zDC3o4wJ0IlNwnCqUn8JTQXNzEZoYtaewXlKjQpo5czDPmED5sBJDS3EoIJi2CZduAPTYjbtOnubxsTpkc0GSa+JatJEycTyatsYp3Uwc+IwO9TByARKbJcbbH4xwBbbYJec0omZoa57zO06F1E/NYeg5TVhy6uHqV9ZKWr6bXc8ZF7maX/cq1C1ZQVZwLwEbgUHQeLV6TqbhH3OQzGM8enJuuzCr9ZFURJu73OYFCHMDlXYdaL4ZJOMuFokyiaqWERidhwXi9rN0e60NV767q4n5c72eI4OpqMUNECpqFx/pd36mgXOqHnM6ubt4/Fp9XL38fzwfv+0un21wPUneSaxOg=="]]
2023-03-01 16:12:10.481 [http-nio-8002-exec-6] INFO  center.misaki.device.Aspect.ControllerLogAop - WorkLogController.queryWorkLogCopy Parameters: [["eJxlULtOwzAU/RfPBZHSIugWSikOiSv6oglicBxHdeI4wXZoE4TEiMQKH8DGxoQY+J/CZ+AKIUBs97zuPbpXABOSl0KjXPSWBZM0Ah0tS9r4Jbg5SX/xpZ7nkmlGFeicnTcAkRRrKr91AyMqNMNc/V9KBQ75DxS5zDC3o4wJ0IlNwnCqUn8JTQXNzEZoYtaewXlKjQpo5czDPmED5sBJDS3EoIJi2CZduAPTYjbtOnubxsTpkc0GSa+JatJEycTyatsYp3Uwc+IwO9TByARKbJcbbH4xwBbbYJec0omZoa57zO06F1E/NYeg5TVhy6uHqV9ZKWr6bXc8ZF7maX/cq1C1ZQVZwLwEbgUHQeLV6TqbhH3OQzGM8enJuuzCr9ZFURJu73OYFCHMDlXYdaL4ZJOMuFokyiaqWERidhwXi9rN0e60NV767q4n5c72eI4OpqMUNECpqFx/pd36mgXOqHnM6ubt4/Fp9XL38fzwfv+0un21wPUneSaxOg=="]]
2023-03-01 16:12:10.481 [http-nio-8002-exec-4] INFO  center.misaki.device.Aspect.ControllerLogAop - WorkLogController.queryWorkLogWait Parameters: [["eJxlULtOwzAU/RfPBZHSIugWSikOiSv6oglicBxHdeI4wXZoE4TEiMQKH8DGxoQY+J/CZ+AKIUBs97zuPbpXABOSl0KjXPSWBZM0Ah0tS9r4Jbg5SX/xpZ7nkmlGFeicnTcAkRRrKr91AyMqNMNc/V9KBQ75DxS5zDC3o4wJ0IlNwnCqUn8JTQXNzEZoYtaewXlKjQpo5czDPmED5sBJDS3EoIJi2CZduAPTYjbtOnubxsTpkc0GSa+JatJEycTyatsYp3Uwc+IwO9TByARKbJcbbH4xwBbbYJec0omZoa57zO06F1E/NYeg5TVhy6uHqV9ZKWr6bXc8ZF7maX/cq1C1ZQVZwLwEbgUHQeLV6TqbhH3OQzGM8enJuuzCr9ZFURJu73OYFCHMDlXYdaL4ZJOMuFokyiaqWERidhwXi9rN0e60NV767q4n5c72eI4OpqMUNECpqFx/pd36mgXOqHnM6ubt4/Fp9XL38fzwfv+0un21wPUneSaxOg=="]]
2023-03-01 16:12:10.520 [http-nio-8002-exec-2] INFO  center.misaki.device.Aspect.ControllerLogAop - WorkLogController.queryWorkLogLunch Response: [{"code":0,"data":[],"msg":"获取成功"}]
2023-03-01 16:12:10.520 [http-nio-8002-exec-4] INFO  center.misaki.device.Aspect.ControllerLogAop - WorkLogController.queryWorkLogWait Response: [{"code":0,"data":[],"msg":"获取成功"}]
2023-03-01 16:12:10.520 [http-nio-8002-exec-6] INFO  center.misaki.device.Aspect.ControllerLogAop - WorkLogController.queryWorkLogCopy Response: [{"code":0,"data":[],"msg":"获取成功"}]
2023-03-01 16:12:10.520 [http-nio-8002-exec-3] INFO  center.misaki.device.Aspect.ControllerLogAop - WorkLogController.queryWorkLogHandle Response: [{"code":0,"data":[],"msg":"获取成功"}]
2023-03-01 16:12:10.520 [http-nio-8002-exec-2] INFO  center.misaki.device.Aspect.ControllerLogAop - Usage:
StopWatch '/work/queryWorkLog/launch': running time = 39657300 ns
---------------------------------------------
ns         %     Task name
---------------------------------------------
000791300  002%  PrintRequest
037774600  095%  WorkLogController#queryWorkLogLunch
001091400  003%  PrintResponse

2023-03-01 16:12:10.520 [http-nio-8002-exec-4] INFO  center.misaki.device.Aspect.ControllerLogAop - Usage:
StopWatch '/work/queryWorkLog/wait': running time = 39662400 ns
---------------------------------------------
ns         %     Task name
---------------------------------------------
000977800  002%  PrintRequest
037567300  095%  WorkLogController#queryWorkLogWait
001117300  003%  PrintResponse

2023-03-01 16:12:10.520 [http-nio-8002-exec-3] INFO  center.misaki.device.Aspect.ControllerLogAop - Usage:
StopWatch '/work/queryWorkLog/handle': running time = 39682300 ns
---------------------------------------------
ns         %     Task name
---------------------------------------------
000945000  002%  PrintRequest
037606500  095%  WorkLogController#queryWorkLogHandle
001130800  003%  PrintResponse

2023-03-01 16:12:10.520 [http-nio-8002-exec-6] INFO  center.misaki.device.Aspect.ControllerLogAop - Usage:
StopWatch '/work/queryWorkLog/copy': running time = 39679900 ns
---------------------------------------------
ns         %     Task name
---------------------------------------------
000974200  002%  PrintRequest
037602900  095%  WorkLogController#queryWorkLogCopy
001102800  003%  PrintResponse

2023-03-01 16:12:10.533 [http-nio-8002-exec-5] INFO  center.misaki.device.Aspect.ControllerLogAop - FormStructureController.getMenuForms Response: [{"code":0,"data":[{"menuId":97,"menuName":"设备档案履历","simpleForms":[{"formId":280,"formName":"设备档案履历表","type":0}]},{"menuId":98,"menuName":"经营分析报表","simpleForms":[]},{"menuId":99,"menuName":"设备点检巡检","simpleForms":[{"formId":281,"formName":"设备巡检单","type":1},{"formId":282,"formName":"巡检方案","type":0}]},{"menuId":100,"menuName":"设备维修保修","simpleForms":[{"formId":283,"formName":"设备报修单","type":1}]},{"menuId":101,"menuName":"设备维护保养","simpleForms":[{"formId":284,"formName":"设备保养单","type":0},{"formId":285,"formName":"保养计划基础表","type":0}]},{"menuId":102,"menuName":"备品备件管理","simpleForms":[{"formId":286,"formName":"备件入库单","type":0},{"formId":287,"formName":"备件领用单","type":0},{"formId":288,"formName":"备件台账","type":0}]},{"menuId":103,"menuName":"基础信息","simpleForms":[{"formId":289,"formName":"机房","type":0},{"formId":290,"formName":"设备类型","type":0},{"formId":291,"formName":"部门","type":0},{"formId":292,"formName":"设备状态","type":0},{"formId":293,"formName":"保养等级与频次","type":0},{"formId":294,"formName":"仓库","type":0},{"formId":295,"formName":"单位","type":0},{"formId":296,"formName":"安装地点","type":0},{"formId":297,"formName":"设备信息","type":0}]}],"msg":"获取成功"}]
2023-03-01 16:12:10.533 [http-nio-8002-exec-5] INFO  center.misaki.device.Aspect.ControllerLogAop - Usage:
StopWatch '/form/menu': running time = 52621800 ns
---------------------------------------------
ns         %     Task name
---------------------------------------------
000959700  002%  PrintRequest
047984300  091%  FormStructureController#getMenuForms
003677800  007%  PrintResponse

2023-03-01 16:12:10.847 [http-nio-8002-exec-7] INFO  center.misaki.device.Aspect.ControllerLogAop - Request URL: [http://localhost:8002/work/queryWorkLog/launch], URI: [/work/queryWorkLog/launch], Request Method: [GET], IP: [127.0.0.1]
2023-03-01 16:12:10.848 [http-nio-8002-exec-7] INFO  center.misaki.device.Aspect.ControllerLogAop - WorkLogController.queryWorkLogLunch Parameters: [["eJxlULtOwzAU/RfPBZHSIugWSikOiSv6oglicBxHdeI4wXZoE4TEiMQKH8DGxoQY+J/CZ+AKIUBs97zuPbpXABOSl0KjXPSWBZM0Ah0tS9r4Jbg5SX/xpZ7nkmlGFeicnTcAkRRrKr91AyMqNMNc/V9KBQ75DxS5zDC3o4wJ0IlNwnCqUn8JTQXNzEZoYtaewXlKjQpo5czDPmED5sBJDS3EoIJi2CZduAPTYjbtOnubxsTpkc0GSa+JatJEycTyatsYp3Uwc+IwO9TByARKbJcbbH4xwBbbYJec0omZoa57zO06F1E/NYeg5TVhy6uHqV9ZKWr6bXc8ZF7maX/cq1C1ZQVZwLwEbgUHQeLV6TqbhH3OQzGM8enJuuzCr9ZFURJu73OYFCHMDlXYdaL4ZJOMuFokyiaqWERidhwXi9rN0e60NV767q4n5c72eI4OpqMUNECpqFx/pd36mgXOqHnM6ubt4/Fp9XL38fzwfv+0un21wPUneSaxOg=="]]
2023-03-01 16:12:10.854 [http-nio-8002-exec-7] INFO  center.misaki.device.Aspect.ControllerLogAop - WorkLogController.queryWorkLogLunch Response: [{"code":0,"data":[],"msg":"获取成功"}]
2023-03-01 16:12:10.854 [http-nio-8002-exec-7] INFO  center.misaki.device.Aspect.ControllerLogAop - Usage:
StopWatch '/work/queryWorkLog/launch': running time = 7037000 ns
---------------------------------------------
ns         %     Task name
---------------------------------------------
000755200  011%  PrintRequest
005707300  081%  WorkLogController#queryWorkLogLunch
000574500  008%  PrintResponse

2023-03-01 16:12:10.878 [http-nio-8002-exec-9] INFO  center.misaki.device.Aspect.ControllerLogAop - Request URL: [http://localhost:8002/work/queryWorkLog/copy], URI: [/work/queryWorkLog/copy], Request Method: [GET], IP: [127.0.0.1]
2023-03-01 16:12:10.878 [http-nio-8002-exec-8] INFO  center.misaki.device.Aspect.ControllerLogAop - Request URL: [http://localhost:8002/work/queryWorkLog/handle], URI: [/work/queryWorkLog/handle], Request Method: [GET], IP: [127.0.0.1]
2023-03-01 16:12:10.878 [http-nio-8002-exec-10] INFO  center.misaki.device.Aspect.ControllerLogAop - Request URL: [http://localhost:8002/work/queryWorkLog/wait], URI: [/work/queryWorkLog/wait], Request Method: [GET], IP: [127.0.0.1]
2023-03-01 16:12:10.878 [http-nio-8002-exec-9] INFO  center.misaki.device.Aspect.ControllerLogAop - WorkLogController.queryWorkLogCopy Parameters: [["eJxlULtOwzAU/RfPBZHSIugWSikOiSv6oglicBxHdeI4wXZoE4TEiMQKH8DGxoQY+J/CZ+AKIUBs97zuPbpXABOSl0KjXPSWBZM0Ah0tS9r4Jbg5SX/xpZ7nkmlGFeicnTcAkRRrKr91AyMqNMNc/V9KBQ75DxS5zDC3o4wJ0IlNwnCqUn8JTQXNzEZoYtaewXlKjQpo5czDPmED5sBJDS3EoIJi2CZduAPTYjbtOnubxsTpkc0GSa+JatJEycTyatsYp3Uwc+IwO9TByARKbJcbbH4xwBbbYJec0omZoa57zO06F1E/NYeg5TVhy6uHqV9ZKWr6bXc8ZF7maX/cq1C1ZQVZwLwEbgUHQeLV6TqbhH3OQzGM8enJuuzCr9ZFURJu73OYFCHMDlXYdaL4ZJOMuFokyiaqWERidhwXi9rN0e60NV767q4n5c72eI4OpqMUNECpqFx/pd36mgXOqHnM6ubt4/Fp9XL38fzwfv+0un21wPUneSaxOg=="]]
2023-03-01 16:12:10.878 [http-nio-8002-exec-10] INFO  center.misaki.device.Aspect.ControllerLogAop - WorkLogController.queryWorkLogWait Parameters: [["eJxlULtOwzAU/RfPBZHSIugWSikOiSv6oglicBxHdeI4wXZoE4TEiMQKH8DGxoQY+J/CZ+AKIUBs97zuPbpXABOSl0KjXPSWBZM0Ah0tS9r4Jbg5SX/xpZ7nkmlGFeicnTcAkRRrKr91AyMqNMNc/V9KBQ75DxS5zDC3o4wJ0IlNwnCqUn8JTQXNzEZoYtaewXlKjQpo5czDPmED5sBJDS3EoIJi2CZduAPTYjbtOnubxsTpkc0GSa+JatJEycTyatsYp3Uwc+IwO9TByARKbJcbbH4xwBbbYJec0omZoa57zO06F1E/NYeg5TVhy6uHqV9ZKWr6bXc8ZF7maX/cq1C1ZQVZwLwEbgUHQeLV6TqbhH3OQzGM8enJuuzCr9ZFURJu73OYFCHMDlXYdaL4ZJOMuFokyiaqWERidhwXi9rN0e60NV767q4n5c72eI4OpqMUNECpqFx/pd36mgXOqHnM6ubt4/Fp9XL38fzwfv+0un21wPUneSaxOg=="]]
2023-03-01 16:12:10.878 [http-nio-8002-exec-8] INFO  center.misaki.device.Aspect.ControllerLogAop - WorkLogController.queryWorkLogHandle Parameters: [["eJxlULtOwzAU/RfPBZHSIugWSikOiSv6oglicBxHdeI4wXZoE4TEiMQKH8DGxoQY+J/CZ+AKIUBs97zuPbpXABOSl0KjXPSWBZM0Ah0tS9r4Jbg5SX/xpZ7nkmlGFeicnTcAkRRrKr91AyMqNMNc/V9KBQ75DxS5zDC3o4wJ0IlNwnCqUn8JTQXNzEZoYtaewXlKjQpo5czDPmED5sBJDS3EoIJi2CZduAPTYjbtOnubxsTpkc0GSa+JatJEycTyatsYp3Uwc+IwO9TByARKbJcbbH4xwBbbYJec0omZoa57zO06F1E/NYeg5TVhy6uHqV9ZKWr6bXc8ZF7maX/cq1C1ZQVZwLwEbgUHQeLV6TqbhH3OQzGM8enJuuzCr9ZFURJu73OYFCHMDlXYdaL4ZJOMuFokyiaqWERidhwXi9rN0e60NV767q4n5c72eI4OpqMUNECpqFx/pd36mgXOqHnM6ubt4/Fp9XL38fzwfv+0un21wPUneSaxOg=="]]
2023-03-01 16:12:10.882 [http-nio-8002-exec-8] INFO  center.misaki.device.Aspect.ControllerLogAop - WorkLogController.queryWorkLogHandle Response: [{"code":0,"data":[],"msg":"获取成功"}]
2023-03-01 16:12:10.882 [http-nio-8002-exec-9] INFO  center.misaki.device.Aspect.ControllerLogAop - WorkLogController.queryWorkLogCopy Response: [{"code":0,"data":[],"msg":"获取成功"}]
2023-03-01 16:12:10.882 [http-nio-8002-exec-10] INFO  center.misaki.device.Aspect.ControllerLogAop - WorkLogController.queryWorkLogWait Response: [{"code":0,"data":[],"msg":"获取成功"}]
2023-03-01 16:12:10.882 [http-nio-8002-exec-8] INFO  center.misaki.device.Aspect.ControllerLogAop - Usage:
StopWatch '/work/queryWorkLog/handle': running time = 4017800 ns
---------------------------------------------
ns         %     Task name
---------------------------------------------
000390900  010%  PrintRequest
003358000  084%  WorkLogController#queryWorkLogHandle
000268900  007%  PrintResponse

2023-03-01 16:12:10.882 [http-nio-8002-exec-9] INFO  center.misaki.device.Aspect.ControllerLogAop - Usage:
StopWatch '/work/queryWorkLog/copy': running time = 4069300 ns
---------------------------------------------
ns         %     Task name
---------------------------------------------
000350900  009%  PrintRequest
003404500  084%  WorkLogController#queryWorkLogCopy
000313900  008%  PrintResponse

2023-03-01 16:12:10.882 [http-nio-8002-exec-10] INFO  center.misaki.device.Aspect.ControllerLogAop - Usage:
StopWatch '/work/queryWorkLog/wait': running time = 4115800 ns
---------------------------------------------
ns         %     Task name
---------------------------------------------
000368500  009%  PrintRequest
003388300  082%  WorkLogController#queryWorkLogWait
000359000  009%  PrintResponse

2023-03-01 16:12:11.288 [http-nio-8002-exec-6] INFO  center.misaki.device.Aspect.ControllerLogAop - Request URL: [http://localhost:8002/work/queryWorkLog/launch], URI: [/work/queryWorkLog/launch], Request Method: [GET], IP: [127.0.0.1]
2023-03-01 16:12:11.288 [http-nio-8002-exec-1] INFO  center.misaki.device.Aspect.ControllerLogAop - Request URL: [http://localhost:8002/work/queryWorkLog/wait], URI: [/work/queryWorkLog/wait], Request Method: [GET], IP: [127.0.0.1]
2023-03-01 16:12:11.288 [http-nio-8002-exec-2] INFO  center.misaki.device.Aspect.ControllerLogAop - Request URL: [http://localhost:8002/work/queryWorkLog/copy], URI: [/work/queryWorkLog/copy], Request Method: [GET], IP: [127.0.0.1]
2023-03-01 16:12:11.289 [http-nio-8002-exec-2] INFO  center.misaki.device.Aspect.ControllerLogAop - WorkLogController.queryWorkLogCopy Parameters: [["eJxlULtOwzAU/RfPBZHSIugWSikOiSv6oglicBxHdeI4wXZoE4TEiMQKH8DGxoQY+J/CZ+AKIUBs97zuPbpXABOSl0KjXPSWBZM0Ah0tS9r4Jbg5SX/xpZ7nkmlGFeicnTcAkRRrKr91AyMqNMNc/V9KBQ75DxS5zDC3o4wJ0IlNwnCqUn8JTQXNzEZoYtaewXlKjQpo5czDPmED5sBJDS3EoIJi2CZduAPTYjbtOnubxsTpkc0GSa+JatJEycTyatsYp3Uwc+IwO9TByARKbJcbbH4xwBbbYJec0omZoa57zO06F1E/NYeg5TVhy6uHqV9ZKWr6bXc8ZF7maX/cq1C1ZQVZwLwEbgUHQeLV6TqbhH3OQzGM8enJuuzCr9ZFURJu73OYFCHMDlXYdaL4ZJOMuFokyiaqWERidhwXi9rN0e60NV767q4n5c72eI4OpqMUNECpqFx/pd36mgXOqHnM6ubt4/Fp9XL38fzwfv+0un21wPUneSaxOg=="]]
2023-03-01 16:12:11.289 [http-nio-8002-exec-6] INFO  center.misaki.device.Aspect.ControllerLogAop - WorkLogController.queryWorkLogLunch Parameters: [["eJxlULtOwzAU/RfPBZHSIugWSikOiSv6oglicBxHdeI4wXZoE4TEiMQKH8DGxoQY+J/CZ+AKIUBs97zuPbpXABOSl0KjXPSWBZM0Ah0tS9r4Jbg5SX/xpZ7nkmlGFeicnTcAkRRrKr91AyMqNMNc/V9KBQ75DxS5zDC3o4wJ0IlNwnCqUn8JTQXNzEZoYtaewXlKjQpo5czDPmED5sBJDS3EoIJi2CZduAPTYjbtOnubxsTpkc0GSa+JatJEycTyatsYp3Uwc+IwO9TByARKbJcbbH4xwBbbYJec0omZoa57zO06F1E/NYeg5TVhy6uHqV9ZKWr6bXc8ZF7maX/cq1C1ZQVZwLwEbgUHQeLV6TqbhH3OQzGM8enJuuzCr9ZFURJu73OYFCHMDlXYdaL4ZJOMuFokyiaqWERidhwXi9rN0e60NV767q4n5c72eI4OpqMUNECpqFx/pd36mgXOqHnM6ubt4/Fp9XL38fzwfv+0un21wPUneSaxOg=="]]
2023-03-01 16:12:11.288 [http-nio-8002-exec-1] INFO  center.misaki.device.Aspect.ControllerLogAop - WorkLogController.queryWorkLogWait Parameters: [["eJxlULtOwzAU/RfPBZHSIugWSikOiSv6oglicBxHdeI4wXZoE4TEiMQKH8DGxoQY+J/CZ+AKIUBs97zuPbpXABOSl0KjXPSWBZM0Ah0tS9r4Jbg5SX/xpZ7nkmlGFeicnTcAkRRrKr91AyMqNMNc/V9KBQ75DxS5zDC3o4wJ0IlNwnCqUn8JTQXNzEZoYtaewXlKjQpo5czDPmED5sBJDS3EoIJi2CZduAPTYjbtOnubxsTpkc0GSa+JatJEycTyatsYp3Uwc+IwO9TByARKbJcbbH4xwBbbYJec0omZoa57zO06F1E/NYeg5TVhy6uHqV9ZKWr6bXc8ZF7maX/cq1C1ZQVZwLwEbgUHQeLV6TqbhH3OQzGM8enJuuzCr9ZFURJu73OYFCHMDlXYdaL4ZJOMuFokyiaqWERidhwXi9rN0e60NV767q4n5c72eI4OpqMUNECpqFx/pd36mgXOqHnM6ubt4/Fp9XL38fzwfv+0un21wPUneSaxOg=="]]
2023-03-01 16:12:11.292 [http-nio-8002-exec-2] INFO  center.misaki.device.Aspect.ControllerLogAop - WorkLogController.queryWorkLogCopy Response: [{"code":0,"data":[],"msg":"获取成功"}]
2023-03-01 16:12:11.292 [http-nio-8002-exec-1] INFO  center.misaki.device.Aspect.ControllerLogAop - WorkLogController.queryWorkLogWait Response: [{"code":0,"data":[],"msg":"获取成功"}]
2023-03-01 16:12:11.292 [http-nio-8002-exec-6] INFO  center.misaki.device.Aspect.ControllerLogAop - WorkLogController.queryWorkLogLunch Response: [{"code":0,"data":[],"msg":"获取成功"}]
2023-03-01 16:12:11.293 [http-nio-8002-exec-2] INFO  center.misaki.device.Aspect.ControllerLogAop - Usage:
StopWatch '/work/queryWorkLog/copy': running time = 4458900 ns
---------------------------------------------
ns         %     Task name
---------------------------------------------
000761000  017%  PrintRequest
003480500  078%  WorkLogController#queryWorkLogCopy
000217400  005%  PrintResponse

2023-03-01 16:12:11.293 [http-nio-8002-exec-6] INFO  center.misaki.device.Aspect.ControllerLogAop - Usage:
StopWatch '/work/queryWorkLog/launch': running time = 4571000 ns
---------------------------------------------
ns         %     Task name
---------------------------------------------
001626100  036%  PrintRequest
002604500  057%  WorkLogController#queryWorkLogLunch
000340400  007%  PrintResponse

2023-03-01 16:12:11.293 [http-nio-8002-exec-1] INFO  center.misaki.device.Aspect.ControllerLogAop - Usage:
StopWatch '/work/queryWorkLog/wait': running time = 4556000 ns
---------------------------------------------
ns         %     Task name
---------------------------------------------
001642800  036%  PrintRequest
002558300  056%  WorkLogController#queryWorkLogWait
000354900  008%  PrintResponse

2023-03-01 16:12:11.293 [http-nio-8002-exec-4] INFO  center.misaki.device.Aspect.ControllerLogAop - Request URL: [http://localhost:8002/work/queryWorkLog/handle], URI: [/work/queryWorkLog/handle], Request Method: [GET], IP: [127.0.0.1]
2023-03-01 16:12:11.293 [http-nio-8002-exec-4] INFO  center.misaki.device.Aspect.ControllerLogAop - WorkLogController.queryWorkLogHandle Parameters: [["eJxlULtOwzAU/RfPBZHSIugWSikOiSv6oglicBxHdeI4wXZoE4TEiMQKH8DGxoQY+J/CZ+AKIUBs97zuPbpXABOSl0KjXPSWBZM0Ah0tS9r4Jbg5SX/xpZ7nkmlGFeicnTcAkRRrKr91AyMqNMNc/V9KBQ75DxS5zDC3o4wJ0IlNwnCqUn8JTQXNzEZoYtaewXlKjQpo5czDPmED5sBJDS3EoIJi2CZduAPTYjbtOnubxsTpkc0GSa+JatJEycTyatsYp3Uwc+IwO9TByARKbJcbbH4xwBbbYJec0omZoa57zO06F1E/NYeg5TVhy6uHqV9ZKWr6bXc8ZF7maX/cq1C1ZQVZwLwEbgUHQeLV6TqbhH3OQzGM8enJuuzCr9ZFURJu73OYFCHMDlXYdaL4ZJOMuFokyiaqWERidhwXi9rN0e60NV767q4n5c72eI4OpqMUNECpqFx/pd36mgXOqHnM6ubt4/Fp9XL38fzwfv+0un21wPUneSaxOg=="]]
2023-03-01 16:12:11.297 [http-nio-8002-exec-4] INFO  center.misaki.device.Aspect.ControllerLogAop - WorkLogController.queryWorkLogHandle Response: [{"code":0,"data":[],"msg":"获取成功"}]
2023-03-01 16:12:11.297 [http-nio-8002-exec-4] INFO  center.misaki.device.Aspect.ControllerLogAop - Usage:
StopWatch '/work/queryWorkLog/handle': running time = 4316300 ns
---------------------------------------------
ns         %     Task name
---------------------------------------------
000244500  006%  PrintRequest
003757700  087%  WorkLogController#queryWorkLogHandle
000314100  007%  PrintResponse

2023-03-01 16:12:13.179 [http-nio-8002-exec-3] INFO  center.misaki.device.Aspect.ControllerLogAop - Request URL: [http://localhost:8002/form/get], URI: [/form/get], Request Method: [GET], IP: [127.0.0.1]
2023-03-01 16:12:13.180 [http-nio-8002-exec-3] INFO  center.misaki.device.Aspect.ControllerLogAop - FormStructureController.get Parameters: [[280,"eJxlULtOwzAU/RfPBZHSIugWSikOiSv6oglicBxHdeI4wXZoE4TEiMQKH8DGxoQY+J/CZ+AKIUBs97zuPbpXABOSl0KjXPSWBZM0Ah0tS9r4Jbg5SX/xpZ7nkmlGFeicnTcAkRRrKr91AyMqNMNc/V9KBQ75DxS5zDC3o4wJ0IlNwnCqUn8JTQXNzEZoYtaewXlKjQpo5czDPmED5sBJDS3EoIJi2CZduAPTYjbtOnubxsTpkc0GSa+JatJEycTyatsYp3Uwc+IwO9TByARKbJcbbH4xwBbbYJec0omZoa57zO06F1E/NYeg5TVhy6uHqV9ZKWr6bXc8ZF7maX/cq1C1ZQVZwLwEbgUHQeLV6TqbhH3OQzGM8enJuuzCr9ZFURJu73OYFCHMDlXYdaL4ZJOMuFokyiaqWERidhwXi9rN0e60NV767q4n5c72eI4OpqMUNECpqFx/pd36mgXOqHnM6ubt4/Fp9XL38fzwfv+0un21wPUneSaxOg=="]]
2023-03-01 16:12:13.195 [http-nio-8002-exec-3] INFO  center.misaki.device.Aspect.ControllerLogAop - FormStructureController.get Response: [{"code":0,"data":{"fields":[],"form":{"createTime":"2023-03-01T16:11:51","formFields":"[{\"fieldsId\":[],\"name\":\"root\"}]","formName":"设备档案履历表","formType":0,"id":280,"menuId":97,"properties":"{\"displayType\":\"column\",\"labelWidth\":120,\"type\":\"object\"}","updateTime":"2023-03-01T16:11:51"}},"msg":"获取成功"}]
2023-03-01 16:12:13.195 [http-nio-8002-exec-3] INFO  center.misaki.device.Aspect.ControllerLogAop - Usage:
StopWatch '/form/get': running time = 16577100 ns
---------------------------------------------
ns         %     Task name
---------------------------------------------
000591800  004%  PrintRequest
010526600  064%  FormStructureController#get
005458700  033%  PrintResponse

2023-03-01 16:12:13.866 [http-nio-8002-exec-5] INFO  center.misaki.device.Aspect.ControllerLogAop - Request URL: [http://localhost:8002/form/get], URI: [/form/get], Request Method: [GET], IP: [127.0.0.1]
2023-03-01 16:12:13.866 [http-nio-8002-exec-5] INFO  center.misaki.device.Aspect.ControllerLogAop - FormStructureController.get Parameters: [[280,"eJxlULtOwzAU/RfPBZHSIugWSikOiSv6oglicBxHdeI4wXZoE4TEiMQKH8DGxoQY+J/CZ+AKIUBs97zuPbpXABOSl0KjXPSWBZM0Ah0tS9r4Jbg5SX/xpZ7nkmlGFeicnTcAkRRrKr91AyMqNMNc/V9KBQ75DxS5zDC3o4wJ0IlNwnCqUn8JTQXNzEZoYtaewXlKjQpo5czDPmED5sBJDS3EoIJi2CZduAPTYjbtOnubxsTpkc0GSa+JatJEycTyatsYp3Uwc+IwO9TByARKbJcbbH4xwBbbYJec0omZoa57zO06F1E/NYeg5TVhy6uHqV9ZKWr6bXc8ZF7maX/cq1C1ZQVZwLwEbgUHQeLV6TqbhH3OQzGM8enJuuzCr9ZFURJu73OYFCHMDlXYdaL4ZJOMuFokyiaqWERidhwXi9rN0e60NV767q4n5c72eI4OpqMUNECpqFx/pd36mgXOqHnM6ubt4/Fp9XL38fzwfv+0un21wPUneSaxOg=="]]
2023-03-01 16:12:13.869 [http-nio-8002-exec-5] INFO  center.misaki.device.Aspect.ControllerLogAop - FormStructureController.get Response: [{"code":0,"data":{"fields":[],"form":{"createTime":"2023-03-01T16:11:51","formFields":"[{\"fieldsId\":[],\"name\":\"root\"}]","formName":"设备档案履历表","formType":0,"id":280,"menuId":97,"properties":"{\"displayType\":\"column\",\"labelWidth\":120,\"type\":\"object\"}","updateTime":"2023-03-01T16:11:51"}},"msg":"获取成功"}]
2023-03-01 16:12:13.869 [http-nio-8002-exec-5] INFO  center.misaki.device.Aspect.ControllerLogAop - Usage:
StopWatch '/form/get': running time = 3245900 ns
---------------------------------------------
ns         %     Task name
---------------------------------------------
000554500  017%  PrintRequest
002334200  072%  FormStructureController#get
000357200  011%  PrintResponse

2023-03-01 16:14:10.412 [http-nio-8002-exec-2] INFO  center.misaki.device.Aspect.ControllerLogAop - Request URL: [http://localhost:8002/form/get], URI: [/form/get], Request Method: [GET], IP: [127.0.0.1]
2023-03-01 16:14:10.412 [http-nio-8002-exec-2] INFO  center.misaki.device.Aspect.ControllerLogAop - FormStructureController.get Parameters: [[280,"eJxlULtOwzAU/RfPBZHSIugWSikOiSv6oglicBxHdeI4wXZoE4TEiMQKH8DGxoQY+J/CZ+AKIUBs97zuPbpXABOSl0KjXPSWBZM0Ah0tS9r4Jbg5SX/xpZ7nkmlGFeicnTcAkRRrKr91AyMqNMNc/V9KBQ75DxS5zDC3o4wJ0IlNwnCqUn8JTQXNzEZoYtaewXlKjQpo5czDPmED5sBJDS3EoIJi2CZduAPTYjbtOnubxsTpkc0GSa+JatJEycTyatsYp3Uwc+IwO9TByARKbJcbbH4xwBbbYJec0omZoa57zO06F1E/NYeg5TVhy6uHqV9ZKWr6bXc8ZF7maX/cq1C1ZQVZwLwEbgUHQeLV6TqbhH3OQzGM8enJuuzCr9ZFURJu73OYFCHMDlXYdaL4ZJOMuFokyiaqWERidhwXi9rN0e60NV767q4n5c72eI4OpqMUNECpqFx/pd36mgXOqHnM6ubt4/Fp9XL38fzwfv+0un21wPUneSaxOg=="]]
2023-03-01 16:14:10.415 [http-nio-8002-exec-2] INFO  center.misaki.device.Aspect.ControllerLogAop - FormStructureController.get Response: [{"code":0,"data":{"fields":[],"form":{"createTime":"2023-03-01T16:11:51","formFields":"[{\"fieldsId\":[],\"name\":\"root\"}]","formName":"设备档案履历表","formType":0,"id":280,"menuId":97,"properties":"{\"displayType\":\"column\",\"labelWidth\":120,\"type\":\"object\"}","updateTime":"2023-03-01T16:11:51"}},"msg":"获取成功"}]
2023-03-01 16:14:10.416 [http-nio-8002-exec-2] INFO  center.misaki.device.Aspect.ControllerLogAop - Usage:
StopWatch '/form/get': running time = 2986800 ns
---------------------------------------------
ns         %     Task name
---------------------------------------------
000413500  014%  PrintRequest
002019500  068%  FormStructureController#get
000553800  019%  PrintResponse

2023-03-01 16:14:12.946 [http-nio-8002-exec-1] INFO  center.misaki.device.Aspect.ControllerLogAop - Request URL: [http://localhost:8002/form/get], URI: [/form/get], Request Method: [GET], IP: [127.0.0.1]
2023-03-01 16:14:12.946 [http-nio-8002-exec-1] INFO  center.misaki.device.Aspect.ControllerLogAop - FormStructureController.get Parameters: [[280,"eJxlULtOwzAU/RfPBZHSIugWSikOiSv6oglicBxHdeI4wXZoE4TEiMQKH8DGxoQY+J/CZ+AKIUBs97zuPbpXABOSl0KjXPSWBZM0Ah0tS9r4Jbg5SX/xpZ7nkmlGFeicnTcAkRRrKr91AyMqNMNc/V9KBQ75DxS5zDC3o4wJ0IlNwnCqUn8JTQXNzEZoYtaewXlKjQpo5czDPmED5sBJDS3EoIJi2CZduAPTYjbtOnubxsTpkc0GSa+JatJEycTyatsYp3Uwc+IwO9TByARKbJcbbH4xwBbbYJec0omZoa57zO06F1E/NYeg5TVhy6uHqV9ZKWr6bXc8ZF7maX/cq1C1ZQVZwLwEbgUHQeLV6TqbhH3OQzGM8enJuuzCr9ZFURJu73OYFCHMDlXYdaL4ZJOMuFokyiaqWERidhwXi9rN0e60NV767q4n5c72eI4OpqMUNECpqFx/pd36mgXOqHnM6ubt4/Fp9XL38fzwfv+0un21wPUneSaxOg=="]]
2023-03-01 16:14:12.949 [http-nio-8002-exec-1] INFO  center.misaki.device.Aspect.ControllerLogAop - FormStructureController.get Response: [{"code":0,"data":{"fields":[],"form":{"createTime":"2023-03-01T16:11:51","formFields":"[{\"fieldsId\":[],\"name\":\"root\"}]","formName":"设备档案履历表","formType":0,"id":280,"menuId":97,"properties":"{\"displayType\":\"column\",\"labelWidth\":120,\"type\":\"object\"}","updateTime":"2023-03-01T16:11:51"}},"msg":"获取成功"}]
2023-03-01 16:14:12.949 [http-nio-8002-exec-1] INFO  center.misaki.device.Aspect.ControllerLogAop - Usage:
StopWatch '/form/get': running time = 3080400 ns
---------------------------------------------
ns         %     Task name
---------------------------------------------
000737900  024%  PrintRequest
001957000  064%  FormStructureController#get
000385500  013%  PrintResponse

2023-03-01 16:14:48.012 [AsyncResolver-bootstrap-executor-0] INFO  c.n.d.shared.resolver.aws.ConfigClusterResolver - Resolving eureka endpoints via configuration
2023-03-01 16:19:48.016 [AsyncResolver-bootstrap-executor-0] INFO  c.n.d.shared.resolver.aws.ConfigClusterResolver - Resolving eureka endpoints via configuration
2023-03-01 16:24:48.025 [AsyncResolver-bootstrap-executor-0] INFO  c.n.d.shared.resolver.aws.ConfigClusterResolver - Resolving eureka endpoints via configuration
2023-03-01 16:29:48.029 [AsyncResolver-bootstrap-executor-0] INFO  c.n.d.shared.resolver.aws.ConfigClusterResolver - Resolving eureka endpoints via configuration
2023-03-01 16:34:48.039 [AsyncResolver-bootstrap-executor-0] INFO  c.n.d.shared.resolver.aws.ConfigClusterResolver - Resolving eureka endpoints via configuration
2023-03-01 16:39:48.041 [AsyncResolver-bootstrap-executor-0] INFO  c.n.d.shared.resolver.aws.ConfigClusterResolver - Resolving eureka endpoints via configuration
2023-03-01 16:44:48.047 [AsyncResolver-bootstrap-executor-0] INFO  c.n.d.shared.resolver.aws.ConfigClusterResolver - Resolving eureka endpoints via configuration
2023-03-01 16:49:48.055 [AsyncResolver-bootstrap-executor-0] INFO  c.n.d.shared.resolver.aws.ConfigClusterResolver - Resolving eureka endpoints via configuration
2023-03-01 16:54:48.057 [AsyncResolver-bootstrap-executor-0] INFO  c.n.d.shared.resolver.aws.ConfigClusterResolver - Resolving eureka endpoints via configuration
2023-03-01 16:59:48.069 [AsyncResolver-bootstrap-executor-0] INFO  c.n.d.shared.resolver.aws.ConfigClusterResolver - Resolving eureka endpoints via configuration
