2022-09-24 18:48:50.441 [main] INFO  org.springframework.core.KotlinDetector - Kotlin reflection implementation not found at runtime, related features won't be available.
2022-09-24 18:48:51.039 [background-preinit] WARN  o.s.h.converter.json.Jackson2ObjectMapperBuilder - For Jackson Kotlin classes support please add "com.fasterxml.jackson.module:jackson-module-kotlin" to the classpath
2022-09-24 18:48:51.191 [main] INFO  o.s.c.s.PostProcessorRegistrationDelegate$BeanPostProcessorChecker - Bean 'org.springframework.cloud.autoconfigure.ConfigurationPropertiesRebinderAutoConfiguration' of type [org.springframework.cloud.autoconfigure.ConfigurationPropertiesRebinderAutoConfiguration] is not eligible for getting processed by all BeanPostProcessors (for example: not eligible for auto-proxying)
2022-09-24 18:48:51.479 [main] INFO  center.misaki.device.userApp - The following profiles are active: dev
2022-09-24 18:48:52.876 [main] INFO  o.s.d.r.config.RepositoryConfigurationDelegate - Multiple Spring Data modules found, entering strict repository configuration mode!
2022-09-24 18:48:52.879 [main] INFO  o.s.d.r.config.RepositoryConfigurationDelegate - Bootstrapping Spring Data Redis repositories in DEFAULT mode.
2022-09-24 18:48:52.926 [main] INFO  o.s.d.r.config.RepositoryConfigurationDelegate - Finished Spring Data repository scanning in 31ms. Found 0 Redis repository interfaces.
2022-09-24 18:48:53.021 [main] WARN  o.springframework.boot.actuate.endpoint.EndpointId - Endpoint ID 'service-registry' contains invalid characters, please migrate to a valid format.
2022-09-24 18:48:53.198 [main] INFO  o.springframework.cloud.context.scope.GenericScope - BeanFactory id=a22055f8-ab77-3702-9c8f-92a2fe3a992d
2022-09-24 18:48:53.284 [main] INFO  o.s.c.s.PostProcessorRegistrationDelegate$BeanPostProcessorChecker - Bean 'asyncTaskExecutePool' of type [center.misaki.device.Config.AsyncTaskExecutePool$$EnhancerBySpringCGLIB$$aa7c796] is not eligible for getting processed by all BeanPostProcessors (for example: not eligible for auto-proxying)
2022-09-24 18:48:53.368 [main] INFO  o.s.c.s.PostProcessorRegistrationDelegate$BeanPostProcessorChecker - Bean 'org.springframework.transaction.annotation.ProxyTransactionManagementConfiguration' of type [org.springframework.transaction.annotation.ProxyTransactionManagementConfiguration] is not eligible for getting processed by all BeanPostProcessors (for example: not eligible for auto-proxying)
2022-09-24 18:48:53.558 [main] INFO  o.s.c.s.PostProcessorRegistrationDelegate$BeanPostProcessorChecker - Bean 'org.springframework.cloud.autoconfigure.ConfigurationPropertiesRebinderAutoConfiguration' of type [org.springframework.cloud.autoconfigure.ConfigurationPropertiesRebinderAutoConfiguration] is not eligible for getting processed by all BeanPostProcessors (for example: not eligible for auto-proxying)
2022-09-24 18:48:53.775 [main] INFO  o.s.boot.web.embedded.tomcat.TomcatWebServer - Tomcat initialized with port(s): 8001 (http)
2022-09-24 18:48:53.786 [main] INFO  org.apache.coyote.http11.Http11NioProtocol - Initializing ProtocolHandler ["http-nio-8001"]
2022-09-24 18:48:53.787 [main] INFO  org.apache.catalina.core.StandardService - Starting service [Tomcat]
2022-09-24 18:48:53.787 [main] INFO  org.apache.catalina.core.StandardEngine - Starting Servlet engine: [Apache Tomcat/9.0.30]
2022-09-24 18:48:53.894 [main] INFO  o.a.c.core.ContainerBase.[Tomcat].[localhost].[/] - Initializing Spring embedded WebApplicationContext
2022-09-24 18:48:53.895 [main] INFO  org.springframework.web.context.ContextLoader - Root WebApplicationContext: initialization completed in 2398 ms
2022-09-24 18:48:53.997 [main] WARN  com.netflix.config.sources.URLConfigurationSource - No URLs will be polled as dynamic configuration sources.
2022-09-24 18:48:53.998 [main] INFO  com.netflix.config.sources.URLConfigurationSource - To enable URLs as dynamic configuration sources, define System property archaius.configurationSource.additionalUrls or make config.properties available on classpath.
2022-09-24 18:48:54.006 [main] INFO  com.netflix.config.DynamicPropertyFactory - DynamicPropertyFactory is initialized with configuration sources: com.netflix.config.ConcurrentCompositeConfiguration@5a7df831
2022-09-24 18:48:54.118 [main] INFO  c.a.d.s.b.a.DruidDataSourceAutoConfigure - Init DruidDataSource
2022-09-24 18:49:05.426 [main] INFO  com.alibaba.druid.pool.DruidDataSource - {dataSource-1} inited
2022-09-24 18:49:06.866 [main] WARN  o.s.s.o.p.token.store.JwtAccessTokenConverter - Unable to create an RSA verifier from verifierKey (ignoreable if using MAC)
2022-09-24 18:49:07.555 [main] INFO  o.s.security.web.DefaultSecurityFilterChain - Creating filter chain: OrRequestMatcher [requestMatchers=[Ant [pattern='/oauth/token'], Ant [pattern='/oauth/token_key'], Ant [pattern='/oauth/check_token']]], [org.springframework.security.web.context.request.async.WebAsyncManagerIntegrationFilter@30bbe83, org.springframework.security.web.context.SecurityContextPersistenceFilter@2b90cc1, org.springframework.security.web.header.HeaderWriterFilter@7962a746, org.springframework.security.web.authentication.logout.LogoutFilter@ba0018e, org.springframework.security.oauth2.provider.client.ClientCredentialsTokenEndpointFilter@66048ac4, org.springframework.security.web.authentication.www.BasicAuthenticationFilter@b56c222, org.springframework.security.web.savedrequest.RequestCacheAwareFilter@d2cb2d0, org.springframework.security.web.servletapi.SecurityContextHolderAwareRequestFilter@3534651a, org.springframework.security.web.authentication.AnonymousAuthenticationFilter@57b130f6, org.springframework.security.web.session.SessionManagementFilter@1b98355f, org.springframework.security.web.access.ExceptionTranslationFilter@62360a68, org.springframework.security.web.access.intercept.FilterSecurityInterceptor@638d2ce3]
2022-09-24 18:49:07.566 [main] INFO  o.s.security.web.DefaultSecurityFilterChain - Creating filter chain: org.springframework.security.oauth2.config.annotation.web.configuration.ResourceServerConfiguration$NotOAuthRequestMatcher@71beada8, [org.springframework.security.web.context.request.async.WebAsyncManagerIntegrationFilter@17f41739, org.springframework.security.web.context.SecurityContextPersistenceFilter@35a9e665, org.springframework.security.web.header.HeaderWriterFilter@647ff23e, org.springframework.security.web.authentication.logout.LogoutFilter@1b632442, org.springframework.security.oauth2.provider.authentication.OAuth2AuthenticationProcessingFilter@3d3b272a, org.springframework.security.web.savedrequest.RequestCacheAwareFilter@362be0cd, org.springframework.security.web.servletapi.SecurityContextHolderAwareRequestFilter@2dde0a34, org.springframework.security.web.authentication.AnonymousAuthenticationFilter@2b3b1124, org.springframework.security.web.session.SessionManagementFilter@6a04d2a4, org.springframework.security.web.access.ExceptionTranslationFilter@688d619c, org.springframework.security.web.access.intercept.FilterSecurityInterceptor@43778371]
2022-09-24 18:49:07.575 [main] INFO  o.s.security.web.DefaultSecurityFilterChain - Creating filter chain: any request, [org.springframework.security.web.context.request.async.WebAsyncManagerIntegrationFilter@4f7ba0af, org.springframework.security.web.context.SecurityContextPersistenceFilter@1c788d08, org.springframework.security.web.header.HeaderWriterFilter@126254ec, org.springframework.security.web.csrf.CsrfFilter@34a33343, org.springframework.security.web.authentication.logout.LogoutFilter@2cc34cd5, org.springframework.security.web.authentication.UsernamePasswordAuthenticationFilter@46de118b, org.springframework.security.web.authentication.ui.DefaultLoginPageGeneratingFilter@45b8bbbf, org.springframework.security.web.authentication.ui.DefaultLogoutPageGeneratingFilter@5b23c1f6, org.springframework.security.web.authentication.www.BasicAuthenticationFilter@799fb45e, org.springframework.security.web.savedrequest.RequestCacheAwareFilter@2adc1e84, org.springframework.security.web.servletapi.SecurityContextHolderAwareRequestFilter@2a99fa07, org.springframework.security.web.authentication.AnonymousAuthenticationFilter@3f4964f2, org.springframework.security.web.session.SessionManagementFilter@275902e1, org.springframework.security.web.access.ExceptionTranslationFilter@22429a11, org.springframework.security.web.access.intercept.FilterSecurityInterceptor@7791ff50]
2022-09-24 18:49:07.720 [main] WARN  com.netflix.config.sources.URLConfigurationSource - No URLs will be polled as dynamic configuration sources.
2022-09-24 18:49:07.720 [main] INFO  com.netflix.config.sources.URLConfigurationSource - To enable URLs as dynamic configuration sources, define System property archaius.configurationSource.additionalUrls or make config.properties available on classpath.
2022-09-24 18:49:07.871 [main] INFO  o.s.scheduling.concurrent.ThreadPoolTaskExecutor - Initializing ExecutorService 'applicationTaskExecutor'
2022-09-24 18:49:08.600 [main] WARN  o.s.c.l.c.BlockingLoadBalancerClientAutoConfiguration$BlockingLoadBalancerClientRibbonWarnLogger - You already have RibbonLoadBalancerClient on your classpath. It will be used by default. As Spring Cloud Ribbon is in maintenance mode. We recommend switching to BlockingLoadBalancerClient instead. In order to use it, set the value of `spring.cloud.loadbalancer.ribbon.enabled` to `false` or remove spring-cloud-starter-netflix-ribbon from your project.
2022-09-24 18:49:08.639 [main] WARN  o.s.c.l.c.LoadBalancerCacheAutoConfiguration$LoadBalancerCaffeineWarnLogger - Spring Cloud LoadBalancer is currently working with default default cache. You can switch to using Caffeine cache, by adding it to the classpath.
2022-09-24 18:49:08.650 [main] INFO  o.s.b.actuate.endpoint.web.EndpointLinksResolver - Exposing 2 endpoint(s) beneath base path '/actuator'
2022-09-24 18:49:08.721 [main] INFO  o.s.cloud.netflix.eureka.InstanceInfoFactory - Setting initial instance status as: STARTING
2022-09-24 18:49:08.746 [main] INFO  com.netflix.discovery.DiscoveryClient - Initializing Eureka in region us-east-1
2022-09-24 18:49:08.861 [main] INFO  c.n.discovery.provider.DiscoveryJerseyProvider - Using JSON encoding codec LegacyJacksonJson
2022-09-24 18:49:08.861 [main] INFO  c.n.discovery.provider.DiscoveryJerseyProvider - Using JSON decoding codec LegacyJacksonJson
2022-09-24 18:49:08.950 [main] INFO  c.n.discovery.provider.DiscoveryJerseyProvider - Using XML encoding codec XStreamXml
2022-09-24 18:49:08.951 [main] INFO  c.n.discovery.provider.DiscoveryJerseyProvider - Using XML decoding codec XStreamXml
2022-09-24 18:49:09.088 [main] INFO  c.n.d.shared.resolver.aws.ConfigClusterResolver - Resolving eureka endpoints via configuration
2022-09-24 18:49:09.187 [main] INFO  com.netflix.discovery.DiscoveryClient - Disable delta property : false
2022-09-24 18:49:09.187 [main] INFO  com.netflix.discovery.DiscoveryClient - Single vip registry refresh property : null
2022-09-24 18:49:09.187 [main] INFO  com.netflix.discovery.DiscoveryClient - Force full registry fetch : false
2022-09-24 18:49:09.187 [main] INFO  com.netflix.discovery.DiscoveryClient - Application is null : false
2022-09-24 18:49:09.187 [main] INFO  com.netflix.discovery.DiscoveryClient - Registered Applications size is zero : true
2022-09-24 18:49:09.187 [main] INFO  com.netflix.discovery.DiscoveryClient - Application version is -1: true
2022-09-24 18:49:09.188 [main] INFO  com.netflix.discovery.DiscoveryClient - Getting all instance registry info from the eureka server
2022-09-24 18:49:09.305 [main] INFO  com.netflix.discovery.DiscoveryClient - The response status is 200
2022-09-24 18:49:09.307 [main] INFO  com.netflix.discovery.DiscoveryClient - Starting heartbeat executor: renew interval is: 30
2022-09-24 18:49:09.308 [main] INFO  com.netflix.discovery.InstanceInfoReplicator - InstanceInfoReplicator onDemand update allowed rate per min is 4
2022-09-24 18:49:09.311 [main] INFO  com.netflix.discovery.DiscoveryClient - Discovery Client initialized at timestamp 1664016549310 with initial instances count: 2
2022-09-24 18:49:09.315 [main] INFO  o.s.c.n.e.serviceregistry.EurekaServiceRegistry - Registering application AUTH-CENTER with eureka with status UP
2022-09-24 18:49:09.315 [main] INFO  com.netflix.discovery.DiscoveryClient - Saw local status change event StatusChangeEvent [timestamp=1664016549315, current=UP, previous=STARTING]
2022-09-24 18:49:09.317 [DiscoveryClient-InstanceInfoReplicator-0] INFO  com.netflix.discovery.DiscoveryClient - DiscoveryClient_AUTH-CENTER/MISAKI-0112:auth-center:8001: registering service...
2022-09-24 18:49:09.327 [main] INFO  org.apache.coyote.http11.Http11NioProtocol - Starting ProtocolHandler ["http-nio-8001"]
2022-09-24 18:49:09.348 [DiscoveryClient-InstanceInfoReplicator-0] INFO  com.netflix.discovery.DiscoveryClient - DiscoveryClient_AUTH-CENTER/MISAKI-0112:auth-center:8001 - registration status: 204
2022-09-24 18:49:09.351 [main] INFO  o.s.boot.web.embedded.tomcat.TomcatWebServer - Tomcat started on port(s): 8001 (http) with context path ''
2022-09-24 18:49:09.352 [main] INFO  o.s.c.n.e.s.EurekaAutoServiceRegistration - Updating port to 8001
2022-09-24 18:49:09.484 [main] INFO  center.misaki.device.userApp - Started userApp in 19.008 seconds (JVM running for 19.794)
2022-09-24 18:49:09.695 [RMI TCP Connection(2)-172.18.181.209] INFO  o.a.c.core.ContainerBase.[Tomcat].[localhost].[/] - Initializing Spring DispatcherServlet 'dispatcherServlet'
2022-09-24 18:49:09.695 [RMI TCP Connection(2)-172.18.181.209] INFO  org.springframework.web.servlet.DispatcherServlet - Initializing Servlet 'dispatcherServlet'
2022-09-24 18:49:09.703 [RMI TCP Connection(2)-172.18.181.209] INFO  org.springframework.web.servlet.DispatcherServlet - Completed initialization in 8 ms
2022-09-24 18:49:09.841 [boundedElastic-1] INFO  io.lettuce.core.EpollProvider - Starting without optional epoll library
2022-09-24 18:49:09.842 [boundedElastic-1] INFO  io.lettuce.core.KqueueProvider - Starting without optional kqueue library
2022-09-24 18:51:12.425 [http-nio-8001-exec-1] INFO  center.misaki.device.Aspect.ControllerLogAop - Request URL: [http://MISAKI-0112:8001/login/token], URI: [/login/token], Request Method: [POST], IP: [127.0.0.1]
2022-09-24 18:51:12.431 [http-nio-8001-exec-1] INFO  center.misaki.device.Aspect.ControllerLogAop - AuthController.login Parameters: [[{"clientId":"pc","clientSecret":"secret","password":"123456","username":"Misaki"}]]
2022-09-24 18:51:12.436 [http-nio-8001-exec-1] WARN  o.s.security.crypto.bcrypt.BCryptPasswordEncoder - Encoded password does not look like BCrypt
2022-09-24 18:51:12.783 [http-nio-8001-exec-1] INFO  center.misaki.device.Aspect.ControllerLogAop - AuthController.login Response: [{"additionalInformation":{"jti":"e0747b48-5a81-476b-8252-0b4878f4e132"},"expiration":1664023872658,"expired":false,"expiresIn":7199,"scope":["all"],"tokenType":"bearer","value":"eyJhbGciOiJIUzI1NiIsInR5cCI6IkpXVCJ9.eyJleHAiOjE2NjQwMjM4NzIsInVzZXJfbmFtZSI6Ik1pc2FraSIsImp0aSI6ImUwNzQ3YjQ4LTVhODEtNDc2Yi04MjUyLTBiNDg3OGY0ZTEzMiIsImNsaWVudF9pZCI6InBjIiwic2NvcGUiOlsiYWxsIl19.BtB7UO7_H43XtmU1DLX-CpyOPkPF9MQZHIoZ_zlbNKc"}]
2022-09-24 18:51:12.783 [http-nio-8001-exec-1] INFO  center.misaki.device.Aspect.ControllerLogAop - Usage:
StopWatch '/login/token': running time = 363176100 ns
---------------------------------------------
ns         %     Task name
---------------------------------------------
011867500  003%  PrintRequest
345815000  095%  AuthController#login
005493600  002%  PrintResponse

2022-09-24 18:51:24.835 [http-nio-8001-exec-2] INFO  center.misaki.device.Aspect.ControllerLogAop - Request URL: [http://MISAKI-0112:8001/login/token], URI: [/login/token], Request Method: [POST], IP: [127.0.0.1]
2022-09-24 18:51:24.836 [http-nio-8001-exec-2] INFO  center.misaki.device.Aspect.ControllerLogAop - AuthController.login Parameters: [[{"clientId":"pc","clientSecret":"secret","password":"123456","username":"Superxy"}]]
2022-09-24 18:51:24.836 [http-nio-8001-exec-2] WARN  o.s.security.crypto.bcrypt.BCryptPasswordEncoder - Encoded password does not look like BCrypt
2022-09-24 18:51:38.560 [http-nio-8001-exec-3] INFO  center.misaki.device.Aspect.ControllerLogAop - Request URL: [http://MISAKI-0112:8001/login/token], URI: [/login/token], Request Method: [POST], IP: [127.0.0.1]
2022-09-24 18:51:38.560 [http-nio-8001-exec-3] INFO  center.misaki.device.Aspect.ControllerLogAop - AuthController.login Parameters: [[{"clientId":"pc","clientSecret":"secret","password":"123456","username":"Sumperxy"}]]
2022-09-24 18:51:38.560 [http-nio-8001-exec-3] WARN  o.s.security.crypto.bcrypt.BCryptPasswordEncoder - Encoded password does not look like BCrypt
2022-09-24 18:51:38.691 [http-nio-8001-exec-3] INFO  center.misaki.device.Aspect.ControllerLogAop - AuthController.login Response: [{"additionalInformation":{"jti":"8d3db3cc-ad39-4b61-9b27-d0fde3ac3a4c"},"expiration":1664023898654,"expired":false,"expiresIn":7199,"scope":["all"],"tokenType":"bearer","value":"eyJhbGciOiJIUzI1NiIsInR5cCI6IkpXVCJ9.eyJleHAiOjE2NjQwMjM4OTgsInVzZXJfbmFtZSI6IlN1bXBlcnh5IiwianRpIjoiOGQzZGIzY2MtYWQzOS00YjYxLTliMjctZDBmZGUzYWMzYTRjIiwiY2xpZW50X2lkIjoicGMiLCJzY29wZSI6WyJhbGwiXX0.8aCx0EpBlDRWQr-gaEKZciOAmuKH_JrS_MDK8jwyaKA"}]
2022-09-24 18:51:38.691 [http-nio-8001-exec-3] INFO  center.misaki.device.Aspect.ControllerLogAop - Usage:
StopWatch '/login/token': running time = 131009600 ns
---------------------------------------------
ns         %     Task name
---------------------------------------------
000401600  000%  PrintRequest
130305900  099%  AuthController#login
000302100  000%  PrintResponse

2022-09-24 18:52:42.658 [http-nio-8001-exec-5] INFO  center.misaki.device.Aspect.ControllerLogAop - Request URL: [http://MISAKI-0112:8001/authF/show], URI: [/authF/show], Request Method: [GET], IP: [127.0.0.1]
2022-09-24 18:52:42.659 [http-nio-8001-exec-5] INFO  center.misaki.device.Aspect.ControllerLogAop - FormAuthController.showAuthForm Parameters: [[9]]
2022-09-24 18:52:43.111 [http-nio-8001-exec-5] INFO  center.misaki.device.Aspect.ControllerLogAop - FormAuthController.showAuthForm Response: [{"code":0,"data":[1,2,3,4],"msg":"获取成功"}]
2022-09-24 18:52:43.111 [http-nio-8001-exec-5] INFO  center.misaki.device.Aspect.ControllerLogAop - Usage:
StopWatch '/authF/show': running time = 452227500 ns
---------------------------------------------
ns         %     Task name
---------------------------------------------
000460000  000%  PrintRequest
448950600  099%  FormAuthController#showAuthForm
002816900  001%  PrintResponse

2022-09-24 18:54:09.192 [AsyncResolver-bootstrap-executor-0] INFO  c.n.d.shared.resolver.aws.ConfigClusterResolver - Resolving eureka endpoints via configuration
2022-09-24 18:54:37.962 [http-nio-8001-exec-7] INFO  center.misaki.device.Aspect.ControllerLogAop - Request URL: [http://MISAKI-0112:8001/isAccessed], URI: [/isAccessed], Request Method: [GET], IP: [127.0.0.1]
2022-09-24 18:54:37.963 [http-nio-8001-exec-7] INFO  center.misaki.device.Aspect.ControllerLogAop - AuthController.isAccessed Parameters: [[]]
2022-09-24 18:54:38.010 [http-nio-8001-exec-7] INFO  center.misaki.device.Aspect.ControllerLogAop - AuthController.isAccessed Response: [{"code":0,"data":"eJxlUF1vgkAQ/C/3bA2Q2qhvihQPRIJffDSNOc9TD4+DHEdAmv73HjZpbfq2s7MzuzsfAGGcV1wu\r\nc241BRXkCMZSVKT3QCxyfH3oV/KSCyopKcH47b0HsCBIEgHGJ8RKcsdHwiVV6L8r4ejAfiHPRYbY\r\n5JhR/qMvb+XfhiScZMoRKpmuYH4ligTk5lwONqY+deC2hfqSwhLy1QCb8AVei2hnOqO+GmJkPqF+\r\nahnLNKi91Hv2N2c1uGuTyDkdsleZrJWALfVDNGWYXwaQ1hTxVQHTnPp20CY2bGPDk3EYtP5a0+I0\r\nbhYbRr0Uy2Q2zRJ728ah18abVdppY6MpknCgRQa7dh7Y9ujCdJTHqO52hffDaxpFWn+IzEaziimb\r\nrcJAPJ2R5SbqpUlWufO9I9Z7b+YO0/qG3AnogaokokvB0L9rjjKiklhXWUFEcwOfXy89oWA=","msg":"验证成功"}]
2022-09-24 18:54:38.010 [http-nio-8001-exec-7] INFO  center.misaki.device.Aspect.ControllerLogAop - Usage:
StopWatch '/isAccessed': running time = 47675500 ns
---------------------------------------------
ns         %     Task name
---------------------------------------------
000521100  001%  PrintRequest
046790000  098%  AuthController#isAccessed
000364400  001%  PrintResponse

2022-09-24 18:54:38.806 [http-nio-8001-exec-8] INFO  center.misaki.device.Aspect.ControllerLogAop - Request URL: [http://MISAKI-0112:8001/authF/show], URI: [/authF/show], Request Method: [GET], IP: [172.18.181.209]
2022-09-24 18:54:38.995 [http-nio-8001-exec-8] INFO  center.misaki.device.Aspect.ControllerLogAop - FormAuthController.showAuthForm Response: [{"code":0,"data":[],"msg":"获取成功"}]
2022-09-24 18:54:38.995 [http-nio-8001-exec-8] INFO  center.misaki.device.Aspect.ControllerLogAop - Usage:
StopWatch '/authF/show': running time = 189327500 ns
---------------------------------------------
ns         %     Task name
---------------------------------------------
000395800  000%  PrintRequest
188715900  100%  FormAuthController#showAuthForm
000215800  000%  PrintResponse

2022-09-24 18:54:51.112 [http-nio-8001-exec-9] INFO  center.misaki.device.Aspect.ControllerLogAop - Request URL: [http://MISAKI-0112:8001/isAccessed], URI: [/isAccessed], Request Method: [GET], IP: [127.0.0.1]
2022-09-24 18:54:51.112 [http-nio-8001-exec-9] INFO  center.misaki.device.Aspect.ControllerLogAop - AuthController.isAccessed Parameters: [[]]
2022-09-24 18:54:51.148 [http-nio-8001-exec-9] INFO  center.misaki.device.Aspect.ControllerLogAop - AuthController.isAccessed Response: [{"code":0,"data":"eJxlUF1vgkAQ/C/3bA2Q2qhvihQPRIJffDSNOc9TD4+DHEdAmv73HjZpbfq2s7MzuzsfAGGcV1wu\r\nc241BRXkCMZSVKT3QCxyfH3oV/KSCyopKcH47b0HsCBIEgHGJ8RKcsdHwiVV6L8r4ejAfiHPRYbY\r\n5JhR/qMvb+XfhiScZMoRKpmuYH4ligTk5lwONqY+deC2hfqSwhLy1QCb8AVei2hnOqO+GmJkPqF+\r\nahnLNKi91Hv2N2c1uGuTyDkdsleZrJWALfVDNGWYXwaQ1hTxVQHTnPp20CY2bGPDk3EYtP5a0+I0\r\nbhYbRr0Uy2Q2zRJ728ah18abVdppY6MpknCgRQa7dh7Y9ujCdJTHqO52hffDaxpFWn+IzEaziimb\r\nrcJAPJ2R5SbqpUlWufO9I9Z7b+YO0/qG3AnogaokokvB0L9rjjKiklhXWUFEcwOfXy89oWA=","msg":"验证成功"}]
2022-09-24 18:54:51.149 [http-nio-8001-exec-9] INFO  center.misaki.device.Aspect.ControllerLogAop - Usage:
StopWatch '/isAccessed': running time = 36334200 ns
---------------------------------------------
ns         %     Task name
---------------------------------------------
000403900  001%  PrintRequest
035708500  098%  AuthController#isAccessed
000221800  001%  PrintResponse

2022-09-24 18:54:51.220 [http-nio-8001-exec-10] INFO  center.misaki.device.Aspect.ControllerLogAop - Request URL: [http://MISAKI-0112:8001/authF/show], URI: [/authF/show], Request Method: [GET], IP: [172.18.181.209]
2022-09-24 18:54:51.400 [http-nio-8001-exec-10] INFO  center.misaki.device.Aspect.ControllerLogAop - FormAuthController.showAuthForm Response: [{"code":0,"data":[],"msg":"获取成功"}]
2022-09-24 18:54:51.401 [http-nio-8001-exec-10] INFO  center.misaki.device.Aspect.ControllerLogAop - Usage:
StopWatch '/authF/show': running time = 180196600 ns
---------------------------------------------
ns         %     Task name
---------------------------------------------
000157000  000%  PrintRequest
179667400  100%  FormAuthController#showAuthForm
000372200  000%  PrintResponse

2022-09-24 18:55:38.783 [http-nio-8001-exec-1] INFO  center.misaki.device.Aspect.ControllerLogAop - Request URL: [http://MISAKI-0112:8001/isAccessed], URI: [/isAccessed], Request Method: [GET], IP: [127.0.0.1]
2022-09-24 18:55:38.784 [http-nio-8001-exec-1] INFO  center.misaki.device.Aspect.ControllerLogAop - AuthController.isAccessed Parameters: [[]]
2022-09-24 18:55:38.818 [http-nio-8001-exec-1] INFO  center.misaki.device.Aspect.ControllerLogAop - AuthController.isAccessed Response: [{"code":0,"data":"eJxlUF1vgkAQ/C/3bA2Q2qhvihQPRIJffDSNOc9TD4+DHEdAmv73HjZpbfq2s7MzuzsfAGGcV1wu\r\nc241BRXkCMZSVKT3QCxyfH3oV/KSCyopKcH47b0HsCBIEgHGJ8RKcsdHwiVV6L8r4ejAfiHPRYbY\r\n5JhR/qMvb+XfhiScZMoRKpmuYH4ligTk5lwONqY+deC2hfqSwhLy1QCb8AVei2hnOqO+GmJkPqF+\r\nahnLNKi91Hv2N2c1uGuTyDkdsleZrJWALfVDNGWYXwaQ1hTxVQHTnPp20CY2bGPDk3EYtP5a0+I0\r\nbhYbRr0Uy2Q2zRJ728ah18abVdppY6MpknCgRQa7dh7Y9ujCdJTHqO52hffDaxpFWn+IzEaziimb\r\nrcJAPJ2R5SbqpUlWufO9I9Z7b+YO0/qG3AnogaokokvB0L9rjjKiklhXWUFEcwOfXy89oWA=","msg":"验证成功"}]
2022-09-24 18:55:38.819 [http-nio-8001-exec-1] INFO  center.misaki.device.Aspect.ControllerLogAop - Usage:
StopWatch '/isAccessed': running time = 35393800 ns
---------------------------------------------
ns         %     Task name
---------------------------------------------
000415200  001%  PrintRequest
034624500  098%  AuthController#isAccessed
000354100  001%  PrintResponse

2022-09-24 18:58:14.232 [http-nio-8001-exec-4] INFO  center.misaki.device.Aspect.ControllerLogAop - Request URL: [http://MISAKI-0112:8001/authF/show], URI: [/authF/show], Request Method: [GET], IP: [172.18.181.209]
2022-09-24 18:58:14.382 [http-nio-8001-exec-4] INFO  center.misaki.device.Aspect.ControllerLogAop - FormAuthController.showAuthForm Response: [{"code":0,"data":[],"msg":"获取成功"}]
2022-09-24 18:58:14.382 [http-nio-8001-exec-4] INFO  center.misaki.device.Aspect.ControllerLogAop - Usage:
StopWatch '/authF/show': running time = 150311400 ns
---------------------------------------------
ns         %     Task name
---------------------------------------------
000231200  000%  PrintRequest
149722600  100%  FormAuthController#showAuthForm
000357600  000%  PrintResponse

2022-09-24 18:59:09.206 [AsyncResolver-bootstrap-executor-0] INFO  c.n.d.shared.resolver.aws.ConfigClusterResolver - Resolving eureka endpoints via configuration
2022-09-24 19:04:09.214 [AsyncResolver-bootstrap-executor-0] INFO  c.n.d.shared.resolver.aws.ConfigClusterResolver - Resolving eureka endpoints via configuration
2022-09-24 19:06:58.276 [http-nio-8001-exec-6] WARN  com.alibaba.druid.pool.DruidAbstractDataSource - discard long time none received connection. , jdbcUrl : jdbc:mysql://device.misaki.center:3306/device_test?serverTimezone=Asia/Shanghai&characterEncoding=utf8&useSSL=false, version : 1.2.8, lastPacketReceivedIdleMillis : 523886
2022-09-24 19:06:58.296 [http-nio-8001-exec-6] WARN  com.alibaba.druid.pool.DruidAbstractDataSource - discard long time none received connection. , jdbcUrl : jdbc:mysql://device.misaki.center:3306/device_test?serverTimezone=Asia/Shanghai&characterEncoding=utf8&useSSL=false, version : 1.2.8, lastPacketReceivedIdleMillis : 1073111
2022-09-24 19:06:58.316 [http-nio-8001-exec-6] WARN  com.alibaba.druid.pool.DruidAbstractDataSource - discard long time none received connection. , jdbcUrl : jdbc:mysql://device.misaki.center:3306/device_test?serverTimezone=Asia/Shanghai&characterEncoding=utf8&useSSL=false, version : 1.2.8, lastPacketReceivedIdleMillis : 1073314
2022-09-24 19:06:58.338 [http-nio-8001-exec-6] WARN  com.alibaba.druid.pool.DruidAbstractDataSource - discard long time none received connection. , jdbcUrl : jdbc:mysql://device.misaki.center:3306/device_test?serverTimezone=Asia/Shanghai&characterEncoding=utf8&useSSL=false, version : 1.2.8, lastPacketReceivedIdleMillis : 1073506
2022-09-24 19:06:58.360 [http-nio-8001-exec-6] WARN  com.alibaba.druid.pool.DruidAbstractDataSource - discard long time none received connection. , jdbcUrl : jdbc:mysql://device.misaki.center:3306/device_test?serverTimezone=Asia/Shanghai&characterEncoding=utf8&useSSL=false, version : 1.2.8, lastPacketReceivedIdleMillis : 1073698
2022-09-24 19:06:58.377 [http-nio-8001-exec-6] WARN  com.alibaba.druid.pool.DruidAbstractDataSource - discard long time none received connection. , jdbcUrl : jdbc:mysql://device.misaki.center:3306/device_test?serverTimezone=Asia/Shanghai&characterEncoding=utf8&useSSL=false, version : 1.2.8, lastPacketReceivedIdleMillis : 1073891
2022-09-24 19:06:58.392 [http-nio-8001-exec-6] WARN  com.alibaba.druid.pool.DruidAbstractDataSource - discard long time none received connection. , jdbcUrl : jdbc:mysql://device.misaki.center:3306/device_test?serverTimezone=Asia/Shanghai&characterEncoding=utf8&useSSL=false, version : 1.2.8, lastPacketReceivedIdleMillis : 1074042
2022-09-24 19:06:58.409 [http-nio-8001-exec-6] WARN  com.alibaba.druid.pool.DruidAbstractDataSource - discard long time none received connection. , jdbcUrl : jdbc:mysql://device.misaki.center:3306/device_test?serverTimezone=Asia/Shanghai&characterEncoding=utf8&useSSL=false, version : 1.2.8, lastPacketReceivedIdleMillis : 1074205
2022-09-24 19:06:58.430 [http-nio-8001-exec-6] WARN  com.alibaba.druid.pool.DruidAbstractDataSource - discard long time none received connection. , jdbcUrl : jdbc:mysql://device.misaki.center:3306/device_test?serverTimezone=Asia/Shanghai&characterEncoding=utf8&useSSL=false, version : 1.2.8, lastPacketReceivedIdleMillis : 1074381
2022-09-24 19:06:58.451 [http-nio-8001-exec-6] WARN  com.alibaba.druid.pool.DruidAbstractDataSource - discard long time none received connection. , jdbcUrl : jdbc:mysql://device.misaki.center:3306/device_test?serverTimezone=Asia/Shanghai&characterEncoding=utf8&useSSL=false, version : 1.2.8, lastPacketReceivedIdleMillis : 1074599
2022-09-24 19:06:58.472 [http-nio-8001-exec-6] WARN  com.alibaba.druid.pool.DruidAbstractDataSource - discard long time none received connection. , jdbcUrl : jdbc:mysql://device.misaki.center:3306/device_test?serverTimezone=Asia/Shanghai&characterEncoding=utf8&useSSL=false, version : 1.2.8, lastPacketReceivedIdleMillis : 1074844
2022-09-24 19:06:58.511 [http-nio-8001-exec-6] INFO  center.misaki.device.Aspect.ControllerLogAop - Request URL: [http://MISAKI-0112:8001/isAccessed], URI: [/isAccessed], Request Method: [GET], IP: [127.0.0.1]
2022-09-24 19:06:58.512 [http-nio-8001-exec-6] INFO  center.misaki.device.Aspect.ControllerLogAop - AuthController.isAccessed Parameters: [[]]
2022-09-24 19:06:58.548 [http-nio-8001-exec-6] INFO  center.misaki.device.Aspect.ControllerLogAop - AuthController.isAccessed Response: [{"code":0,"data":"eJxlUF1vgkAQ/C/3bA2Q2qhvihQPRIJffDSNOc9TD4+DHEdAmv73HjZpbfq2s7MzuzsfAGGcV1wu\r\nc241BRXkCMZSVKT3QCxyfH3oV/KSCyopKcH47b0HsCBIEgHGJ8RKcsdHwiVV6L8r4ejAfiHPRYbY\r\n5JhR/qMvb+XfhiScZMoRKpmuYH4ligTk5lwONqY+deC2hfqSwhLy1QCb8AVei2hnOqO+GmJkPqF+\r\nahnLNKi91Hv2N2c1uGuTyDkdsleZrJWALfVDNGWYXwaQ1hTxVQHTnPp20CY2bGPDk3EYtP5a0+I0\r\nbhYbRr0Uy2Q2zRJ728ah18abVdppY6MpknCgRQa7dh7Y9ujCdJTHqO52hffDaxpFWn+IzEaziimb\r\nrcJAPJ2R5SbqpUlWufO9I9Z7b+YO0/qG3AnogaokokvB0L9rjjKiklhXWUFEcwOfXy89oWA=","msg":"验证成功"}]
2022-09-24 19:06:58.549 [http-nio-8001-exec-6] INFO  center.misaki.device.Aspect.ControllerLogAop - Usage:
StopWatch '/isAccessed': running time = 37529600 ns
---------------------------------------------
ns         %     Task name
---------------------------------------------
000290100  001%  PrintRequest
037026700  099%  AuthController#isAccessed
000212800  001%  PrintResponse

2022-09-24 19:06:59.073 [http-nio-8001-exec-7] INFO  center.misaki.device.Aspect.ControllerLogAop - Request URL: [http://MISAKI-0112:8001/authF/show], URI: [/authF/show], Request Method: [GET], IP: [172.18.181.209]
2022-09-24 19:06:59.073 [http-nio-8001-exec-7] INFO  center.misaki.device.Aspect.ControllerLogAop - FormAuthController.showAuthForm Parameters: [[9]]
2022-09-24 19:06:59.274 [http-nio-8001-exec-7] INFO  center.misaki.device.Aspect.ControllerLogAop - FormAuthController.showAuthForm Response: [{"code":0,"data":[1,2,3,4],"msg":"获取成功"}]
2022-09-24 19:06:59.274 [http-nio-8001-exec-7] INFO  center.misaki.device.Aspect.ControllerLogAop - Usage:
StopWatch '/authF/show': running time = 200637200 ns
---------------------------------------------
ns         %     Task name
---------------------------------------------
000222500  000%  PrintRequest
200055900  100%  FormAuthController#showAuthForm
000358800  000%  PrintResponse

2022-09-24 19:07:12.333 [SpringContextShutdownHook] INFO  o.s.c.n.e.serviceregistry.EurekaServiceRegistry - Unregistering application AUTH-CENTER with eureka with status DOWN
2022-09-24 19:07:12.333 [SpringContextShutdownHook] WARN  com.netflix.discovery.DiscoveryClient - Saw local status change event StatusChangeEvent [timestamp=1664017632333, current=DOWN, previous=UP]
2022-09-24 19:07:12.333 [DiscoveryClient-InstanceInfoReplicator-0] INFO  com.netflix.discovery.DiscoveryClient - DiscoveryClient_AUTH-CENTER/MISAKI-0112:auth-center:8001: registering service...
2022-09-24 19:07:12.335 [SpringContextShutdownHook] INFO  o.s.scheduling.concurrent.ThreadPoolTaskExecutor - Shutting down ExecutorService 'applicationTaskExecutor'
2022-09-24 19:07:12.465 [SpringContextShutdownHook] INFO  com.alibaba.druid.pool.DruidDataSource - {dataSource-1} closing ...
2022-09-24 19:07:12.470 [SpringContextShutdownHook] INFO  com.alibaba.druid.pool.DruidDataSource - {dataSource-1} closed
2022-09-24 19:07:12.471 [SpringContextShutdownHook] INFO  com.netflix.discovery.DiscoveryClient - Shutting down DiscoveryClient ...
2022-09-24 19:07:15.478 [SpringContextShutdownHook] INFO  com.netflix.discovery.DiscoveryClient - Unregistering ...
2022-09-24 19:07:16.459 [DiscoveryClient-InstanceInfoReplicator-0] ERROR c.n.d.s.t.decorator.RedirectingEurekaHttpClient - Request execution error. endpoint=DefaultEndpoint{ serviceUrl='http://localhost:18761/eureka/}
com.sun.jersey.api.client.ClientHandlerException: java.net.ConnectException: Connection refused: connect
	at com.sun.jersey.client.apache4.ApacheHttpClient4Handler.handle(ApacheHttpClient4Handler.java:187)
	at com.sun.jersey.api.client.filter.GZIPContentEncodingFilter.handle(GZIPContentEncodingFilter.java:123)
	at com.netflix.discovery.EurekaIdentityHeaderFilter.handle(EurekaIdentityHeaderFilter.java:27)
	at com.sun.jersey.api.client.Client.handle(Client.java:652)
	at com.sun.jersey.api.client.WebResource.handle(WebResource.java:682)
	at com.sun.jersey.api.client.WebResource.access$200(WebResource.java:74)
	at com.sun.jersey.api.client.WebResource$Builder.post(WebResource.java:570)
	at com.netflix.discovery.shared.transport.jersey.AbstractJerseyEurekaHttpClient.register(AbstractJerseyEurekaHttpClient.java:56)
	at com.netflix.discovery.shared.transport.decorator.EurekaHttpClientDecorator$1.execute(EurekaHttpClientDecorator.java:59)
	at com.netflix.discovery.shared.transport.decorator.MetricsCollectingEurekaHttpClient.execute(MetricsCollectingEurekaHttpClient.java:73)
	at com.netflix.discovery.shared.transport.decorator.EurekaHttpClientDecorator.register(EurekaHttpClientDecorator.java:56)
	at com.netflix.discovery.shared.transport.decorator.EurekaHttpClientDecorator$1.execute(EurekaHttpClientDecorator.java:59)
	at com.netflix.discovery.shared.transport.decorator.RedirectingEurekaHttpClient.execute(RedirectingEurekaHttpClient.java:89)
	at com.netflix.discovery.shared.transport.decorator.EurekaHttpClientDecorator.register(EurekaHttpClientDecorator.java:56)
	at com.netflix.discovery.shared.transport.decorator.EurekaHttpClientDecorator$1.execute(EurekaHttpClientDecorator.java:59)
	at com.netflix.discovery.shared.transport.decorator.RetryableEurekaHttpClient.execute(RetryableEurekaHttpClient.java:120)
	at com.netflix.discovery.shared.transport.decorator.EurekaHttpClientDecorator.register(EurekaHttpClientDecorator.java:56)
	at com.netflix.discovery.shared.transport.decorator.EurekaHttpClientDecorator$1.execute(EurekaHttpClientDecorator.java:59)
	at com.netflix.discovery.shared.transport.decorator.SessionedEurekaHttpClient.execute(SessionedEurekaHttpClient.java:77)
	at com.netflix.discovery.shared.transport.decorator.EurekaHttpClientDecorator.register(EurekaHttpClientDecorator.java:56)
	at com.netflix.discovery.DiscoveryClient.register(DiscoveryClient.java:847)
	at com.netflix.discovery.InstanceInfoReplicator.run(InstanceInfoReplicator.java:121)
	at com.netflix.discovery.InstanceInfoReplicator$1.run(InstanceInfoReplicator.java:101)
	at java.util.concurrent.Executors$RunnableAdapter.call(Executors.java:511)
	at java.util.concurrent.FutureTask.run$$$capture(FutureTask.java:266)
	at java.util.concurrent.FutureTask.run(FutureTask.java)
	at java.util.concurrent.ScheduledThreadPoolExecutor$ScheduledFutureTask.access$201(ScheduledThreadPoolExecutor.java:180)
	at java.util.concurrent.ScheduledThreadPoolExecutor$ScheduledFutureTask.run(ScheduledThreadPoolExecutor.java:293)
	at java.util.concurrent.ThreadPoolExecutor.runWorker(ThreadPoolExecutor.java:1149)
	at java.util.concurrent.ThreadPoolExecutor$Worker.run(ThreadPoolExecutor.java:624)
	at java.lang.Thread.run(Thread.java:750)
Caused by: java.net.ConnectException: Connection refused: connect
	at java.net.DualStackPlainSocketImpl.waitForConnect(Native Method)
	at java.net.DualStackPlainSocketImpl.socketConnect(DualStackPlainSocketImpl.java:85)
	at java.net.AbstractPlainSocketImpl.doConnect(AbstractPlainSocketImpl.java:350)
	at java.net.AbstractPlainSocketImpl.connectToAddress(AbstractPlainSocketImpl.java:206)
	at java.net.AbstractPlainSocketImpl.connect(AbstractPlainSocketImpl.java:188)
	at java.net.PlainSocketImpl.connect(PlainSocketImpl.java:172)
	at java.net.SocksSocketImpl.connect(SocksSocketImpl.java:392)
	at java.net.Socket.connect(Socket.java:607)
	at org.apache.http.conn.scheme.PlainSocketFactory.connectSocket(PlainSocketFactory.java:121)
	at org.apache.http.impl.conn.DefaultClientConnectionOperator.openConnection(DefaultClientConnectionOperator.java:180)
	at org.apache.http.impl.conn.AbstractPoolEntry.open(AbstractPoolEntry.java:144)
	at org.apache.http.impl.conn.AbstractPooledConnAdapter.open(AbstractPooledConnAdapter.java:134)
	at org.apache.http.impl.client.DefaultRequestDirector.tryConnect(DefaultRequestDirector.java:605)
	at org.apache.http.impl.client.DefaultRequestDirector.execute(DefaultRequestDirector.java:440)
	at org.apache.http.impl.client.AbstractHttpClient.doExecute(AbstractHttpClient.java:835)
	at org.apache.http.impl.client.CloseableHttpClient.execute(CloseableHttpClient.java:118)
	at org.apache.http.impl.client.CloseableHttpClient.execute(CloseableHttpClient.java:56)
	at com.sun.jersey.client.apache4.ApacheHttpClient4Handler.handle(ApacheHttpClient4Handler.java:173)
	... 30 common frames omitted
2022-09-24 19:07:16.459 [DiscoveryClient-InstanceInfoReplicator-0] WARN  c.n.d.s.t.decorator.RetryableEurekaHttpClient - Request execution failed with message: java.net.ConnectException: Connection refused: connect
