2022-08-15 15:00:51.252 [main] INFO  org.springframework.core.KotlinDetector - Kotlin reflection implementation not found at runtime, related features won't be available.
2022-08-15 15:00:52.892 [main] INFO  o.s.c.s.PostProcessorRegistrationDelegate$BeanPostProcessorChecker - Bean 'org.springframework.cloud.autoconfigure.ConfigurationPropertiesRebinderAutoConfiguration' of type [org.springframework.cloud.autoconfigure.ConfigurationPropertiesRebinderAutoConfiguration] is not eligible for getting processed by all BeanPostProcessors (for example: not eligible for auto-proxying)
2022-08-15 15:00:54.162 [main] INFO  center.misaki.device.DataApp - The following profiles are active: dev
2022-08-15 15:00:55.390 [main] INFO  o.springframework.cloud.context.scope.GenericScope - BeanFactory id=c1a832f6-0581-3e15-9c8c-cab503fd2a6b
2022-08-15 15:00:55.437 [main] INFO  o.s.c.s.PostProcessorRegistrationDelegate$BeanPostProcessorChecker - Bean 'asyncTaskExecutePool' of type [center.misaki.device.Config.AsyncTaskExecutePool$$EnhancerBySpringCGLIB$$bda754af] is not eligible for getting processed by all BeanPostProcessors (for example: not eligible for auto-proxying)
2022-08-15 15:00:55.507 [main] INFO  o.s.c.s.PostProcessorRegistrationDelegate$BeanPostProcessorChecker - Bean 'org.springframework.transaction.annotation.ProxyTransactionManagementConfiguration' of type [org.springframework.transaction.annotation.ProxyTransactionManagementConfiguration] is not eligible for getting processed by all BeanPostProcessors (for example: not eligible for auto-proxying)
2022-08-15 15:00:55.605 [main] INFO  o.s.c.s.PostProcessorRegistrationDelegate$BeanPostProcessorChecker - Bean 'org.springframework.cloud.autoconfigure.ConfigurationPropertiesRebinderAutoConfiguration' of type [org.springframework.cloud.autoconfigure.ConfigurationPropertiesRebinderAutoConfiguration] is not eligible for getting processed by all BeanPostProcessors (for example: not eligible for auto-proxying)
2022-08-15 15:00:55.801 [main] INFO  o.s.boot.web.embedded.tomcat.TomcatWebServer - Tomcat initialized with port(s): 8002 (http)
2022-08-15 15:00:55.809 [main] INFO  org.apache.coyote.http11.Http11NioProtocol - Initializing ProtocolHandler ["http-nio-8002"]
2022-08-15 15:00:55.809 [main] INFO  org.apache.catalina.core.StandardService - Starting service [Tomcat]
2022-08-15 15:00:55.810 [main] INFO  org.apache.catalina.core.StandardEngine - Starting Servlet engine: [Apache Tomcat/9.0.30]
2022-08-15 15:00:55.944 [main] INFO  o.a.c.core.ContainerBase.[Tomcat].[localhost].[/] - Initializing Spring embedded WebApplicationContext
2022-08-15 15:00:55.944 [main] INFO  org.springframework.web.context.ContextLoader - Root WebApplicationContext: initialization completed in 1762 ms
2022-08-15 15:00:56.230 [main] INFO  c.a.d.s.b.a.DruidDataSourceAutoConfigure - Init DruidDataSource
2022-08-15 15:01:12.904 [main] INFO  com.alibaba.druid.pool.DruidDataSource - {dataSource-1} inited
2022-08-15 15:01:13.816 [main] INFO  o.s.scheduling.concurrent.ThreadPoolTaskExecutor - Initializing ExecutorService 'applicationTaskExecutor'
2022-08-15 15:01:14.090 [main] WARN  com.netflix.config.sources.URLConfigurationSource - No URLs will be polled as dynamic configuration sources.
2022-08-15 15:01:14.091 [main] INFO  com.netflix.config.sources.URLConfigurationSource - To enable URLs as dynamic configuration sources, define System property archaius.configurationSource.additionalUrls or make config.properties available on classpath.
2022-08-15 15:01:14.094 [main] WARN  com.netflix.config.sources.URLConfigurationSource - No URLs will be polled as dynamic configuration sources.
2022-08-15 15:01:14.094 [main] INFO  com.netflix.config.sources.URLConfigurationSource - To enable URLs as dynamic configuration sources, define System property archaius.configurationSource.additionalUrls or make config.properties available on classpath.
2022-08-15 15:01:15.701 [main] INFO  org.springframework.cloud.commons.util.InetUtils - Cannot determine local hostname
2022-08-15 15:01:16.992 [main] INFO  org.springframework.cloud.commons.util.InetUtils - Cannot determine local hostname
2022-08-15 15:01:18.199 [main] INFO  org.springframework.cloud.commons.util.InetUtils - Cannot determine local hostname
2022-08-15 15:01:18.219 [main] WARN  o.s.c.l.c.BlockingLoadBalancerClientAutoConfiguration$BlockingLoadBalancerClientRibbonWarnLogger - You already have RibbonLoadBalancerClient on your classpath. It will be used by default. As Spring Cloud Ribbon is in maintenance mode. We recommend switching to BlockingLoadBalancerClient instead. In order to use it, set the value of `spring.cloud.loadbalancer.ribbon.enabled` to `false` or remove spring-cloud-starter-netflix-ribbon from your project.
2022-08-15 15:01:18.270 [main] WARN  o.s.c.l.c.LoadBalancerCacheAutoConfiguration$LoadBalancerCaffeineWarnLogger - Spring Cloud LoadBalancer is currently working with default default cache. You can switch to using Caffeine cache, by adding it to the classpath.
2022-08-15 15:01:18.342 [main] INFO  o.s.cloud.netflix.eureka.InstanceInfoFactory - Setting initial instance status as: STARTING
2022-08-15 15:01:18.366 [main] INFO  com.netflix.discovery.DiscoveryClient - Initializing Eureka in region us-east-1
2022-08-15 15:01:18.508 [main] INFO  c.n.discovery.provider.DiscoveryJerseyProvider - Using JSON encoding codec LegacyJacksonJson
2022-08-15 15:01:18.508 [main] INFO  c.n.discovery.provider.DiscoveryJerseyProvider - Using JSON decoding codec LegacyJacksonJson
2022-08-15 15:01:18.583 [main] INFO  c.n.discovery.provider.DiscoveryJerseyProvider - Using XML encoding codec XStreamXml
2022-08-15 15:01:18.583 [main] INFO  c.n.discovery.provider.DiscoveryJerseyProvider - Using XML decoding codec XStreamXml
2022-08-15 15:01:18.686 [main] INFO  c.n.d.shared.resolver.aws.ConfigClusterResolver - Resolving eureka endpoints via configuration
2022-08-15 15:01:18.796 [main] INFO  com.netflix.discovery.DiscoveryClient - Disable delta property : false
2022-08-15 15:01:18.797 [main] INFO  com.netflix.discovery.DiscoveryClient - Single vip registry refresh property : null
2022-08-15 15:01:18.797 [main] INFO  com.netflix.discovery.DiscoveryClient - Force full registry fetch : false
2022-08-15 15:01:18.797 [main] INFO  com.netflix.discovery.DiscoveryClient - Application is null : false
2022-08-15 15:01:18.797 [main] INFO  com.netflix.discovery.DiscoveryClient - Registered Applications size is zero : true
2022-08-15 15:01:18.797 [main] INFO  com.netflix.discovery.DiscoveryClient - Application version is -1: true
2022-08-15 15:01:18.797 [main] INFO  com.netflix.discovery.DiscoveryClient - Getting all instance registry info from the eureka server
2022-08-15 15:01:18.930 [main] INFO  com.netflix.discovery.DiscoveryClient - The response status is 200
2022-08-15 15:01:18.931 [main] INFO  com.netflix.discovery.DiscoveryClient - Starting heartbeat executor: renew interval is: 30
2022-08-15 15:01:18.933 [main] INFO  com.netflix.discovery.InstanceInfoReplicator - InstanceInfoReplicator onDemand update allowed rate per min is 4
2022-08-15 15:01:18.935 [main] INFO  com.netflix.discovery.DiscoveryClient - Discovery Client initialized at timestamp 1660546878935 with initial instances count: 0
2022-08-15 15:01:18.940 [main] INFO  o.s.c.n.e.serviceregistry.EurekaServiceRegistry - Registering application DEVICE-DATA with eureka with status UP
2022-08-15 15:01:18.941 [main] INFO  com.netflix.discovery.DiscoveryClient - Saw local status change event StatusChangeEvent [timestamp=1660546878941, current=UP, previous=STARTING]
2022-08-15 15:01:18.943 [DiscoveryClient-InstanceInfoReplicator-0] INFO  com.netflix.discovery.DiscoveryClient - DiscoveryClient_DEVICE-DATA/localhost:device-data:8002: registering service...
2022-08-15 15:01:18.951 [main] INFO  org.apache.coyote.http11.Http11NioProtocol - Starting ProtocolHandler ["http-nio-8002"]
2022-08-15 15:01:18.971 [main] INFO  o.s.boot.web.embedded.tomcat.TomcatWebServer - Tomcat started on port(s): 8002 (http) with context path ''
2022-08-15 15:01:18.972 [main] INFO  o.s.c.n.e.s.EurekaAutoServiceRegistration - Updating port to 8002
2022-08-15 15:01:19.021 [DiscoveryClient-InstanceInfoReplicator-0] INFO  com.netflix.discovery.DiscoveryClient - DiscoveryClient_DEVICE-DATA/localhost:device-data:8002 - registration status: 204
2022-08-15 15:01:20.131 [main] INFO  org.springframework.cloud.commons.util.InetUtils - Cannot determine local hostname
2022-08-15 15:01:20.132 [main] INFO  center.misaki.device.DataApp - Started DataApp in 28.828 seconds (JVM running for 29.771)
2022-08-15 15:01:48.936 [DiscoveryClient-CacheRefreshExecutor-0] INFO  com.netflix.discovery.DiscoveryClient - Disable delta property : false
2022-08-15 15:01:48.937 [DiscoveryClient-CacheRefreshExecutor-0] INFO  com.netflix.discovery.DiscoveryClient - Single vip registry refresh property : null
2022-08-15 15:01:48.937 [DiscoveryClient-CacheRefreshExecutor-0] INFO  com.netflix.discovery.DiscoveryClient - Force full registry fetch : false
2022-08-15 15:01:48.937 [DiscoveryClient-CacheRefreshExecutor-0] INFO  com.netflix.discovery.DiscoveryClient - Application is null : false
2022-08-15 15:01:48.937 [DiscoveryClient-CacheRefreshExecutor-0] INFO  com.netflix.discovery.DiscoveryClient - Registered Applications size is zero : true
2022-08-15 15:01:48.937 [DiscoveryClient-CacheRefreshExecutor-0] INFO  com.netflix.discovery.DiscoveryClient - Application version is -1: false
2022-08-15 15:01:48.937 [DiscoveryClient-CacheRefreshExecutor-0] INFO  com.netflix.discovery.DiscoveryClient - Getting all instance registry info from the eureka server
2022-08-15 15:01:48.975 [DiscoveryClient-CacheRefreshExecutor-0] INFO  com.netflix.discovery.DiscoveryClient - The response status is 200
2022-08-15 15:06:18.803 [AsyncResolver-bootstrap-executor-0] INFO  c.n.d.shared.resolver.aws.ConfigClusterResolver - Resolving eureka endpoints via configuration
2022-08-15 15:11:18.819 [AsyncResolver-bootstrap-executor-0] INFO  c.n.d.shared.resolver.aws.ConfigClusterResolver - Resolving eureka endpoints via configuration
2022-08-15 15:13:21.247 [http-nio-8002-exec-1] INFO  o.a.c.core.ContainerBase.[Tomcat].[localhost].[/] - Initializing Spring DispatcherServlet 'dispatcherServlet'
2022-08-15 15:13:21.247 [http-nio-8002-exec-1] INFO  org.springframework.web.servlet.DispatcherServlet - Initializing Servlet 'dispatcherServlet'
2022-08-15 15:13:21.260 [http-nio-8002-exec-1] INFO  org.springframework.web.servlet.DispatcherServlet - Completed initialization in 13 ms
2022-08-15 15:13:21.289 [http-nio-8002-exec-1] WARN  o.s.w.s.m.support.DefaultHandlerExceptionResolver - Resolved [org.springframework.http.converter.HttpMessageNotReadableException: JSON parse error: field null expect '[', but {, pos 1, line 1, column 2{
    "formId": 1,
    "restrictType":"and",
    "conditions":[
    ],
    "originId":"xxxxx",
    "fieldIds":["0_t8XGqcUC-ZMMtzkZHGz"]
}; nested exception is com.alibaba.fastjson.JSONException: field null expect '[', but {, pos 1, line 1, column 2{
    "formId": 1,
    "restrictType":"and",
    "conditions":[
    ],
    "originId":"xxxxx",
    "fieldIds":["0_t8XGqcUC-ZMMtzkZHGz"]
}]
2022-08-15 15:13:21.307 [http-nio-8002-exec-1] INFO  center.misaki.device.Aspect.ControllerLogAop - Request URL: [http://localhost:8002/error], URI: [/error], Request Method: [POST], IP: [127.0.0.1]
2022-08-15 15:13:21.316 [http-nio-8002-exec-1] INFO  center.misaki.device.Aspect.ControllerLogAop - BasicErrorController.error Response: [{"timestamp":1660547601312,"status":400,"error":"Bad Request","message":"JSON parse error: field null expect '[', but {, pos 1, line 1, column 2{\n    \"formId\": 1,\n    \"restrictType\":\"and\",\n    \"conditions\":[\n    ],\n    \"originId\":\"xxxxx\",\n    \"fieldIds\":[\"0_t8XGqcUC-ZMMtzkZHGz\"]\n}; nested exception is com.alibaba.fastjson.JSONException: field null expect '[', but {, pos 1, line 1, column 2{\n    \"formId\": 1,\n    \"restrictType\":\"and\",\n    \"conditions\":[\n    ],\n    \"originId\":\"xxxxx\",\n    \"fieldIds\":[\"0_t8XGqcUC-ZMMtzkZHGz\"]\n}","path":"/link/form/search"}]
2022-08-15 15:13:21.317 [http-nio-8002-exec-1] INFO  center.misaki.device.Aspect.ControllerLogAop - Usage:
StopWatch '/error': running time = 13833000 ns
---------------------------------------------
ns         %     Task name
---------------------------------------------
005398100  039%  PrintRequest
004886200  035%  BasicErrorController#error
003548700  026%  PrintResponse

2022-08-15 15:14:47.872 [http-nio-8002-exec-3] WARN  o.s.w.s.m.support.DefaultHandlerExceptionResolver - Resolved [org.springframework.http.converter.HttpMessageNotReadableException: JSON parse error: field null expect '[', but {, pos 1, line 1, column 2{
    "formId": 1,
    "restrictType":"and",
    "conditions":[],
    "originId":"xxxxx",
    "fieldIds":["0_t8XGqcUC-ZMMtzkZHGz"]
}; nested exception is com.alibaba.fastjson.JSONException: field null expect '[', but {, pos 1, line 1, column 2{
    "formId": 1,
    "restrictType":"and",
    "conditions":[],
    "originId":"xxxxx",
    "fieldIds":["0_t8XGqcUC-ZMMtzkZHGz"]
}]
2022-08-15 15:14:47.873 [http-nio-8002-exec-3] INFO  center.misaki.device.Aspect.ControllerLogAop - Request URL: [http://localhost:8002/error], URI: [/error], Request Method: [POST], IP: [127.0.0.1]
2022-08-15 15:14:47.873 [http-nio-8002-exec-3] INFO  center.misaki.device.Aspect.ControllerLogAop - BasicErrorController.error Response: [{"timestamp":1660547687873,"status":400,"error":"Bad Request","message":"JSON parse error: field null expect '[', but {, pos 1, line 1, column 2{\n    \"formId\": 1,\n    \"restrictType\":\"and\",\n    \"conditions\":[],\n    \"originId\":\"xxxxx\",\n    \"fieldIds\":[\"0_t8XGqcUC-ZMMtzkZHGz\"]\n}; nested exception is com.alibaba.fastjson.JSONException: field null expect '[', but {, pos 1, line 1, column 2{\n    \"formId\": 1,\n    \"restrictType\":\"and\",\n    \"conditions\":[],\n    \"originId\":\"xxxxx\",\n    \"fieldIds\":[\"0_t8XGqcUC-ZMMtzkZHGz\"]\n}","path":"/link/form/search"}]
2022-08-15 15:14:47.873 [http-nio-8002-exec-3] INFO  center.misaki.device.Aspect.ControllerLogAop - Usage:
StopWatch '/error': running time = 333700 ns
---------------------------------------------
ns         %     Task name
---------------------------------------------
000149200  045%  PrintRequest
000039300  012%  BasicErrorController#error
000145200  044%  PrintResponse

2022-08-15 15:14:52.505 [SpringContextShutdownHook] INFO  o.s.c.n.e.serviceregistry.EurekaServiceRegistry - Unregistering application DEVICE-DATA with eureka with status DOWN
2022-08-15 15:14:52.505 [SpringContextShutdownHook] WARN  com.netflix.discovery.DiscoveryClient - Saw local status change event StatusChangeEvent [timestamp=1660547692505, current=DOWN, previous=UP]
2022-08-15 15:14:52.505 [DiscoveryClient-InstanceInfoReplicator-0] INFO  com.netflix.discovery.DiscoveryClient - DiscoveryClient_DEVICE-DATA/localhost:device-data:8002: registering service...
2022-08-15 15:14:52.508 [SpringContextShutdownHook] INFO  o.s.scheduling.concurrent.ThreadPoolTaskExecutor - Shutting down ExecutorService 'applicationTaskExecutor'
2022-08-15 15:14:52.509 [SpringContextShutdownHook] INFO  com.alibaba.druid.pool.DruidDataSource - {dataSource-1} closing ...
2022-08-15 15:14:52.525 [SpringContextShutdownHook] INFO  com.alibaba.druid.pool.DruidDataSource - {dataSource-1} closed
2022-08-15 15:14:52.527 [DiscoveryClient-InstanceInfoReplicator-0] INFO  com.netflix.discovery.DiscoveryClient - DiscoveryClient_DEVICE-DATA/localhost:device-data:8002 - registration status: 204
2022-08-15 15:14:52.528 [SpringContextShutdownHook] INFO  com.netflix.discovery.DiscoveryClient - Shutting down DiscoveryClient ...
2022-08-15 15:14:55.538 [SpringContextShutdownHook] INFO  com.netflix.discovery.DiscoveryClient - Unregistering ...
2022-08-15 15:14:55.558 [SpringContextShutdownHook] INFO  com.netflix.discovery.DiscoveryClient - DiscoveryClient_DEVICE-DATA/localhost:device-data:8002 - deregister  status: 200
2022-08-15 15:14:55.563 [SpringContextShutdownHook] INFO  com.netflix.discovery.DiscoveryClient - Completed shut down of DiscoveryClient
2022-08-15 15:15:01.612 [main] INFO  org.springframework.core.KotlinDetector - Kotlin reflection implementation not found at runtime, related features won't be available.
2022-08-15 15:15:03.339 [main] INFO  o.s.c.s.PostProcessorRegistrationDelegate$BeanPostProcessorChecker - Bean 'org.springframework.cloud.autoconfigure.ConfigurationPropertiesRebinderAutoConfiguration' of type [org.springframework.cloud.autoconfigure.ConfigurationPropertiesRebinderAutoConfiguration] is not eligible for getting processed by all BeanPostProcessors (for example: not eligible for auto-proxying)
2022-08-15 15:15:04.624 [main] INFO  center.misaki.device.DataApp - The following profiles are active: dev
2022-08-15 15:15:05.467 [main] INFO  o.springframework.cloud.context.scope.GenericScope - BeanFactory id=c1a832f6-0581-3e15-9c8c-cab503fd2a6b
2022-08-15 15:15:05.520 [main] INFO  o.s.c.s.PostProcessorRegistrationDelegate$BeanPostProcessorChecker - Bean 'asyncTaskExecutePool' of type [center.misaki.device.Config.AsyncTaskExecutePool$$EnhancerBySpringCGLIB$$22749b4f] is not eligible for getting processed by all BeanPostProcessors (for example: not eligible for auto-proxying)
2022-08-15 15:15:05.601 [main] INFO  o.s.c.s.PostProcessorRegistrationDelegate$BeanPostProcessorChecker - Bean 'org.springframework.transaction.annotation.ProxyTransactionManagementConfiguration' of type [org.springframework.transaction.annotation.ProxyTransactionManagementConfiguration] is not eligible for getting processed by all BeanPostProcessors (for example: not eligible for auto-proxying)
2022-08-15 15:15:05.719 [main] INFO  o.s.c.s.PostProcessorRegistrationDelegate$BeanPostProcessorChecker - Bean 'org.springframework.cloud.autoconfigure.ConfigurationPropertiesRebinderAutoConfiguration' of type [org.springframework.cloud.autoconfigure.ConfigurationPropertiesRebinderAutoConfiguration] is not eligible for getting processed by all BeanPostProcessors (for example: not eligible for auto-proxying)
2022-08-15 15:15:06.011 [main] INFO  o.s.boot.web.embedded.tomcat.TomcatWebServer - Tomcat initialized with port(s): 8002 (http)
2022-08-15 15:15:06.020 [main] INFO  org.apache.coyote.http11.Http11NioProtocol - Initializing ProtocolHandler ["http-nio-8002"]
2022-08-15 15:15:06.020 [main] INFO  org.apache.catalina.core.StandardService - Starting service [Tomcat]
2022-08-15 15:15:06.021 [main] INFO  org.apache.catalina.core.StandardEngine - Starting Servlet engine: [Apache Tomcat/9.0.30]
2022-08-15 15:15:06.115 [main] INFO  o.a.c.core.ContainerBase.[Tomcat].[localhost].[/] - Initializing Spring embedded WebApplicationContext
2022-08-15 15:15:06.116 [main] INFO  org.springframework.web.context.ContextLoader - Root WebApplicationContext: initialization completed in 1473 ms
2022-08-15 15:15:06.507 [main] INFO  c.a.d.s.b.a.DruidDataSourceAutoConfigure - Init DruidDataSource
2022-08-15 15:15:24.054 [main] INFO  com.alibaba.druid.pool.DruidDataSource - {dataSource-1} inited
2022-08-15 15:15:24.931 [main] INFO  o.s.scheduling.concurrent.ThreadPoolTaskExecutor - Initializing ExecutorService 'applicationTaskExecutor'
2022-08-15 15:15:25.191 [main] WARN  com.netflix.config.sources.URLConfigurationSource - No URLs will be polled as dynamic configuration sources.
2022-08-15 15:15:25.192 [main] INFO  com.netflix.config.sources.URLConfigurationSource - To enable URLs as dynamic configuration sources, define System property archaius.configurationSource.additionalUrls or make config.properties available on classpath.
2022-08-15 15:15:25.197 [main] WARN  com.netflix.config.sources.URLConfigurationSource - No URLs will be polled as dynamic configuration sources.
2022-08-15 15:15:25.197 [main] INFO  com.netflix.config.sources.URLConfigurationSource - To enable URLs as dynamic configuration sources, define System property archaius.configurationSource.additionalUrls or make config.properties available on classpath.
2022-08-15 15:15:26.799 [main] INFO  org.springframework.cloud.commons.util.InetUtils - Cannot determine local hostname
2022-08-15 15:15:27.973 [main] INFO  org.springframework.cloud.commons.util.InetUtils - Cannot determine local hostname
2022-08-15 15:15:29.146 [main] INFO  org.springframework.cloud.commons.util.InetUtils - Cannot determine local hostname
2022-08-15 15:15:29.167 [main] WARN  o.s.c.l.c.BlockingLoadBalancerClientAutoConfiguration$BlockingLoadBalancerClientRibbonWarnLogger - You already have RibbonLoadBalancerClient on your classpath. It will be used by default. As Spring Cloud Ribbon is in maintenance mode. We recommend switching to BlockingLoadBalancerClient instead. In order to use it, set the value of `spring.cloud.loadbalancer.ribbon.enabled` to `false` or remove spring-cloud-starter-netflix-ribbon from your project.
2022-08-15 15:15:29.232 [main] WARN  o.s.c.l.c.LoadBalancerCacheAutoConfiguration$LoadBalancerCaffeineWarnLogger - Spring Cloud LoadBalancer is currently working with default default cache. You can switch to using Caffeine cache, by adding it to the classpath.
2022-08-15 15:15:29.311 [main] INFO  o.s.cloud.netflix.eureka.InstanceInfoFactory - Setting initial instance status as: STARTING
2022-08-15 15:15:29.340 [main] INFO  com.netflix.discovery.DiscoveryClient - Initializing Eureka in region us-east-1
2022-08-15 15:15:29.477 [main] INFO  c.n.discovery.provider.DiscoveryJerseyProvider - Using JSON encoding codec LegacyJacksonJson
2022-08-15 15:15:29.477 [main] INFO  c.n.discovery.provider.DiscoveryJerseyProvider - Using JSON decoding codec LegacyJacksonJson
2022-08-15 15:15:29.569 [main] INFO  c.n.discovery.provider.DiscoveryJerseyProvider - Using XML encoding codec XStreamXml
2022-08-15 15:15:29.569 [main] INFO  c.n.discovery.provider.DiscoveryJerseyProvider - Using XML decoding codec XStreamXml
2022-08-15 15:15:29.729 [main] INFO  c.n.d.shared.resolver.aws.ConfigClusterResolver - Resolving eureka endpoints via configuration
2022-08-15 15:15:29.831 [main] INFO  com.netflix.discovery.DiscoveryClient - Disable delta property : false
2022-08-15 15:15:29.831 [main] INFO  com.netflix.discovery.DiscoveryClient - Single vip registry refresh property : null
2022-08-15 15:15:29.831 [main] INFO  com.netflix.discovery.DiscoveryClient - Force full registry fetch : false
2022-08-15 15:15:29.831 [main] INFO  com.netflix.discovery.DiscoveryClient - Application is null : false
2022-08-15 15:15:29.831 [main] INFO  com.netflix.discovery.DiscoveryClient - Registered Applications size is zero : true
2022-08-15 15:15:29.831 [main] INFO  com.netflix.discovery.DiscoveryClient - Application version is -1: true
2022-08-15 15:15:29.832 [main] INFO  com.netflix.discovery.DiscoveryClient - Getting all instance registry info from the eureka server
2022-08-15 15:15:29.959 [main] INFO  com.netflix.discovery.DiscoveryClient - The response status is 200
2022-08-15 15:15:29.961 [main] INFO  com.netflix.discovery.DiscoveryClient - Starting heartbeat executor: renew interval is: 30
2022-08-15 15:15:29.964 [main] INFO  com.netflix.discovery.InstanceInfoReplicator - InstanceInfoReplicator onDemand update allowed rate per min is 4
2022-08-15 15:15:29.967 [main] INFO  com.netflix.discovery.DiscoveryClient - Discovery Client initialized at timestamp 1660547729966 with initial instances count: 2
2022-08-15 15:15:29.973 [main] INFO  o.s.c.n.e.serviceregistry.EurekaServiceRegistry - Registering application DEVICE-DATA with eureka with status UP
2022-08-15 15:15:29.974 [main] INFO  com.netflix.discovery.DiscoveryClient - Saw local status change event StatusChangeEvent [timestamp=1660547729974, current=UP, previous=STARTING]
2022-08-15 15:15:29.976 [DiscoveryClient-InstanceInfoReplicator-0] INFO  com.netflix.discovery.DiscoveryClient - DiscoveryClient_DEVICE-DATA/localhost:device-data:8002: registering service...
2022-08-15 15:15:29.986 [main] INFO  org.apache.coyote.http11.Http11NioProtocol - Starting ProtocolHandler ["http-nio-8002"]
2022-08-15 15:15:30.013 [main] INFO  o.s.boot.web.embedded.tomcat.TomcatWebServer - Tomcat started on port(s): 8002 (http) with context path ''
2022-08-15 15:15:30.014 [DiscoveryClient-InstanceInfoReplicator-0] INFO  com.netflix.discovery.DiscoveryClient - DiscoveryClient_DEVICE-DATA/localhost:device-data:8002 - registration status: 204
2022-08-15 15:15:30.014 [main] INFO  o.s.c.n.e.s.EurekaAutoServiceRegistration - Updating port to 8002
2022-08-15 15:15:31.159 [main] INFO  org.springframework.cloud.commons.util.InetUtils - Cannot determine local hostname
2022-08-15 15:15:31.161 [main] INFO  center.misaki.device.DataApp - Started DataApp in 29.506 seconds (JVM running for 30.899)
2022-08-15 15:16:01.841 [http-nio-8002-exec-1] INFO  o.a.c.core.ContainerBase.[Tomcat].[localhost].[/] - Initializing Spring DispatcherServlet 'dispatcherServlet'
2022-08-15 15:16:01.842 [http-nio-8002-exec-1] INFO  org.springframework.web.servlet.DispatcherServlet - Initializing Servlet 'dispatcherServlet'
2022-08-15 15:16:01.854 [http-nio-8002-exec-1] INFO  org.springframework.web.servlet.DispatcherServlet - Completed initialization in 12 ms
2022-08-15 15:16:01.888 [http-nio-8002-exec-1] WARN  o.s.w.s.m.support.DefaultHandlerExceptionResolver - Resolved [org.springframework.http.converter.HttpMessageNotReadableException: JSON parse error: field null expect '[', but {, pos 1, line 1, column 2{
    "formId": 1,
    "restrictType":"and",
    "conditions":[],
    "originId":"xxxxx",
    "fieldIds":["0_t8XGqcUC-ZMMtzkZHGz"]
}; nested exception is com.alibaba.fastjson.JSONException: field null expect '[', but {, pos 1, line 1, column 2{
    "formId": 1,
    "restrictType":"and",
    "conditions":[],
    "originId":"xxxxx",
    "fieldIds":["0_t8XGqcUC-ZMMtzkZHGz"]
}]
2022-08-15 15:16:01.909 [http-nio-8002-exec-1] INFO  center.misaki.device.Aspect.ControllerLogAop - Request URL: [http://localhost:8002/error], URI: [/error], Request Method: [POST], IP: [127.0.0.1]
2022-08-15 15:16:01.916 [http-nio-8002-exec-1] INFO  center.misaki.device.Aspect.ControllerLogAop - BasicErrorController.error Response: [{"timestamp":1660547761913,"status":400,"error":"Bad Request","message":"JSON parse error: field null expect '[', but {, pos 1, line 1, column 2{\n    \"formId\": 1,\n    \"restrictType\":\"and\",\n    \"conditions\":[],\n    \"originId\":\"xxxxx\",\n    \"fieldIds\":[\"0_t8XGqcUC-ZMMtzkZHGz\"]\n}; nested exception is com.alibaba.fastjson.JSONException: field null expect '[', but {, pos 1, line 1, column 2{\n    \"formId\": 1,\n    \"restrictType\":\"and\",\n    \"conditions\":[],\n    \"originId\":\"xxxxx\",\n    \"fieldIds\":[\"0_t8XGqcUC-ZMMtzkZHGz\"]\n}","path":"/link/form/search"}]
2022-08-15 15:16:01.917 [http-nio-8002-exec-1] INFO  center.misaki.device.Aspect.ControllerLogAop - Usage:
StopWatch '/error': running time = 12319000 ns
---------------------------------------------
ns         %     Task name
---------------------------------------------
005369500  044%  PrintRequest
003944500  032%  BasicErrorController#error
003005000  024%  PrintResponse

2022-08-15 15:17:32.906 [http-nio-8002-exec-5] INFO  center.misaki.device.Aspect.ControllerLogAop - Request URL: [http://localhost:8002/link/form/search], URI: [/link/form/search], Request Method: [POST], IP: [127.0.0.1]
2022-08-15 15:17:32.914 [http-nio-8002-exec-5] INFO  center.misaki.device.Aspect.ControllerLogAop - DataExpendController.dataLinkFormSearch Parameters: [[[{"conditions":[],"fieldIds":["0_t8XGqcUC-ZMMtzkZHGz"],"formId":1,"originId":"xxxxx","restrictType":"and"}],"eJxlUFtPwjAU/i99RkJBMPDGZYMONiIwBjPGlFLCGWu3tB2yGf+7XaIR49v5rjn5PhBlLCukCTLp\r\n3HJQ/IgGRhW8cScsMna54wtzzhQY4BoNXl4biClODVc/uoVHLg3QVP8v5ZIe0l8oMyVoOjwKkGhw\r\nsgnL6VL/JQyXXNhGYmPYwuzCrYh46Z0PUwZL8EhYERwA0USuumxMeuSS77Zjr9+0ppTPhrBMnHaQ\r\nDHGwee4sJ3tr3FbxzjsdhGvidR3AOWu7iq5tichbtOaEg/2KPMaTsFxEDo4j3wQT1vXHGPyE3RYb\r\n0tlX5H0vwq6/cZN4XGcDTaNtcXT7eVw/IkcJgXdg7eDKpiEsUw376KZJivtNeJr3w5LkD2oTdXyC\r\nW/Ka9K7l5DR/m40q6a2C9nXl78R8HaIGKjRX3xPUp6SC2xV80PQC6PMLW9+cmw=="]]
2022-08-15 15:17:33.059 [http-nio-8002-exec-5] INFO  center.misaki.device.Aspect.ControllerLogAop - DataExpendController.dataLinkFormSearch Response: [{"code":0,"data":[{"fieldId":"xxxxx","values":[{"createPerson":"Misaki","createTime":"2022-08-14T18:22:20","formData":"{\"0_t8XGqcUC-ZMMtzkZHGz\":\"组装车间\"}","id":1126,"updatePerson":"Misaki","updateTime":"2022-08-14T18:22:20"},{"createPerson":"Misaki","createTime":"2022-08-14T18:22:20","formData":"{\"0_t8XGqcUC-ZMMtzkZHGz\":\"底盘车间\"}","id":1127,"updatePerson":"Misaki","updateTime":"2022-08-14T18:22:20"},{"createPerson":"Misaki","createTime":"2022-08-14T18:22:20","formData":"{\"0_t8XGqcUC-ZMMtzkZHGz\":\"沉降车间\"}","id":1128,"updatePerson":"Misaki","updateTime":"2022-08-14T18:22:20"},{"createPerson":"Misaki","createTime":"2022-08-14T18:22:21","formData":"{\"0_t8XGqcUC-ZMMtzkZHGz\":\"管道化车间\"}","id":1129,"updatePerson":"Misaki","updateTime":"2022-08-14T18:22:21"},{"createPerson":"Misaki","createTime":"2022-08-14T18:22:21","formData":"{\"0_t8XGqcUC-ZMMtzkZHGz\":\"生产车间\"}","id":1130,"updatePerson":"Misaki","updateTime":"2022-08-14T18:22:21"},{"createPerson":"Misaki","createTime":"2022-08-14T18:22:21","formData":"{\"0_t8XGqcUC-ZMMtzkZHGz\":\"铸造车间\"}","id":1131,"updatePerson":"Misaki","updateTime":"2022-08-14T18:22:21"}],"watchFieldIds":["0_t8XGqcUC-ZMMtzkZHGz"]}],"msg":"获取成功"}]
2022-08-15 15:17:33.059 [http-nio-8002-exec-5] INFO  center.misaki.device.Aspect.ControllerLogAop - Usage:
StopWatch '/link/form/search': running time = 153704600 ns
---------------------------------------------
ns         %     Task name
---------------------------------------------
008133700  005%  PrintRequest
138058500  090%  DataExpendController#dataLinkFormSearch
007512400  005%  PrintResponse

2022-08-15 15:20:29.846 [AsyncResolver-bootstrap-executor-0] INFO  c.n.d.shared.resolver.aws.ConfigClusterResolver - Resolving eureka endpoints via configuration
2022-08-15 15:25:29.859 [AsyncResolver-bootstrap-executor-0] INFO  c.n.d.shared.resolver.aws.ConfigClusterResolver - Resolving eureka endpoints via configuration
2022-08-15 15:30:29.860 [AsyncResolver-bootstrap-executor-0] INFO  c.n.d.shared.resolver.aws.ConfigClusterResolver - Resolving eureka endpoints via configuration
2022-08-15 15:32:10.322 [SpringContextShutdownHook] INFO  o.s.c.n.e.serviceregistry.EurekaServiceRegistry - Unregistering application DEVICE-DATA with eureka with status DOWN
2022-08-15 15:32:10.323 [SpringContextShutdownHook] WARN  com.netflix.discovery.DiscoveryClient - Saw local status change event StatusChangeEvent [timestamp=1660548730323, current=DOWN, previous=UP]
2022-08-15 15:32:10.323 [DiscoveryClient-InstanceInfoReplicator-0] INFO  com.netflix.discovery.DiscoveryClient - DiscoveryClient_DEVICE-DATA/localhost:device-data:8002: registering service...
2022-08-15 15:32:10.326 [SpringContextShutdownHook] INFO  o.s.scheduling.concurrent.ThreadPoolTaskExecutor - Shutting down ExecutorService 'applicationTaskExecutor'
2022-08-15 15:32:10.327 [SpringContextShutdownHook] INFO  com.alibaba.druid.pool.DruidDataSource - {dataSource-1} closing ...
2022-08-15 15:32:10.333 [DiscoveryClient-InstanceInfoReplicator-0] INFO  com.netflix.discovery.DiscoveryClient - DiscoveryClient_DEVICE-DATA/localhost:device-data:8002 - registration status: 204
2022-08-15 15:32:10.341 [SpringContextShutdownHook] INFO  com.alibaba.druid.pool.DruidDataSource - {dataSource-1} closed
2022-08-15 15:32:10.343 [SpringContextShutdownHook] INFO  com.netflix.discovery.DiscoveryClient - Shutting down DiscoveryClient ...
2022-08-15 15:32:13.357 [SpringContextShutdownHook] INFO  com.netflix.discovery.DiscoveryClient - Unregistering ...
2022-08-15 15:32:13.374 [SpringContextShutdownHook] INFO  com.netflix.discovery.DiscoveryClient - DiscoveryClient_DEVICE-DATA/localhost:device-data:8002 - deregister  status: 200
2022-08-15 15:32:13.380 [SpringContextShutdownHook] INFO  com.netflix.discovery.DiscoveryClient - Completed shut down of DiscoveryClient
2022-08-15 15:32:18.540 [main] INFO  org.springframework.core.KotlinDetector - Kotlin reflection implementation not found at runtime, related features won't be available.
2022-08-15 15:32:20.231 [main] INFO  o.s.c.s.PostProcessorRegistrationDelegate$BeanPostProcessorChecker - Bean 'org.springframework.cloud.autoconfigure.ConfigurationPropertiesRebinderAutoConfiguration' of type [org.springframework.cloud.autoconfigure.ConfigurationPropertiesRebinderAutoConfiguration] is not eligible for getting processed by all BeanPostProcessors (for example: not eligible for auto-proxying)
2022-08-15 15:32:21.497 [main] INFO  center.misaki.device.DataApp - The following profiles are active: dev
2022-08-15 15:32:22.212 [main] INFO  o.springframework.cloud.context.scope.GenericScope - BeanFactory id=c1a832f6-0581-3e15-9c8c-cab503fd2a6b
2022-08-15 15:32:22.258 [main] INFO  o.s.c.s.PostProcessorRegistrationDelegate$BeanPostProcessorChecker - Bean 'asyncTaskExecutePool' of type [center.misaki.device.Config.AsyncTaskExecutePool$$EnhancerBySpringCGLIB$$75afd6bf] is not eligible for getting processed by all BeanPostProcessors (for example: not eligible for auto-proxying)
2022-08-15 15:32:22.326 [main] INFO  o.s.c.s.PostProcessorRegistrationDelegate$BeanPostProcessorChecker - Bean 'org.springframework.transaction.annotation.ProxyTransactionManagementConfiguration' of type [org.springframework.transaction.annotation.ProxyTransactionManagementConfiguration] is not eligible for getting processed by all BeanPostProcessors (for example: not eligible for auto-proxying)
2022-08-15 15:32:22.423 [main] INFO  o.s.c.s.PostProcessorRegistrationDelegate$BeanPostProcessorChecker - Bean 'org.springframework.cloud.autoconfigure.ConfigurationPropertiesRebinderAutoConfiguration' of type [org.springframework.cloud.autoconfigure.ConfigurationPropertiesRebinderAutoConfiguration] is not eligible for getting processed by all BeanPostProcessors (for example: not eligible for auto-proxying)
2022-08-15 15:32:22.625 [main] INFO  o.s.boot.web.embedded.tomcat.TomcatWebServer - Tomcat initialized with port(s): 8002 (http)
2022-08-15 15:32:22.634 [main] INFO  org.apache.coyote.http11.Http11NioProtocol - Initializing ProtocolHandler ["http-nio-8002"]
2022-08-15 15:32:22.634 [main] INFO  org.apache.catalina.core.StandardService - Starting service [Tomcat]
2022-08-15 15:32:22.634 [main] INFO  org.apache.catalina.core.StandardEngine - Starting Servlet engine: [Apache Tomcat/9.0.30]
2022-08-15 15:32:22.773 [main] INFO  o.a.c.core.ContainerBase.[Tomcat].[localhost].[/] - Initializing Spring embedded WebApplicationContext
2022-08-15 15:32:22.773 [main] INFO  org.springframework.web.context.ContextLoader - Root WebApplicationContext: initialization completed in 1259 ms
2022-08-15 15:32:23.072 [main] INFO  c.a.d.s.b.a.DruidDataSourceAutoConfigure - Init DruidDataSource
2022-08-15 15:32:40.519 [main] INFO  com.alibaba.druid.pool.DruidDataSource - {dataSource-1} inited
2022-08-15 15:32:41.229 [main] INFO  o.s.scheduling.concurrent.ThreadPoolTaskExecutor - Initializing ExecutorService 'applicationTaskExecutor'
2022-08-15 15:32:41.435 [main] WARN  com.netflix.config.sources.URLConfigurationSource - No URLs will be polled as dynamic configuration sources.
2022-08-15 15:32:41.436 [main] INFO  com.netflix.config.sources.URLConfigurationSource - To enable URLs as dynamic configuration sources, define System property archaius.configurationSource.additionalUrls or make config.properties available on classpath.
2022-08-15 15:32:41.438 [main] WARN  com.netflix.config.sources.URLConfigurationSource - No URLs will be polled as dynamic configuration sources.
2022-08-15 15:32:41.438 [main] INFO  com.netflix.config.sources.URLConfigurationSource - To enable URLs as dynamic configuration sources, define System property archaius.configurationSource.additionalUrls or make config.properties available on classpath.
2022-08-15 15:32:42.960 [main] INFO  org.springframework.cloud.commons.util.InetUtils - Cannot determine local hostname
2022-08-15 15:32:44.132 [main] INFO  org.springframework.cloud.commons.util.InetUtils - Cannot determine local hostname
2022-08-15 15:32:45.297 [main] INFO  org.springframework.cloud.commons.util.InetUtils - Cannot determine local hostname
2022-08-15 15:32:45.317 [main] WARN  o.s.c.l.c.BlockingLoadBalancerClientAutoConfiguration$BlockingLoadBalancerClientRibbonWarnLogger - You already have RibbonLoadBalancerClient on your classpath. It will be used by default. As Spring Cloud Ribbon is in maintenance mode. We recommend switching to BlockingLoadBalancerClient instead. In order to use it, set the value of `spring.cloud.loadbalancer.ribbon.enabled` to `false` or remove spring-cloud-starter-netflix-ribbon from your project.
2022-08-15 15:32:45.365 [main] WARN  o.s.c.l.c.LoadBalancerCacheAutoConfiguration$LoadBalancerCaffeineWarnLogger - Spring Cloud LoadBalancer is currently working with default default cache. You can switch to using Caffeine cache, by adding it to the classpath.
2022-08-15 15:32:45.445 [main] INFO  o.s.cloud.netflix.eureka.InstanceInfoFactory - Setting initial instance status as: STARTING
2022-08-15 15:32:45.467 [main] INFO  com.netflix.discovery.DiscoveryClient - Initializing Eureka in region us-east-1
2022-08-15 15:32:45.585 [main] INFO  c.n.discovery.provider.DiscoveryJerseyProvider - Using JSON encoding codec LegacyJacksonJson
2022-08-15 15:32:45.585 [main] INFO  c.n.discovery.provider.DiscoveryJerseyProvider - Using JSON decoding codec LegacyJacksonJson
2022-08-15 15:32:45.658 [main] INFO  c.n.discovery.provider.DiscoveryJerseyProvider - Using XML encoding codec XStreamXml
2022-08-15 15:32:45.658 [main] INFO  c.n.discovery.provider.DiscoveryJerseyProvider - Using XML decoding codec XStreamXml
2022-08-15 15:32:45.760 [main] INFO  c.n.d.shared.resolver.aws.ConfigClusterResolver - Resolving eureka endpoints via configuration
2022-08-15 15:32:45.861 [main] INFO  com.netflix.discovery.DiscoveryClient - Disable delta property : false
2022-08-15 15:32:45.861 [main] INFO  com.netflix.discovery.DiscoveryClient - Single vip registry refresh property : null
2022-08-15 15:32:45.862 [main] INFO  com.netflix.discovery.DiscoveryClient - Force full registry fetch : false
2022-08-15 15:32:45.862 [main] INFO  com.netflix.discovery.DiscoveryClient - Application is null : false
2022-08-15 15:32:45.862 [main] INFO  com.netflix.discovery.DiscoveryClient - Registered Applications size is zero : true
2022-08-15 15:32:45.862 [main] INFO  com.netflix.discovery.DiscoveryClient - Application version is -1: true
2022-08-15 15:32:45.862 [main] INFO  com.netflix.discovery.DiscoveryClient - Getting all instance registry info from the eureka server
2022-08-15 15:32:45.960 [main] INFO  com.netflix.discovery.DiscoveryClient - The response status is 200
2022-08-15 15:32:45.961 [main] INFO  com.netflix.discovery.DiscoveryClient - Starting heartbeat executor: renew interval is: 30
2022-08-15 15:32:45.964 [main] INFO  com.netflix.discovery.InstanceInfoReplicator - InstanceInfoReplicator onDemand update allowed rate per min is 4
2022-08-15 15:32:45.966 [main] INFO  com.netflix.discovery.DiscoveryClient - Discovery Client initialized at timestamp 1660548765966 with initial instances count: 2
2022-08-15 15:32:45.971 [main] INFO  o.s.c.n.e.serviceregistry.EurekaServiceRegistry - Registering application DEVICE-DATA with eureka with status UP
2022-08-15 15:32:45.972 [main] INFO  com.netflix.discovery.DiscoveryClient - Saw local status change event StatusChangeEvent [timestamp=1660548765972, current=UP, previous=STARTING]
2022-08-15 15:32:45.973 [DiscoveryClient-InstanceInfoReplicator-0] INFO  com.netflix.discovery.DiscoveryClient - DiscoveryClient_DEVICE-DATA/localhost:device-data:8002: registering service...
2022-08-15 15:32:45.981 [main] INFO  org.apache.coyote.http11.Http11NioProtocol - Starting ProtocolHandler ["http-nio-8002"]
2022-08-15 15:32:46.001 [main] INFO  o.s.boot.web.embedded.tomcat.TomcatWebServer - Tomcat started on port(s): 8002 (http) with context path ''
2022-08-15 15:32:46.001 [main] INFO  o.s.c.n.e.s.EurekaAutoServiceRegistration - Updating port to 8002
2022-08-15 15:32:46.012 [DiscoveryClient-InstanceInfoReplicator-0] INFO  com.netflix.discovery.DiscoveryClient - DiscoveryClient_DEVICE-DATA/localhost:device-data:8002 - registration status: 204
2022-08-15 15:32:47.151 [main] INFO  org.springframework.cloud.commons.util.InetUtils - Cannot determine local hostname
2022-08-15 15:32:47.154 [main] INFO  center.misaki.device.DataApp - Started DataApp in 28.567 seconds (JVM running for 29.36)
2022-08-15 15:34:47.787 [http-nio-8002-exec-3] INFO  o.a.c.core.ContainerBase.[Tomcat].[localhost].[/] - Initializing Spring DispatcherServlet 'dispatcherServlet'
2022-08-15 15:34:47.787 [http-nio-8002-exec-3] INFO  org.springframework.web.servlet.DispatcherServlet - Initializing Servlet 'dispatcherServlet'
2022-08-15 15:34:47.798 [http-nio-8002-exec-3] INFO  org.springframework.web.servlet.DispatcherServlet - Completed initialization in 11 ms
2022-08-15 15:34:47.847 [http-nio-8002-exec-3] INFO  center.misaki.device.Aspect.ControllerLogAop - Request URL: [http://localhost:8002/FastQuery], URI: [/FastQuery], Request Method: [POST], IP: [127.0.0.1]
2022-08-15 15:34:47.850 [http-nio-8002-exec-3] INFO  center.misaki.device.Aspect.ControllerLogAop - DataAccessController.fastQuery Parameters: [[[1132,1134],"eJxlUFtPwjAU/i99RkJBMPDGZYMONiIwBjPGlFLCGWu3tB2yGf+7XaIR49v5rjn5PhBlLCukCTLp\r\n3HJQ/IgGRhW8cScsMna54wtzzhQY4BoNXl4biClODVc/uoVHLg3QVP8v5ZIe0l8oMyVoOjwKkGhw\r\nsgnL6VL/JQyXXNhGYmPYwuzCrYh46Z0PUwZL8EhYERwA0USuumxMeuSS77Zjr9+0ppTPhrBMnHaQ\r\nDHGwee4sJ3tr3FbxzjsdhGvidR3AOWu7iq5tichbtOaEg/2KPMaTsFxEDo4j3wQT1vXHGPyE3RYb\r\n0tlX5H0vwq6/cZN4XGcDTaNtcXT7eVw/IkcJgXdg7eDKpiEsUw376KZJivtNeJr3w5LkD2oTdXyC\r\nW/Ka9K7l5DR/m40q6a2C9nXl78R8HaIGKjRX3xPUp6SC2xV80PQC6PMLW9+cmw=="]]
2022-08-15 15:34:48.126 [http-nio-8002-exec-3] INFO  center.misaki.device.Aspect.ControllerLogAop - DataAccessController.fastQuery Response: [{"code":0,"data":[{"createPerson":"Misaki","createTime":"2022-08-14T18:22:42","formData":"{\"0_3yRQTs7Rz4HzwTVnefs\":\"消防设备\"}","id":1132,"updatePerson":"Misaki","updateTime":"2022-08-14T18:22:42"},{"createPerson":"Misaki","createTime":"2022-08-14T18:22:42","formData":"{\"0_3yRQTs7Rz4HzwTVnefs\":\"生产设备\"}","id":1134,"updatePerson":"Misaki","updateTime":"2022-08-14T18:22:42"}],"msg":"查询成功"}]
2022-08-15 15:34:48.127 [http-nio-8002-exec-3] INFO  center.misaki.device.Aspect.ControllerLogAop - Usage:
StopWatch '/FastQuery': running time = 285020100 ns
---------------------------------------------
ns         %     Task name
---------------------------------------------
008509300  003%  PrintRequest
262150400  092%  DataAccessController#fastQuery
014360400  005%  PrintResponse

2022-08-15 15:37:23.106 [SpringContextShutdownHook] INFO  o.s.c.n.e.serviceregistry.EurekaServiceRegistry - Unregistering application DEVICE-DATA with eureka with status DOWN
2022-08-15 15:37:23.106 [SpringContextShutdownHook] WARN  com.netflix.discovery.DiscoveryClient - Saw local status change event StatusChangeEvent [timestamp=1660549043106, current=DOWN, previous=UP]
2022-08-15 15:37:23.107 [DiscoveryClient-InstanceInfoReplicator-0] INFO  com.netflix.discovery.DiscoveryClient - DiscoveryClient_DEVICE-DATA/localhost:device-data:8002: registering service...
2022-08-15 15:37:23.110 [SpringContextShutdownHook] INFO  o.s.scheduling.concurrent.ThreadPoolTaskExecutor - Shutting down ExecutorService 'applicationTaskExecutor'
2022-08-15 15:37:23.110 [SpringContextShutdownHook] INFO  com.alibaba.druid.pool.DruidDataSource - {dataSource-1} closing ...
2022-08-15 15:37:23.123 [SpringContextShutdownHook] INFO  com.alibaba.druid.pool.DruidDataSource - {dataSource-1} closed
2022-08-15 15:37:23.126 [SpringContextShutdownHook] INFO  com.netflix.discovery.DiscoveryClient - Shutting down DiscoveryClient ...
2022-08-15 15:37:23.127 [DiscoveryClient-InstanceInfoReplicator-0] ERROR c.n.d.s.t.decorator.RedirectingEurekaHttpClient - Request execution error. endpoint=DefaultEndpoint{ serviceUrl='http://localhost:18761/eureka/}
com.sun.jersey.api.client.ClientHandlerException: org.apache.http.NoHttpResponseException: localhost:18761 failed to respond
	at com.sun.jersey.client.apache4.ApacheHttpClient4Handler.handle(ApacheHttpClient4Handler.java:187)
	at com.sun.jersey.api.client.filter.GZIPContentEncodingFilter.handle(GZIPContentEncodingFilter.java:123)
	at com.netflix.discovery.EurekaIdentityHeaderFilter.handle(EurekaIdentityHeaderFilter.java:27)
	at com.sun.jersey.api.client.Client.handle(Client.java:652)
	at com.sun.jersey.api.client.WebResource.handle(WebResource.java:682)
	at com.sun.jersey.api.client.WebResource.access$200(WebResource.java:74)
	at com.sun.jersey.api.client.WebResource$Builder.post(WebResource.java:570)
	at com.netflix.discovery.shared.transport.jersey.AbstractJerseyEurekaHttpClient.register(AbstractJerseyEurekaHttpClient.java:56)
	at com.netflix.discovery.shared.transport.decorator.EurekaHttpClientDecorator$1.execute(EurekaHttpClientDecorator.java:59)
	at com.netflix.discovery.shared.transport.decorator.MetricsCollectingEurekaHttpClient.execute(MetricsCollectingEurekaHttpClient.java:73)
	at com.netflix.discovery.shared.transport.decorator.EurekaHttpClientDecorator.register(EurekaHttpClientDecorator.java:56)
	at com.netflix.discovery.shared.transport.decorator.EurekaHttpClientDecorator$1.execute(EurekaHttpClientDecorator.java:59)
	at com.netflix.discovery.shared.transport.decorator.RedirectingEurekaHttpClient.execute(RedirectingEurekaHttpClient.java:89)
	at com.netflix.discovery.shared.transport.decorator.EurekaHttpClientDecorator.register(EurekaHttpClientDecorator.java:56)
	at com.netflix.discovery.shared.transport.decorator.EurekaHttpClientDecorator$1.execute(EurekaHttpClientDecorator.java:59)
	at com.netflix.discovery.shared.transport.decorator.RetryableEurekaHttpClient.execute(RetryableEurekaHttpClient.java:120)
	at com.netflix.discovery.shared.transport.decorator.EurekaHttpClientDecorator.register(EurekaHttpClientDecorator.java:56)
	at com.netflix.discovery.shared.transport.decorator.EurekaHttpClientDecorator$1.execute(EurekaHttpClientDecorator.java:59)
	at com.netflix.discovery.shared.transport.decorator.SessionedEurekaHttpClient.execute(SessionedEurekaHttpClient.java:77)
	at com.netflix.discovery.shared.transport.decorator.EurekaHttpClientDecorator.register(EurekaHttpClientDecorator.java:56)
	at com.netflix.discovery.DiscoveryClient.register(DiscoveryClient.java:847)
	at com.netflix.discovery.InstanceInfoReplicator.run(InstanceInfoReplicator.java:121)
	at com.netflix.discovery.InstanceInfoReplicator$1.run(InstanceInfoReplicator.java:101)
	at java.util.concurrent.Executors$RunnableAdapter.call(Executors.java:511)
	at java.util.concurrent.FutureTask.run(FutureTask.java:266)
	at java.util.concurrent.ScheduledThreadPoolExecutor$ScheduledFutureTask.access$201(ScheduledThreadPoolExecutor.java:180)
	at java.util.concurrent.ScheduledThreadPoolExecutor$ScheduledFutureTask.run(ScheduledThreadPoolExecutor.java:293)
	at java.util.concurrent.ThreadPoolExecutor.runWorker(ThreadPoolExecutor.java:1149)
	at java.util.concurrent.ThreadPoolExecutor$Worker.run(ThreadPoolExecutor.java:624)
	at java.lang.Thread.run(Thread.java:750)
Caused by: org.apache.http.NoHttpResponseException: localhost:18761 failed to respond
	at org.apache.http.impl.conn.DefaultHttpResponseParser.parseHead(DefaultHttpResponseParser.java:141)
	at org.apache.http.impl.conn.DefaultHttpResponseParser.parseHead(DefaultHttpResponseParser.java:56)
	at org.apache.http.impl.io.AbstractMessageParser.parse(AbstractMessageParser.java:259)
	at org.apache.http.impl.AbstractHttpClientConnection.receiveResponseHeader(AbstractHttpClientConnection.java:294)
	at org.apache.http.impl.conn.DefaultClientConnection.receiveResponseHeader(DefaultClientConnection.java:257)
	at org.apache.http.impl.conn.AbstractClientConnAdapter.receiveResponseHeader(AbstractClientConnAdapter.java:230)
	at org.apache.http.protocol.HttpRequestExecutor.doReceiveResponse(HttpRequestExecutor.java:273)
	at org.apache.http.protocol.HttpRequestExecutor.execute(HttpRequestExecutor.java:125)
	at org.apache.http.impl.client.DefaultRequestDirector.tryExecute(DefaultRequestDirector.java:679)
	at org.apache.http.impl.client.DefaultRequestDirector.execute(DefaultRequestDirector.java:481)
	at org.apache.http.impl.client.AbstractHttpClient.doExecute(AbstractHttpClient.java:835)
	at org.apache.http.impl.client.CloseableHttpClient.execute(CloseableHttpClient.java:118)
	at org.apache.http.impl.client.CloseableHttpClient.execute(CloseableHttpClient.java:56)
	at com.sun.jersey.client.apache4.ApacheHttpClient4Handler.handle(ApacheHttpClient4Handler.java:173)
	... 29 common frames omitted
2022-08-15 15:37:23.128 [DiscoveryClient-InstanceInfoReplicator-0] WARN  c.n.d.s.t.decorator.RetryableEurekaHttpClient - Request execution failed with message: org.apache.http.NoHttpResponseException: localhost:18761 failed to respond
2022-08-15 15:37:23.135 [DiscoveryClient-InstanceInfoReplicator-0] ERROR c.n.d.s.t.decorator.RedirectingEurekaHttpClient - Request execution error. endpoint=DefaultEndpoint{ serviceUrl='http://localhost:18761/eureka/}
com.sun.jersey.api.client.ClientHandlerException: org.apache.http.NoHttpResponseException: localhost:18761 failed to respond
	at com.sun.jersey.client.apache4.ApacheHttpClient4Handler.handle(ApacheHttpClient4Handler.java:187)
	at com.sun.jersey.api.client.filter.GZIPContentEncodingFilter.handle(GZIPContentEncodingFilter.java:123)
	at com.netflix.discovery.EurekaIdentityHeaderFilter.handle(EurekaIdentityHeaderFilter.java:27)
	at com.sun.jersey.api.client.Client.handle(Client.java:652)
	at com.sun.jersey.api.client.WebResource.handle(WebResource.java:682)
	at com.sun.jersey.api.client.WebResource.access$200(WebResource.java:74)
	at com.sun.jersey.api.client.WebResource$Builder.post(WebResource.java:570)
	at com.netflix.discovery.shared.transport.jersey.AbstractJerseyEurekaHttpClient.register(AbstractJerseyEurekaHttpClient.java:56)
	at com.netflix.discovery.shared.transport.decorator.EurekaHttpClientDecorator$1.execute(EurekaHttpClientDecorator.java:59)
	at com.netflix.discovery.shared.transport.decorator.MetricsCollectingEurekaHttpClient.execute(MetricsCollectingEurekaHttpClient.java:73)
	at com.netflix.discovery.shared.transport.decorator.EurekaHttpClientDecorator.register(EurekaHttpClientDecorator.java:56)
	at com.netflix.discovery.shared.transport.decorator.EurekaHttpClientDecorator$1.execute(EurekaHttpClientDecorator.java:59)
	at com.netflix.discovery.shared.transport.decorator.RedirectingEurekaHttpClient.executeOnNewServer(RedirectingEurekaHttpClient.java:118)
	at com.netflix.discovery.shared.transport.decorator.RedirectingEurekaHttpClient.execute(RedirectingEurekaHttpClient.java:79)
	at com.netflix.discovery.shared.transport.decorator.EurekaHttpClientDecorator.register(EurekaHttpClientDecorator.java:56)
	at com.netflix.discovery.shared.transport.decorator.EurekaHttpClientDecorator$1.execute(EurekaHttpClientDecorator.java:59)
	at com.netflix.discovery.shared.transport.decorator.RetryableEurekaHttpClient.execute(RetryableEurekaHttpClient.java:120)
	at com.netflix.discovery.shared.transport.decorator.EurekaHttpClientDecorator.register(EurekaHttpClientDecorator.java:56)
	at com.netflix.discovery.shared.transport.decorator.EurekaHttpClientDecorator$1.execute(EurekaHttpClientDecorator.java:59)
	at com.netflix.discovery.shared.transport.decorator.SessionedEurekaHttpClient.execute(SessionedEurekaHttpClient.java:77)
	at com.netflix.discovery.shared.transport.decorator.EurekaHttpClientDecorator.register(EurekaHttpClientDecorator.java:56)
	at com.netflix.discovery.DiscoveryClient.register(DiscoveryClient.java:847)
	at com.netflix.discovery.InstanceInfoReplicator.run(InstanceInfoReplicator.java:121)
	at com.netflix.discovery.InstanceInfoReplicator$1.run(InstanceInfoReplicator.java:101)
	at java.util.concurrent.Executors$RunnableAdapter.call(Executors.java:511)
	at java.util.concurrent.FutureTask.run(FutureTask.java:266)
	at java.util.concurrent.ScheduledThreadPoolExecutor$ScheduledFutureTask.access$201(ScheduledThreadPoolExecutor.java:180)
	at java.util.concurrent.ScheduledThreadPoolExecutor$ScheduledFutureTask.run(ScheduledThreadPoolExecutor.java:293)
	at java.util.concurrent.ThreadPoolExecutor.runWorker(ThreadPoolExecutor.java:1149)
	at java.util.concurrent.ThreadPoolExecutor$Worker.run(ThreadPoolExecutor.java:624)
	at java.lang.Thread.run(Thread.java:750)
Caused by: org.apache.http.NoHttpResponseException: localhost:18761 failed to respond
	at org.apache.http.impl.conn.DefaultHttpResponseParser.parseHead(DefaultHttpResponseParser.java:141)
	at org.apache.http.impl.conn.DefaultHttpResponseParser.parseHead(DefaultHttpResponseParser.java:56)
	at org.apache.http.impl.io.AbstractMessageParser.parse(AbstractMessageParser.java:259)
	at org.apache.http.impl.AbstractHttpClientConnection.receiveResponseHeader(AbstractHttpClientConnection.java:294)
	at org.apache.http.impl.conn.DefaultClientConnection.receiveResponseHeader(DefaultClientConnection.java:257)
	at org.apache.http.impl.conn.AbstractClientConnAdapter.receiveResponseHeader(AbstractClientConnAdapter.java:230)
	at org.apache.http.protocol.HttpRequestExecutor.doReceiveResponse(HttpRequestExecutor.java:273)
	at org.apache.http.protocol.HttpRequestExecutor.execute(HttpRequestExecutor.java:125)
	at org.apache.http.impl.client.DefaultRequestDirector.tryExecute(DefaultRequestDirector.java:679)
	at org.apache.http.impl.client.DefaultRequestDirector.execute(DefaultRequestDirector.java:481)
	at org.apache.http.impl.client.AbstractHttpClient.doExecute(AbstractHttpClient.java:835)
	at org.apache.http.impl.client.CloseableHttpClient.execute(CloseableHttpClient.java:118)
	at org.apache.http.impl.client.CloseableHttpClient.execute(CloseableHttpClient.java:56)
	at com.sun.jersey.client.apache4.ApacheHttpClient4Handler.handle(ApacheHttpClient4Handler.java:173)
	... 30 common frames omitted
2022-08-15 15:37:23.135 [DiscoveryClient-InstanceInfoReplicator-0] WARN  c.n.d.s.t.decorator.RetryableEurekaHttpClient - Request execution failed with message: org.apache.http.NoHttpResponseException: localhost:18761 failed to respond
2022-08-15 15:37:23.135 [DiscoveryClient-InstanceInfoReplicator-0] WARN  com.netflix.discovery.DiscoveryClient - DiscoveryClient_DEVICE-DATA/localhost:device-data:8002 - registration failed Cannot execute request on any known server
com.netflix.discovery.shared.transport.TransportException: Cannot execute request on any known server
	at com.netflix.discovery.shared.transport.decorator.RetryableEurekaHttpClient.execute(RetryableEurekaHttpClient.java:112)
	at com.netflix.discovery.shared.transport.decorator.EurekaHttpClientDecorator.register(EurekaHttpClientDecorator.java:56)
	at com.netflix.discovery.shared.transport.decorator.EurekaHttpClientDecorator$1.execute(EurekaHttpClientDecorator.java:59)
	at com.netflix.discovery.shared.transport.decorator.SessionedEurekaHttpClient.execute(SessionedEurekaHttpClient.java:77)
	at com.netflix.discovery.shared.transport.decorator.EurekaHttpClientDecorator.register(EurekaHttpClientDecorator.java:56)
	at com.netflix.discovery.DiscoveryClient.register(DiscoveryClient.java:847)
	at com.netflix.discovery.InstanceInfoReplicator.run(InstanceInfoReplicator.java:121)
	at com.netflix.discovery.InstanceInfoReplicator$1.run(InstanceInfoReplicator.java:101)
	at java.util.concurrent.Executors$RunnableAdapter.call(Executors.java:511)
	at java.util.concurrent.FutureTask.run(FutureTask.java:266)
	at java.util.concurrent.ScheduledThreadPoolExecutor$ScheduledFutureTask.access$201(ScheduledThreadPoolExecutor.java:180)
	at java.util.concurrent.ScheduledThreadPoolExecutor$ScheduledFutureTask.run(ScheduledThreadPoolExecutor.java:293)
	at java.util.concurrent.ThreadPoolExecutor.runWorker(ThreadPoolExecutor.java:1149)
	at java.util.concurrent.ThreadPoolExecutor$Worker.run(ThreadPoolExecutor.java:624)
	at java.lang.Thread.run(Thread.java:750)
2022-08-15 15:37:23.136 [DiscoveryClient-InstanceInfoReplicator-0] WARN  com.netflix.discovery.InstanceInfoReplicator - There was a problem with the instance info replicator
com.netflix.discovery.shared.transport.TransportException: Cannot execute request on any known server
	at com.netflix.discovery.shared.transport.decorator.RetryableEurekaHttpClient.execute(RetryableEurekaHttpClient.java:112)
	at com.netflix.discovery.shared.transport.decorator.EurekaHttpClientDecorator.register(EurekaHttpClientDecorator.java:56)
	at com.netflix.discovery.shared.transport.decorator.EurekaHttpClientDecorator$1.execute(EurekaHttpClientDecorator.java:59)
	at com.netflix.discovery.shared.transport.decorator.SessionedEurekaHttpClient.execute(SessionedEurekaHttpClient.java:77)
	at com.netflix.discovery.shared.transport.decorator.EurekaHttpClientDecorator.register(EurekaHttpClientDecorator.java:56)
	at com.netflix.discovery.DiscoveryClient.register(DiscoveryClient.java:847)
	at com.netflix.discovery.InstanceInfoReplicator.run(InstanceInfoReplicator.java:121)
	at com.netflix.discovery.InstanceInfoReplicator$1.run(InstanceInfoReplicator.java:101)
	at java.util.concurrent.Executors$RunnableAdapter.call(Executors.java:511)
	at java.util.concurrent.FutureTask.run(FutureTask.java:266)
	at java.util.concurrent.ScheduledThreadPoolExecutor$ScheduledFutureTask.access$201(ScheduledThreadPoolExecutor.java:180)
	at java.util.concurrent.ScheduledThreadPoolExecutor$ScheduledFutureTask.run(ScheduledThreadPoolExecutor.java:293)
	at java.util.concurrent.ThreadPoolExecutor.runWorker(ThreadPoolExecutor.java:1149)
	at java.util.concurrent.ThreadPoolExecutor$Worker.run(ThreadPoolExecutor.java:624)
	at java.lang.Thread.run(Thread.java:750)
2022-08-15 15:37:23.136 [SpringContextShutdownHook] INFO  com.netflix.discovery.DiscoveryClient - Unregistering ...
2022-08-15 15:37:23.138 [SpringContextShutdownHook] INFO  org.apache.http.impl.client.DefaultHttpClient - I/O exception (java.net.SocketException) caught when processing request to {}->http://localhost:18761: Software caused connection abort: recv failed
2022-08-15 15:37:23.139 [SpringContextShutdownHook] INFO  org.apache.http.impl.client.DefaultHttpClient - Retrying request to {}->http://localhost:18761
2022-08-15 15:37:23.229 [SpringContextShutdownHook] INFO  org.apache.http.impl.client.DefaultHttpClient - I/O exception (java.net.SocketException) caught when processing request to {}->http://localhost:18761: Connection reset
2022-08-15 15:37:23.230 [SpringContextShutdownHook] INFO  org.apache.http.impl.client.DefaultHttpClient - Retrying request to {}->http://localhost:18761
2022-08-15 15:37:27.306 [SpringContextShutdownHook] ERROR c.n.d.s.t.decorator.RedirectingEurekaHttpClient - Request execution error. endpoint=DefaultEndpoint{ serviceUrl='http://localhost:18761/eureka/}
com.sun.jersey.api.client.ClientHandlerException: java.net.ConnectException: Connection refused: connect
	at com.sun.jersey.client.apache4.ApacheHttpClient4Handler.handle(ApacheHttpClient4Handler.java:187)
	at com.sun.jersey.api.client.filter.GZIPContentEncodingFilter.handle(GZIPContentEncodingFilter.java:123)
	at com.netflix.discovery.EurekaIdentityHeaderFilter.handle(EurekaIdentityHeaderFilter.java:27)
	at com.sun.jersey.api.client.Client.handle(Client.java:652)
	at com.sun.jersey.api.client.WebResource.handle(WebResource.java:682)
	at com.sun.jersey.api.client.WebResource.access$200(WebResource.java:74)
	at com.sun.jersey.api.client.WebResource$Builder.delete(WebResource.java:591)
	at com.netflix.discovery.shared.transport.jersey.AbstractJerseyEurekaHttpClient.cancel(AbstractJerseyEurekaHttpClient.java:76)
	at com.netflix.discovery.shared.transport.decorator.EurekaHttpClientDecorator$2.execute(EurekaHttpClientDecorator.java:74)
	at com.netflix.discovery.shared.transport.decorator.MetricsCollectingEurekaHttpClient.execute(MetricsCollectingEurekaHttpClient.java:73)
	at com.netflix.discovery.shared.transport.decorator.EurekaHttpClientDecorator.cancel(EurekaHttpClientDecorator.java:71)
	at com.netflix.discovery.shared.transport.decorator.EurekaHttpClientDecorator$2.execute(EurekaHttpClientDecorator.java:74)
	at com.netflix.discovery.shared.transport.decorator.RedirectingEurekaHttpClient.executeOnNewServer(RedirectingEurekaHttpClient.java:118)
	at com.netflix.discovery.shared.transport.decorator.RedirectingEurekaHttpClient.execute(RedirectingEurekaHttpClient.java:79)
	at com.netflix.discovery.shared.transport.decorator.EurekaHttpClientDecorator.cancel(EurekaHttpClientDecorator.java:71)
	at com.netflix.discovery.shared.transport.decorator.EurekaHttpClientDecorator$2.execute(EurekaHttpClientDecorator.java:74)
	at com.netflix.discovery.shared.transport.decorator.RetryableEurekaHttpClient.execute(RetryableEurekaHttpClient.java:120)
	at com.netflix.discovery.shared.transport.decorator.EurekaHttpClientDecorator.cancel(EurekaHttpClientDecorator.java:71)
	at com.netflix.discovery.shared.transport.decorator.EurekaHttpClientDecorator$2.execute(EurekaHttpClientDecorator.java:74)
	at com.netflix.discovery.shared.transport.decorator.SessionedEurekaHttpClient.execute(SessionedEurekaHttpClient.java:77)
	at com.netflix.discovery.shared.transport.decorator.EurekaHttpClientDecorator.cancel(EurekaHttpClientDecorator.java:71)
	at com.netflix.discovery.DiscoveryClient.unregister(DiscoveryClient.java:941)
	at com.netflix.discovery.DiscoveryClient.shutdown(DiscoveryClient.java:919)
	at sun.reflect.NativeMethodAccessorImpl.invoke0(Native Method)
	at sun.reflect.NativeMethodAccessorImpl.invoke(NativeMethodAccessorImpl.java:62)
	at sun.reflect.DelegatingMethodAccessorImpl.invoke(DelegatingMethodAccessorImpl.java:43)
	at java.lang.reflect.Method.invoke(Method.java:498)
	at org.springframework.beans.factory.annotation.InitDestroyAnnotationBeanPostProcessor$LifecycleElement.invoke(InitDestroyAnnotationBeanPostProcessor.java:389)
	at org.springframework.beans.factory.annotation.InitDestroyAnnotationBeanPostProcessor$LifecycleMetadata.invokeDestroyMethods(InitDestroyAnnotationBeanPostProcessor.java:347)
	at org.springframework.beans.factory.annotation.InitDestroyAnnotationBeanPostProcessor.postProcessBeforeDestruction(InitDestroyAnnotationBeanPostProcessor.java:177)
	at org.springframework.beans.factory.support.DisposableBeanAdapter.destroy(DisposableBeanAdapter.java:242)
	at org.springframework.beans.factory.support.DisposableBeanAdapter.run(DisposableBeanAdapter.java:235)
	at org.springframework.cloud.context.scope.GenericScope$BeanLifecycleWrapper.destroy(GenericScope.java:403)
	at org.springframework.cloud.context.scope.GenericScope.destroy(GenericScope.java:142)
	at org.springframework.beans.factory.support.DisposableBeanAdapter.destroy(DisposableBeanAdapter.java:258)
	at org.springframework.beans.factory.support.DefaultSingletonBeanRegistry.destroyBean(DefaultSingletonBeanRegistry.java:571)
	at org.springframework.beans.factory.support.DefaultSingletonBeanRegistry.destroySingleton(DefaultSingletonBeanRegistry.java:543)
	at org.springframework.beans.factory.support.DefaultListableBeanFactory.destroySingleton(DefaultListableBeanFactory.java:1072)
	at org.springframework.beans.factory.support.DefaultSingletonBeanRegistry.destroySingletons(DefaultSingletonBeanRegistry.java:504)
	at org.springframework.beans.factory.support.DefaultListableBeanFactory.destroySingletons(DefaultListableBeanFactory.java:1065)
	at org.springframework.context.support.AbstractApplicationContext.destroyBeans(AbstractApplicationContext.java:1060)
	at org.springframework.context.support.AbstractApplicationContext.doClose(AbstractApplicationContext.java:1029)
	at org.springframework.context.support.AbstractApplicationContext$1.run(AbstractApplicationContext.java:948)
Caused by: java.net.ConnectException: Connection refused: connect
	at java.net.DualStackPlainSocketImpl.waitForConnect(Native Method)
	at java.net.DualStackPlainSocketImpl.socketConnect(DualStackPlainSocketImpl.java:85)
	at java.net.AbstractPlainSocketImpl.doConnect(AbstractPlainSocketImpl.java:350)
	at java.net.AbstractPlainSocketImpl.connectToAddress(AbstractPlainSocketImpl.java:206)
	at java.net.AbstractPlainSocketImpl.connect(AbstractPlainSocketImpl.java:188)
	at java.net.PlainSocketImpl.connect(PlainSocketImpl.java:172)
	at java.net.SocksSocketImpl.connect(SocksSocketImpl.java:392)
	at java.net.Socket.connect(Socket.java:607)
	at org.apache.http.conn.scheme.PlainSocketFactory.connectSocket(PlainSocketFactory.java:121)
	at org.apache.http.impl.conn.DefaultClientConnectionOperator.openConnection(DefaultClientConnectionOperator.java:180)
	at org.apache.http.impl.conn.AbstractPoolEntry.open(AbstractPoolEntry.java:144)
	at org.apache.http.impl.conn.AbstractPooledConnAdapter.open(AbstractPooledConnAdapter.java:134)
	at org.apache.http.impl.client.DefaultRequestDirector.tryExecute(DefaultRequestDirector.java:668)
	at org.apache.http.impl.client.DefaultRequestDirector.execute(DefaultRequestDirector.java:481)
	at org.apache.http.impl.client.AbstractHttpClient.doExecute(AbstractHttpClient.java:835)
	at org.apache.http.impl.client.CloseableHttpClient.execute(CloseableHttpClient.java:118)
	at org.apache.http.impl.client.CloseableHttpClient.execute(CloseableHttpClient.java:56)
	at com.sun.jersey.client.apache4.ApacheHttpClient4Handler.handle(ApacheHttpClient4Handler.java:173)
	... 42 common frames omitted
2022-08-15 15:37:27.307 [SpringContextShutdownHook] WARN  c.n.d.s.t.decorator.RetryableEurekaHttpClient - Request execution failed with message: java.net.ConnectException: Connection refused: connect
2022-08-15 15:37:27.307 [SpringContextShutdownHook] ERROR com.netflix.discovery.DiscoveryClient - DiscoveryClient_DEVICE-DATA/localhost:device-data:8002 - de-registration failedCannot execute request on any known server
com.netflix.discovery.shared.transport.TransportException: Cannot execute request on any known server
	at com.netflix.discovery.shared.transport.decorator.RetryableEurekaHttpClient.execute(RetryableEurekaHttpClient.java:112)
	at com.netflix.discovery.shared.transport.decorator.EurekaHttpClientDecorator.cancel(EurekaHttpClientDecorator.java:71)
	at com.netflix.discovery.shared.transport.decorator.EurekaHttpClientDecorator$2.execute(EurekaHttpClientDecorator.java:74)
	at com.netflix.discovery.shared.transport.decorator.SessionedEurekaHttpClient.execute(SessionedEurekaHttpClient.java:77)
	at com.netflix.discovery.shared.transport.decorator.EurekaHttpClientDecorator.cancel(EurekaHttpClientDecorator.java:71)
	at com.netflix.discovery.DiscoveryClient.unregister(DiscoveryClient.java:941)
	at com.netflix.discovery.DiscoveryClient.shutdown(DiscoveryClient.java:919)
	at sun.reflect.NativeMethodAccessorImpl.invoke0(Native Method)
	at sun.reflect.NativeMethodAccessorImpl.invoke(NativeMethodAccessorImpl.java:62)
	at sun.reflect.DelegatingMethodAccessorImpl.invoke(DelegatingMethodAccessorImpl.java:43)
	at java.lang.reflect.Method.invoke(Method.java:498)
	at org.springframework.beans.factory.annotation.InitDestroyAnnotationBeanPostProcessor$LifecycleElement.invoke(InitDestroyAnnotationBeanPostProcessor.java:389)
	at org.springframework.beans.factory.annotation.InitDestroyAnnotationBeanPostProcessor$LifecycleMetadata.invokeDestroyMethods(InitDestroyAnnotationBeanPostProcessor.java:347)
	at org.springframework.beans.factory.annotation.InitDestroyAnnotationBeanPostProcessor.postProcessBeforeDestruction(InitDestroyAnnotationBeanPostProcessor.java:177)
	at org.springframework.beans.factory.support.DisposableBeanAdapter.destroy(DisposableBeanAdapter.java:242)
	at org.springframework.beans.factory.support.DisposableBeanAdapter.run(DisposableBeanAdapter.java:235)
	at org.springframework.cloud.context.scope.GenericScope$BeanLifecycleWrapper.destroy(GenericScope.java:403)
	at org.springframework.cloud.context.scope.GenericScope.destroy(GenericScope.java:142)
	at org.springframework.beans.factory.support.DisposableBeanAdapter.destroy(DisposableBeanAdapter.java:258)
	at org.springframework.beans.factory.support.DefaultSingletonBeanRegistry.destroyBean(DefaultSingletonBeanRegistry.java:571)
	at org.springframework.beans.factory.support.DefaultSingletonBeanRegistry.destroySingleton(DefaultSingletonBeanRegistry.java:543)
	at org.springframework.beans.factory.support.DefaultListableBeanFactory.destroySingleton(DefaultListableBeanFactory.java:1072)
	at org.springframework.beans.factory.support.DefaultSingletonBeanRegistry.destroySingletons(DefaultSingletonBeanRegistry.java:504)
	at org.springframework.beans.factory.support.DefaultListableBeanFactory.destroySingletons(DefaultListableBeanFactory.java:1065)
	at org.springframework.context.support.AbstractApplicationContext.destroyBeans(AbstractApplicationContext.java:1060)
	at org.springframework.context.support.AbstractApplicationContext.doClose(AbstractApplicationContext.java:1029)
	at org.springframework.context.support.AbstractApplicationContext$1.run(AbstractApplicationContext.java:948)
2022-08-15 15:37:27.313 [SpringContextShutdownHook] INFO  com.netflix.discovery.DiscoveryClient - Completed shut down of DiscoveryClient
